[2023-05-18T13:23:59.890+0000] {taskinstance.py:1083} INFO - Dependencies all met for <TaskInstance: Anomaly_Detection_Pipeline.predict_anomaly manual__2023-05-18T13:23:21.596238+00:00 [queued]>
[2023-05-18T13:23:59.907+0000] {taskinstance.py:1083} INFO - Dependencies all met for <TaskInstance: Anomaly_Detection_Pipeline.predict_anomaly manual__2023-05-18T13:23:21.596238+00:00 [queued]>
[2023-05-18T13:23:59.909+0000] {taskinstance.py:1279} INFO - 
--------------------------------------------------------------------------------
[2023-05-18T13:23:59.911+0000] {taskinstance.py:1280} INFO - Starting attempt 1 of 1
[2023-05-18T13:23:59.912+0000] {taskinstance.py:1281} INFO - 
--------------------------------------------------------------------------------
[2023-05-18T13:23:59.935+0000] {taskinstance.py:1300} INFO - Executing <Task(PythonOperator): predict_anomaly> on 2023-05-18 13:23:21.596238+00:00
[2023-05-18T13:23:59.943+0000] {standard_task_runner.py:55} INFO - Started process 1123 to run task
[2023-05-18T13:23:59.955+0000] {standard_task_runner.py:82} INFO - Running: ['***', 'tasks', 'run', 'Anomaly_Detection_Pipeline', 'predict_anomaly', 'manual__2023-05-18T13:23:21.596238+00:00', '--job-id', '76', '--raw', '--subdir', 'DAGS_FOLDER/anomaly.py', '--cfg-path', '/tmp/tmpyt37pgyb']
[2023-05-18T13:23:59.957+0000] {standard_task_runner.py:83} INFO - Job 76: Subtask predict_anomaly
[2023-05-18T13:24:00.081+0000] {task_command.py:388} INFO - Running <TaskInstance: Anomaly_Detection_Pipeline.predict_anomaly manual__2023-05-18T13:23:21.596238+00:00 [running]> on host f32c5bf56d3e
[2023-05-18T13:24:00.223+0000] {taskinstance.py:1509} INFO - Exporting the following env vars:
AIRFLOW_CTX_DAG_OWNER=dataength
AIRFLOW_CTX_DAG_ID=Anomaly_Detection_Pipeline
AIRFLOW_CTX_TASK_ID=predict_anomaly
AIRFLOW_CTX_EXECUTION_DATE=2023-05-18T13:23:21.596238+00:00
AIRFLOW_CTX_TRY_NUMBER=1
AIRFLOW_CTX_DAG_RUN_ID=manual__2023-05-18T13:23:21.596238+00:00
[2023-05-18T13:24:00.302+0000] {logging_mixin.py:137} INFO - Response data: {'predictions': [0, 1, 0, 1, 1, 2, 1, 0, 1, 1, 1, 0, 1, 1, 0, 1, 0, 1, 1, 1, 3, 1, 1, 1, 1, 1, 1, 1, 1, 1, 1, 1, 1, 3, 1, 1, 1, 0, 1, 2, 1, 1, 0, 1, 1, 0, 1, 0, 1, 1]}
[2023-05-18T13:24:00.304+0000] {logging_mixin.py:137} INFO - {"district_list": ["\u0e04\u0e25\u0e2d\u0e07\u0e2a\u0e32\u0e19", "\u0e04\u0e25\u0e2d\u0e07\u0e2a\u0e32\u0e21\u0e27\u0e32", "\u0e04\u0e25\u0e2d\u0e07\u0e40\u0e15\u0e22", "\u0e04\u0e31\u0e19\u0e19\u0e32\u0e22\u0e32\u0e27", "\u0e08\u0e15\u0e38\u0e08\u0e31\u0e01\u0e23", "\u0e08\u0e2d\u0e21\u0e17\u0e2d\u0e07", "\u0e14\u0e2d\u0e19\u0e40\u0e21\u0e37\u0e2d\u0e07", "\u0e14\u0e34\u0e19\u0e41\u0e14\u0e07", "\u0e14\u0e38\u0e2a\u0e34\u0e15", "\u0e15\u0e25\u0e34\u0e48\u0e07\u0e0a\u0e31\u0e19", "\u0e17\u0e27\u0e35\u0e27\u0e31\u0e12\u0e19\u0e32", "\u0e17\u0e38\u0e48\u0e07\u0e04\u0e23\u0e38", "\u0e18\u0e19\u0e1a\u0e38\u0e23\u0e35", "\u0e1a\u0e32\u0e07\u0e01\u0e2d\u0e01\u0e19\u0e49\u0e2d\u0e22", "\u0e1a\u0e32\u0e07\u0e01\u0e2d\u0e01\u0e43\u0e2b\u0e0d\u0e48", "\u0e1a\u0e32\u0e07\u0e01\u0e30\u0e1b\u0e34", "\u0e1a\u0e32\u0e07\u0e02\u0e38\u0e19\u0e40\u0e17\u0e35\u0e22\u0e19", "\u0e1a\u0e32\u0e07\u0e04\u0e2d\u0e41\u0e2b\u0e25\u0e21", "\u0e1a\u0e32\u0e07\u0e0b\u0e37\u0e48\u0e2d", "\u0e1a\u0e32\u0e07\u0e19\u0e32", "\u0e1a\u0e32\u0e07\u0e1a\u0e2d\u0e19", "\u0e1a\u0e32\u0e07\u0e1e\u0e25\u0e31\u0e14", "\u0e1a\u0e32\u0e07\u0e23\u0e31\u0e01", "\u0e1a\u0e32\u0e07\u0e40\u0e02\u0e19", "\u0e1a\u0e32\u0e07\u0e41\u0e04", "\u0e1a\u0e36\u0e07\u0e01\u0e38\u0e48\u0e21", "\u0e1b\u0e17\u0e38\u0e21\u0e27\u0e31\u0e19", "\u0e1b\u0e23\u0e30\u0e40\u0e27\u0e28", "\u0e1b\u0e49\u0e2d\u0e21\u0e1b\u0e23\u0e32\u0e1a\u0e28\u0e31\u0e15\u0e23\u0e39\u0e1e\u0e48\u0e32\u0e22", "\u0e1e\u0e0d\u0e32\u0e44\u0e17", "\u0e1e\u0e23\u0e30\u0e19\u0e04\u0e23", "\u0e1e\u0e23\u0e30\u0e42\u0e02\u0e19\u0e07", "\u0e20\u0e32\u0e29\u0e35\u0e40\u0e08\u0e23\u0e34\u0e0d", "\u0e21\u0e35\u0e19\u0e1a\u0e38\u0e23\u0e35", "\u0e22\u0e32\u0e19\u0e19\u0e32\u0e27\u0e32", "\u0e23\u0e32\u0e0a\u0e40\u0e17\u0e27\u0e35", "\u0e23\u0e32\u0e29\u0e0e\u0e23\u0e4c\u0e1a\u0e39\u0e23\u0e13\u0e30", "\u0e25\u0e32\u0e14\u0e01\u0e23\u0e30\u0e1a\u0e31\u0e07", "\u0e25\u0e32\u0e14\u0e1e\u0e23\u0e49\u0e32\u0e27", "\u0e27\u0e31\u0e07\u0e17\u0e2d\u0e07\u0e2b\u0e25\u0e32\u0e07", "\u0e27\u0e31\u0e12\u0e19\u0e32", "\u0e2a\u0e27\u0e19\u0e2b\u0e25\u0e27\u0e07", "\u0e2a\u0e30\u0e1e\u0e32\u0e19\u0e2a\u0e39\u0e07", "\u0e2a\u0e31\u0e21\u0e1e\u0e31\u0e19\u0e18\u0e27\u0e07\u0e28\u0e4c", "\u0e2a\u0e32\u0e17\u0e23", "\u0e2a\u0e32\u0e22\u0e44\u0e2b\u0e21", "\u0e2b\u0e19\u0e2d\u0e07\u0e08\u0e2d\u0e01", "\u0e2b\u0e19\u0e2d\u0e07\u0e41\u0e02\u0e21", "\u0e2b\u0e25\u0e31\u0e01\u0e2a\u0e35\u0e48", "\u0e2b\u0e49\u0e27\u0e22\u0e02\u0e27\u0e32\u0e07"], "anomaly_list": [0, 1, 0, 1, 1, 2, 1, 0, 1, 1, 1, 0, 1, 1, 0, 1, 0, 1, 1, 1, 3, 1, 1, 1, 1, 1, 1, 1, 1, 1, 1, 1, 1, 3, 1, 1, 1, 0, 1, 2, 1, 1, 0, 1, 1, 0, 1, 0, 1, 1]}
[2023-05-18T13:24:00.333+0000] {python.py:177} INFO - Done. Returned value was: 200
[2023-05-18T13:24:00.376+0000] {taskinstance.py:1323} INFO - Marking task as SUCCESS. dag_id=Anomaly_Detection_Pipeline, task_id=predict_anomaly, execution_date=20230518T132321, start_date=20230518T132359, end_date=20230518T132400
[2023-05-18T13:24:00.452+0000] {local_task_job.py:208} INFO - Task exited with return code 0
[2023-05-18T13:24:00.480+0000] {taskinstance.py:2578} INFO - 0 downstream tasks scheduled from follow-on schedule check
