[2023-05-18 09:10:12,859] {processor.py:153} INFO - Started process (PID=57) to work on /home/airflow/.local/lib/python3.7/site-packages/airflow/example_dags/tutorial_etl_dag.py
[2023-05-18 09:10:12,863] {processor.py:641} INFO - Processing file /home/airflow/.local/lib/python3.7/site-packages/airflow/example_dags/tutorial_etl_dag.py for tasks to queue
[2023-05-18 09:10:12,867] {logging_mixin.py:115} INFO - [2023-05-18 09:10:12,866] {dagbag.py:507} INFO - Filling up the DagBag from /home/airflow/.local/lib/python3.7/site-packages/airflow/example_dags/tutorial_etl_dag.py
[2023-05-18 09:10:12,904] {processor.py:651} INFO - DAG(s) dict_keys(['tutorial_etl_dag']) retrieved from /home/airflow/.local/lib/python3.7/site-packages/airflow/example_dags/tutorial_etl_dag.py
[2023-05-18 09:10:13,005] {logging_mixin.py:115} INFO - [2023-05-18 09:10:13,005] {dag.py:2371} INFO - Sync 1 DAGs
[2023-05-18 09:10:13,076] {logging_mixin.py:115} INFO - [2023-05-18 09:10:13,076] {dag.py:2919} INFO - Setting next_dagrun for tutorial_etl_dag to None, run_after=None
[2023-05-18 09:10:13,422] {processor.py:161} INFO - Processing /home/airflow/.local/lib/python3.7/site-packages/airflow/example_dags/tutorial_etl_dag.py took 0.577 seconds
[2023-05-18 09:10:43,634] {processor.py:153} INFO - Started process (PID=112) to work on /home/airflow/.local/lib/python3.7/site-packages/airflow/example_dags/tutorial_etl_dag.py
[2023-05-18 09:10:43,637] {processor.py:641} INFO - Processing file /home/airflow/.local/lib/python3.7/site-packages/airflow/example_dags/tutorial_etl_dag.py for tasks to queue
[2023-05-18 09:10:43,639] {logging_mixin.py:115} INFO - [2023-05-18 09:10:43,639] {dagbag.py:507} INFO - Filling up the DagBag from /home/airflow/.local/lib/python3.7/site-packages/airflow/example_dags/tutorial_etl_dag.py
[2023-05-18 09:10:43,615] {processor.py:651} INFO - DAG(s) dict_keys(['tutorial_etl_dag']) retrieved from /home/airflow/.local/lib/python3.7/site-packages/airflow/example_dags/tutorial_etl_dag.py
[2023-05-18 09:10:43,655] {logging_mixin.py:115} INFO - [2023-05-18 09:10:43,655] {dag.py:2371} INFO - Sync 1 DAGs
[2023-05-18 09:10:43,686] {logging_mixin.py:115} INFO - [2023-05-18 09:10:43,686] {dag.py:2919} INFO - Setting next_dagrun for tutorial_etl_dag to None, run_after=None
[2023-05-18 09:10:43,844] {processor.py:161} INFO - Processing /home/airflow/.local/lib/python3.7/site-packages/airflow/example_dags/tutorial_etl_dag.py took 0.248 seconds
[2023-05-18 09:11:14,060] {processor.py:153} INFO - Started process (PID=169) to work on /home/airflow/.local/lib/python3.7/site-packages/airflow/example_dags/tutorial_etl_dag.py
[2023-05-18 09:11:14,064] {processor.py:641} INFO - Processing file /home/airflow/.local/lib/python3.7/site-packages/airflow/example_dags/tutorial_etl_dag.py for tasks to queue
[2023-05-18 09:11:14,071] {logging_mixin.py:115} INFO - [2023-05-18 09:11:14,071] {dagbag.py:507} INFO - Filling up the DagBag from /home/airflow/.local/lib/python3.7/site-packages/airflow/example_dags/tutorial_etl_dag.py
[2023-05-18 09:11:14,086] {processor.py:651} INFO - DAG(s) dict_keys(['tutorial_etl_dag']) retrieved from /home/airflow/.local/lib/python3.7/site-packages/airflow/example_dags/tutorial_etl_dag.py
[2023-05-18 09:11:14,156] {logging_mixin.py:115} INFO - [2023-05-18 09:11:14,156] {dag.py:2371} INFO - Sync 1 DAGs
[2023-05-18 09:11:14,219] {logging_mixin.py:115} INFO - [2023-05-18 09:11:14,219] {dag.py:2919} INFO - Setting next_dagrun for tutorial_etl_dag to None, run_after=None
[2023-05-18 09:11:14,482] {processor.py:161} INFO - Processing /home/airflow/.local/lib/python3.7/site-packages/airflow/example_dags/tutorial_etl_dag.py took 0.429 seconds
[2023-05-18 09:11:44,878] {processor.py:153} INFO - Started process (PID=236) to work on /home/airflow/.local/lib/python3.7/site-packages/airflow/example_dags/tutorial_etl_dag.py
[2023-05-18 09:11:44,881] {processor.py:641} INFO - Processing file /home/airflow/.local/lib/python3.7/site-packages/airflow/example_dags/tutorial_etl_dag.py for tasks to queue
[2023-05-18 09:11:44,884] {logging_mixin.py:115} INFO - [2023-05-18 09:11:44,883] {dagbag.py:507} INFO - Filling up the DagBag from /home/airflow/.local/lib/python3.7/site-packages/airflow/example_dags/tutorial_etl_dag.py
[2023-05-18 09:11:44,914] {processor.py:651} INFO - DAG(s) dict_keys(['tutorial_etl_dag']) retrieved from /home/airflow/.local/lib/python3.7/site-packages/airflow/example_dags/tutorial_etl_dag.py
[2023-05-18 09:11:45,008] {logging_mixin.py:115} INFO - [2023-05-18 09:11:45,008] {dag.py:2371} INFO - Sync 1 DAGs
[2023-05-18 09:11:45,076] {logging_mixin.py:115} INFO - [2023-05-18 09:11:45,076] {dag.py:2919} INFO - Setting next_dagrun for tutorial_etl_dag to None, run_after=None
[2023-05-18 09:11:45,263] {processor.py:161} INFO - Processing /home/airflow/.local/lib/python3.7/site-packages/airflow/example_dags/tutorial_etl_dag.py took 0.390 seconds
[2023-05-18 09:12:15,546] {processor.py:153} INFO - Started process (PID=290) to work on /home/airflow/.local/lib/python3.7/site-packages/airflow/example_dags/tutorial_etl_dag.py
[2023-05-18 09:12:15,549] {processor.py:641} INFO - Processing file /home/airflow/.local/lib/python3.7/site-packages/airflow/example_dags/tutorial_etl_dag.py for tasks to queue
[2023-05-18 09:12:15,552] {logging_mixin.py:115} INFO - [2023-05-18 09:12:15,552] {dagbag.py:507} INFO - Filling up the DagBag from /home/airflow/.local/lib/python3.7/site-packages/airflow/example_dags/tutorial_etl_dag.py
[2023-05-18 09:12:15,566] {processor.py:651} INFO - DAG(s) dict_keys(['tutorial_etl_dag']) retrieved from /home/airflow/.local/lib/python3.7/site-packages/airflow/example_dags/tutorial_etl_dag.py
[2023-05-18 09:12:15,609] {logging_mixin.py:115} INFO - [2023-05-18 09:12:15,609] {dag.py:2371} INFO - Sync 1 DAGs
[2023-05-18 09:12:15,649] {logging_mixin.py:115} INFO - [2023-05-18 09:12:15,649] {dag.py:2919} INFO - Setting next_dagrun for tutorial_etl_dag to None, run_after=None
[2023-05-18 09:12:15,813] {processor.py:161} INFO - Processing /home/airflow/.local/lib/python3.7/site-packages/airflow/example_dags/tutorial_etl_dag.py took 0.272 seconds
[2023-05-18 09:12:46,042] {processor.py:153} INFO - Started process (PID=347) to work on /home/airflow/.local/lib/python3.7/site-packages/airflow/example_dags/tutorial_etl_dag.py
[2023-05-18 09:12:46,045] {processor.py:641} INFO - Processing file /home/airflow/.local/lib/python3.7/site-packages/airflow/example_dags/tutorial_etl_dag.py for tasks to queue
[2023-05-18 09:12:46,047] {logging_mixin.py:115} INFO - [2023-05-18 09:12:46,047] {dagbag.py:507} INFO - Filling up the DagBag from /home/airflow/.local/lib/python3.7/site-packages/airflow/example_dags/tutorial_etl_dag.py
[2023-05-18 09:12:46,066] {processor.py:651} INFO - DAG(s) dict_keys(['tutorial_etl_dag']) retrieved from /home/airflow/.local/lib/python3.7/site-packages/airflow/example_dags/tutorial_etl_dag.py
[2023-05-18 09:12:46,155] {logging_mixin.py:115} INFO - [2023-05-18 09:12:46,155] {dag.py:2371} INFO - Sync 1 DAGs
[2023-05-18 09:12:46,231] {logging_mixin.py:115} INFO - [2023-05-18 09:12:46,231] {dag.py:2919} INFO - Setting next_dagrun for tutorial_etl_dag to None, run_after=None
[2023-05-18 09:12:46,464] {processor.py:161} INFO - Processing /home/airflow/.local/lib/python3.7/site-packages/airflow/example_dags/tutorial_etl_dag.py took 0.429 seconds
[2023-05-18 09:13:17,037] {processor.py:153} INFO - Started process (PID=411) to work on /home/airflow/.local/lib/python3.7/site-packages/airflow/example_dags/tutorial_etl_dag.py
[2023-05-18 09:13:17,041] {processor.py:641} INFO - Processing file /home/airflow/.local/lib/python3.7/site-packages/airflow/example_dags/tutorial_etl_dag.py for tasks to queue
[2023-05-18 09:13:17,045] {logging_mixin.py:115} INFO - [2023-05-18 09:13:17,045] {dagbag.py:507} INFO - Filling up the DagBag from /home/airflow/.local/lib/python3.7/site-packages/airflow/example_dags/tutorial_etl_dag.py
[2023-05-18 09:13:17,057] {processor.py:651} INFO - DAG(s) dict_keys(['tutorial_etl_dag']) retrieved from /home/airflow/.local/lib/python3.7/site-packages/airflow/example_dags/tutorial_etl_dag.py
[2023-05-18 09:13:17,097] {logging_mixin.py:115} INFO - [2023-05-18 09:13:17,097] {dag.py:2371} INFO - Sync 1 DAGs
[2023-05-18 09:13:17,137] {logging_mixin.py:115} INFO - [2023-05-18 09:13:17,137] {dag.py:2919} INFO - Setting next_dagrun for tutorial_etl_dag to None, run_after=None
[2023-05-18 09:13:17,296] {processor.py:161} INFO - Processing /home/airflow/.local/lib/python3.7/site-packages/airflow/example_dags/tutorial_etl_dag.py took 0.270 seconds
[2023-05-18 09:13:47,984] {processor.py:153} INFO - Started process (PID=475) to work on /home/airflow/.local/lib/python3.7/site-packages/airflow/example_dags/tutorial_etl_dag.py
[2023-05-18 09:13:47,987] {processor.py:641} INFO - Processing file /home/airflow/.local/lib/python3.7/site-packages/airflow/example_dags/tutorial_etl_dag.py for tasks to queue
[2023-05-18 09:13:47,992] {logging_mixin.py:115} INFO - [2023-05-18 09:13:47,992] {dagbag.py:507} INFO - Filling up the DagBag from /home/airflow/.local/lib/python3.7/site-packages/airflow/example_dags/tutorial_etl_dag.py
[2023-05-18 09:13:48,032] {processor.py:651} INFO - DAG(s) dict_keys(['tutorial_etl_dag']) retrieved from /home/airflow/.local/lib/python3.7/site-packages/airflow/example_dags/tutorial_etl_dag.py
[2023-05-18 09:13:48,111] {logging_mixin.py:115} INFO - [2023-05-18 09:13:48,111] {dag.py:2371} INFO - Sync 1 DAGs
[2023-05-18 09:13:48,326] {logging_mixin.py:115} INFO - [2023-05-18 09:13:48,326] {dag.py:2919} INFO - Setting next_dagrun for tutorial_etl_dag to None, run_after=None
[2023-05-18 09:13:48,682] {processor.py:161} INFO - Processing /home/airflow/.local/lib/python3.7/site-packages/airflow/example_dags/tutorial_etl_dag.py took 0.707 seconds
[2023-05-18 09:14:18,963] {processor.py:153} INFO - Started process (PID=530) to work on /home/airflow/.local/lib/python3.7/site-packages/airflow/example_dags/tutorial_etl_dag.py
[2023-05-18 09:14:18,968] {processor.py:641} INFO - Processing file /home/airflow/.local/lib/python3.7/site-packages/airflow/example_dags/tutorial_etl_dag.py for tasks to queue
[2023-05-18 09:14:18,970] {logging_mixin.py:115} INFO - [2023-05-18 09:14:18,970] {dagbag.py:507} INFO - Filling up the DagBag from /home/airflow/.local/lib/python3.7/site-packages/airflow/example_dags/tutorial_etl_dag.py
[2023-05-18 09:14:18,982] {processor.py:651} INFO - DAG(s) dict_keys(['tutorial_etl_dag']) retrieved from /home/airflow/.local/lib/python3.7/site-packages/airflow/example_dags/tutorial_etl_dag.py
[2023-05-18 09:14:19,023] {logging_mixin.py:115} INFO - [2023-05-18 09:14:19,023] {dag.py:2371} INFO - Sync 1 DAGs
[2023-05-18 09:14:19,071] {logging_mixin.py:115} INFO - [2023-05-18 09:14:19,071] {dag.py:2919} INFO - Setting next_dagrun for tutorial_etl_dag to None, run_after=None
[2023-05-18 09:14:19,235] {processor.py:161} INFO - Processing /home/airflow/.local/lib/python3.7/site-packages/airflow/example_dags/tutorial_etl_dag.py took 0.292 seconds
[2023-05-18 09:14:49,405] {processor.py:153} INFO - Started process (PID=583) to work on /home/airflow/.local/lib/python3.7/site-packages/airflow/example_dags/tutorial_etl_dag.py
[2023-05-18 09:14:49,408] {processor.py:641} INFO - Processing file /home/airflow/.local/lib/python3.7/site-packages/airflow/example_dags/tutorial_etl_dag.py for tasks to queue
[2023-05-18 09:14:49,416] {logging_mixin.py:115} INFO - [2023-05-18 09:14:49,415] {dagbag.py:507} INFO - Filling up the DagBag from /home/airflow/.local/lib/python3.7/site-packages/airflow/example_dags/tutorial_etl_dag.py
[2023-05-18 09:14:49,466] {processor.py:651} INFO - DAG(s) dict_keys(['tutorial_etl_dag']) retrieved from /home/airflow/.local/lib/python3.7/site-packages/airflow/example_dags/tutorial_etl_dag.py
[2023-05-18 09:14:49,564] {logging_mixin.py:115} INFO - [2023-05-18 09:14:49,564] {dag.py:2371} INFO - Sync 1 DAGs
[2023-05-18 09:14:49,661] {logging_mixin.py:115} INFO - [2023-05-18 09:14:49,660] {dag.py:2919} INFO - Setting next_dagrun for tutorial_etl_dag to None, run_after=None
[2023-05-18 09:14:50,027] {processor.py:161} INFO - Processing /home/airflow/.local/lib/python3.7/site-packages/airflow/example_dags/tutorial_etl_dag.py took 0.628 seconds
[2023-05-18 09:15:20,364] {processor.py:153} INFO - Started process (PID=650) to work on /home/airflow/.local/lib/python3.7/site-packages/airflow/example_dags/tutorial_etl_dag.py
[2023-05-18 09:15:20,384] {processor.py:641} INFO - Processing file /home/airflow/.local/lib/python3.7/site-packages/airflow/example_dags/tutorial_etl_dag.py for tasks to queue
[2023-05-18 09:15:20,387] {logging_mixin.py:115} INFO - [2023-05-18 09:15:20,387] {dagbag.py:507} INFO - Filling up the DagBag from /home/airflow/.local/lib/python3.7/site-packages/airflow/example_dags/tutorial_etl_dag.py
[2023-05-18 09:15:20,439] {processor.py:651} INFO - DAG(s) dict_keys(['tutorial_etl_dag']) retrieved from /home/airflow/.local/lib/python3.7/site-packages/airflow/example_dags/tutorial_etl_dag.py
[2023-05-18 09:15:20,530] {logging_mixin.py:115} INFO - [2023-05-18 09:15:20,530] {dag.py:2371} INFO - Sync 1 DAGs
[2023-05-18 09:15:20,811] {logging_mixin.py:115} INFO - [2023-05-18 09:15:20,811] {dag.py:2919} INFO - Setting next_dagrun for tutorial_etl_dag to None, run_after=None
[2023-05-18 09:15:20,846] {processor.py:161} INFO - Processing /home/airflow/.local/lib/python3.7/site-packages/airflow/example_dags/tutorial_etl_dag.py took 0.494 seconds
[2023-05-18 09:15:51,144] {processor.py:153} INFO - Started process (PID=708) to work on /home/airflow/.local/lib/python3.7/site-packages/airflow/example_dags/tutorial_etl_dag.py
[2023-05-18 09:15:51,150] {processor.py:641} INFO - Processing file /home/airflow/.local/lib/python3.7/site-packages/airflow/example_dags/tutorial_etl_dag.py for tasks to queue
[2023-05-18 09:15:51,158] {logging_mixin.py:115} INFO - [2023-05-18 09:15:51,158] {dagbag.py:507} INFO - Filling up the DagBag from /home/airflow/.local/lib/python3.7/site-packages/airflow/example_dags/tutorial_etl_dag.py
[2023-05-18 09:15:51,188] {processor.py:651} INFO - DAG(s) dict_keys(['tutorial_etl_dag']) retrieved from /home/airflow/.local/lib/python3.7/site-packages/airflow/example_dags/tutorial_etl_dag.py
[2023-05-18 09:15:51,257] {logging_mixin.py:115} INFO - [2023-05-18 09:15:51,257] {dag.py:2371} INFO - Sync 1 DAGs
[2023-05-18 09:15:51,496] {logging_mixin.py:115} INFO - [2023-05-18 09:15:51,496] {dag.py:2919} INFO - Setting next_dagrun for tutorial_etl_dag to None, run_after=None
[2023-05-18 09:15:51,526] {processor.py:161} INFO - Processing /home/airflow/.local/lib/python3.7/site-packages/airflow/example_dags/tutorial_etl_dag.py took 0.388 seconds
[2023-05-18 09:16:22,050] {processor.py:153} INFO - Started process (PID=764) to work on /home/airflow/.local/lib/python3.7/site-packages/airflow/example_dags/tutorial_etl_dag.py
[2023-05-18 09:16:22,055] {processor.py:641} INFO - Processing file /home/airflow/.local/lib/python3.7/site-packages/airflow/example_dags/tutorial_etl_dag.py for tasks to queue
[2023-05-18 09:16:22,057] {logging_mixin.py:115} INFO - [2023-05-18 09:16:22,057] {dagbag.py:507} INFO - Filling up the DagBag from /home/airflow/.local/lib/python3.7/site-packages/airflow/example_dags/tutorial_etl_dag.py
[2023-05-18 09:16:22,074] {processor.py:651} INFO - DAG(s) dict_keys(['tutorial_etl_dag']) retrieved from /home/airflow/.local/lib/python3.7/site-packages/airflow/example_dags/tutorial_etl_dag.py
[2023-05-18 09:16:22,136] {logging_mixin.py:115} INFO - [2023-05-18 09:16:22,136] {dag.py:2371} INFO - Sync 1 DAGs
[2023-05-18 09:16:22,446] {logging_mixin.py:115} INFO - [2023-05-18 09:16:22,445] {dag.py:2919} INFO - Setting next_dagrun for tutorial_etl_dag to None, run_after=None
[2023-05-18 09:16:22,504] {processor.py:161} INFO - Processing /home/airflow/.local/lib/python3.7/site-packages/airflow/example_dags/tutorial_etl_dag.py took 0.461 seconds
[2023-05-18 09:16:52,814] {processor.py:153} INFO - Started process (PID=817) to work on /home/airflow/.local/lib/python3.7/site-packages/airflow/example_dags/tutorial_etl_dag.py
[2023-05-18 09:16:52,816] {processor.py:641} INFO - Processing file /home/airflow/.local/lib/python3.7/site-packages/airflow/example_dags/tutorial_etl_dag.py for tasks to queue
[2023-05-18 09:16:52,818] {logging_mixin.py:115} INFO - [2023-05-18 09:16:52,818] {dagbag.py:507} INFO - Filling up the DagBag from /home/airflow/.local/lib/python3.7/site-packages/airflow/example_dags/tutorial_etl_dag.py
[2023-05-18 09:16:52,838] {processor.py:651} INFO - DAG(s) dict_keys(['tutorial_etl_dag']) retrieved from /home/airflow/.local/lib/python3.7/site-packages/airflow/example_dags/tutorial_etl_dag.py
[2023-05-18 09:16:52,891] {logging_mixin.py:115} INFO - [2023-05-18 09:16:52,891] {dag.py:2371} INFO - Sync 1 DAGs
[2023-05-18 09:16:53,107] {logging_mixin.py:115} INFO - [2023-05-18 09:16:53,107] {dag.py:2919} INFO - Setting next_dagrun for tutorial_etl_dag to None, run_after=None
[2023-05-18 09:16:53,138] {processor.py:161} INFO - Processing /home/airflow/.local/lib/python3.7/site-packages/airflow/example_dags/tutorial_etl_dag.py took 0.334 seconds
[2023-05-18 09:17:23,469] {processor.py:153} INFO - Started process (PID=874) to work on /home/airflow/.local/lib/python3.7/site-packages/airflow/example_dags/tutorial_etl_dag.py
[2023-05-18 09:17:23,473] {processor.py:641} INFO - Processing file /home/airflow/.local/lib/python3.7/site-packages/airflow/example_dags/tutorial_etl_dag.py for tasks to queue
[2023-05-18 09:17:23,487] {logging_mixin.py:115} INFO - [2023-05-18 09:17:23,485] {dagbag.py:507} INFO - Filling up the DagBag from /home/airflow/.local/lib/python3.7/site-packages/airflow/example_dags/tutorial_etl_dag.py
[2023-05-18 09:17:23,511] {processor.py:651} INFO - DAG(s) dict_keys(['tutorial_etl_dag']) retrieved from /home/airflow/.local/lib/python3.7/site-packages/airflow/example_dags/tutorial_etl_dag.py
[2023-05-18 09:17:23,618] {logging_mixin.py:115} INFO - [2023-05-18 09:17:23,617] {dag.py:2371} INFO - Sync 1 DAGs
[2023-05-18 09:17:24,318] {logging_mixin.py:115} INFO - [2023-05-18 09:17:24,318] {dag.py:2919} INFO - Setting next_dagrun for tutorial_etl_dag to None, run_after=None
[2023-05-18 09:17:24,356] {processor.py:161} INFO - Processing /home/airflow/.local/lib/python3.7/site-packages/airflow/example_dags/tutorial_etl_dag.py took 0.896 seconds
[2023-05-18 09:17:54,865] {processor.py:153} INFO - Started process (PID=938) to work on /home/airflow/.local/lib/python3.7/site-packages/airflow/example_dags/tutorial_etl_dag.py
[2023-05-18 09:17:54,868] {processor.py:641} INFO - Processing file /home/airflow/.local/lib/python3.7/site-packages/airflow/example_dags/tutorial_etl_dag.py for tasks to queue
[2023-05-18 09:17:54,871] {logging_mixin.py:115} INFO - [2023-05-18 09:17:54,871] {dagbag.py:507} INFO - Filling up the DagBag from /home/airflow/.local/lib/python3.7/site-packages/airflow/example_dags/tutorial_etl_dag.py
[2023-05-18 09:17:54,887] {processor.py:651} INFO - DAG(s) dict_keys(['tutorial_etl_dag']) retrieved from /home/airflow/.local/lib/python3.7/site-packages/airflow/example_dags/tutorial_etl_dag.py
[2023-05-18 09:17:54,937] {logging_mixin.py:115} INFO - [2023-05-18 09:17:54,936] {dag.py:2371} INFO - Sync 1 DAGs
[2023-05-18 09:17:55,149] {logging_mixin.py:115} INFO - [2023-05-18 09:17:55,149] {dag.py:2919} INFO - Setting next_dagrun for tutorial_etl_dag to None, run_after=None
[2023-05-18 09:17:55,179] {processor.py:161} INFO - Processing /home/airflow/.local/lib/python3.7/site-packages/airflow/example_dags/tutorial_etl_dag.py took 0.319 seconds
[2023-05-18 09:18:25,471] {processor.py:153} INFO - Started process (PID=996) to work on /home/airflow/.local/lib/python3.7/site-packages/airflow/example_dags/tutorial_etl_dag.py
[2023-05-18 09:18:25,475] {processor.py:641} INFO - Processing file /home/airflow/.local/lib/python3.7/site-packages/airflow/example_dags/tutorial_etl_dag.py for tasks to queue
[2023-05-18 09:18:25,480] {logging_mixin.py:115} INFO - [2023-05-18 09:18:25,480] {dagbag.py:507} INFO - Filling up the DagBag from /home/airflow/.local/lib/python3.7/site-packages/airflow/example_dags/tutorial_etl_dag.py
[2023-05-18 09:18:25,503] {processor.py:651} INFO - DAG(s) dict_keys(['tutorial_etl_dag']) retrieved from /home/airflow/.local/lib/python3.7/site-packages/airflow/example_dags/tutorial_etl_dag.py
[2023-05-18 09:18:25,563] {logging_mixin.py:115} INFO - [2023-05-18 09:18:25,563] {dag.py:2371} INFO - Sync 1 DAGs
[2023-05-18 09:18:25,810] {logging_mixin.py:115} INFO - [2023-05-18 09:18:25,809] {dag.py:2919} INFO - Setting next_dagrun for tutorial_etl_dag to None, run_after=None
[2023-05-18 09:18:25,837] {processor.py:161} INFO - Processing /home/airflow/.local/lib/python3.7/site-packages/airflow/example_dags/tutorial_etl_dag.py took 0.374 seconds
[2023-05-18 09:18:56,010] {processor.py:153} INFO - Started process (PID=1050) to work on /home/airflow/.local/lib/python3.7/site-packages/airflow/example_dags/tutorial_etl_dag.py
[2023-05-18 09:18:56,020] {processor.py:641} INFO - Processing file /home/airflow/.local/lib/python3.7/site-packages/airflow/example_dags/tutorial_etl_dag.py for tasks to queue
[2023-05-18 09:18:56,022] {logging_mixin.py:115} INFO - [2023-05-18 09:18:56,022] {dagbag.py:507} INFO - Filling up the DagBag from /home/airflow/.local/lib/python3.7/site-packages/airflow/example_dags/tutorial_etl_dag.py
[2023-05-18 09:18:56,038] {processor.py:651} INFO - DAG(s) dict_keys(['tutorial_etl_dag']) retrieved from /home/airflow/.local/lib/python3.7/site-packages/airflow/example_dags/tutorial_etl_dag.py
[2023-05-18 09:18:56,100] {logging_mixin.py:115} INFO - [2023-05-18 09:18:56,099] {dag.py:2371} INFO - Sync 1 DAGs
[2023-05-18 09:18:56,416] {logging_mixin.py:115} INFO - [2023-05-18 09:18:56,416] {dag.py:2919} INFO - Setting next_dagrun for tutorial_etl_dag to None, run_after=None
[2023-05-18 09:18:56,445] {processor.py:161} INFO - Processing /home/airflow/.local/lib/python3.7/site-packages/airflow/example_dags/tutorial_etl_dag.py took 0.445 seconds
[2023-05-18 09:19:26,690] {processor.py:153} INFO - Started process (PID=1116) to work on /home/airflow/.local/lib/python3.7/site-packages/airflow/example_dags/tutorial_etl_dag.py
[2023-05-18 09:19:26,709] {processor.py:641} INFO - Processing file /home/airflow/.local/lib/python3.7/site-packages/airflow/example_dags/tutorial_etl_dag.py for tasks to queue
[2023-05-18 09:19:26,761] {logging_mixin.py:115} INFO - [2023-05-18 09:19:26,761] {dagbag.py:507} INFO - Filling up the DagBag from /home/airflow/.local/lib/python3.7/site-packages/airflow/example_dags/tutorial_etl_dag.py
[2023-05-18 09:19:26,844] {processor.py:651} INFO - DAG(s) dict_keys(['tutorial_etl_dag']) retrieved from /home/airflow/.local/lib/python3.7/site-packages/airflow/example_dags/tutorial_etl_dag.py
[2023-05-18 09:19:26,953] {logging_mixin.py:115} INFO - [2023-05-18 09:19:26,952] {dag.py:2371} INFO - Sync 1 DAGs
[2023-05-18 09:19:27,223] {logging_mixin.py:115} INFO - [2023-05-18 09:19:27,223] {dag.py:2919} INFO - Setting next_dagrun for tutorial_etl_dag to None, run_after=None
[2023-05-18 09:19:27,250] {processor.py:161} INFO - Processing /home/airflow/.local/lib/python3.7/site-packages/airflow/example_dags/tutorial_etl_dag.py took 0.576 seconds
[2023-05-18 09:19:57,849] {processor.py:153} INFO - Started process (PID=1172) to work on /home/airflow/.local/lib/python3.7/site-packages/airflow/example_dags/tutorial_etl_dag.py
[2023-05-18 09:19:57,851] {processor.py:641} INFO - Processing file /home/airflow/.local/lib/python3.7/site-packages/airflow/example_dags/tutorial_etl_dag.py for tasks to queue
[2023-05-18 09:19:57,854] {logging_mixin.py:115} INFO - [2023-05-18 09:19:57,853] {dagbag.py:507} INFO - Filling up the DagBag from /home/airflow/.local/lib/python3.7/site-packages/airflow/example_dags/tutorial_etl_dag.py
[2023-05-18 09:19:57,867] {processor.py:651} INFO - DAG(s) dict_keys(['tutorial_etl_dag']) retrieved from /home/airflow/.local/lib/python3.7/site-packages/airflow/example_dags/tutorial_etl_dag.py
[2023-05-18 09:19:57,915] {logging_mixin.py:115} INFO - [2023-05-18 09:19:57,915] {dag.py:2371} INFO - Sync 1 DAGs
[2023-05-18 09:19:58,109] {logging_mixin.py:115} INFO - [2023-05-18 09:19:58,109] {dag.py:2919} INFO - Setting next_dagrun for tutorial_etl_dag to None, run_after=None
[2023-05-18 09:19:58,143] {processor.py:161} INFO - Processing /home/airflow/.local/lib/python3.7/site-packages/airflow/example_dags/tutorial_etl_dag.py took 0.302 seconds
[2023-05-18 09:20:28,222] {processor.py:153} INFO - Started process (PID=1229) to work on /home/airflow/.local/lib/python3.7/site-packages/airflow/example_dags/tutorial_etl_dag.py
[2023-05-18 09:20:28,223] {processor.py:641} INFO - Processing file /home/airflow/.local/lib/python3.7/site-packages/airflow/example_dags/tutorial_etl_dag.py for tasks to queue
[2023-05-18 09:20:28,225] {logging_mixin.py:115} INFO - [2023-05-18 09:20:28,225] {dagbag.py:507} INFO - Filling up the DagBag from /home/airflow/.local/lib/python3.7/site-packages/airflow/example_dags/tutorial_etl_dag.py
[2023-05-18 09:20:28,237] {processor.py:651} INFO - DAG(s) dict_keys(['tutorial_etl_dag']) retrieved from /home/airflow/.local/lib/python3.7/site-packages/airflow/example_dags/tutorial_etl_dag.py
[2023-05-18 09:20:28,280] {logging_mixin.py:115} INFO - [2023-05-18 09:20:28,280] {dag.py:2371} INFO - Sync 1 DAGs
[2023-05-18 09:20:28,518] {logging_mixin.py:115} INFO - [2023-05-18 09:20:28,518] {dag.py:2919} INFO - Setting next_dagrun for tutorial_etl_dag to None, run_after=None
[2023-05-18 09:20:28,542] {processor.py:161} INFO - Processing /home/airflow/.local/lib/python3.7/site-packages/airflow/example_dags/tutorial_etl_dag.py took 0.326 seconds
[2023-05-18 09:20:59,132] {processor.py:153} INFO - Started process (PID=1294) to work on /home/airflow/.local/lib/python3.7/site-packages/airflow/example_dags/tutorial_etl_dag.py
[2023-05-18 09:20:59,135] {processor.py:641} INFO - Processing file /home/airflow/.local/lib/python3.7/site-packages/airflow/example_dags/tutorial_etl_dag.py for tasks to queue
[2023-05-18 09:20:59,138] {logging_mixin.py:115} INFO - [2023-05-18 09:20:59,138] {dagbag.py:507} INFO - Filling up the DagBag from /home/airflow/.local/lib/python3.7/site-packages/airflow/example_dags/tutorial_etl_dag.py
[2023-05-18 09:20:59,153] {processor.py:651} INFO - DAG(s) dict_keys(['tutorial_etl_dag']) retrieved from /home/airflow/.local/lib/python3.7/site-packages/airflow/example_dags/tutorial_etl_dag.py
[2023-05-18 09:20:59,196] {logging_mixin.py:115} INFO - [2023-05-18 09:20:59,196] {dag.py:2371} INFO - Sync 1 DAGs
[2023-05-18 09:20:59,386] {logging_mixin.py:115} INFO - [2023-05-18 09:20:59,386] {dag.py:2919} INFO - Setting next_dagrun for tutorial_etl_dag to None, run_after=None
[2023-05-18 09:20:59,410] {processor.py:161} INFO - Processing /home/airflow/.local/lib/python3.7/site-packages/airflow/example_dags/tutorial_etl_dag.py took 0.283 seconds
[2023-05-18 09:21:30,088] {processor.py:153} INFO - Started process (PID=1350) to work on /home/airflow/.local/lib/python3.7/site-packages/airflow/example_dags/tutorial_etl_dag.py
[2023-05-18 09:21:30,095] {processor.py:641} INFO - Processing file /home/airflow/.local/lib/python3.7/site-packages/airflow/example_dags/tutorial_etl_dag.py for tasks to queue
[2023-05-18 09:21:30,104] {logging_mixin.py:115} INFO - [2023-05-18 09:21:30,100] {dagbag.py:507} INFO - Filling up the DagBag from /home/airflow/.local/lib/python3.7/site-packages/airflow/example_dags/tutorial_etl_dag.py
[2023-05-18 09:21:30,122] {processor.py:651} INFO - DAG(s) dict_keys(['tutorial_etl_dag']) retrieved from /home/airflow/.local/lib/python3.7/site-packages/airflow/example_dags/tutorial_etl_dag.py
[2023-05-18 09:21:30,183] {logging_mixin.py:115} INFO - [2023-05-18 09:21:30,182] {dag.py:2371} INFO - Sync 1 DAGs
[2023-05-18 09:21:30,387] {logging_mixin.py:115} INFO - [2023-05-18 09:21:30,387] {dag.py:2919} INFO - Setting next_dagrun for tutorial_etl_dag to None, run_after=None
[2023-05-18 09:21:30,408] {processor.py:161} INFO - Processing /home/airflow/.local/lib/python3.7/site-packages/airflow/example_dags/tutorial_etl_dag.py took 0.326 seconds
[2023-05-18 09:22:00,506] {processor.py:153} INFO - Started process (PID=1416) to work on /home/airflow/.local/lib/python3.7/site-packages/airflow/example_dags/tutorial_etl_dag.py
[2023-05-18 09:22:00,510] {processor.py:641} INFO - Processing file /home/airflow/.local/lib/python3.7/site-packages/airflow/example_dags/tutorial_etl_dag.py for tasks to queue
[2023-05-18 09:22:00,513] {logging_mixin.py:115} INFO - [2023-05-18 09:22:00,512] {dagbag.py:507} INFO - Filling up the DagBag from /home/airflow/.local/lib/python3.7/site-packages/airflow/example_dags/tutorial_etl_dag.py
[2023-05-18 09:22:00,531] {processor.py:651} INFO - DAG(s) dict_keys(['tutorial_etl_dag']) retrieved from /home/airflow/.local/lib/python3.7/site-packages/airflow/example_dags/tutorial_etl_dag.py
[2023-05-18 09:22:00,590] {logging_mixin.py:115} INFO - [2023-05-18 09:22:00,590] {dag.py:2371} INFO - Sync 1 DAGs
[2023-05-18 09:22:00,824] {logging_mixin.py:115} INFO - [2023-05-18 09:22:00,824] {dag.py:2919} INFO - Setting next_dagrun for tutorial_etl_dag to None, run_after=None
[2023-05-18 09:22:00,862] {processor.py:161} INFO - Processing /home/airflow/.local/lib/python3.7/site-packages/airflow/example_dags/tutorial_etl_dag.py took 0.362 seconds
[2023-05-18 09:22:31,126] {processor.py:153} INFO - Started process (PID=1470) to work on /home/airflow/.local/lib/python3.7/site-packages/airflow/example_dags/tutorial_etl_dag.py
[2023-05-18 09:22:31,130] {processor.py:641} INFO - Processing file /home/airflow/.local/lib/python3.7/site-packages/airflow/example_dags/tutorial_etl_dag.py for tasks to queue
[2023-05-18 09:22:31,132] {logging_mixin.py:115} INFO - [2023-05-18 09:22:31,132] {dagbag.py:507} INFO - Filling up the DagBag from /home/airflow/.local/lib/python3.7/site-packages/airflow/example_dags/tutorial_etl_dag.py
[2023-05-18 09:22:31,158] {processor.py:651} INFO - DAG(s) dict_keys(['tutorial_etl_dag']) retrieved from /home/airflow/.local/lib/python3.7/site-packages/airflow/example_dags/tutorial_etl_dag.py
[2023-05-18 09:22:31,221] {logging_mixin.py:115} INFO - [2023-05-18 09:22:31,220] {dag.py:2371} INFO - Sync 1 DAGs
[2023-05-18 09:22:31,501] {logging_mixin.py:115} INFO - [2023-05-18 09:22:31,500] {dag.py:2919} INFO - Setting next_dagrun for tutorial_etl_dag to None, run_after=None
[2023-05-18 09:22:31,535] {processor.py:161} INFO - Processing /home/airflow/.local/lib/python3.7/site-packages/airflow/example_dags/tutorial_etl_dag.py took 0.417 seconds
[2023-05-18 09:23:01,690] {processor.py:153} INFO - Started process (PID=1538) to work on /home/airflow/.local/lib/python3.7/site-packages/airflow/example_dags/tutorial_etl_dag.py
[2023-05-18 09:23:01,710] {processor.py:641} INFO - Processing file /home/airflow/.local/lib/python3.7/site-packages/airflow/example_dags/tutorial_etl_dag.py for tasks to queue
[2023-05-18 09:23:01,714] {logging_mixin.py:115} INFO - [2023-05-18 09:23:01,714] {dagbag.py:507} INFO - Filling up the DagBag from /home/airflow/.local/lib/python3.7/site-packages/airflow/example_dags/tutorial_etl_dag.py
[2023-05-18 09:23:01,748] {processor.py:651} INFO - DAG(s) dict_keys(['tutorial_etl_dag']) retrieved from /home/airflow/.local/lib/python3.7/site-packages/airflow/example_dags/tutorial_etl_dag.py
[2023-05-18 09:23:01,830] {logging_mixin.py:115} INFO - [2023-05-18 09:23:01,829] {dag.py:2371} INFO - Sync 1 DAGs
[2023-05-18 09:23:02,252] {logging_mixin.py:115} INFO - [2023-05-18 09:23:02,252] {dag.py:2919} INFO - Setting next_dagrun for tutorial_etl_dag to None, run_after=None
[2023-05-18 09:23:02,318] {processor.py:161} INFO - Processing /home/airflow/.local/lib/python3.7/site-packages/airflow/example_dags/tutorial_etl_dag.py took 0.636 seconds
[2023-05-18 09:23:33,143] {processor.py:153} INFO - Started process (PID=1592) to work on /home/airflow/.local/lib/python3.7/site-packages/airflow/example_dags/tutorial_etl_dag.py
[2023-05-18 09:23:33,147] {processor.py:641} INFO - Processing file /home/airflow/.local/lib/python3.7/site-packages/airflow/example_dags/tutorial_etl_dag.py for tasks to queue
[2023-05-18 09:23:33,150] {logging_mixin.py:115} INFO - [2023-05-18 09:23:33,150] {dagbag.py:507} INFO - Filling up the DagBag from /home/airflow/.local/lib/python3.7/site-packages/airflow/example_dags/tutorial_etl_dag.py
[2023-05-18 09:23:33,165] {processor.py:651} INFO - DAG(s) dict_keys(['tutorial_etl_dag']) retrieved from /home/airflow/.local/lib/python3.7/site-packages/airflow/example_dags/tutorial_etl_dag.py
[2023-05-18 09:23:33,228] {logging_mixin.py:115} INFO - [2023-05-18 09:23:33,228] {dag.py:2371} INFO - Sync 1 DAGs
[2023-05-18 09:23:33,451] {logging_mixin.py:115} INFO - [2023-05-18 09:23:33,451] {dag.py:2919} INFO - Setting next_dagrun for tutorial_etl_dag to None, run_after=None
[2023-05-18 09:23:33,486] {processor.py:161} INFO - Processing /home/airflow/.local/lib/python3.7/site-packages/airflow/example_dags/tutorial_etl_dag.py took 0.348 seconds
[2023-05-18 09:24:03,949] {processor.py:153} INFO - Started process (PID=1648) to work on /home/airflow/.local/lib/python3.7/site-packages/airflow/example_dags/tutorial_etl_dag.py
[2023-05-18 09:24:03,951] {processor.py:641} INFO - Processing file /home/airflow/.local/lib/python3.7/site-packages/airflow/example_dags/tutorial_etl_dag.py for tasks to queue
[2023-05-18 09:24:03,953] {logging_mixin.py:115} INFO - [2023-05-18 09:24:03,953] {dagbag.py:507} INFO - Filling up the DagBag from /home/airflow/.local/lib/python3.7/site-packages/airflow/example_dags/tutorial_etl_dag.py
[2023-05-18 09:24:03,968] {processor.py:651} INFO - DAG(s) dict_keys(['tutorial_etl_dag']) retrieved from /home/airflow/.local/lib/python3.7/site-packages/airflow/example_dags/tutorial_etl_dag.py
[2023-05-18 09:24:04,016] {logging_mixin.py:115} INFO - [2023-05-18 09:24:04,016] {dag.py:2371} INFO - Sync 1 DAGs
[2023-05-18 09:24:04,189] {logging_mixin.py:115} INFO - [2023-05-18 09:24:04,189] {dag.py:2919} INFO - Setting next_dagrun for tutorial_etl_dag to None, run_after=None
[2023-05-18 09:24:04,208] {processor.py:161} INFO - Processing /home/airflow/.local/lib/python3.7/site-packages/airflow/example_dags/tutorial_etl_dag.py took 0.265 seconds
[2023-05-18 09:24:34,945] {processor.py:153} INFO - Started process (PID=1713) to work on /home/airflow/.local/lib/python3.7/site-packages/airflow/example_dags/tutorial_etl_dag.py
[2023-05-18 09:24:34,947] {processor.py:641} INFO - Processing file /home/airflow/.local/lib/python3.7/site-packages/airflow/example_dags/tutorial_etl_dag.py for tasks to queue
[2023-05-18 09:24:34,949] {logging_mixin.py:115} INFO - [2023-05-18 09:24:34,949] {dagbag.py:507} INFO - Filling up the DagBag from /home/airflow/.local/lib/python3.7/site-packages/airflow/example_dags/tutorial_etl_dag.py
[2023-05-18 09:24:34,967] {processor.py:651} INFO - DAG(s) dict_keys(['tutorial_etl_dag']) retrieved from /home/airflow/.local/lib/python3.7/site-packages/airflow/example_dags/tutorial_etl_dag.py
[2023-05-18 09:24:35,061] {logging_mixin.py:115} INFO - [2023-05-18 09:24:35,060] {dag.py:2371} INFO - Sync 1 DAGs
[2023-05-18 09:24:35,332] {logging_mixin.py:115} INFO - [2023-05-18 09:24:35,332] {dag.py:2919} INFO - Setting next_dagrun for tutorial_etl_dag to None, run_after=None
[2023-05-18 09:24:35,354] {processor.py:161} INFO - Processing /home/airflow/.local/lib/python3.7/site-packages/airflow/example_dags/tutorial_etl_dag.py took 0.416 seconds
[2023-05-18 09:25:05,506] {processor.py:153} INFO - Started process (PID=1768) to work on /home/airflow/.local/lib/python3.7/site-packages/airflow/example_dags/tutorial_etl_dag.py
[2023-05-18 09:25:05,509] {processor.py:641} INFO - Processing file /home/airflow/.local/lib/python3.7/site-packages/airflow/example_dags/tutorial_etl_dag.py for tasks to queue
[2023-05-18 09:25:05,511] {logging_mixin.py:115} INFO - [2023-05-18 09:25:05,511] {dagbag.py:507} INFO - Filling up the DagBag from /home/airflow/.local/lib/python3.7/site-packages/airflow/example_dags/tutorial_etl_dag.py
[2023-05-18 09:25:05,532] {processor.py:651} INFO - DAG(s) dict_keys(['tutorial_etl_dag']) retrieved from /home/airflow/.local/lib/python3.7/site-packages/airflow/example_dags/tutorial_etl_dag.py
[2023-05-18 09:25:05,585] {logging_mixin.py:115} INFO - [2023-05-18 09:25:05,585] {dag.py:2371} INFO - Sync 1 DAGs
[2023-05-18 09:25:05,786] {logging_mixin.py:115} INFO - [2023-05-18 09:25:05,786] {dag.py:2919} INFO - Setting next_dagrun for tutorial_etl_dag to None, run_after=None
[2023-05-18 09:25:05,806] {processor.py:161} INFO - Processing /home/airflow/.local/lib/python3.7/site-packages/airflow/example_dags/tutorial_etl_dag.py took 0.307 seconds
[2023-05-18 09:25:35,860] {processor.py:153} INFO - Started process (PID=1833) to work on /home/airflow/.local/lib/python3.7/site-packages/airflow/example_dags/tutorial_etl_dag.py
[2023-05-18 09:25:35,863] {processor.py:641} INFO - Processing file /home/airflow/.local/lib/python3.7/site-packages/airflow/example_dags/tutorial_etl_dag.py for tasks to queue
[2023-05-18 09:25:35,864] {logging_mixin.py:115} INFO - [2023-05-18 09:25:35,864] {dagbag.py:507} INFO - Filling up the DagBag from /home/airflow/.local/lib/python3.7/site-packages/airflow/example_dags/tutorial_etl_dag.py
[2023-05-18 09:25:35,876] {processor.py:651} INFO - DAG(s) dict_keys(['tutorial_etl_dag']) retrieved from /home/airflow/.local/lib/python3.7/site-packages/airflow/example_dags/tutorial_etl_dag.py
[2023-05-18 09:25:35,920] {logging_mixin.py:115} INFO - [2023-05-18 09:25:35,920] {dag.py:2371} INFO - Sync 1 DAGs
[2023-05-18 09:25:36,096] {logging_mixin.py:115} INFO - [2023-05-18 09:25:36,095] {dag.py:2919} INFO - Setting next_dagrun for tutorial_etl_dag to None, run_after=None
[2023-05-18 09:25:36,120] {processor.py:161} INFO - Processing /home/airflow/.local/lib/python3.7/site-packages/airflow/example_dags/tutorial_etl_dag.py took 0.266 seconds
[2023-05-18 09:26:06,672] {processor.py:153} INFO - Started process (PID=1891) to work on /home/airflow/.local/lib/python3.7/site-packages/airflow/example_dags/tutorial_etl_dag.py
[2023-05-18 09:26:06,675] {processor.py:641} INFO - Processing file /home/airflow/.local/lib/python3.7/site-packages/airflow/example_dags/tutorial_etl_dag.py for tasks to queue
[2023-05-18 09:26:06,677] {logging_mixin.py:115} INFO - [2023-05-18 09:26:06,677] {dagbag.py:507} INFO - Filling up the DagBag from /home/airflow/.local/lib/python3.7/site-packages/airflow/example_dags/tutorial_etl_dag.py
[2023-05-18 09:26:06,691] {processor.py:651} INFO - DAG(s) dict_keys(['tutorial_etl_dag']) retrieved from /home/airflow/.local/lib/python3.7/site-packages/airflow/example_dags/tutorial_etl_dag.py
[2023-05-18 09:26:06,746] {logging_mixin.py:115} INFO - [2023-05-18 09:26:06,745] {dag.py:2371} INFO - Sync 1 DAGs
[2023-05-18 09:26:06,926] {logging_mixin.py:115} INFO - [2023-05-18 09:26:06,926] {dag.py:2919} INFO - Setting next_dagrun for tutorial_etl_dag to None, run_after=None
[2023-05-18 09:26:06,952] {processor.py:161} INFO - Processing /home/airflow/.local/lib/python3.7/site-packages/airflow/example_dags/tutorial_etl_dag.py took 0.286 seconds
[2023-05-18 09:26:37,457] {processor.py:153} INFO - Started process (PID=1956) to work on /home/airflow/.local/lib/python3.7/site-packages/airflow/example_dags/tutorial_etl_dag.py
[2023-05-18 09:26:37,464] {processor.py:641} INFO - Processing file /home/airflow/.local/lib/python3.7/site-packages/airflow/example_dags/tutorial_etl_dag.py for tasks to queue
[2023-05-18 09:26:37,466] {logging_mixin.py:115} INFO - [2023-05-18 09:26:37,466] {dagbag.py:507} INFO - Filling up the DagBag from /home/airflow/.local/lib/python3.7/site-packages/airflow/example_dags/tutorial_etl_dag.py
[2023-05-18 09:26:37,481] {processor.py:651} INFO - DAG(s) dict_keys(['tutorial_etl_dag']) retrieved from /home/airflow/.local/lib/python3.7/site-packages/airflow/example_dags/tutorial_etl_dag.py
[2023-05-18 09:26:37,529] {logging_mixin.py:115} INFO - [2023-05-18 09:26:37,529] {dag.py:2371} INFO - Sync 1 DAGs
[2023-05-18 09:26:37,787] {logging_mixin.py:115} INFO - [2023-05-18 09:26:37,787] {dag.py:2919} INFO - Setting next_dagrun for tutorial_etl_dag to None, run_after=None
[2023-05-18 09:26:37,829] {processor.py:161} INFO - Processing /home/airflow/.local/lib/python3.7/site-packages/airflow/example_dags/tutorial_etl_dag.py took 0.378 seconds
[2023-05-18 09:27:08,055] {processor.py:153} INFO - Started process (PID=2011) to work on /home/airflow/.local/lib/python3.7/site-packages/airflow/example_dags/tutorial_etl_dag.py
[2023-05-18 09:27:08,058] {processor.py:641} INFO - Processing file /home/airflow/.local/lib/python3.7/site-packages/airflow/example_dags/tutorial_etl_dag.py for tasks to queue
[2023-05-18 09:27:08,062] {logging_mixin.py:115} INFO - [2023-05-18 09:27:08,061] {dagbag.py:507} INFO - Filling up the DagBag from /home/airflow/.local/lib/python3.7/site-packages/airflow/example_dags/tutorial_etl_dag.py
[2023-05-18 09:27:08,085] {processor.py:651} INFO - DAG(s) dict_keys(['tutorial_etl_dag']) retrieved from /home/airflow/.local/lib/python3.7/site-packages/airflow/example_dags/tutorial_etl_dag.py
[2023-05-18 09:27:08,150] {logging_mixin.py:115} INFO - [2023-05-18 09:27:08,150] {dag.py:2371} INFO - Sync 1 DAGs
[2023-05-18 09:27:08,480] {logging_mixin.py:115} INFO - [2023-05-18 09:27:08,479] {dag.py:2919} INFO - Setting next_dagrun for tutorial_etl_dag to None, run_after=None
[2023-05-18 09:27:08,498] {processor.py:161} INFO - Processing /home/airflow/.local/lib/python3.7/site-packages/airflow/example_dags/tutorial_etl_dag.py took 0.449 seconds
[2023-05-18 09:27:38,567] {processor.py:153} INFO - Started process (PID=2075) to work on /home/airflow/.local/lib/python3.7/site-packages/airflow/example_dags/tutorial_etl_dag.py
[2023-05-18 09:27:38,570] {processor.py:641} INFO - Processing file /home/airflow/.local/lib/python3.7/site-packages/airflow/example_dags/tutorial_etl_dag.py for tasks to queue
[2023-05-18 09:27:38,572] {logging_mixin.py:115} INFO - [2023-05-18 09:27:38,572] {dagbag.py:507} INFO - Filling up the DagBag from /home/airflow/.local/lib/python3.7/site-packages/airflow/example_dags/tutorial_etl_dag.py
[2023-05-18 09:27:38,586] {processor.py:651} INFO - DAG(s) dict_keys(['tutorial_etl_dag']) retrieved from /home/airflow/.local/lib/python3.7/site-packages/airflow/example_dags/tutorial_etl_dag.py
[2023-05-18 09:27:38,658] {logging_mixin.py:115} INFO - [2023-05-18 09:27:38,653] {dag.py:2371} INFO - Sync 1 DAGs
[2023-05-18 09:27:38,995] {logging_mixin.py:115} INFO - [2023-05-18 09:27:38,995] {dag.py:2919} INFO - Setting next_dagrun for tutorial_etl_dag to None, run_after=None
[2023-05-18 09:27:39,029] {processor.py:161} INFO - Processing /home/airflow/.local/lib/python3.7/site-packages/airflow/example_dags/tutorial_etl_dag.py took 0.469 seconds
[2023-05-18 09:28:09,623] {processor.py:153} INFO - Started process (PID=2132) to work on /home/airflow/.local/lib/python3.7/site-packages/airflow/example_dags/tutorial_etl_dag.py
[2023-05-18 09:28:09,626] {processor.py:641} INFO - Processing file /home/airflow/.local/lib/python3.7/site-packages/airflow/example_dags/tutorial_etl_dag.py for tasks to queue
[2023-05-18 09:28:09,628] {logging_mixin.py:115} INFO - [2023-05-18 09:28:09,628] {dagbag.py:507} INFO - Filling up the DagBag from /home/airflow/.local/lib/python3.7/site-packages/airflow/example_dags/tutorial_etl_dag.py
[2023-05-18 09:28:09,640] {processor.py:651} INFO - DAG(s) dict_keys(['tutorial_etl_dag']) retrieved from /home/airflow/.local/lib/python3.7/site-packages/airflow/example_dags/tutorial_etl_dag.py
[2023-05-18 09:28:09,683] {logging_mixin.py:115} INFO - [2023-05-18 09:28:09,683] {dag.py:2371} INFO - Sync 1 DAGs
[2023-05-18 09:28:09,855] {logging_mixin.py:115} INFO - [2023-05-18 09:28:09,855] {dag.py:2919} INFO - Setting next_dagrun for tutorial_etl_dag to None, run_after=None
[2023-05-18 09:28:09,878] {processor.py:161} INFO - Processing /home/airflow/.local/lib/python3.7/site-packages/airflow/example_dags/tutorial_etl_dag.py took 0.261 seconds
[2023-05-18 09:28:40,210] {processor.py:153} INFO - Started process (PID=2197) to work on /home/airflow/.local/lib/python3.7/site-packages/airflow/example_dags/tutorial_etl_dag.py
[2023-05-18 09:28:40,212] {processor.py:641} INFO - Processing file /home/airflow/.local/lib/python3.7/site-packages/airflow/example_dags/tutorial_etl_dag.py for tasks to queue
[2023-05-18 09:28:40,214] {logging_mixin.py:115} INFO - [2023-05-18 09:28:40,214] {dagbag.py:507} INFO - Filling up the DagBag from /home/airflow/.local/lib/python3.7/site-packages/airflow/example_dags/tutorial_etl_dag.py
[2023-05-18 09:28:40,228] {processor.py:651} INFO - DAG(s) dict_keys(['tutorial_etl_dag']) retrieved from /home/airflow/.local/lib/python3.7/site-packages/airflow/example_dags/tutorial_etl_dag.py
[2023-05-18 09:28:40,272] {logging_mixin.py:115} INFO - [2023-05-18 09:28:40,272] {dag.py:2371} INFO - Sync 1 DAGs
[2023-05-18 09:28:40,445] {logging_mixin.py:115} INFO - [2023-05-18 09:28:40,445] {dag.py:2919} INFO - Setting next_dagrun for tutorial_etl_dag to None, run_after=None
[2023-05-18 09:28:40,465] {processor.py:161} INFO - Processing /home/airflow/.local/lib/python3.7/site-packages/airflow/example_dags/tutorial_etl_dag.py took 0.261 seconds
[2023-05-18 09:29:10,720] {processor.py:153} INFO - Started process (PID=2251) to work on /home/airflow/.local/lib/python3.7/site-packages/airflow/example_dags/tutorial_etl_dag.py
[2023-05-18 09:29:10,723] {processor.py:641} INFO - Processing file /home/airflow/.local/lib/python3.7/site-packages/airflow/example_dags/tutorial_etl_dag.py for tasks to queue
[2023-05-18 09:29:10,724] {logging_mixin.py:115} INFO - [2023-05-18 09:29:10,724] {dagbag.py:507} INFO - Filling up the DagBag from /home/airflow/.local/lib/python3.7/site-packages/airflow/example_dags/tutorial_etl_dag.py
[2023-05-18 09:29:10,741] {processor.py:651} INFO - DAG(s) dict_keys(['tutorial_etl_dag']) retrieved from /home/airflow/.local/lib/python3.7/site-packages/airflow/example_dags/tutorial_etl_dag.py
[2023-05-18 09:29:10,784] {logging_mixin.py:115} INFO - [2023-05-18 09:29:10,784] {dag.py:2371} INFO - Sync 1 DAGs
[2023-05-18 09:29:10,977] {logging_mixin.py:115} INFO - [2023-05-18 09:29:10,976] {dag.py:2919} INFO - Setting next_dagrun for tutorial_etl_dag to None, run_after=None
[2023-05-18 09:29:11,008] {processor.py:161} INFO - Processing /home/airflow/.local/lib/python3.7/site-packages/airflow/example_dags/tutorial_etl_dag.py took 0.293 seconds
[2023-05-18 09:29:41,520] {processor.py:153} INFO - Started process (PID=2318) to work on /home/airflow/.local/lib/python3.7/site-packages/airflow/example_dags/tutorial_etl_dag.py
[2023-05-18 09:29:41,523] {processor.py:641} INFO - Processing file /home/airflow/.local/lib/python3.7/site-packages/airflow/example_dags/tutorial_etl_dag.py for tasks to queue
[2023-05-18 09:29:41,526] {logging_mixin.py:115} INFO - [2023-05-18 09:29:41,525] {dagbag.py:507} INFO - Filling up the DagBag from /home/airflow/.local/lib/python3.7/site-packages/airflow/example_dags/tutorial_etl_dag.py
[2023-05-18 09:29:41,542] {processor.py:651} INFO - DAG(s) dict_keys(['tutorial_etl_dag']) retrieved from /home/airflow/.local/lib/python3.7/site-packages/airflow/example_dags/tutorial_etl_dag.py
[2023-05-18 09:29:41,611] {logging_mixin.py:115} INFO - [2023-05-18 09:29:41,611] {dag.py:2371} INFO - Sync 1 DAGs
[2023-05-18 09:29:41,887] {logging_mixin.py:115} INFO - [2023-05-18 09:29:41,887] {dag.py:2919} INFO - Setting next_dagrun for tutorial_etl_dag to None, run_after=None
[2023-05-18 09:29:42,003] {processor.py:161} INFO - Processing /home/airflow/.local/lib/python3.7/site-packages/airflow/example_dags/tutorial_etl_dag.py took 0.487 seconds
[2023-05-18 09:30:12,280] {processor.py:153} INFO - Started process (PID=2373) to work on /home/airflow/.local/lib/python3.7/site-packages/airflow/example_dags/tutorial_etl_dag.py
[2023-05-18 09:30:12,283] {processor.py:641} INFO - Processing file /home/airflow/.local/lib/python3.7/site-packages/airflow/example_dags/tutorial_etl_dag.py for tasks to queue
[2023-05-18 09:30:12,285] {logging_mixin.py:115} INFO - [2023-05-18 09:30:12,285] {dagbag.py:507} INFO - Filling up the DagBag from /home/airflow/.local/lib/python3.7/site-packages/airflow/example_dags/tutorial_etl_dag.py
[2023-05-18 09:30:12,300] {processor.py:651} INFO - DAG(s) dict_keys(['tutorial_etl_dag']) retrieved from /home/airflow/.local/lib/python3.7/site-packages/airflow/example_dags/tutorial_etl_dag.py
[2023-05-18 09:30:12,388] {logging_mixin.py:115} INFO - [2023-05-18 09:30:12,388] {dag.py:2371} INFO - Sync 1 DAGs
[2023-05-18 09:30:12,895] {logging_mixin.py:115} INFO - [2023-05-18 09:30:12,895] {dag.py:2919} INFO - Setting next_dagrun for tutorial_etl_dag to None, run_after=None
[2023-05-18 09:30:12,923] {processor.py:161} INFO - Processing /home/airflow/.local/lib/python3.7/site-packages/airflow/example_dags/tutorial_etl_dag.py took 0.678 seconds
[2023-05-18 09:30:43,087] {processor.py:153} INFO - Started process (PID=2438) to work on /home/airflow/.local/lib/python3.7/site-packages/airflow/example_dags/tutorial_etl_dag.py
[2023-05-18 09:30:43,091] {processor.py:641} INFO - Processing file /home/airflow/.local/lib/python3.7/site-packages/airflow/example_dags/tutorial_etl_dag.py for tasks to queue
[2023-05-18 09:30:43,094] {logging_mixin.py:115} INFO - [2023-05-18 09:30:43,094] {dagbag.py:507} INFO - Filling up the DagBag from /home/airflow/.local/lib/python3.7/site-packages/airflow/example_dags/tutorial_etl_dag.py
[2023-05-18 09:30:43,110] {processor.py:651} INFO - DAG(s) dict_keys(['tutorial_etl_dag']) retrieved from /home/airflow/.local/lib/python3.7/site-packages/airflow/example_dags/tutorial_etl_dag.py
[2023-05-18 09:30:43,296] {logging_mixin.py:115} INFO - [2023-05-18 09:30:43,296] {dag.py:2371} INFO - Sync 1 DAGs
[2023-05-18 09:30:43,328] {logging_mixin.py:115} INFO - [2023-05-18 09:30:43,328] {dag.py:2919} INFO - Setting next_dagrun for tutorial_etl_dag to None, run_after=None
[2023-05-18 09:30:43,358] {processor.py:161} INFO - Processing /home/airflow/.local/lib/python3.7/site-packages/airflow/example_dags/tutorial_etl_dag.py took 0.276 seconds
[2023-05-18 09:31:14,179] {processor.py:153} INFO - Started process (PID=2492) to work on /home/airflow/.local/lib/python3.7/site-packages/airflow/example_dags/tutorial_etl_dag.py
[2023-05-18 09:31:14,182] {processor.py:641} INFO - Processing file /home/airflow/.local/lib/python3.7/site-packages/airflow/example_dags/tutorial_etl_dag.py for tasks to queue
[2023-05-18 09:31:14,184] {logging_mixin.py:115} INFO - [2023-05-18 09:31:14,184] {dagbag.py:507} INFO - Filling up the DagBag from /home/airflow/.local/lib/python3.7/site-packages/airflow/example_dags/tutorial_etl_dag.py
[2023-05-18 09:31:14,200] {processor.py:651} INFO - DAG(s) dict_keys(['tutorial_etl_dag']) retrieved from /home/airflow/.local/lib/python3.7/site-packages/airflow/example_dags/tutorial_etl_dag.py
[2023-05-18 09:31:14,446] {logging_mixin.py:115} INFO - [2023-05-18 09:31:14,446] {dag.py:2371} INFO - Sync 1 DAGs
[2023-05-18 09:31:14,477] {logging_mixin.py:115} INFO - [2023-05-18 09:31:14,477] {dag.py:2919} INFO - Setting next_dagrun for tutorial_etl_dag to None, run_after=None
[2023-05-18 09:31:14,498] {processor.py:161} INFO - Processing /home/airflow/.local/lib/python3.7/site-packages/airflow/example_dags/tutorial_etl_dag.py took 0.324 seconds
[2023-05-18 09:31:44,593] {processor.py:153} INFO - Started process (PID=2557) to work on /home/airflow/.local/lib/python3.7/site-packages/airflow/example_dags/tutorial_etl_dag.py
[2023-05-18 09:31:44,595] {processor.py:641} INFO - Processing file /home/airflow/.local/lib/python3.7/site-packages/airflow/example_dags/tutorial_etl_dag.py for tasks to queue
[2023-05-18 09:31:44,600] {logging_mixin.py:115} INFO - [2023-05-18 09:31:44,600] {dagbag.py:507} INFO - Filling up the DagBag from /home/airflow/.local/lib/python3.7/site-packages/airflow/example_dags/tutorial_etl_dag.py
[2023-05-18 09:31:44,615] {processor.py:651} INFO - DAG(s) dict_keys(['tutorial_etl_dag']) retrieved from /home/airflow/.local/lib/python3.7/site-packages/airflow/example_dags/tutorial_etl_dag.py
[2023-05-18 09:31:44,796] {logging_mixin.py:115} INFO - [2023-05-18 09:31:44,795] {dag.py:2371} INFO - Sync 1 DAGs
[2023-05-18 09:31:44,820] {logging_mixin.py:115} INFO - [2023-05-18 09:31:44,820] {dag.py:2919} INFO - Setting next_dagrun for tutorial_etl_dag to None, run_after=None
[2023-05-18 09:31:44,838] {processor.py:161} INFO - Processing /home/airflow/.local/lib/python3.7/site-packages/airflow/example_dags/tutorial_etl_dag.py took 0.251 seconds
[2023-05-18 09:32:14,945] {processor.py:153} INFO - Started process (PID=2612) to work on /home/airflow/.local/lib/python3.7/site-packages/airflow/example_dags/tutorial_etl_dag.py
[2023-05-18 09:32:14,948] {processor.py:641} INFO - Processing file /home/airflow/.local/lib/python3.7/site-packages/airflow/example_dags/tutorial_etl_dag.py for tasks to queue
[2023-05-18 09:32:14,950] {logging_mixin.py:115} INFO - [2023-05-18 09:32:14,950] {dagbag.py:507} INFO - Filling up the DagBag from /home/airflow/.local/lib/python3.7/site-packages/airflow/example_dags/tutorial_etl_dag.py
[2023-05-18 09:32:14,972] {processor.py:651} INFO - DAG(s) dict_keys(['tutorial_etl_dag']) retrieved from /home/airflow/.local/lib/python3.7/site-packages/airflow/example_dags/tutorial_etl_dag.py
[2023-05-18 09:32:15,203] {logging_mixin.py:115} INFO - [2023-05-18 09:32:15,203] {dag.py:2371} INFO - Sync 1 DAGs
[2023-05-18 09:32:15,248] {logging_mixin.py:115} INFO - [2023-05-18 09:32:15,248] {dag.py:2919} INFO - Setting next_dagrun for tutorial_etl_dag to None, run_after=None
[2023-05-18 09:32:15,275] {processor.py:161} INFO - Processing /home/airflow/.local/lib/python3.7/site-packages/airflow/example_dags/tutorial_etl_dag.py took 0.334 seconds
[2023-05-18 09:32:45,678] {processor.py:153} INFO - Started process (PID=2678) to work on /home/airflow/.local/lib/python3.7/site-packages/airflow/example_dags/tutorial_etl_dag.py
[2023-05-18 09:32:45,685] {processor.py:641} INFO - Processing file /home/airflow/.local/lib/python3.7/site-packages/airflow/example_dags/tutorial_etl_dag.py for tasks to queue
[2023-05-18 09:32:45,689] {logging_mixin.py:115} INFO - [2023-05-18 09:32:45,689] {dagbag.py:507} INFO - Filling up the DagBag from /home/airflow/.local/lib/python3.7/site-packages/airflow/example_dags/tutorial_etl_dag.py
[2023-05-18 09:32:45,717] {processor.py:651} INFO - DAG(s) dict_keys(['tutorial_etl_dag']) retrieved from /home/airflow/.local/lib/python3.7/site-packages/airflow/example_dags/tutorial_etl_dag.py
[2023-05-18 09:32:45,933] {logging_mixin.py:115} INFO - [2023-05-18 09:32:45,932] {dag.py:2371} INFO - Sync 1 DAGs
[2023-05-18 09:32:45,967] {logging_mixin.py:115} INFO - [2023-05-18 09:32:45,967] {dag.py:2919} INFO - Setting next_dagrun for tutorial_etl_dag to None, run_after=None
[2023-05-18 09:32:45,994] {processor.py:161} INFO - Processing /home/airflow/.local/lib/python3.7/site-packages/airflow/example_dags/tutorial_etl_dag.py took 0.323 seconds
[2023-05-18 09:33:16,158] {processor.py:153} INFO - Started process (PID=2732) to work on /home/airflow/.local/lib/python3.7/site-packages/airflow/example_dags/tutorial_etl_dag.py
[2023-05-18 09:33:16,161] {processor.py:641} INFO - Processing file /home/airflow/.local/lib/python3.7/site-packages/airflow/example_dags/tutorial_etl_dag.py for tasks to queue
[2023-05-18 09:33:16,164] {logging_mixin.py:115} INFO - [2023-05-18 09:33:16,164] {dagbag.py:507} INFO - Filling up the DagBag from /home/airflow/.local/lib/python3.7/site-packages/airflow/example_dags/tutorial_etl_dag.py
[2023-05-18 09:33:16,196] {processor.py:651} INFO - DAG(s) dict_keys(['tutorial_etl_dag']) retrieved from /home/airflow/.local/lib/python3.7/site-packages/airflow/example_dags/tutorial_etl_dag.py
[2023-05-18 09:33:16,605] {logging_mixin.py:115} INFO - [2023-05-18 09:33:16,605] {dag.py:2371} INFO - Sync 1 DAGs
[2023-05-18 09:33:16,652] {logging_mixin.py:115} INFO - [2023-05-18 09:33:16,652] {dag.py:2919} INFO - Setting next_dagrun for tutorial_etl_dag to None, run_after=None
[2023-05-18 09:33:16,682] {processor.py:161} INFO - Processing /home/airflow/.local/lib/python3.7/site-packages/airflow/example_dags/tutorial_etl_dag.py took 0.529 seconds
[2023-05-18 09:33:47,585] {processor.py:153} INFO - Started process (PID=2795) to work on /home/airflow/.local/lib/python3.7/site-packages/airflow/example_dags/tutorial_etl_dag.py
[2023-05-18 09:33:47,587] {processor.py:641} INFO - Processing file /home/airflow/.local/lib/python3.7/site-packages/airflow/example_dags/tutorial_etl_dag.py for tasks to queue
[2023-05-18 09:33:47,588] {logging_mixin.py:115} INFO - [2023-05-18 09:33:47,588] {dagbag.py:507} INFO - Filling up the DagBag from /home/airflow/.local/lib/python3.7/site-packages/airflow/example_dags/tutorial_etl_dag.py
[2023-05-18 09:33:47,613] {processor.py:651} INFO - DAG(s) dict_keys(['tutorial_etl_dag']) retrieved from /home/airflow/.local/lib/python3.7/site-packages/airflow/example_dags/tutorial_etl_dag.py
[2023-05-18 09:33:47,820] {logging_mixin.py:115} INFO - [2023-05-18 09:33:47,820] {dag.py:2371} INFO - Sync 1 DAGs
[2023-05-18 09:33:47,874] {logging_mixin.py:115} INFO - [2023-05-18 09:33:47,874] {dag.py:2919} INFO - Setting next_dagrun for tutorial_etl_dag to None, run_after=None
[2023-05-18 09:33:47,908] {processor.py:161} INFO - Processing /home/airflow/.local/lib/python3.7/site-packages/airflow/example_dags/tutorial_etl_dag.py took 0.334 seconds
[2023-05-18 09:34:18,521] {processor.py:153} INFO - Started process (PID=2854) to work on /home/airflow/.local/lib/python3.7/site-packages/airflow/example_dags/tutorial_etl_dag.py
[2023-05-18 09:34:18,525] {processor.py:641} INFO - Processing file /home/airflow/.local/lib/python3.7/site-packages/airflow/example_dags/tutorial_etl_dag.py for tasks to queue
[2023-05-18 09:34:18,527] {logging_mixin.py:115} INFO - [2023-05-18 09:34:18,527] {dagbag.py:507} INFO - Filling up the DagBag from /home/airflow/.local/lib/python3.7/site-packages/airflow/example_dags/tutorial_etl_dag.py
[2023-05-18 09:34:18,551] {processor.py:651} INFO - DAG(s) dict_keys(['tutorial_etl_dag']) retrieved from /home/airflow/.local/lib/python3.7/site-packages/airflow/example_dags/tutorial_etl_dag.py
[2023-05-18 09:34:18,797] {logging_mixin.py:115} INFO - [2023-05-18 09:34:18,797] {dag.py:2371} INFO - Sync 1 DAGs
[2023-05-18 09:34:18,833] {logging_mixin.py:115} INFO - [2023-05-18 09:34:18,833] {dag.py:2919} INFO - Setting next_dagrun for tutorial_etl_dag to None, run_after=None
[2023-05-18 09:34:18,860] {processor.py:161} INFO - Processing /home/airflow/.local/lib/python3.7/site-packages/airflow/example_dags/tutorial_etl_dag.py took 0.347 seconds
[2023-05-18 09:34:49,649] {processor.py:153} INFO - Started process (PID=2909) to work on /home/airflow/.local/lib/python3.7/site-packages/airflow/example_dags/tutorial_etl_dag.py
[2023-05-18 09:34:49,652] {processor.py:641} INFO - Processing file /home/airflow/.local/lib/python3.7/site-packages/airflow/example_dags/tutorial_etl_dag.py for tasks to queue
[2023-05-18 09:34:49,655] {logging_mixin.py:115} INFO - [2023-05-18 09:34:49,655] {dagbag.py:507} INFO - Filling up the DagBag from /home/airflow/.local/lib/python3.7/site-packages/airflow/example_dags/tutorial_etl_dag.py
[2023-05-18 09:34:49,671] {processor.py:651} INFO - DAG(s) dict_keys(['tutorial_etl_dag']) retrieved from /home/airflow/.local/lib/python3.7/site-packages/airflow/example_dags/tutorial_etl_dag.py
[2023-05-18 09:34:49,863] {logging_mixin.py:115} INFO - [2023-05-18 09:34:49,863] {dag.py:2371} INFO - Sync 1 DAGs
[2023-05-18 09:34:49,909] {logging_mixin.py:115} INFO - [2023-05-18 09:34:49,909] {dag.py:2919} INFO - Setting next_dagrun for tutorial_etl_dag to None, run_after=None
[2023-05-18 09:34:49,933] {processor.py:161} INFO - Processing /home/airflow/.local/lib/python3.7/site-packages/airflow/example_dags/tutorial_etl_dag.py took 0.297 seconds
[2023-05-18 09:35:20,922] {processor.py:153} INFO - Started process (PID=2976) to work on /home/airflow/.local/lib/python3.7/site-packages/airflow/example_dags/tutorial_etl_dag.py
[2023-05-18 09:35:20,924] {processor.py:641} INFO - Processing file /home/airflow/.local/lib/python3.7/site-packages/airflow/example_dags/tutorial_etl_dag.py for tasks to queue
[2023-05-18 09:35:20,926] {logging_mixin.py:115} INFO - [2023-05-18 09:35:20,926] {dagbag.py:507} INFO - Filling up the DagBag from /home/airflow/.local/lib/python3.7/site-packages/airflow/example_dags/tutorial_etl_dag.py
[2023-05-18 09:35:20,940] {processor.py:651} INFO - DAG(s) dict_keys(['tutorial_etl_dag']) retrieved from /home/airflow/.local/lib/python3.7/site-packages/airflow/example_dags/tutorial_etl_dag.py
[2023-05-18 09:35:21,226] {logging_mixin.py:115} INFO - [2023-05-18 09:35:21,226] {dag.py:2371} INFO - Sync 1 DAGs
[2023-05-18 09:35:21,280] {logging_mixin.py:115} INFO - [2023-05-18 09:35:21,280] {dag.py:2919} INFO - Setting next_dagrun for tutorial_etl_dag to None, run_after=None
[2023-05-18 09:35:21,323] {processor.py:161} INFO - Processing /home/airflow/.local/lib/python3.7/site-packages/airflow/example_dags/tutorial_etl_dag.py took 0.406 seconds
[2023-05-18 09:35:52,619] {processor.py:153} INFO - Started process (PID=3043) to work on /home/airflow/.local/lib/python3.7/site-packages/airflow/example_dags/tutorial_etl_dag.py
[2023-05-18 09:35:52,628] {processor.py:641} INFO - Processing file /home/airflow/.local/lib/python3.7/site-packages/airflow/example_dags/tutorial_etl_dag.py for tasks to queue
[2023-05-18 09:35:52,633] {logging_mixin.py:115} INFO - [2023-05-18 09:35:52,633] {dagbag.py:507} INFO - Filling up the DagBag from /home/airflow/.local/lib/python3.7/site-packages/airflow/example_dags/tutorial_etl_dag.py
[2023-05-18 09:35:52,652] {processor.py:651} INFO - DAG(s) dict_keys(['tutorial_etl_dag']) retrieved from /home/airflow/.local/lib/python3.7/site-packages/airflow/example_dags/tutorial_etl_dag.py
[2023-05-18 09:35:52,900] {logging_mixin.py:115} INFO - [2023-05-18 09:35:52,900] {dag.py:2371} INFO - Sync 1 DAGs
[2023-05-18 09:35:52,937] {logging_mixin.py:115} INFO - [2023-05-18 09:35:52,936] {dag.py:2919} INFO - Setting next_dagrun for tutorial_etl_dag to None, run_after=None
[2023-05-18 09:35:52,961] {processor.py:161} INFO - Processing /home/airflow/.local/lib/python3.7/site-packages/airflow/example_dags/tutorial_etl_dag.py took 0.349 seconds
[2023-05-18 09:36:23,269] {processor.py:153} INFO - Started process (PID=3097) to work on /home/airflow/.local/lib/python3.7/site-packages/airflow/example_dags/tutorial_etl_dag.py
[2023-05-18 09:36:23,272] {processor.py:641} INFO - Processing file /home/airflow/.local/lib/python3.7/site-packages/airflow/example_dags/tutorial_etl_dag.py for tasks to queue
[2023-05-18 09:36:23,274] {logging_mixin.py:115} INFO - [2023-05-18 09:36:23,274] {dagbag.py:507} INFO - Filling up the DagBag from /home/airflow/.local/lib/python3.7/site-packages/airflow/example_dags/tutorial_etl_dag.py
[2023-05-18 09:36:23,291] {processor.py:651} INFO - DAG(s) dict_keys(['tutorial_etl_dag']) retrieved from /home/airflow/.local/lib/python3.7/site-packages/airflow/example_dags/tutorial_etl_dag.py
[2023-05-18 09:36:23,481] {logging_mixin.py:115} INFO - [2023-05-18 09:36:23,481] {dag.py:2371} INFO - Sync 1 DAGs
[2023-05-18 09:36:23,510] {logging_mixin.py:115} INFO - [2023-05-18 09:36:23,510] {dag.py:2919} INFO - Setting next_dagrun for tutorial_etl_dag to None, run_after=None
[2023-05-18 09:36:23,530] {processor.py:161} INFO - Processing /home/airflow/.local/lib/python3.7/site-packages/airflow/example_dags/tutorial_etl_dag.py took 0.275 seconds
[2023-05-18 09:36:54,047] {processor.py:153} INFO - Started process (PID=3160) to work on /home/airflow/.local/lib/python3.7/site-packages/airflow/example_dags/tutorial_etl_dag.py
[2023-05-18 09:36:54,051] {processor.py:641} INFO - Processing file /home/airflow/.local/lib/python3.7/site-packages/airflow/example_dags/tutorial_etl_dag.py for tasks to queue
[2023-05-18 09:36:54,053] {logging_mixin.py:115} INFO - [2023-05-18 09:36:54,053] {dagbag.py:507} INFO - Filling up the DagBag from /home/airflow/.local/lib/python3.7/site-packages/airflow/example_dags/tutorial_etl_dag.py
[2023-05-18 09:36:54,078] {processor.py:651} INFO - DAG(s) dict_keys(['tutorial_etl_dag']) retrieved from /home/airflow/.local/lib/python3.7/site-packages/airflow/example_dags/tutorial_etl_dag.py
[2023-05-18 09:36:54,367] {logging_mixin.py:115} INFO - [2023-05-18 09:36:54,367] {dag.py:2371} INFO - Sync 1 DAGs
[2023-05-18 09:36:54,417] {logging_mixin.py:115} INFO - [2023-05-18 09:36:54,416] {dag.py:2919} INFO - Setting next_dagrun for tutorial_etl_dag to None, run_after=None
[2023-05-18 09:36:54,455] {processor.py:161} INFO - Processing /home/airflow/.local/lib/python3.7/site-packages/airflow/example_dags/tutorial_etl_dag.py took 0.414 seconds
[2023-05-18 09:37:24,594] {processor.py:153} INFO - Started process (PID=3216) to work on /home/airflow/.local/lib/python3.7/site-packages/airflow/example_dags/tutorial_etl_dag.py
[2023-05-18 09:37:24,596] {processor.py:641} INFO - Processing file /home/airflow/.local/lib/python3.7/site-packages/airflow/example_dags/tutorial_etl_dag.py for tasks to queue
[2023-05-18 09:37:24,597] {logging_mixin.py:115} INFO - [2023-05-18 09:37:24,597] {dagbag.py:507} INFO - Filling up the DagBag from /home/airflow/.local/lib/python3.7/site-packages/airflow/example_dags/tutorial_etl_dag.py
[2023-05-18 09:37:24,609] {processor.py:651} INFO - DAG(s) dict_keys(['tutorial_etl_dag']) retrieved from /home/airflow/.local/lib/python3.7/site-packages/airflow/example_dags/tutorial_etl_dag.py
[2023-05-18 09:37:24,814] {logging_mixin.py:115} INFO - [2023-05-18 09:37:24,814] {dag.py:2371} INFO - Sync 1 DAGs
[2023-05-18 09:37:24,848] {logging_mixin.py:115} INFO - [2023-05-18 09:37:24,848] {dag.py:2919} INFO - Setting next_dagrun for tutorial_etl_dag to None, run_after=None
[2023-05-18 09:37:24,890] {processor.py:161} INFO - Processing /home/airflow/.local/lib/python3.7/site-packages/airflow/example_dags/tutorial_etl_dag.py took 0.301 seconds
[2023-05-18 09:37:55,216] {processor.py:153} INFO - Started process (PID=3271) to work on /home/airflow/.local/lib/python3.7/site-packages/airflow/example_dags/tutorial_etl_dag.py
[2023-05-18 09:37:55,218] {processor.py:641} INFO - Processing file /home/airflow/.local/lib/python3.7/site-packages/airflow/example_dags/tutorial_etl_dag.py for tasks to queue
[2023-05-18 09:37:55,221] {logging_mixin.py:115} INFO - [2023-05-18 09:37:55,220] {dagbag.py:507} INFO - Filling up the DagBag from /home/airflow/.local/lib/python3.7/site-packages/airflow/example_dags/tutorial_etl_dag.py
[2023-05-18 09:37:55,236] {processor.py:651} INFO - DAG(s) dict_keys(['tutorial_etl_dag']) retrieved from /home/airflow/.local/lib/python3.7/site-packages/airflow/example_dags/tutorial_etl_dag.py
[2023-05-18 09:37:55,454] {logging_mixin.py:115} INFO - [2023-05-18 09:37:55,454] {dag.py:2371} INFO - Sync 1 DAGs
[2023-05-18 09:37:55,509] {logging_mixin.py:115} INFO - [2023-05-18 09:37:55,509] {dag.py:2919} INFO - Setting next_dagrun for tutorial_etl_dag to None, run_after=None
[2023-05-18 09:37:55,541] {processor.py:161} INFO - Processing /home/airflow/.local/lib/python3.7/site-packages/airflow/example_dags/tutorial_etl_dag.py took 0.329 seconds
[2023-05-18 09:38:25,855] {processor.py:153} INFO - Started process (PID=3336) to work on /home/airflow/.local/lib/python3.7/site-packages/airflow/example_dags/tutorial_etl_dag.py
[2023-05-18 09:38:25,861] {processor.py:641} INFO - Processing file /home/airflow/.local/lib/python3.7/site-packages/airflow/example_dags/tutorial_etl_dag.py for tasks to queue
[2023-05-18 09:38:25,866] {logging_mixin.py:115} INFO - [2023-05-18 09:38:25,866] {dagbag.py:507} INFO - Filling up the DagBag from /home/airflow/.local/lib/python3.7/site-packages/airflow/example_dags/tutorial_etl_dag.py
[2023-05-18 09:38:25,885] {processor.py:651} INFO - DAG(s) dict_keys(['tutorial_etl_dag']) retrieved from /home/airflow/.local/lib/python3.7/site-packages/airflow/example_dags/tutorial_etl_dag.py
[2023-05-18 09:38:26,102] {logging_mixin.py:115} INFO - [2023-05-18 09:38:26,102] {dag.py:2371} INFO - Sync 1 DAGs
[2023-05-18 09:38:26,131] {logging_mixin.py:115} INFO - [2023-05-18 09:38:26,131] {dag.py:2919} INFO - Setting next_dagrun for tutorial_etl_dag to None, run_after=None
[2023-05-18 09:38:26,150] {processor.py:161} INFO - Processing /home/airflow/.local/lib/python3.7/site-packages/airflow/example_dags/tutorial_etl_dag.py took 0.302 seconds
[2023-05-18 09:38:56,383] {processor.py:153} INFO - Started process (PID=3391) to work on /home/airflow/.local/lib/python3.7/site-packages/airflow/example_dags/tutorial_etl_dag.py
[2023-05-18 09:38:56,385] {processor.py:641} INFO - Processing file /home/airflow/.local/lib/python3.7/site-packages/airflow/example_dags/tutorial_etl_dag.py for tasks to queue
[2023-05-18 09:38:56,388] {logging_mixin.py:115} INFO - [2023-05-18 09:38:56,387] {dagbag.py:507} INFO - Filling up the DagBag from /home/airflow/.local/lib/python3.7/site-packages/airflow/example_dags/tutorial_etl_dag.py
[2023-05-18 09:38:56,404] {processor.py:651} INFO - DAG(s) dict_keys(['tutorial_etl_dag']) retrieved from /home/airflow/.local/lib/python3.7/site-packages/airflow/example_dags/tutorial_etl_dag.py
[2023-05-18 09:38:56,620] {logging_mixin.py:115} INFO - [2023-05-18 09:38:56,619] {dag.py:2371} INFO - Sync 1 DAGs
[2023-05-18 09:38:56,654] {logging_mixin.py:115} INFO - [2023-05-18 09:38:56,653] {dag.py:2919} INFO - Setting next_dagrun for tutorial_etl_dag to None, run_after=None
[2023-05-18 09:38:56,681] {processor.py:161} INFO - Processing /home/airflow/.local/lib/python3.7/site-packages/airflow/example_dags/tutorial_etl_dag.py took 0.308 seconds
[2023-05-18 09:39:26,779] {processor.py:153} INFO - Started process (PID=3459) to work on /home/airflow/.local/lib/python3.7/site-packages/airflow/example_dags/tutorial_etl_dag.py
[2023-05-18 09:39:26,784] {processor.py:641} INFO - Processing file /home/airflow/.local/lib/python3.7/site-packages/airflow/example_dags/tutorial_etl_dag.py for tasks to queue
[2023-05-18 09:39:26,821] {logging_mixin.py:115} INFO - [2023-05-18 09:39:26,821] {dagbag.py:507} INFO - Filling up the DagBag from /home/airflow/.local/lib/python3.7/site-packages/airflow/example_dags/tutorial_etl_dag.py
[2023-05-18 09:39:26,850] {processor.py:651} INFO - DAG(s) dict_keys(['tutorial_etl_dag']) retrieved from /home/airflow/.local/lib/python3.7/site-packages/airflow/example_dags/tutorial_etl_dag.py
[2023-05-18 09:39:27,042] {logging_mixin.py:115} INFO - [2023-05-18 09:39:27,042] {dag.py:2371} INFO - Sync 1 DAGs
[2023-05-18 09:39:27,069] {logging_mixin.py:115} INFO - [2023-05-18 09:39:27,069] {dag.py:2919} INFO - Setting next_dagrun for tutorial_etl_dag to None, run_after=None
[2023-05-18 09:39:27,092] {processor.py:161} INFO - Processing /home/airflow/.local/lib/python3.7/site-packages/airflow/example_dags/tutorial_etl_dag.py took 0.323 seconds
[2023-05-18 09:39:57,305] {processor.py:153} INFO - Started process (PID=3515) to work on /home/airflow/.local/lib/python3.7/site-packages/airflow/example_dags/tutorial_etl_dag.py
[2023-05-18 09:39:57,308] {processor.py:641} INFO - Processing file /home/airflow/.local/lib/python3.7/site-packages/airflow/example_dags/tutorial_etl_dag.py for tasks to queue
[2023-05-18 09:39:57,310] {logging_mixin.py:115} INFO - [2023-05-18 09:39:57,310] {dagbag.py:507} INFO - Filling up the DagBag from /home/airflow/.local/lib/python3.7/site-packages/airflow/example_dags/tutorial_etl_dag.py
[2023-05-18 09:39:57,329] {processor.py:651} INFO - DAG(s) dict_keys(['tutorial_etl_dag']) retrieved from /home/airflow/.local/lib/python3.7/site-packages/airflow/example_dags/tutorial_etl_dag.py
[2023-05-18 09:39:57,777] {logging_mixin.py:115} INFO - [2023-05-18 09:39:57,777] {dag.py:2371} INFO - Sync 1 DAGs
[2023-05-18 09:39:57,825] {logging_mixin.py:115} INFO - [2023-05-18 09:39:57,825] {dag.py:2919} INFO - Setting next_dagrun for tutorial_etl_dag to None, run_after=None
[2023-05-18 09:39:57,882] {processor.py:161} INFO - Processing /home/airflow/.local/lib/python3.7/site-packages/airflow/example_dags/tutorial_etl_dag.py took 0.586 seconds
[2023-05-18 09:40:28,298] {processor.py:153} INFO - Started process (PID=3581) to work on /home/airflow/.local/lib/python3.7/site-packages/airflow/example_dags/tutorial_etl_dag.py
[2023-05-18 09:40:28,301] {processor.py:641} INFO - Processing file /home/airflow/.local/lib/python3.7/site-packages/airflow/example_dags/tutorial_etl_dag.py for tasks to queue
[2023-05-18 09:40:28,304] {logging_mixin.py:115} INFO - [2023-05-18 09:40:28,304] {dagbag.py:507} INFO - Filling up the DagBag from /home/airflow/.local/lib/python3.7/site-packages/airflow/example_dags/tutorial_etl_dag.py
[2023-05-18 09:40:28,322] {processor.py:651} INFO - DAG(s) dict_keys(['tutorial_etl_dag']) retrieved from /home/airflow/.local/lib/python3.7/site-packages/airflow/example_dags/tutorial_etl_dag.py
[2023-05-18 09:40:28,392] {logging_mixin.py:115} INFO - [2023-05-18 09:40:28,392] {dag.py:2371} INFO - Sync 1 DAGs
[2023-05-18 09:40:28,461] {logging_mixin.py:115} INFO - [2023-05-18 09:40:28,461] {dag.py:2919} INFO - Setting next_dagrun for tutorial_etl_dag to None, run_after=None
[2023-05-18 09:40:28,486] {processor.py:161} INFO - Processing /home/airflow/.local/lib/python3.7/site-packages/airflow/example_dags/tutorial_etl_dag.py took 0.199 seconds
[2023-05-18 09:40:58,733] {processor.py:153} INFO - Started process (PID=3636) to work on /home/airflow/.local/lib/python3.7/site-packages/airflow/example_dags/tutorial_etl_dag.py
[2023-05-18 09:40:58,743] {processor.py:641} INFO - Processing file /home/airflow/.local/lib/python3.7/site-packages/airflow/example_dags/tutorial_etl_dag.py for tasks to queue
[2023-05-18 09:40:58,749] {logging_mixin.py:115} INFO - [2023-05-18 09:40:58,749] {dagbag.py:507} INFO - Filling up the DagBag from /home/airflow/.local/lib/python3.7/site-packages/airflow/example_dags/tutorial_etl_dag.py
[2023-05-18 09:40:58,785] {processor.py:651} INFO - DAG(s) dict_keys(['tutorial_etl_dag']) retrieved from /home/airflow/.local/lib/python3.7/site-packages/airflow/example_dags/tutorial_etl_dag.py
[2023-05-18 09:40:58,898] {logging_mixin.py:115} INFO - [2023-05-18 09:40:58,897] {dag.py:2371} INFO - Sync 1 DAGs
[2023-05-18 09:40:58,952] {logging_mixin.py:115} INFO - [2023-05-18 09:40:58,952] {dag.py:2919} INFO - Setting next_dagrun for tutorial_etl_dag to None, run_after=None
[2023-05-18 09:40:59,000] {processor.py:161} INFO - Processing /home/airflow/.local/lib/python3.7/site-packages/airflow/example_dags/tutorial_etl_dag.py took 0.274 seconds
[2023-05-18 09:41:29,574] {processor.py:153} INFO - Started process (PID=3705) to work on /home/airflow/.local/lib/python3.7/site-packages/airflow/example_dags/tutorial_etl_dag.py
[2023-05-18 09:41:29,577] {processor.py:641} INFO - Processing file /home/airflow/.local/lib/python3.7/site-packages/airflow/example_dags/tutorial_etl_dag.py for tasks to queue
[2023-05-18 09:41:29,579] {logging_mixin.py:115} INFO - [2023-05-18 09:41:29,579] {dagbag.py:507} INFO - Filling up the DagBag from /home/airflow/.local/lib/python3.7/site-packages/airflow/example_dags/tutorial_etl_dag.py
[2023-05-18 09:41:29,595] {processor.py:651} INFO - DAG(s) dict_keys(['tutorial_etl_dag']) retrieved from /home/airflow/.local/lib/python3.7/site-packages/airflow/example_dags/tutorial_etl_dag.py
[2023-05-18 09:41:29,675] {logging_mixin.py:115} INFO - [2023-05-18 09:41:29,675] {dag.py:2371} INFO - Sync 1 DAGs
[2023-05-18 09:41:29,745] {logging_mixin.py:115} INFO - [2023-05-18 09:41:29,744] {dag.py:2919} INFO - Setting next_dagrun for tutorial_etl_dag to None, run_after=None
[2023-05-18 09:41:29,786] {processor.py:161} INFO - Processing /home/airflow/.local/lib/python3.7/site-packages/airflow/example_dags/tutorial_etl_dag.py took 0.218 seconds
[2023-05-18 09:41:59,968] {processor.py:153} INFO - Started process (PID=3759) to work on /home/airflow/.local/lib/python3.7/site-packages/airflow/example_dags/tutorial_etl_dag.py
[2023-05-18 09:41:59,971] {processor.py:641} INFO - Processing file /home/airflow/.local/lib/python3.7/site-packages/airflow/example_dags/tutorial_etl_dag.py for tasks to queue
[2023-05-18 09:41:59,973] {logging_mixin.py:115} INFO - [2023-05-18 09:41:59,973] {dagbag.py:507} INFO - Filling up the DagBag from /home/airflow/.local/lib/python3.7/site-packages/airflow/example_dags/tutorial_etl_dag.py
[2023-05-18 09:41:59,994] {processor.py:651} INFO - DAG(s) dict_keys(['tutorial_etl_dag']) retrieved from /home/airflow/.local/lib/python3.7/site-packages/airflow/example_dags/tutorial_etl_dag.py
[2023-05-18 09:42:00,063] {logging_mixin.py:115} INFO - [2023-05-18 09:42:00,062] {dag.py:2371} INFO - Sync 1 DAGs
[2023-05-18 09:42:00,099] {logging_mixin.py:115} INFO - [2023-05-18 09:42:00,099] {dag.py:2919} INFO - Setting next_dagrun for tutorial_etl_dag to None, run_after=None
[2023-05-18 09:42:00,124] {processor.py:161} INFO - Processing /home/airflow/.local/lib/python3.7/site-packages/airflow/example_dags/tutorial_etl_dag.py took 0.164 seconds
[2023-05-18 09:42:30,351] {processor.py:153} INFO - Started process (PID=3826) to work on /home/airflow/.local/lib/python3.7/site-packages/airflow/example_dags/tutorial_etl_dag.py
[2023-05-18 09:42:30,357] {processor.py:641} INFO - Processing file /home/airflow/.local/lib/python3.7/site-packages/airflow/example_dags/tutorial_etl_dag.py for tasks to queue
[2023-05-18 09:42:30,374] {logging_mixin.py:115} INFO - [2023-05-18 09:42:30,374] {dagbag.py:507} INFO - Filling up the DagBag from /home/airflow/.local/lib/python3.7/site-packages/airflow/example_dags/tutorial_etl_dag.py
[2023-05-18 09:42:30,445] {processor.py:651} INFO - DAG(s) dict_keys(['tutorial_etl_dag']) retrieved from /home/airflow/.local/lib/python3.7/site-packages/airflow/example_dags/tutorial_etl_dag.py
[2023-05-18 09:42:30,658] {logging_mixin.py:115} INFO - [2023-05-18 09:42:30,658] {dag.py:2371} INFO - Sync 1 DAGs
[2023-05-18 09:42:30,718] {logging_mixin.py:115} INFO - [2023-05-18 09:42:30,718] {dag.py:2919} INFO - Setting next_dagrun for tutorial_etl_dag to None, run_after=None
[2023-05-18 09:42:30,799] {processor.py:161} INFO - Processing /home/airflow/.local/lib/python3.7/site-packages/airflow/example_dags/tutorial_etl_dag.py took 0.456 seconds
[2023-05-18 09:43:01,351] {processor.py:153} INFO - Started process (PID=3883) to work on /home/airflow/.local/lib/python3.7/site-packages/airflow/example_dags/tutorial_etl_dag.py
[2023-05-18 09:43:01,355] {processor.py:641} INFO - Processing file /home/airflow/.local/lib/python3.7/site-packages/airflow/example_dags/tutorial_etl_dag.py for tasks to queue
[2023-05-18 09:43:01,358] {logging_mixin.py:115} INFO - [2023-05-18 09:43:01,357] {dagbag.py:507} INFO - Filling up the DagBag from /home/airflow/.local/lib/python3.7/site-packages/airflow/example_dags/tutorial_etl_dag.py
[2023-05-18 09:43:01,372] {processor.py:651} INFO - DAG(s) dict_keys(['tutorial_etl_dag']) retrieved from /home/airflow/.local/lib/python3.7/site-packages/airflow/example_dags/tutorial_etl_dag.py
[2023-05-18 09:43:01,426] {logging_mixin.py:115} INFO - [2023-05-18 09:43:01,426] {dag.py:2371} INFO - Sync 1 DAGs
[2023-05-18 09:43:01,473] {logging_mixin.py:115} INFO - [2023-05-18 09:43:01,472] {dag.py:2919} INFO - Setting next_dagrun for tutorial_etl_dag to None, run_after=None
[2023-05-18 09:43:01,503] {processor.py:161} INFO - Processing /home/airflow/.local/lib/python3.7/site-packages/airflow/example_dags/tutorial_etl_dag.py took 0.156 seconds
[2023-05-18 09:43:31,999] {processor.py:153} INFO - Started process (PID=3940) to work on /home/airflow/.local/lib/python3.7/site-packages/airflow/example_dags/tutorial_etl_dag.py
[2023-05-18 09:43:32,000] {processor.py:641} INFO - Processing file /home/airflow/.local/lib/python3.7/site-packages/airflow/example_dags/tutorial_etl_dag.py for tasks to queue
[2023-05-18 09:43:32,002] {logging_mixin.py:115} INFO - [2023-05-18 09:43:32,002] {dagbag.py:507} INFO - Filling up the DagBag from /home/airflow/.local/lib/python3.7/site-packages/airflow/example_dags/tutorial_etl_dag.py
[2023-05-18 09:43:32,015] {processor.py:651} INFO - DAG(s) dict_keys(['tutorial_etl_dag']) retrieved from /home/airflow/.local/lib/python3.7/site-packages/airflow/example_dags/tutorial_etl_dag.py
[2023-05-18 09:43:32,092] {logging_mixin.py:115} INFO - [2023-05-18 09:43:32,092] {dag.py:2371} INFO - Sync 1 DAGs
[2023-05-18 09:43:32,136] {logging_mixin.py:115} INFO - [2023-05-18 09:43:32,136] {dag.py:2919} INFO - Setting next_dagrun for tutorial_etl_dag to None, run_after=None
[2023-05-18 09:43:32,165] {processor.py:161} INFO - Processing /home/airflow/.local/lib/python3.7/site-packages/airflow/example_dags/tutorial_etl_dag.py took 0.172 seconds
[2023-05-18 09:44:02,325] {processor.py:153} INFO - Started process (PID=4006) to work on /home/airflow/.local/lib/python3.7/site-packages/airflow/example_dags/tutorial_etl_dag.py
[2023-05-18 09:44:02,327] {processor.py:641} INFO - Processing file /home/airflow/.local/lib/python3.7/site-packages/airflow/example_dags/tutorial_etl_dag.py for tasks to queue
[2023-05-18 09:44:02,329] {logging_mixin.py:115} INFO - [2023-05-18 09:44:02,329] {dagbag.py:507} INFO - Filling up the DagBag from /home/airflow/.local/lib/python3.7/site-packages/airflow/example_dags/tutorial_etl_dag.py
[2023-05-18 09:44:02,341] {processor.py:651} INFO - DAG(s) dict_keys(['tutorial_etl_dag']) retrieved from /home/airflow/.local/lib/python3.7/site-packages/airflow/example_dags/tutorial_etl_dag.py
[2023-05-18 09:44:02,381] {logging_mixin.py:115} INFO - [2023-05-18 09:44:02,381] {dag.py:2371} INFO - Sync 1 DAGs
[2023-05-18 09:44:02,416] {logging_mixin.py:115} INFO - [2023-05-18 09:44:02,416] {dag.py:2919} INFO - Setting next_dagrun for tutorial_etl_dag to None, run_after=None
[2023-05-18 09:44:02,439] {processor.py:161} INFO - Processing /home/airflow/.local/lib/python3.7/site-packages/airflow/example_dags/tutorial_etl_dag.py took 0.124 seconds
[2023-05-18 09:44:32,569] {processor.py:153} INFO - Started process (PID=4062) to work on /home/airflow/.local/lib/python3.7/site-packages/airflow/example_dags/tutorial_etl_dag.py
[2023-05-18 09:44:32,571] {processor.py:641} INFO - Processing file /home/airflow/.local/lib/python3.7/site-packages/airflow/example_dags/tutorial_etl_dag.py for tasks to queue
[2023-05-18 09:44:32,573] {logging_mixin.py:115} INFO - [2023-05-18 09:44:32,573] {dagbag.py:507} INFO - Filling up the DagBag from /home/airflow/.local/lib/python3.7/site-packages/airflow/example_dags/tutorial_etl_dag.py
[2023-05-18 09:44:32,585] {processor.py:651} INFO - DAG(s) dict_keys(['tutorial_etl_dag']) retrieved from /home/airflow/.local/lib/python3.7/site-packages/airflow/example_dags/tutorial_etl_dag.py
[2023-05-18 09:44:32,637] {logging_mixin.py:115} INFO - [2023-05-18 09:44:32,637] {dag.py:2371} INFO - Sync 1 DAGs
[2023-05-18 09:44:32,671] {logging_mixin.py:115} INFO - [2023-05-18 09:44:32,671] {dag.py:2919} INFO - Setting next_dagrun for tutorial_etl_dag to None, run_after=None
[2023-05-18 09:44:32,698] {processor.py:161} INFO - Processing /home/airflow/.local/lib/python3.7/site-packages/airflow/example_dags/tutorial_etl_dag.py took 0.134 seconds
[2023-05-18 09:45:02,979] {processor.py:153} INFO - Started process (PID=4130) to work on /home/airflow/.local/lib/python3.7/site-packages/airflow/example_dags/tutorial_etl_dag.py
[2023-05-18 09:45:02,985] {processor.py:641} INFO - Processing file /home/airflow/.local/lib/python3.7/site-packages/airflow/example_dags/tutorial_etl_dag.py for tasks to queue
[2023-05-18 09:45:02,990] {logging_mixin.py:115} INFO - [2023-05-18 09:45:02,990] {dagbag.py:507} INFO - Filling up the DagBag from /home/airflow/.local/lib/python3.7/site-packages/airflow/example_dags/tutorial_etl_dag.py
[2023-05-18 09:45:03,011] {processor.py:651} INFO - DAG(s) dict_keys(['tutorial_etl_dag']) retrieved from /home/airflow/.local/lib/python3.7/site-packages/airflow/example_dags/tutorial_etl_dag.py
[2023-05-18 09:45:03,073] {logging_mixin.py:115} INFO - [2023-05-18 09:45:03,072] {dag.py:2371} INFO - Sync 1 DAGs
[2023-05-18 09:45:03,134] {logging_mixin.py:115} INFO - [2023-05-18 09:45:03,134] {dag.py:2919} INFO - Setting next_dagrun for tutorial_etl_dag to None, run_after=None
[2023-05-18 09:45:03,169] {processor.py:161} INFO - Processing /home/airflow/.local/lib/python3.7/site-packages/airflow/example_dags/tutorial_etl_dag.py took 0.201 seconds
[2023-05-18 09:45:33,340] {processor.py:153} INFO - Started process (PID=4183) to work on /home/airflow/.local/lib/python3.7/site-packages/airflow/example_dags/tutorial_etl_dag.py
[2023-05-18 09:45:33,342] {processor.py:641} INFO - Processing file /home/airflow/.local/lib/python3.7/site-packages/airflow/example_dags/tutorial_etl_dag.py for tasks to queue
[2023-05-18 09:45:33,344] {logging_mixin.py:115} INFO - [2023-05-18 09:45:33,344] {dagbag.py:507} INFO - Filling up the DagBag from /home/airflow/.local/lib/python3.7/site-packages/airflow/example_dags/tutorial_etl_dag.py
[2023-05-18 09:45:33,356] {processor.py:651} INFO - DAG(s) dict_keys(['tutorial_etl_dag']) retrieved from /home/airflow/.local/lib/python3.7/site-packages/airflow/example_dags/tutorial_etl_dag.py
[2023-05-18 09:45:33,422] {logging_mixin.py:115} INFO - [2023-05-18 09:45:33,419] {dag.py:2371} INFO - Sync 1 DAGs
[2023-05-18 09:45:33,466] {logging_mixin.py:115} INFO - [2023-05-18 09:45:33,466] {dag.py:2919} INFO - Setting next_dagrun for tutorial_etl_dag to None, run_after=None
[2023-05-18 09:45:33,493] {processor.py:161} INFO - Processing /home/airflow/.local/lib/python3.7/site-packages/airflow/example_dags/tutorial_etl_dag.py took 0.159 seconds
[2023-05-18 09:46:04,089] {processor.py:153} INFO - Started process (PID=4250) to work on /home/airflow/.local/lib/python3.7/site-packages/airflow/example_dags/tutorial_etl_dag.py
[2023-05-18 09:46:04,093] {processor.py:641} INFO - Processing file /home/airflow/.local/lib/python3.7/site-packages/airflow/example_dags/tutorial_etl_dag.py for tasks to queue
[2023-05-18 09:46:04,095] {logging_mixin.py:115} INFO - [2023-05-18 09:46:04,095] {dagbag.py:507} INFO - Filling up the DagBag from /home/airflow/.local/lib/python3.7/site-packages/airflow/example_dags/tutorial_etl_dag.py
[2023-05-18 09:46:04,110] {processor.py:651} INFO - DAG(s) dict_keys(['tutorial_etl_dag']) retrieved from /home/airflow/.local/lib/python3.7/site-packages/airflow/example_dags/tutorial_etl_dag.py
[2023-05-18 09:46:04,170] {logging_mixin.py:115} INFO - [2023-05-18 09:46:04,169] {dag.py:2371} INFO - Sync 1 DAGs
[2023-05-18 09:46:04,241] {logging_mixin.py:115} INFO - [2023-05-18 09:46:04,241] {dag.py:2919} INFO - Setting next_dagrun for tutorial_etl_dag to None, run_after=None
[2023-05-18 09:46:04,280] {processor.py:161} INFO - Processing /home/airflow/.local/lib/python3.7/site-packages/airflow/example_dags/tutorial_etl_dag.py took 0.196 seconds
[2023-05-18 09:46:34,600] {processor.py:153} INFO - Started process (PID=4305) to work on /home/airflow/.local/lib/python3.7/site-packages/airflow/example_dags/tutorial_etl_dag.py
[2023-05-18 09:46:34,603] {processor.py:641} INFO - Processing file /home/airflow/.local/lib/python3.7/site-packages/airflow/example_dags/tutorial_etl_dag.py for tasks to queue
[2023-05-18 09:46:34,606] {logging_mixin.py:115} INFO - [2023-05-18 09:46:34,606] {dagbag.py:507} INFO - Filling up the DagBag from /home/airflow/.local/lib/python3.7/site-packages/airflow/example_dags/tutorial_etl_dag.py
[2023-05-18 09:46:34,621] {processor.py:651} INFO - DAG(s) dict_keys(['tutorial_etl_dag']) retrieved from /home/airflow/.local/lib/python3.7/site-packages/airflow/example_dags/tutorial_etl_dag.py
[2023-05-18 09:46:34,665] {logging_mixin.py:115} INFO - [2023-05-18 09:46:34,665] {dag.py:2371} INFO - Sync 1 DAGs
[2023-05-18 09:46:34,727] {logging_mixin.py:115} INFO - [2023-05-18 09:46:34,727] {dag.py:2919} INFO - Setting next_dagrun for tutorial_etl_dag to None, run_after=None
[2023-05-18 09:46:34,762] {processor.py:161} INFO - Processing /home/airflow/.local/lib/python3.7/site-packages/airflow/example_dags/tutorial_etl_dag.py took 0.166 seconds
[2023-05-18 09:47:05,088] {processor.py:153} INFO - Started process (PID=4372) to work on /home/airflow/.local/lib/python3.7/site-packages/airflow/example_dags/tutorial_etl_dag.py
[2023-05-18 09:47:05,091] {processor.py:641} INFO - Processing file /home/airflow/.local/lib/python3.7/site-packages/airflow/example_dags/tutorial_etl_dag.py for tasks to queue
[2023-05-18 09:47:05,093] {logging_mixin.py:115} INFO - [2023-05-18 09:47:05,093] {dagbag.py:507} INFO - Filling up the DagBag from /home/airflow/.local/lib/python3.7/site-packages/airflow/example_dags/tutorial_etl_dag.py
[2023-05-18 09:47:05,109] {processor.py:651} INFO - DAG(s) dict_keys(['tutorial_etl_dag']) retrieved from /home/airflow/.local/lib/python3.7/site-packages/airflow/example_dags/tutorial_etl_dag.py
[2023-05-18 09:47:05,162] {logging_mixin.py:115} INFO - [2023-05-18 09:47:05,162] {dag.py:2371} INFO - Sync 1 DAGs
[2023-05-18 09:47:05,195] {logging_mixin.py:115} INFO - [2023-05-18 09:47:05,195] {dag.py:2919} INFO - Setting next_dagrun for tutorial_etl_dag to None, run_after=None
[2023-05-18 09:47:05,245] {processor.py:161} INFO - Processing /home/airflow/.local/lib/python3.7/site-packages/airflow/example_dags/tutorial_etl_dag.py took 0.164 seconds
