[2023-05-18 09:10:14,858] {processor.py:153} INFO - Started process (PID=64) to work on /home/airflow/.local/lib/python3.7/site-packages/airflow/example_dags/tutorial_taskflow_api_etl.py
[2023-05-18 09:10:14,863] {processor.py:641} INFO - Processing file /home/airflow/.local/lib/python3.7/site-packages/airflow/example_dags/tutorial_taskflow_api_etl.py for tasks to queue
[2023-05-18 09:10:14,868] {logging_mixin.py:115} INFO - [2023-05-18 09:10:14,868] {dagbag.py:507} INFO - Filling up the DagBag from /home/airflow/.local/lib/python3.7/site-packages/airflow/example_dags/tutorial_taskflow_api_etl.py
[2023-05-18 09:10:14,924] {processor.py:651} INFO - DAG(s) dict_keys(['tutorial_taskflow_api_etl']) retrieved from /home/airflow/.local/lib/python3.7/site-packages/airflow/example_dags/tutorial_taskflow_api_etl.py
[2023-05-18 09:10:15,728] {logging_mixin.py:115} INFO - [2023-05-18 09:10:15,728] {dag.py:2371} INFO - Sync 1 DAGs
[2023-05-18 09:10:15,863] {logging_mixin.py:115} INFO - [2023-05-18 09:10:15,863] {dag.py:2919} INFO - Setting next_dagrun for tutorial_taskflow_api_etl to None, run_after=None
[2023-05-18 09:10:15,940] {processor.py:161} INFO - Processing /home/airflow/.local/lib/python3.7/site-packages/airflow/example_dags/tutorial_taskflow_api_etl.py took 1.088 seconds
[2023-05-18 09:10:46,468] {processor.py:153} INFO - Started process (PID=119) to work on /home/airflow/.local/lib/python3.7/site-packages/airflow/example_dags/tutorial_taskflow_api_etl.py
[2023-05-18 09:10:46,471] {processor.py:641} INFO - Processing file /home/airflow/.local/lib/python3.7/site-packages/airflow/example_dags/tutorial_taskflow_api_etl.py for tasks to queue
[2023-05-18 09:10:46,473] {logging_mixin.py:115} INFO - [2023-05-18 09:10:46,472] {dagbag.py:507} INFO - Filling up the DagBag from /home/airflow/.local/lib/python3.7/site-packages/airflow/example_dags/tutorial_taskflow_api_etl.py
[2023-05-18 09:10:46,498] {processor.py:651} INFO - DAG(s) dict_keys(['tutorial_taskflow_api_etl']) retrieved from /home/airflow/.local/lib/python3.7/site-packages/airflow/example_dags/tutorial_taskflow_api_etl.py
[2023-05-18 09:10:46,747] {logging_mixin.py:115} INFO - [2023-05-18 09:10:46,747] {dag.py:2371} INFO - Sync 1 DAGs
[2023-05-18 09:10:46,772] {logging_mixin.py:115} INFO - [2023-05-18 09:10:46,772] {dag.py:2919} INFO - Setting next_dagrun for tutorial_taskflow_api_etl to None, run_after=None
[2023-05-18 09:10:46,797] {processor.py:161} INFO - Processing /home/airflow/.local/lib/python3.7/site-packages/airflow/example_dags/tutorial_taskflow_api_etl.py took 0.334 seconds
[2023-05-18 09:11:17,097] {processor.py:153} INFO - Started process (PID=185) to work on /home/airflow/.local/lib/python3.7/site-packages/airflow/example_dags/tutorial_taskflow_api_etl.py
[2023-05-18 09:11:17,100] {processor.py:641} INFO - Processing file /home/airflow/.local/lib/python3.7/site-packages/airflow/example_dags/tutorial_taskflow_api_etl.py for tasks to queue
[2023-05-18 09:11:17,102] {logging_mixin.py:115} INFO - [2023-05-18 09:11:17,102] {dagbag.py:507} INFO - Filling up the DagBag from /home/airflow/.local/lib/python3.7/site-packages/airflow/example_dags/tutorial_taskflow_api_etl.py
[2023-05-18 09:11:17,136] {processor.py:651} INFO - DAG(s) dict_keys(['tutorial_taskflow_api_etl']) retrieved from /home/airflow/.local/lib/python3.7/site-packages/airflow/example_dags/tutorial_taskflow_api_etl.py
[2023-05-18 09:11:17,413] {logging_mixin.py:115} INFO - [2023-05-18 09:11:17,413] {dag.py:2371} INFO - Sync 1 DAGs
[2023-05-18 09:11:17,455] {logging_mixin.py:115} INFO - [2023-05-18 09:11:17,455] {dag.py:2919} INFO - Setting next_dagrun for tutorial_taskflow_api_etl to None, run_after=None
[2023-05-18 09:11:17,480] {processor.py:161} INFO - Processing /home/airflow/.local/lib/python3.7/site-packages/airflow/example_dags/tutorial_taskflow_api_etl.py took 0.389 seconds
[2023-05-18 09:11:47,639] {processor.py:153} INFO - Started process (PID=243) to work on /home/airflow/.local/lib/python3.7/site-packages/airflow/example_dags/tutorial_taskflow_api_etl.py
[2023-05-18 09:11:47,642] {processor.py:641} INFO - Processing file /home/airflow/.local/lib/python3.7/site-packages/airflow/example_dags/tutorial_taskflow_api_etl.py for tasks to queue
[2023-05-18 09:11:47,646] {logging_mixin.py:115} INFO - [2023-05-18 09:11:47,645] {dagbag.py:507} INFO - Filling up the DagBag from /home/airflow/.local/lib/python3.7/site-packages/airflow/example_dags/tutorial_taskflow_api_etl.py
[2023-05-18 09:11:47,697] {processor.py:651} INFO - DAG(s) dict_keys(['tutorial_taskflow_api_etl']) retrieved from /home/airflow/.local/lib/python3.7/site-packages/airflow/example_dags/tutorial_taskflow_api_etl.py
[2023-05-18 09:11:48,079] {logging_mixin.py:115} INFO - [2023-05-18 09:11:48,078] {dag.py:2371} INFO - Sync 1 DAGs
[2023-05-18 09:11:48,135] {logging_mixin.py:115} INFO - [2023-05-18 09:11:48,135] {dag.py:2919} INFO - Setting next_dagrun for tutorial_taskflow_api_etl to None, run_after=None
[2023-05-18 09:11:48,162] {processor.py:161} INFO - Processing /home/airflow/.local/lib/python3.7/site-packages/airflow/example_dags/tutorial_taskflow_api_etl.py took 0.527 seconds
[2023-05-18 09:12:18,431] {processor.py:153} INFO - Started process (PID=297) to work on /home/airflow/.local/lib/python3.7/site-packages/airflow/example_dags/tutorial_taskflow_api_etl.py
[2023-05-18 09:12:18,434] {processor.py:641} INFO - Processing file /home/airflow/.local/lib/python3.7/site-packages/airflow/example_dags/tutorial_taskflow_api_etl.py for tasks to queue
[2023-05-18 09:12:18,436] {logging_mixin.py:115} INFO - [2023-05-18 09:12:18,436] {dagbag.py:507} INFO - Filling up the DagBag from /home/airflow/.local/lib/python3.7/site-packages/airflow/example_dags/tutorial_taskflow_api_etl.py
[2023-05-18 09:12:18,467] {processor.py:651} INFO - DAG(s) dict_keys(['tutorial_taskflow_api_etl']) retrieved from /home/airflow/.local/lib/python3.7/site-packages/airflow/example_dags/tutorial_taskflow_api_etl.py
[2023-05-18 09:12:18,720] {logging_mixin.py:115} INFO - [2023-05-18 09:12:18,719] {dag.py:2371} INFO - Sync 1 DAGs
[2023-05-18 09:12:18,748] {logging_mixin.py:115} INFO - [2023-05-18 09:12:18,748] {dag.py:2919} INFO - Setting next_dagrun for tutorial_taskflow_api_etl to None, run_after=None
[2023-05-18 09:12:18,783] {processor.py:161} INFO - Processing /home/airflow/.local/lib/python3.7/site-packages/airflow/example_dags/tutorial_taskflow_api_etl.py took 0.358 seconds
[2023-05-18 09:12:49,675] {processor.py:153} INFO - Started process (PID=363) to work on /home/airflow/.local/lib/python3.7/site-packages/airflow/example_dags/tutorial_taskflow_api_etl.py
[2023-05-18 09:12:49,677] {processor.py:641} INFO - Processing file /home/airflow/.local/lib/python3.7/site-packages/airflow/example_dags/tutorial_taskflow_api_etl.py for tasks to queue
[2023-05-18 09:12:49,682] {logging_mixin.py:115} INFO - [2023-05-18 09:12:49,682] {dagbag.py:507} INFO - Filling up the DagBag from /home/airflow/.local/lib/python3.7/site-packages/airflow/example_dags/tutorial_taskflow_api_etl.py
[2023-05-18 09:12:49,716] {processor.py:651} INFO - DAG(s) dict_keys(['tutorial_taskflow_api_etl']) retrieved from /home/airflow/.local/lib/python3.7/site-packages/airflow/example_dags/tutorial_taskflow_api_etl.py
[2023-05-18 09:12:50,012] {logging_mixin.py:115} INFO - [2023-05-18 09:12:50,012] {dag.py:2371} INFO - Sync 1 DAGs
[2023-05-18 09:12:50,086] {logging_mixin.py:115} INFO - [2023-05-18 09:12:50,086] {dag.py:2919} INFO - Setting next_dagrun for tutorial_taskflow_api_etl to None, run_after=None
[2023-05-18 09:12:50,155] {processor.py:161} INFO - Processing /home/airflow/.local/lib/python3.7/site-packages/airflow/example_dags/tutorial_taskflow_api_etl.py took 0.485 seconds
[2023-05-18 09:13:20,987] {processor.py:153} INFO - Started process (PID=418) to work on /home/airflow/.local/lib/python3.7/site-packages/airflow/example_dags/tutorial_taskflow_api_etl.py
[2023-05-18 09:13:20,990] {processor.py:641} INFO - Processing file /home/airflow/.local/lib/python3.7/site-packages/airflow/example_dags/tutorial_taskflow_api_etl.py for tasks to queue
[2023-05-18 09:13:20,992] {logging_mixin.py:115} INFO - [2023-05-18 09:13:20,992] {dagbag.py:507} INFO - Filling up the DagBag from /home/airflow/.local/lib/python3.7/site-packages/airflow/example_dags/tutorial_taskflow_api_etl.py
[2023-05-18 09:13:21,013] {processor.py:651} INFO - DAG(s) dict_keys(['tutorial_taskflow_api_etl']) retrieved from /home/airflow/.local/lib/python3.7/site-packages/airflow/example_dags/tutorial_taskflow_api_etl.py
[2023-05-18 09:13:21,250] {logging_mixin.py:115} INFO - [2023-05-18 09:13:21,250] {dag.py:2371} INFO - Sync 1 DAGs
[2023-05-18 09:13:21,290] {logging_mixin.py:115} INFO - [2023-05-18 09:13:21,289] {dag.py:2919} INFO - Setting next_dagrun for tutorial_taskflow_api_etl to None, run_after=None
[2023-05-18 09:13:21,330] {processor.py:161} INFO - Processing /home/airflow/.local/lib/python3.7/site-packages/airflow/example_dags/tutorial_taskflow_api_etl.py took 0.347 seconds
[2023-05-18 09:13:51,940] {processor.py:153} INFO - Started process (PID=482) to work on /home/airflow/.local/lib/python3.7/site-packages/airflow/example_dags/tutorial_taskflow_api_etl.py
[2023-05-18 09:13:51,942] {processor.py:641} INFO - Processing file /home/airflow/.local/lib/python3.7/site-packages/airflow/example_dags/tutorial_taskflow_api_etl.py for tasks to queue
[2023-05-18 09:13:51,944] {logging_mixin.py:115} INFO - [2023-05-18 09:13:51,943] {dagbag.py:507} INFO - Filling up the DagBag from /home/airflow/.local/lib/python3.7/site-packages/airflow/example_dags/tutorial_taskflow_api_etl.py
[2023-05-18 09:13:51,976] {processor.py:651} INFO - DAG(s) dict_keys(['tutorial_taskflow_api_etl']) retrieved from /home/airflow/.local/lib/python3.7/site-packages/airflow/example_dags/tutorial_taskflow_api_etl.py
[2023-05-18 09:13:52,263] {logging_mixin.py:115} INFO - [2023-05-18 09:13:52,263] {dag.py:2371} INFO - Sync 1 DAGs
[2023-05-18 09:13:52,305] {logging_mixin.py:115} INFO - [2023-05-18 09:13:52,305] {dag.py:2919} INFO - Setting next_dagrun for tutorial_taskflow_api_etl to None, run_after=None
[2023-05-18 09:13:52,331] {processor.py:161} INFO - Processing /home/airflow/.local/lib/python3.7/site-packages/airflow/example_dags/tutorial_taskflow_api_etl.py took 0.397 seconds
[2023-05-18 09:14:22,781] {processor.py:153} INFO - Started process (PID=537) to work on /home/airflow/.local/lib/python3.7/site-packages/airflow/example_dags/tutorial_taskflow_api_etl.py
[2023-05-18 09:14:22,783] {processor.py:641} INFO - Processing file /home/airflow/.local/lib/python3.7/site-packages/airflow/example_dags/tutorial_taskflow_api_etl.py for tasks to queue
[2023-05-18 09:14:22,785] {logging_mixin.py:115} INFO - [2023-05-18 09:14:22,785] {dagbag.py:507} INFO - Filling up the DagBag from /home/airflow/.local/lib/python3.7/site-packages/airflow/example_dags/tutorial_taskflow_api_etl.py
[2023-05-18 09:14:22,814] {processor.py:651} INFO - DAG(s) dict_keys(['tutorial_taskflow_api_etl']) retrieved from /home/airflow/.local/lib/python3.7/site-packages/airflow/example_dags/tutorial_taskflow_api_etl.py
[2023-05-18 09:14:23,067] {logging_mixin.py:115} INFO - [2023-05-18 09:14:23,067] {dag.py:2371} INFO - Sync 1 DAGs
[2023-05-18 09:14:23,123] {logging_mixin.py:115} INFO - [2023-05-18 09:14:23,122] {dag.py:2919} INFO - Setting next_dagrun for tutorial_taskflow_api_etl to None, run_after=None
[2023-05-18 09:14:23,196] {processor.py:161} INFO - Processing /home/airflow/.local/lib/python3.7/site-packages/airflow/example_dags/tutorial_taskflow_api_etl.py took 0.420 seconds
[2023-05-18 09:14:53,793] {processor.py:153} INFO - Started process (PID=600) to work on /home/airflow/.local/lib/python3.7/site-packages/airflow/example_dags/tutorial_taskflow_api_etl.py
[2023-05-18 09:14:53,798] {processor.py:641} INFO - Processing file /home/airflow/.local/lib/python3.7/site-packages/airflow/example_dags/tutorial_taskflow_api_etl.py for tasks to queue
[2023-05-18 09:14:53,811] {logging_mixin.py:115} INFO - [2023-05-18 09:14:53,811] {dagbag.py:507} INFO - Filling up the DagBag from /home/airflow/.local/lib/python3.7/site-packages/airflow/example_dags/tutorial_taskflow_api_etl.py
[2023-05-18 09:14:53,875] {processor.py:651} INFO - DAG(s) dict_keys(['tutorial_taskflow_api_etl']) retrieved from /home/airflow/.local/lib/python3.7/site-packages/airflow/example_dags/tutorial_taskflow_api_etl.py
[2023-05-18 09:14:54,259] {logging_mixin.py:115} INFO - [2023-05-18 09:14:54,259] {dag.py:2371} INFO - Sync 1 DAGs
[2023-05-18 09:14:54,299] {logging_mixin.py:115} INFO - [2023-05-18 09:14:54,299] {dag.py:2919} INFO - Setting next_dagrun for tutorial_taskflow_api_etl to None, run_after=None
[2023-05-18 09:14:54,328] {processor.py:161} INFO - Processing /home/airflow/.local/lib/python3.7/site-packages/airflow/example_dags/tutorial_taskflow_api_etl.py took 0.553 seconds
[2023-05-18 09:15:24,472] {processor.py:153} INFO - Started process (PID=657) to work on /home/airflow/.local/lib/python3.7/site-packages/airflow/example_dags/tutorial_taskflow_api_etl.py
[2023-05-18 09:15:24,481] {processor.py:641} INFO - Processing file /home/airflow/.local/lib/python3.7/site-packages/airflow/example_dags/tutorial_taskflow_api_etl.py for tasks to queue
[2023-05-18 09:15:24,485] {logging_mixin.py:115} INFO - [2023-05-18 09:15:24,483] {dagbag.py:507} INFO - Filling up the DagBag from /home/airflow/.local/lib/python3.7/site-packages/airflow/example_dags/tutorial_taskflow_api_etl.py
[2023-05-18 09:15:24,529] {processor.py:651} INFO - DAG(s) dict_keys(['tutorial_taskflow_api_etl']) retrieved from /home/airflow/.local/lib/python3.7/site-packages/airflow/example_dags/tutorial_taskflow_api_etl.py
[2023-05-18 09:15:24,838] {logging_mixin.py:115} INFO - [2023-05-18 09:15:24,838] {dag.py:2371} INFO - Sync 1 DAGs
[2023-05-18 09:15:24,872] {logging_mixin.py:115} INFO - [2023-05-18 09:15:24,872] {dag.py:2919} INFO - Setting next_dagrun for tutorial_taskflow_api_etl to None, run_after=None
[2023-05-18 09:15:24,904] {processor.py:161} INFO - Processing /home/airflow/.local/lib/python3.7/site-packages/airflow/example_dags/tutorial_taskflow_api_etl.py took 0.451 seconds
[2023-05-18 09:15:55,202] {processor.py:153} INFO - Started process (PID=715) to work on /home/airflow/.local/lib/python3.7/site-packages/airflow/example_dags/tutorial_taskflow_api_etl.py
[2023-05-18 09:15:55,205] {processor.py:641} INFO - Processing file /home/airflow/.local/lib/python3.7/site-packages/airflow/example_dags/tutorial_taskflow_api_etl.py for tasks to queue
[2023-05-18 09:15:55,207] {logging_mixin.py:115} INFO - [2023-05-18 09:15:55,207] {dagbag.py:507} INFO - Filling up the DagBag from /home/airflow/.local/lib/python3.7/site-packages/airflow/example_dags/tutorial_taskflow_api_etl.py
[2023-05-18 09:15:55,249] {processor.py:651} INFO - DAG(s) dict_keys(['tutorial_taskflow_api_etl']) retrieved from /home/airflow/.local/lib/python3.7/site-packages/airflow/example_dags/tutorial_taskflow_api_etl.py
[2023-05-18 09:15:55,559] {logging_mixin.py:115} INFO - [2023-05-18 09:15:55,559] {dag.py:2371} INFO - Sync 1 DAGs
[2023-05-18 09:15:55,605] {logging_mixin.py:115} INFO - [2023-05-18 09:15:55,605] {dag.py:2919} INFO - Setting next_dagrun for tutorial_taskflow_api_etl to None, run_after=None
[2023-05-18 09:15:55,635] {processor.py:161} INFO - Processing /home/airflow/.local/lib/python3.7/site-packages/airflow/example_dags/tutorial_taskflow_api_etl.py took 0.441 seconds
[2023-05-18 09:16:26,025] {processor.py:153} INFO - Started process (PID=771) to work on /home/airflow/.local/lib/python3.7/site-packages/airflow/example_dags/tutorial_taskflow_api_etl.py
[2023-05-18 09:16:26,029] {processor.py:641} INFO - Processing file /home/airflow/.local/lib/python3.7/site-packages/airflow/example_dags/tutorial_taskflow_api_etl.py for tasks to queue
[2023-05-18 09:16:26,041] {logging_mixin.py:115} INFO - [2023-05-18 09:16:26,040] {dagbag.py:507} INFO - Filling up the DagBag from /home/airflow/.local/lib/python3.7/site-packages/airflow/example_dags/tutorial_taskflow_api_etl.py
[2023-05-18 09:16:26,119] {processor.py:651} INFO - DAG(s) dict_keys(['tutorial_taskflow_api_etl']) retrieved from /home/airflow/.local/lib/python3.7/site-packages/airflow/example_dags/tutorial_taskflow_api_etl.py
[2023-05-18 09:16:26,653] {logging_mixin.py:115} INFO - [2023-05-18 09:16:26,652] {dag.py:2371} INFO - Sync 1 DAGs
[2023-05-18 09:16:26,782] {logging_mixin.py:115} INFO - [2023-05-18 09:16:26,782] {dag.py:2919} INFO - Setting next_dagrun for tutorial_taskflow_api_etl to None, run_after=None
[2023-05-18 09:16:26,854] {processor.py:161} INFO - Processing /home/airflow/.local/lib/python3.7/site-packages/airflow/example_dags/tutorial_taskflow_api_etl.py took 0.837 seconds
[2023-05-18 09:16:57,737] {processor.py:153} INFO - Started process (PID=835) to work on /home/airflow/.local/lib/python3.7/site-packages/airflow/example_dags/tutorial_taskflow_api_etl.py
[2023-05-18 09:16:57,742] {processor.py:641} INFO - Processing file /home/airflow/.local/lib/python3.7/site-packages/airflow/example_dags/tutorial_taskflow_api_etl.py for tasks to queue
[2023-05-18 09:16:57,753] {logging_mixin.py:115} INFO - [2023-05-18 09:16:57,753] {dagbag.py:507} INFO - Filling up the DagBag from /home/airflow/.local/lib/python3.7/site-packages/airflow/example_dags/tutorial_taskflow_api_etl.py
[2023-05-18 09:16:57,973] {processor.py:651} INFO - DAG(s) dict_keys(['tutorial_taskflow_api_etl']) retrieved from /home/airflow/.local/lib/python3.7/site-packages/airflow/example_dags/tutorial_taskflow_api_etl.py
[2023-05-18 09:16:59,032] {logging_mixin.py:115} INFO - [2023-05-18 09:16:59,032] {dag.py:2371} INFO - Sync 1 DAGs
[2023-05-18 09:16:59,088] {logging_mixin.py:115} INFO - [2023-05-18 09:16:59,087] {dag.py:2919} INFO - Setting next_dagrun for tutorial_taskflow_api_etl to None, run_after=None
[2023-05-18 09:16:59,119] {processor.py:161} INFO - Processing /home/airflow/.local/lib/python3.7/site-packages/airflow/example_dags/tutorial_taskflow_api_etl.py took 1.412 seconds
[2023-05-18 09:17:29,547] {processor.py:153} INFO - Started process (PID=890) to work on /home/airflow/.local/lib/python3.7/site-packages/airflow/example_dags/tutorial_taskflow_api_etl.py
[2023-05-18 09:17:29,559] {processor.py:641} INFO - Processing file /home/airflow/.local/lib/python3.7/site-packages/airflow/example_dags/tutorial_taskflow_api_etl.py for tasks to queue
[2023-05-18 09:17:29,567] {logging_mixin.py:115} INFO - [2023-05-18 09:17:29,566] {dagbag.py:507} INFO - Filling up the DagBag from /home/airflow/.local/lib/python3.7/site-packages/airflow/example_dags/tutorial_taskflow_api_etl.py
[2023-05-18 09:17:29,635] {processor.py:651} INFO - DAG(s) dict_keys(['tutorial_taskflow_api_etl']) retrieved from /home/airflow/.local/lib/python3.7/site-packages/airflow/example_dags/tutorial_taskflow_api_etl.py
[2023-05-18 09:17:30,816] {logging_mixin.py:115} INFO - [2023-05-18 09:17:30,816] {dag.py:2371} INFO - Sync 1 DAGs
[2023-05-18 09:17:30,938] {logging_mixin.py:115} INFO - [2023-05-18 09:17:30,937] {dag.py:2919} INFO - Setting next_dagrun for tutorial_taskflow_api_etl to None, run_after=None
[2023-05-18 09:17:30,996] {processor.py:161} INFO - Processing /home/airflow/.local/lib/python3.7/site-packages/airflow/example_dags/tutorial_taskflow_api_etl.py took 1.469 seconds
[2023-05-18 09:18:01,547] {processor.py:153} INFO - Started process (PID=945) to work on /home/airflow/.local/lib/python3.7/site-packages/airflow/example_dags/tutorial_taskflow_api_etl.py
[2023-05-18 09:18:01,552] {processor.py:641} INFO - Processing file /home/airflow/.local/lib/python3.7/site-packages/airflow/example_dags/tutorial_taskflow_api_etl.py for tasks to queue
[2023-05-18 09:18:01,556] {logging_mixin.py:115} INFO - [2023-05-18 09:18:01,556] {dagbag.py:507} INFO - Filling up the DagBag from /home/airflow/.local/lib/python3.7/site-packages/airflow/example_dags/tutorial_taskflow_api_etl.py
[2023-05-18 09:18:01,619] {processor.py:651} INFO - DAG(s) dict_keys(['tutorial_taskflow_api_etl']) retrieved from /home/airflow/.local/lib/python3.7/site-packages/airflow/example_dags/tutorial_taskflow_api_etl.py
[2023-05-18 09:18:02,015] {logging_mixin.py:115} INFO - [2023-05-18 09:18:02,014] {dag.py:2371} INFO - Sync 1 DAGs
[2023-05-18 09:18:02,070] {logging_mixin.py:115} INFO - [2023-05-18 09:18:02,070] {dag.py:2919} INFO - Setting next_dagrun for tutorial_taskflow_api_etl to None, run_after=None
[2023-05-18 09:18:02,106] {processor.py:161} INFO - Processing /home/airflow/.local/lib/python3.7/site-packages/airflow/example_dags/tutorial_taskflow_api_etl.py took 0.584 seconds
[2023-05-18 09:18:32,318] {processor.py:153} INFO - Started process (PID=1013) to work on /home/airflow/.local/lib/python3.7/site-packages/airflow/example_dags/tutorial_taskflow_api_etl.py
[2023-05-18 09:18:32,321] {processor.py:641} INFO - Processing file /home/airflow/.local/lib/python3.7/site-packages/airflow/example_dags/tutorial_taskflow_api_etl.py for tasks to queue
[2023-05-18 09:18:32,323] {logging_mixin.py:115} INFO - [2023-05-18 09:18:32,323] {dagbag.py:507} INFO - Filling up the DagBag from /home/airflow/.local/lib/python3.7/site-packages/airflow/example_dags/tutorial_taskflow_api_etl.py
[2023-05-18 09:18:32,383] {processor.py:651} INFO - DAG(s) dict_keys(['tutorial_taskflow_api_etl']) retrieved from /home/airflow/.local/lib/python3.7/site-packages/airflow/example_dags/tutorial_taskflow_api_etl.py
[2023-05-18 09:18:32,721] {logging_mixin.py:115} INFO - [2023-05-18 09:18:32,721] {dag.py:2371} INFO - Sync 1 DAGs
[2023-05-18 09:18:32,759] {logging_mixin.py:115} INFO - [2023-05-18 09:18:32,759] {dag.py:2919} INFO - Setting next_dagrun for tutorial_taskflow_api_etl to None, run_after=None
[2023-05-18 09:18:32,805] {processor.py:161} INFO - Processing /home/airflow/.local/lib/python3.7/site-packages/airflow/example_dags/tutorial_taskflow_api_etl.py took 0.495 seconds
[2023-05-18 09:19:03,229] {processor.py:153} INFO - Started process (PID=1066) to work on /home/airflow/.local/lib/python3.7/site-packages/airflow/example_dags/tutorial_taskflow_api_etl.py
[2023-05-18 09:19:03,232] {processor.py:641} INFO - Processing file /home/airflow/.local/lib/python3.7/site-packages/airflow/example_dags/tutorial_taskflow_api_etl.py for tasks to queue
[2023-05-18 09:19:03,235] {logging_mixin.py:115} INFO - [2023-05-18 09:19:03,234] {dagbag.py:507} INFO - Filling up the DagBag from /home/airflow/.local/lib/python3.7/site-packages/airflow/example_dags/tutorial_taskflow_api_etl.py
[2023-05-18 09:19:03,277] {processor.py:651} INFO - DAG(s) dict_keys(['tutorial_taskflow_api_etl']) retrieved from /home/airflow/.local/lib/python3.7/site-packages/airflow/example_dags/tutorial_taskflow_api_etl.py
[2023-05-18 09:19:03,509] {logging_mixin.py:115} INFO - [2023-05-18 09:19:03,509] {dag.py:2371} INFO - Sync 1 DAGs
[2023-05-18 09:19:03,535] {logging_mixin.py:115} INFO - [2023-05-18 09:19:03,535] {dag.py:2919} INFO - Setting next_dagrun for tutorial_taskflow_api_etl to None, run_after=None
[2023-05-18 09:19:03,560] {processor.py:161} INFO - Processing /home/airflow/.local/lib/python3.7/site-packages/airflow/example_dags/tutorial_taskflow_api_etl.py took 0.340 seconds
[2023-05-18 09:19:34,052] {processor.py:153} INFO - Started process (PID=1123) to work on /home/airflow/.local/lib/python3.7/site-packages/airflow/example_dags/tutorial_taskflow_api_etl.py
[2023-05-18 09:19:34,056] {processor.py:641} INFO - Processing file /home/airflow/.local/lib/python3.7/site-packages/airflow/example_dags/tutorial_taskflow_api_etl.py for tasks to queue
[2023-05-18 09:19:34,060] {logging_mixin.py:115} INFO - [2023-05-18 09:19:34,060] {dagbag.py:507} INFO - Filling up the DagBag from /home/airflow/.local/lib/python3.7/site-packages/airflow/example_dags/tutorial_taskflow_api_etl.py
[2023-05-18 09:19:34,112] {processor.py:651} INFO - DAG(s) dict_keys(['tutorial_taskflow_api_etl']) retrieved from /home/airflow/.local/lib/python3.7/site-packages/airflow/example_dags/tutorial_taskflow_api_etl.py
[2023-05-18 09:19:34,441] {logging_mixin.py:115} INFO - [2023-05-18 09:19:34,441] {dag.py:2371} INFO - Sync 1 DAGs
[2023-05-18 09:19:34,503] {logging_mixin.py:115} INFO - [2023-05-18 09:19:34,502] {dag.py:2919} INFO - Setting next_dagrun for tutorial_taskflow_api_etl to None, run_after=None
[2023-05-18 09:19:34,538] {processor.py:161} INFO - Processing /home/airflow/.local/lib/python3.7/site-packages/airflow/example_dags/tutorial_taskflow_api_etl.py took 0.496 seconds
[2023-05-18 09:20:04,989] {processor.py:153} INFO - Started process (PID=1190) to work on /home/airflow/.local/lib/python3.7/site-packages/airflow/example_dags/tutorial_taskflow_api_etl.py
[2023-05-18 09:20:05,006] {processor.py:641} INFO - Processing file /home/airflow/.local/lib/python3.7/site-packages/airflow/example_dags/tutorial_taskflow_api_etl.py for tasks to queue
[2023-05-18 09:20:05,013] {logging_mixin.py:115} INFO - [2023-05-18 09:20:05,013] {dagbag.py:507} INFO - Filling up the DagBag from /home/airflow/.local/lib/python3.7/site-packages/airflow/example_dags/tutorial_taskflow_api_etl.py
[2023-05-18 09:20:05,225] {processor.py:651} INFO - DAG(s) dict_keys(['tutorial_taskflow_api_etl']) retrieved from /home/airflow/.local/lib/python3.7/site-packages/airflow/example_dags/tutorial_taskflow_api_etl.py
[2023-05-18 09:20:05,644] {logging_mixin.py:115} INFO - [2023-05-18 09:20:05,644] {dag.py:2371} INFO - Sync 1 DAGs
[2023-05-18 09:20:05,678] {logging_mixin.py:115} INFO - [2023-05-18 09:20:05,678] {dag.py:2919} INFO - Setting next_dagrun for tutorial_taskflow_api_etl to None, run_after=None
[2023-05-18 09:20:05,704] {processor.py:161} INFO - Processing /home/airflow/.local/lib/python3.7/site-packages/airflow/example_dags/tutorial_taskflow_api_etl.py took 0.752 seconds
[2023-05-18 09:20:35,803] {processor.py:153} INFO - Started process (PID=1245) to work on /home/airflow/.local/lib/python3.7/site-packages/airflow/example_dags/tutorial_taskflow_api_etl.py
[2023-05-18 09:20:35,805] {processor.py:641} INFO - Processing file /home/airflow/.local/lib/python3.7/site-packages/airflow/example_dags/tutorial_taskflow_api_etl.py for tasks to queue
[2023-05-18 09:20:35,807] {logging_mixin.py:115} INFO - [2023-05-18 09:20:35,807] {dagbag.py:507} INFO - Filling up the DagBag from /home/airflow/.local/lib/python3.7/site-packages/airflow/example_dags/tutorial_taskflow_api_etl.py
[2023-05-18 09:20:35,830] {processor.py:651} INFO - DAG(s) dict_keys(['tutorial_taskflow_api_etl']) retrieved from /home/airflow/.local/lib/python3.7/site-packages/airflow/example_dags/tutorial_taskflow_api_etl.py
[2023-05-18 09:20:36,084] {logging_mixin.py:115} INFO - [2023-05-18 09:20:36,084] {dag.py:2371} INFO - Sync 1 DAGs
[2023-05-18 09:20:36,123] {logging_mixin.py:115} INFO - [2023-05-18 09:20:36,123] {dag.py:2919} INFO - Setting next_dagrun for tutorial_taskflow_api_etl to None, run_after=None
[2023-05-18 09:20:36,147] {processor.py:161} INFO - Processing /home/airflow/.local/lib/python3.7/site-packages/airflow/example_dags/tutorial_taskflow_api_etl.py took 0.349 seconds
[2023-05-18 09:21:06,847] {processor.py:153} INFO - Started process (PID=1301) to work on /home/airflow/.local/lib/python3.7/site-packages/airflow/example_dags/tutorial_taskflow_api_etl.py
[2023-05-18 09:21:06,848] {processor.py:641} INFO - Processing file /home/airflow/.local/lib/python3.7/site-packages/airflow/example_dags/tutorial_taskflow_api_etl.py for tasks to queue
[2023-05-18 09:21:06,851] {logging_mixin.py:115} INFO - [2023-05-18 09:21:06,851] {dagbag.py:507} INFO - Filling up the DagBag from /home/airflow/.local/lib/python3.7/site-packages/airflow/example_dags/tutorial_taskflow_api_etl.py
[2023-05-18 09:21:06,877] {processor.py:651} INFO - DAG(s) dict_keys(['tutorial_taskflow_api_etl']) retrieved from /home/airflow/.local/lib/python3.7/site-packages/airflow/example_dags/tutorial_taskflow_api_etl.py
[2023-05-18 09:21:07,108] {logging_mixin.py:115} INFO - [2023-05-18 09:21:07,108] {dag.py:2371} INFO - Sync 1 DAGs
[2023-05-18 09:21:07,132] {logging_mixin.py:115} INFO - [2023-05-18 09:21:07,132] {dag.py:2919} INFO - Setting next_dagrun for tutorial_taskflow_api_etl to None, run_after=None
[2023-05-18 09:21:07,154] {processor.py:161} INFO - Processing /home/airflow/.local/lib/python3.7/site-packages/airflow/example_dags/tutorial_taskflow_api_etl.py took 0.313 seconds
[2023-05-18 09:21:37,693] {processor.py:153} INFO - Started process (PID=1368) to work on /home/airflow/.local/lib/python3.7/site-packages/airflow/example_dags/tutorial_taskflow_api_etl.py
[2023-05-18 09:21:37,703] {processor.py:641} INFO - Processing file /home/airflow/.local/lib/python3.7/site-packages/airflow/example_dags/tutorial_taskflow_api_etl.py for tasks to queue
[2023-05-18 09:21:37,718] {logging_mixin.py:115} INFO - [2023-05-18 09:21:37,718] {dagbag.py:507} INFO - Filling up the DagBag from /home/airflow/.local/lib/python3.7/site-packages/airflow/example_dags/tutorial_taskflow_api_etl.py
[2023-05-18 09:21:37,749] {processor.py:651} INFO - DAG(s) dict_keys(['tutorial_taskflow_api_etl']) retrieved from /home/airflow/.local/lib/python3.7/site-packages/airflow/example_dags/tutorial_taskflow_api_etl.py
[2023-05-18 09:21:38,030] {logging_mixin.py:115} INFO - [2023-05-18 09:21:38,030] {dag.py:2371} INFO - Sync 1 DAGs
[2023-05-18 09:21:38,069] {logging_mixin.py:115} INFO - [2023-05-18 09:21:38,068] {dag.py:2919} INFO - Setting next_dagrun for tutorial_taskflow_api_etl to None, run_after=None
[2023-05-18 09:21:38,102] {processor.py:161} INFO - Processing /home/airflow/.local/lib/python3.7/site-packages/airflow/example_dags/tutorial_taskflow_api_etl.py took 0.415 seconds
[2023-05-18 09:22:08,457] {processor.py:153} INFO - Started process (PID=1424) to work on /home/airflow/.local/lib/python3.7/site-packages/airflow/example_dags/tutorial_taskflow_api_etl.py
[2023-05-18 09:22:08,461] {processor.py:641} INFO - Processing file /home/airflow/.local/lib/python3.7/site-packages/airflow/example_dags/tutorial_taskflow_api_etl.py for tasks to queue
[2023-05-18 09:22:08,464] {logging_mixin.py:115} INFO - [2023-05-18 09:22:08,463] {dagbag.py:507} INFO - Filling up the DagBag from /home/airflow/.local/lib/python3.7/site-packages/airflow/example_dags/tutorial_taskflow_api_etl.py
[2023-05-18 09:22:08,508] {processor.py:651} INFO - DAG(s) dict_keys(['tutorial_taskflow_api_etl']) retrieved from /home/airflow/.local/lib/python3.7/site-packages/airflow/example_dags/tutorial_taskflow_api_etl.py
[2023-05-18 09:22:08,777] {logging_mixin.py:115} INFO - [2023-05-18 09:22:08,777] {dag.py:2371} INFO - Sync 1 DAGs
[2023-05-18 09:22:08,817] {logging_mixin.py:115} INFO - [2023-05-18 09:22:08,817] {dag.py:2919} INFO - Setting next_dagrun for tutorial_taskflow_api_etl to None, run_after=None
[2023-05-18 09:22:08,846] {processor.py:161} INFO - Processing /home/airflow/.local/lib/python3.7/site-packages/airflow/example_dags/tutorial_taskflow_api_etl.py took 0.397 seconds
[2023-05-18 09:22:39,086] {processor.py:153} INFO - Started process (PID=1489) to work on /home/airflow/.local/lib/python3.7/site-packages/airflow/example_dags/tutorial_taskflow_api_etl.py
[2023-05-18 09:22:39,089] {processor.py:641} INFO - Processing file /home/airflow/.local/lib/python3.7/site-packages/airflow/example_dags/tutorial_taskflow_api_etl.py for tasks to queue
[2023-05-18 09:22:39,091] {logging_mixin.py:115} INFO - [2023-05-18 09:22:39,091] {dagbag.py:507} INFO - Filling up the DagBag from /home/airflow/.local/lib/python3.7/site-packages/airflow/example_dags/tutorial_taskflow_api_etl.py
[2023-05-18 09:22:39,119] {processor.py:651} INFO - DAG(s) dict_keys(['tutorial_taskflow_api_etl']) retrieved from /home/airflow/.local/lib/python3.7/site-packages/airflow/example_dags/tutorial_taskflow_api_etl.py
[2023-05-18 09:22:39,341] {logging_mixin.py:115} INFO - [2023-05-18 09:22:39,341] {dag.py:2371} INFO - Sync 1 DAGs
[2023-05-18 09:22:39,372] {logging_mixin.py:115} INFO - [2023-05-18 09:22:39,372] {dag.py:2919} INFO - Setting next_dagrun for tutorial_taskflow_api_etl to None, run_after=None
[2023-05-18 09:22:39,396] {processor.py:161} INFO - Processing /home/airflow/.local/lib/python3.7/site-packages/airflow/example_dags/tutorial_taskflow_api_etl.py took 0.315 seconds
[2023-05-18 09:23:09,864] {processor.py:153} INFO - Started process (PID=1545) to work on /home/airflow/.local/lib/python3.7/site-packages/airflow/example_dags/tutorial_taskflow_api_etl.py
[2023-05-18 09:23:09,867] {processor.py:641} INFO - Processing file /home/airflow/.local/lib/python3.7/site-packages/airflow/example_dags/tutorial_taskflow_api_etl.py for tasks to queue
[2023-05-18 09:23:09,870] {logging_mixin.py:115} INFO - [2023-05-18 09:23:09,869] {dagbag.py:507} INFO - Filling up the DagBag from /home/airflow/.local/lib/python3.7/site-packages/airflow/example_dags/tutorial_taskflow_api_etl.py
[2023-05-18 09:23:09,900] {processor.py:651} INFO - DAG(s) dict_keys(['tutorial_taskflow_api_etl']) retrieved from /home/airflow/.local/lib/python3.7/site-packages/airflow/example_dags/tutorial_taskflow_api_etl.py
[2023-05-18 09:23:10,186] {logging_mixin.py:115} INFO - [2023-05-18 09:23:10,186] {dag.py:2371} INFO - Sync 1 DAGs
[2023-05-18 09:23:10,224] {logging_mixin.py:115} INFO - [2023-05-18 09:23:10,224] {dag.py:2919} INFO - Setting next_dagrun for tutorial_taskflow_api_etl to None, run_after=None
[2023-05-18 09:23:10,269] {processor.py:161} INFO - Processing /home/airflow/.local/lib/python3.7/site-packages/airflow/example_dags/tutorial_taskflow_api_etl.py took 0.410 seconds
[2023-05-18 09:23:40,543] {processor.py:153} INFO - Started process (PID=1610) to work on /home/airflow/.local/lib/python3.7/site-packages/airflow/example_dags/tutorial_taskflow_api_etl.py
[2023-05-18 09:23:40,546] {processor.py:641} INFO - Processing file /home/airflow/.local/lib/python3.7/site-packages/airflow/example_dags/tutorial_taskflow_api_etl.py for tasks to queue
[2023-05-18 09:23:40,548] {logging_mixin.py:115} INFO - [2023-05-18 09:23:40,548] {dagbag.py:507} INFO - Filling up the DagBag from /home/airflow/.local/lib/python3.7/site-packages/airflow/example_dags/tutorial_taskflow_api_etl.py
[2023-05-18 09:23:40,580] {processor.py:651} INFO - DAG(s) dict_keys(['tutorial_taskflow_api_etl']) retrieved from /home/airflow/.local/lib/python3.7/site-packages/airflow/example_dags/tutorial_taskflow_api_etl.py
[2023-05-18 09:23:40,859] {logging_mixin.py:115} INFO - [2023-05-18 09:23:40,858] {dag.py:2371} INFO - Sync 1 DAGs
[2023-05-18 09:23:40,890] {logging_mixin.py:115} INFO - [2023-05-18 09:23:40,890] {dag.py:2919} INFO - Setting next_dagrun for tutorial_taskflow_api_etl to None, run_after=None
[2023-05-18 09:23:40,915] {processor.py:161} INFO - Processing /home/airflow/.local/lib/python3.7/site-packages/airflow/example_dags/tutorial_taskflow_api_etl.py took 0.389 seconds
[2023-05-18 09:24:11,072] {processor.py:153} INFO - Started process (PID=1664) to work on /home/airflow/.local/lib/python3.7/site-packages/airflow/example_dags/tutorial_taskflow_api_etl.py
[2023-05-18 09:24:11,076] {processor.py:641} INFO - Processing file /home/airflow/.local/lib/python3.7/site-packages/airflow/example_dags/tutorial_taskflow_api_etl.py for tasks to queue
[2023-05-18 09:24:11,081] {logging_mixin.py:115} INFO - [2023-05-18 09:24:11,081] {dagbag.py:507} INFO - Filling up the DagBag from /home/airflow/.local/lib/python3.7/site-packages/airflow/example_dags/tutorial_taskflow_api_etl.py
[2023-05-18 09:24:11,117] {processor.py:651} INFO - DAG(s) dict_keys(['tutorial_taskflow_api_etl']) retrieved from /home/airflow/.local/lib/python3.7/site-packages/airflow/example_dags/tutorial_taskflow_api_etl.py
[2023-05-18 09:24:11,435] {logging_mixin.py:115} INFO - [2023-05-18 09:24:11,435] {dag.py:2371} INFO - Sync 1 DAGs
[2023-05-18 09:24:11,483] {logging_mixin.py:115} INFO - [2023-05-18 09:24:11,483] {dag.py:2919} INFO - Setting next_dagrun for tutorial_taskflow_api_etl to None, run_after=None
[2023-05-18 09:24:11,530] {processor.py:161} INFO - Processing /home/airflow/.local/lib/python3.7/site-packages/airflow/example_dags/tutorial_taskflow_api_etl.py took 0.470 seconds
[2023-05-18 09:24:42,384] {processor.py:153} INFO - Started process (PID=1730) to work on /home/airflow/.local/lib/python3.7/site-packages/airflow/example_dags/tutorial_taskflow_api_etl.py
[2023-05-18 09:24:42,387] {processor.py:641} INFO - Processing file /home/airflow/.local/lib/python3.7/site-packages/airflow/example_dags/tutorial_taskflow_api_etl.py for tasks to queue
[2023-05-18 09:24:42,389] {logging_mixin.py:115} INFO - [2023-05-18 09:24:42,388] {dagbag.py:507} INFO - Filling up the DagBag from /home/airflow/.local/lib/python3.7/site-packages/airflow/example_dags/tutorial_taskflow_api_etl.py
[2023-05-18 09:24:42,432] {processor.py:651} INFO - DAG(s) dict_keys(['tutorial_taskflow_api_etl']) retrieved from /home/airflow/.local/lib/python3.7/site-packages/airflow/example_dags/tutorial_taskflow_api_etl.py
[2023-05-18 09:24:42,709] {logging_mixin.py:115} INFO - [2023-05-18 09:24:42,709] {dag.py:2371} INFO - Sync 1 DAGs
[2023-05-18 09:24:42,782] {logging_mixin.py:115} INFO - [2023-05-18 09:24:42,782] {dag.py:2919} INFO - Setting next_dagrun for tutorial_taskflow_api_etl to None, run_after=None
[2023-05-18 09:24:42,813] {processor.py:161} INFO - Processing /home/airflow/.local/lib/python3.7/site-packages/airflow/example_dags/tutorial_taskflow_api_etl.py took 0.439 seconds
[2023-05-18 09:25:13,190] {processor.py:153} INFO - Started process (PID=1786) to work on /home/airflow/.local/lib/python3.7/site-packages/airflow/example_dags/tutorial_taskflow_api_etl.py
[2023-05-18 09:25:13,195] {processor.py:641} INFO - Processing file /home/airflow/.local/lib/python3.7/site-packages/airflow/example_dags/tutorial_taskflow_api_etl.py for tasks to queue
[2023-05-18 09:25:13,197] {logging_mixin.py:115} INFO - [2023-05-18 09:25:13,197] {dagbag.py:507} INFO - Filling up the DagBag from /home/airflow/.local/lib/python3.7/site-packages/airflow/example_dags/tutorial_taskflow_api_etl.py
[2023-05-18 09:25:13,392] {processor.py:651} INFO - DAG(s) dict_keys(['tutorial_taskflow_api_etl']) retrieved from /home/airflow/.local/lib/python3.7/site-packages/airflow/example_dags/tutorial_taskflow_api_etl.py
[2023-05-18 09:25:13,900] {logging_mixin.py:115} INFO - [2023-05-18 09:25:13,900] {dag.py:2371} INFO - Sync 1 DAGs
[2023-05-18 09:25:13,942] {logging_mixin.py:115} INFO - [2023-05-18 09:25:13,942] {dag.py:2919} INFO - Setting next_dagrun for tutorial_taskflow_api_etl to None, run_after=None
[2023-05-18 09:25:13,979] {processor.py:161} INFO - Processing /home/airflow/.local/lib/python3.7/site-packages/airflow/example_dags/tutorial_taskflow_api_etl.py took 0.817 seconds
[2023-05-18 09:25:44,371] {processor.py:153} INFO - Started process (PID=1852) to work on /home/airflow/.local/lib/python3.7/site-packages/airflow/example_dags/tutorial_taskflow_api_etl.py
[2023-05-18 09:25:44,374] {processor.py:641} INFO - Processing file /home/airflow/.local/lib/python3.7/site-packages/airflow/example_dags/tutorial_taskflow_api_etl.py for tasks to queue
[2023-05-18 09:25:44,376] {logging_mixin.py:115} INFO - [2023-05-18 09:25:44,376] {dagbag.py:507} INFO - Filling up the DagBag from /home/airflow/.local/lib/python3.7/site-packages/airflow/example_dags/tutorial_taskflow_api_etl.py
[2023-05-18 09:25:44,410] {processor.py:651} INFO - DAG(s) dict_keys(['tutorial_taskflow_api_etl']) retrieved from /home/airflow/.local/lib/python3.7/site-packages/airflow/example_dags/tutorial_taskflow_api_etl.py
[2023-05-18 09:25:44,717] {logging_mixin.py:115} INFO - [2023-05-18 09:25:44,717] {dag.py:2371} INFO - Sync 1 DAGs
[2023-05-18 09:25:44,749] {logging_mixin.py:115} INFO - [2023-05-18 09:25:44,749] {dag.py:2919} INFO - Setting next_dagrun for tutorial_taskflow_api_etl to None, run_after=None
[2023-05-18 09:25:44,782] {processor.py:161} INFO - Processing /home/airflow/.local/lib/python3.7/site-packages/airflow/example_dags/tutorial_taskflow_api_etl.py took 0.417 seconds
[2023-05-18 09:26:15,250] {processor.py:153} INFO - Started process (PID=1908) to work on /home/airflow/.local/lib/python3.7/site-packages/airflow/example_dags/tutorial_taskflow_api_etl.py
[2023-05-18 09:26:15,254] {processor.py:641} INFO - Processing file /home/airflow/.local/lib/python3.7/site-packages/airflow/example_dags/tutorial_taskflow_api_etl.py for tasks to queue
[2023-05-18 09:26:15,256] {logging_mixin.py:115} INFO - [2023-05-18 09:26:15,256] {dagbag.py:507} INFO - Filling up the DagBag from /home/airflow/.local/lib/python3.7/site-packages/airflow/example_dags/tutorial_taskflow_api_etl.py
[2023-05-18 09:26:15,288] {processor.py:651} INFO - DAG(s) dict_keys(['tutorial_taskflow_api_etl']) retrieved from /home/airflow/.local/lib/python3.7/site-packages/airflow/example_dags/tutorial_taskflow_api_etl.py
[2023-05-18 09:26:15,524] {logging_mixin.py:115} INFO - [2023-05-18 09:26:15,524] {dag.py:2371} INFO - Sync 1 DAGs
[2023-05-18 09:26:15,552] {logging_mixin.py:115} INFO - [2023-05-18 09:26:15,552] {dag.py:2919} INFO - Setting next_dagrun for tutorial_taskflow_api_etl to None, run_after=None
[2023-05-18 09:26:15,575] {processor.py:161} INFO - Processing /home/airflow/.local/lib/python3.7/site-packages/airflow/example_dags/tutorial_taskflow_api_etl.py took 0.329 seconds
[2023-05-18 09:26:45,967] {processor.py:153} INFO - Started process (PID=1974) to work on /home/airflow/.local/lib/python3.7/site-packages/airflow/example_dags/tutorial_taskflow_api_etl.py
[2023-05-18 09:26:45,970] {processor.py:641} INFO - Processing file /home/airflow/.local/lib/python3.7/site-packages/airflow/example_dags/tutorial_taskflow_api_etl.py for tasks to queue
[2023-05-18 09:26:45,973] {logging_mixin.py:115} INFO - [2023-05-18 09:26:45,972] {dagbag.py:507} INFO - Filling up the DagBag from /home/airflow/.local/lib/python3.7/site-packages/airflow/example_dags/tutorial_taskflow_api_etl.py
[2023-05-18 09:26:46,010] {processor.py:651} INFO - DAG(s) dict_keys(['tutorial_taskflow_api_etl']) retrieved from /home/airflow/.local/lib/python3.7/site-packages/airflow/example_dags/tutorial_taskflow_api_etl.py
[2023-05-18 09:26:46,331] {logging_mixin.py:115} INFO - [2023-05-18 09:26:46,331] {dag.py:2371} INFO - Sync 1 DAGs
[2023-05-18 09:26:46,382] {logging_mixin.py:115} INFO - [2023-05-18 09:26:46,382] {dag.py:2919} INFO - Setting next_dagrun for tutorial_taskflow_api_etl to None, run_after=None
[2023-05-18 09:26:46,417] {processor.py:161} INFO - Processing /home/airflow/.local/lib/python3.7/site-packages/airflow/example_dags/tutorial_taskflow_api_etl.py took 0.456 seconds
[2023-05-18 09:27:16,648] {processor.py:153} INFO - Started process (PID=2028) to work on /home/airflow/.local/lib/python3.7/site-packages/airflow/example_dags/tutorial_taskflow_api_etl.py
[2023-05-18 09:27:16,650] {processor.py:641} INFO - Processing file /home/airflow/.local/lib/python3.7/site-packages/airflow/example_dags/tutorial_taskflow_api_etl.py for tasks to queue
[2023-05-18 09:27:16,653] {logging_mixin.py:115} INFO - [2023-05-18 09:27:16,653] {dagbag.py:507} INFO - Filling up the DagBag from /home/airflow/.local/lib/python3.7/site-packages/airflow/example_dags/tutorial_taskflow_api_etl.py
[2023-05-18 09:27:16,697] {processor.py:651} INFO - DAG(s) dict_keys(['tutorial_taskflow_api_etl']) retrieved from /home/airflow/.local/lib/python3.7/site-packages/airflow/example_dags/tutorial_taskflow_api_etl.py
[2023-05-18 09:27:16,960] {logging_mixin.py:115} INFO - [2023-05-18 09:27:16,959] {dag.py:2371} INFO - Sync 1 DAGs
[2023-05-18 09:27:16,990] {logging_mixin.py:115} INFO - [2023-05-18 09:27:16,990] {dag.py:2919} INFO - Setting next_dagrun for tutorial_taskflow_api_etl to None, run_after=None
[2023-05-18 09:27:17,035] {processor.py:161} INFO - Processing /home/airflow/.local/lib/python3.7/site-packages/airflow/example_dags/tutorial_taskflow_api_etl.py took 0.395 seconds
[2023-05-18 09:27:47,857] {processor.py:153} INFO - Started process (PID=2095) to work on /home/airflow/.local/lib/python3.7/site-packages/airflow/example_dags/tutorial_taskflow_api_etl.py
[2023-05-18 09:27:47,863] {processor.py:641} INFO - Processing file /home/airflow/.local/lib/python3.7/site-packages/airflow/example_dags/tutorial_taskflow_api_etl.py for tasks to queue
[2023-05-18 09:27:47,866] {logging_mixin.py:115} INFO - [2023-05-18 09:27:47,865] {dagbag.py:507} INFO - Filling up the DagBag from /home/airflow/.local/lib/python3.7/site-packages/airflow/example_dags/tutorial_taskflow_api_etl.py
[2023-05-18 09:27:47,914] {processor.py:651} INFO - DAG(s) dict_keys(['tutorial_taskflow_api_etl']) retrieved from /home/airflow/.local/lib/python3.7/site-packages/airflow/example_dags/tutorial_taskflow_api_etl.py
[2023-05-18 09:27:48,261] {logging_mixin.py:115} INFO - [2023-05-18 09:27:48,261] {dag.py:2371} INFO - Sync 1 DAGs
[2023-05-18 09:27:48,295] {logging_mixin.py:115} INFO - [2023-05-18 09:27:48,295] {dag.py:2919} INFO - Setting next_dagrun for tutorial_taskflow_api_etl to None, run_after=None
[2023-05-18 09:27:48,323] {processor.py:161} INFO - Processing /home/airflow/.local/lib/python3.7/site-packages/airflow/example_dags/tutorial_taskflow_api_etl.py took 0.475 seconds
[2023-05-18 09:28:18,426] {processor.py:153} INFO - Started process (PID=2151) to work on /home/airflow/.local/lib/python3.7/site-packages/airflow/example_dags/tutorial_taskflow_api_etl.py
[2023-05-18 09:28:18,430] {processor.py:641} INFO - Processing file /home/airflow/.local/lib/python3.7/site-packages/airflow/example_dags/tutorial_taskflow_api_etl.py for tasks to queue
[2023-05-18 09:28:18,433] {logging_mixin.py:115} INFO - [2023-05-18 09:28:18,433] {dagbag.py:507} INFO - Filling up the DagBag from /home/airflow/.local/lib/python3.7/site-packages/airflow/example_dags/tutorial_taskflow_api_etl.py
[2023-05-18 09:28:18,473] {processor.py:651} INFO - DAG(s) dict_keys(['tutorial_taskflow_api_etl']) retrieved from /home/airflow/.local/lib/python3.7/site-packages/airflow/example_dags/tutorial_taskflow_api_etl.py
[2023-05-18 09:28:18,815] {logging_mixin.py:115} INFO - [2023-05-18 09:28:18,815] {dag.py:2371} INFO - Sync 1 DAGs
[2023-05-18 09:28:18,846] {logging_mixin.py:115} INFO - [2023-05-18 09:28:18,846] {dag.py:2919} INFO - Setting next_dagrun for tutorial_taskflow_api_etl to None, run_after=None
[2023-05-18 09:28:18,866] {processor.py:161} INFO - Processing /home/airflow/.local/lib/python3.7/site-packages/airflow/example_dags/tutorial_taskflow_api_etl.py took 0.447 seconds
[2023-05-18 09:28:48,916] {processor.py:153} INFO - Started process (PID=2205) to work on /home/airflow/.local/lib/python3.7/site-packages/airflow/example_dags/tutorial_taskflow_api_etl.py
[2023-05-18 09:28:48,918] {processor.py:641} INFO - Processing file /home/airflow/.local/lib/python3.7/site-packages/airflow/example_dags/tutorial_taskflow_api_etl.py for tasks to queue
[2023-05-18 09:28:48,920] {logging_mixin.py:115} INFO - [2023-05-18 09:28:48,920] {dagbag.py:507} INFO - Filling up the DagBag from /home/airflow/.local/lib/python3.7/site-packages/airflow/example_dags/tutorial_taskflow_api_etl.py
[2023-05-18 09:28:48,946] {processor.py:651} INFO - DAG(s) dict_keys(['tutorial_taskflow_api_etl']) retrieved from /home/airflow/.local/lib/python3.7/site-packages/airflow/example_dags/tutorial_taskflow_api_etl.py
[2023-05-18 09:28:49,182] {logging_mixin.py:115} INFO - [2023-05-18 09:28:49,182] {dag.py:2371} INFO - Sync 1 DAGs
[2023-05-18 09:28:49,216] {logging_mixin.py:115} INFO - [2023-05-18 09:28:49,216] {dag.py:2919} INFO - Setting next_dagrun for tutorial_taskflow_api_etl to None, run_after=None
[2023-05-18 09:28:49,244] {processor.py:161} INFO - Processing /home/airflow/.local/lib/python3.7/site-packages/airflow/example_dags/tutorial_taskflow_api_etl.py took 0.333 seconds
[2023-05-18 09:29:19,325] {processor.py:153} INFO - Started process (PID=2270) to work on /home/airflow/.local/lib/python3.7/site-packages/airflow/example_dags/tutorial_taskflow_api_etl.py
[2023-05-18 09:29:19,327] {processor.py:641} INFO - Processing file /home/airflow/.local/lib/python3.7/site-packages/airflow/example_dags/tutorial_taskflow_api_etl.py for tasks to queue
[2023-05-18 09:29:19,329] {logging_mixin.py:115} INFO - [2023-05-18 09:29:19,329] {dagbag.py:507} INFO - Filling up the DagBag from /home/airflow/.local/lib/python3.7/site-packages/airflow/example_dags/tutorial_taskflow_api_etl.py
[2023-05-18 09:29:19,358] {processor.py:651} INFO - DAG(s) dict_keys(['tutorial_taskflow_api_etl']) retrieved from /home/airflow/.local/lib/python3.7/site-packages/airflow/example_dags/tutorial_taskflow_api_etl.py
[2023-05-18 09:29:19,594] {logging_mixin.py:115} INFO - [2023-05-18 09:29:19,593] {dag.py:2371} INFO - Sync 1 DAGs
[2023-05-18 09:29:19,632] {logging_mixin.py:115} INFO - [2023-05-18 09:29:19,632] {dag.py:2919} INFO - Setting next_dagrun for tutorial_taskflow_api_etl to None, run_after=None
[2023-05-18 09:29:19,658] {processor.py:161} INFO - Processing /home/airflow/.local/lib/python3.7/site-packages/airflow/example_dags/tutorial_taskflow_api_etl.py took 0.337 seconds
[2023-05-18 09:29:49,948] {processor.py:153} INFO - Started process (PID=2336) to work on /home/airflow/.local/lib/python3.7/site-packages/airflow/example_dags/tutorial_taskflow_api_etl.py
[2023-05-18 09:29:49,952] {processor.py:641} INFO - Processing file /home/airflow/.local/lib/python3.7/site-packages/airflow/example_dags/tutorial_taskflow_api_etl.py for tasks to queue
[2023-05-18 09:29:49,954] {logging_mixin.py:115} INFO - [2023-05-18 09:29:49,954] {dagbag.py:507} INFO - Filling up the DagBag from /home/airflow/.local/lib/python3.7/site-packages/airflow/example_dags/tutorial_taskflow_api_etl.py
[2023-05-18 09:29:49,992] {processor.py:651} INFO - DAG(s) dict_keys(['tutorial_taskflow_api_etl']) retrieved from /home/airflow/.local/lib/python3.7/site-packages/airflow/example_dags/tutorial_taskflow_api_etl.py
[2023-05-18 09:29:50,375] {logging_mixin.py:115} INFO - [2023-05-18 09:29:50,375] {dag.py:2371} INFO - Sync 1 DAGs
[2023-05-18 09:29:50,430] {logging_mixin.py:115} INFO - [2023-05-18 09:29:50,430] {dag.py:2919} INFO - Setting next_dagrun for tutorial_taskflow_api_etl to None, run_after=None
[2023-05-18 09:29:50,467] {processor.py:161} INFO - Processing /home/airflow/.local/lib/python3.7/site-packages/airflow/example_dags/tutorial_taskflow_api_etl.py took 0.524 seconds
[2023-05-18 09:30:20,642] {processor.py:153} INFO - Started process (PID=2392) to work on /home/airflow/.local/lib/python3.7/site-packages/airflow/example_dags/tutorial_taskflow_api_etl.py
[2023-05-18 09:30:20,646] {processor.py:641} INFO - Processing file /home/airflow/.local/lib/python3.7/site-packages/airflow/example_dags/tutorial_taskflow_api_etl.py for tasks to queue
[2023-05-18 09:30:20,648] {logging_mixin.py:115} INFO - [2023-05-18 09:30:20,648] {dagbag.py:507} INFO - Filling up the DagBag from /home/airflow/.local/lib/python3.7/site-packages/airflow/example_dags/tutorial_taskflow_api_etl.py
[2023-05-18 09:30:20,828] {processor.py:651} INFO - DAG(s) dict_keys(['tutorial_taskflow_api_etl']) retrieved from /home/airflow/.local/lib/python3.7/site-packages/airflow/example_dags/tutorial_taskflow_api_etl.py
[2023-05-18 09:30:20,914] {logging_mixin.py:115} INFO - [2023-05-18 09:30:20,913] {dag.py:2371} INFO - Sync 1 DAGs
[2023-05-18 09:30:20,937] {logging_mixin.py:115} INFO - [2023-05-18 09:30:20,937] {dag.py:2919} INFO - Setting next_dagrun for tutorial_taskflow_api_etl to None, run_after=None
[2023-05-18 09:30:20,960] {processor.py:161} INFO - Processing /home/airflow/.local/lib/python3.7/site-packages/airflow/example_dags/tutorial_taskflow_api_etl.py took 0.321 seconds
[2023-05-18 09:30:51,681] {processor.py:153} INFO - Started process (PID=2454) to work on /home/airflow/.local/lib/python3.7/site-packages/airflow/example_dags/tutorial_taskflow_api_etl.py
[2023-05-18 09:30:51,684] {processor.py:641} INFO - Processing file /home/airflow/.local/lib/python3.7/site-packages/airflow/example_dags/tutorial_taskflow_api_etl.py for tasks to queue
[2023-05-18 09:30:51,686] {logging_mixin.py:115} INFO - [2023-05-18 09:30:51,686] {dagbag.py:507} INFO - Filling up the DagBag from /home/airflow/.local/lib/python3.7/site-packages/airflow/example_dags/tutorial_taskflow_api_etl.py
[2023-05-18 09:30:51,909] {processor.py:651} INFO - DAG(s) dict_keys(['tutorial_taskflow_api_etl']) retrieved from /home/airflow/.local/lib/python3.7/site-packages/airflow/example_dags/tutorial_taskflow_api_etl.py
[2023-05-18 09:30:52,043] {logging_mixin.py:115} INFO - [2023-05-18 09:30:52,043] {dag.py:2371} INFO - Sync 1 DAGs
[2023-05-18 09:30:52,096] {logging_mixin.py:115} INFO - [2023-05-18 09:30:52,096] {dag.py:2919} INFO - Setting next_dagrun for tutorial_taskflow_api_etl to None, run_after=None
[2023-05-18 09:30:52,129] {processor.py:161} INFO - Processing /home/airflow/.local/lib/python3.7/site-packages/airflow/example_dags/tutorial_taskflow_api_etl.py took 0.455 seconds
[2023-05-18 09:31:22,843] {processor.py:153} INFO - Started process (PID=2510) to work on /home/airflow/.local/lib/python3.7/site-packages/airflow/example_dags/tutorial_taskflow_api_etl.py
[2023-05-18 09:31:22,846] {processor.py:641} INFO - Processing file /home/airflow/.local/lib/python3.7/site-packages/airflow/example_dags/tutorial_taskflow_api_etl.py for tasks to queue
[2023-05-18 09:31:22,851] {logging_mixin.py:115} INFO - [2023-05-18 09:31:22,851] {dagbag.py:507} INFO - Filling up the DagBag from /home/airflow/.local/lib/python3.7/site-packages/airflow/example_dags/tutorial_taskflow_api_etl.py
[2023-05-18 09:31:23,169] {processor.py:651} INFO - DAG(s) dict_keys(['tutorial_taskflow_api_etl']) retrieved from /home/airflow/.local/lib/python3.7/site-packages/airflow/example_dags/tutorial_taskflow_api_etl.py
[2023-05-18 09:31:23,274] {logging_mixin.py:115} INFO - [2023-05-18 09:31:23,274] {dag.py:2371} INFO - Sync 1 DAGs
[2023-05-18 09:31:23,304] {logging_mixin.py:115} INFO - [2023-05-18 09:31:23,304] {dag.py:2919} INFO - Setting next_dagrun for tutorial_taskflow_api_etl to None, run_after=None
[2023-05-18 09:31:23,324] {processor.py:161} INFO - Processing /home/airflow/.local/lib/python3.7/site-packages/airflow/example_dags/tutorial_taskflow_api_etl.py took 0.490 seconds
[2023-05-18 09:31:54,122] {processor.py:153} INFO - Started process (PID=2575) to work on /home/airflow/.local/lib/python3.7/site-packages/airflow/example_dags/tutorial_taskflow_api_etl.py
[2023-05-18 09:31:54,130] {processor.py:641} INFO - Processing file /home/airflow/.local/lib/python3.7/site-packages/airflow/example_dags/tutorial_taskflow_api_etl.py for tasks to queue
[2023-05-18 09:31:54,134] {logging_mixin.py:115} INFO - [2023-05-18 09:31:54,133] {dagbag.py:507} INFO - Filling up the DagBag from /home/airflow/.local/lib/python3.7/site-packages/airflow/example_dags/tutorial_taskflow_api_etl.py
[2023-05-18 09:31:54,412] {processor.py:651} INFO - DAG(s) dict_keys(['tutorial_taskflow_api_etl']) retrieved from /home/airflow/.local/lib/python3.7/site-packages/airflow/example_dags/tutorial_taskflow_api_etl.py
[2023-05-18 09:31:54,551] {logging_mixin.py:115} INFO - [2023-05-18 09:31:54,550] {dag.py:2371} INFO - Sync 1 DAGs
[2023-05-18 09:31:54,585] {logging_mixin.py:115} INFO - [2023-05-18 09:31:54,585] {dag.py:2919} INFO - Setting next_dagrun for tutorial_taskflow_api_etl to None, run_after=None
[2023-05-18 09:31:54,611] {processor.py:161} INFO - Processing /home/airflow/.local/lib/python3.7/site-packages/airflow/example_dags/tutorial_taskflow_api_etl.py took 0.503 seconds
[2023-05-18 09:32:25,034] {processor.py:153} INFO - Started process (PID=2631) to work on /home/airflow/.local/lib/python3.7/site-packages/airflow/example_dags/tutorial_taskflow_api_etl.py
[2023-05-18 09:32:25,037] {processor.py:641} INFO - Processing file /home/airflow/.local/lib/python3.7/site-packages/airflow/example_dags/tutorial_taskflow_api_etl.py for tasks to queue
[2023-05-18 09:32:25,039] {logging_mixin.py:115} INFO - [2023-05-18 09:32:25,039] {dagbag.py:507} INFO - Filling up the DagBag from /home/airflow/.local/lib/python3.7/site-packages/airflow/example_dags/tutorial_taskflow_api_etl.py
[2023-05-18 09:32:25,278] {processor.py:651} INFO - DAG(s) dict_keys(['tutorial_taskflow_api_etl']) retrieved from /home/airflow/.local/lib/python3.7/site-packages/airflow/example_dags/tutorial_taskflow_api_etl.py
[2023-05-18 09:32:25,401] {logging_mixin.py:115} INFO - [2023-05-18 09:32:25,401] {dag.py:2371} INFO - Sync 1 DAGs
[2023-05-18 09:32:25,433] {logging_mixin.py:115} INFO - [2023-05-18 09:32:25,432] {dag.py:2919} INFO - Setting next_dagrun for tutorial_taskflow_api_etl to None, run_after=None
[2023-05-18 09:32:25,467] {processor.py:161} INFO - Processing /home/airflow/.local/lib/python3.7/site-packages/airflow/example_dags/tutorial_taskflow_api_etl.py took 0.437 seconds
[2023-05-18 09:32:55,780] {processor.py:153} INFO - Started process (PID=2687) to work on /home/airflow/.local/lib/python3.7/site-packages/airflow/example_dags/tutorial_taskflow_api_etl.py
[2023-05-18 09:32:55,782] {processor.py:641} INFO - Processing file /home/airflow/.local/lib/python3.7/site-packages/airflow/example_dags/tutorial_taskflow_api_etl.py for tasks to queue
[2023-05-18 09:32:55,785] {logging_mixin.py:115} INFO - [2023-05-18 09:32:55,785] {dagbag.py:507} INFO - Filling up the DagBag from /home/airflow/.local/lib/python3.7/site-packages/airflow/example_dags/tutorial_taskflow_api_etl.py
[2023-05-18 09:32:55,977] {processor.py:651} INFO - DAG(s) dict_keys(['tutorial_taskflow_api_etl']) retrieved from /home/airflow/.local/lib/python3.7/site-packages/airflow/example_dags/tutorial_taskflow_api_etl.py
[2023-05-18 09:32:56,066] {logging_mixin.py:115} INFO - [2023-05-18 09:32:56,066] {dag.py:2371} INFO - Sync 1 DAGs
[2023-05-18 09:32:56,092] {logging_mixin.py:115} INFO - [2023-05-18 09:32:56,092] {dag.py:2919} INFO - Setting next_dagrun for tutorial_taskflow_api_etl to None, run_after=None
[2023-05-18 09:32:56,124] {processor.py:161} INFO - Processing /home/airflow/.local/lib/python3.7/site-packages/airflow/example_dags/tutorial_taskflow_api_etl.py took 0.353 seconds
[2023-05-18 09:33:26,328] {processor.py:153} INFO - Started process (PID=2751) to work on /home/airflow/.local/lib/python3.7/site-packages/airflow/example_dags/tutorial_taskflow_api_etl.py
[2023-05-18 09:33:26,333] {processor.py:641} INFO - Processing file /home/airflow/.local/lib/python3.7/site-packages/airflow/example_dags/tutorial_taskflow_api_etl.py for tasks to queue
[2023-05-18 09:33:26,337] {logging_mixin.py:115} INFO - [2023-05-18 09:33:26,337] {dagbag.py:507} INFO - Filling up the DagBag from /home/airflow/.local/lib/python3.7/site-packages/airflow/example_dags/tutorial_taskflow_api_etl.py
[2023-05-18 09:33:26,576] {processor.py:651} INFO - DAG(s) dict_keys(['tutorial_taskflow_api_etl']) retrieved from /home/airflow/.local/lib/python3.7/site-packages/airflow/example_dags/tutorial_taskflow_api_etl.py
[2023-05-18 09:33:26,673] {logging_mixin.py:115} INFO - [2023-05-18 09:33:26,672] {dag.py:2371} INFO - Sync 1 DAGs
[2023-05-18 09:33:26,702] {logging_mixin.py:115} INFO - [2023-05-18 09:33:26,701] {dag.py:2919} INFO - Setting next_dagrun for tutorial_taskflow_api_etl to None, run_after=None
[2023-05-18 09:33:26,727] {processor.py:161} INFO - Processing /home/airflow/.local/lib/python3.7/site-packages/airflow/example_dags/tutorial_taskflow_api_etl.py took 0.404 seconds
[2023-05-18 09:33:57,368] {processor.py:153} INFO - Started process (PID=2807) to work on /home/airflow/.local/lib/python3.7/site-packages/airflow/example_dags/tutorial_taskflow_api_etl.py
[2023-05-18 09:33:57,371] {processor.py:641} INFO - Processing file /home/airflow/.local/lib/python3.7/site-packages/airflow/example_dags/tutorial_taskflow_api_etl.py for tasks to queue
[2023-05-18 09:33:57,373] {logging_mixin.py:115} INFO - [2023-05-18 09:33:57,373] {dagbag.py:507} INFO - Filling up the DagBag from /home/airflow/.local/lib/python3.7/site-packages/airflow/example_dags/tutorial_taskflow_api_etl.py
[2023-05-18 09:33:57,581] {processor.py:651} INFO - DAG(s) dict_keys(['tutorial_taskflow_api_etl']) retrieved from /home/airflow/.local/lib/python3.7/site-packages/airflow/example_dags/tutorial_taskflow_api_etl.py
[2023-05-18 09:33:57,685] {logging_mixin.py:115} INFO - [2023-05-18 09:33:57,684] {dag.py:2371} INFO - Sync 1 DAGs
[2023-05-18 09:33:57,724] {logging_mixin.py:115} INFO - [2023-05-18 09:33:57,724] {dag.py:2919} INFO - Setting next_dagrun for tutorial_taskflow_api_etl to None, run_after=None
[2023-05-18 09:33:57,749] {processor.py:161} INFO - Processing /home/airflow/.local/lib/python3.7/site-packages/airflow/example_dags/tutorial_taskflow_api_etl.py took 0.389 seconds
[2023-05-18 09:34:27,853] {processor.py:153} INFO - Started process (PID=2874) to work on /home/airflow/.local/lib/python3.7/site-packages/airflow/example_dags/tutorial_taskflow_api_etl.py
[2023-05-18 09:34:27,856] {processor.py:641} INFO - Processing file /home/airflow/.local/lib/python3.7/site-packages/airflow/example_dags/tutorial_taskflow_api_etl.py for tasks to queue
[2023-05-18 09:34:27,857] {logging_mixin.py:115} INFO - [2023-05-18 09:34:27,857] {dagbag.py:507} INFO - Filling up the DagBag from /home/airflow/.local/lib/python3.7/site-packages/airflow/example_dags/tutorial_taskflow_api_etl.py
[2023-05-18 09:34:28,060] {processor.py:651} INFO - DAG(s) dict_keys(['tutorial_taskflow_api_etl']) retrieved from /home/airflow/.local/lib/python3.7/site-packages/airflow/example_dags/tutorial_taskflow_api_etl.py
[2023-05-18 09:34:28,158] {logging_mixin.py:115} INFO - [2023-05-18 09:34:28,158] {dag.py:2371} INFO - Sync 1 DAGs
[2023-05-18 09:34:28,186] {logging_mixin.py:115} INFO - [2023-05-18 09:34:28,186] {dag.py:2919} INFO - Setting next_dagrun for tutorial_taskflow_api_etl to None, run_after=None
[2023-05-18 09:34:28,211] {processor.py:161} INFO - Processing /home/airflow/.local/lib/python3.7/site-packages/airflow/example_dags/tutorial_taskflow_api_etl.py took 0.362 seconds
[2023-05-18 09:34:58,323] {processor.py:153} INFO - Started process (PID=2928) to work on /home/airflow/.local/lib/python3.7/site-packages/airflow/example_dags/tutorial_taskflow_api_etl.py
[2023-05-18 09:34:58,326] {processor.py:641} INFO - Processing file /home/airflow/.local/lib/python3.7/site-packages/airflow/example_dags/tutorial_taskflow_api_etl.py for tasks to queue
[2023-05-18 09:34:58,330] {logging_mixin.py:115} INFO - [2023-05-18 09:34:58,329] {dagbag.py:507} INFO - Filling up the DagBag from /home/airflow/.local/lib/python3.7/site-packages/airflow/example_dags/tutorial_taskflow_api_etl.py
[2023-05-18 09:34:58,625] {processor.py:651} INFO - DAG(s) dict_keys(['tutorial_taskflow_api_etl']) retrieved from /home/airflow/.local/lib/python3.7/site-packages/airflow/example_dags/tutorial_taskflow_api_etl.py
[2023-05-18 09:34:58,785] {logging_mixin.py:115} INFO - [2023-05-18 09:34:58,785] {dag.py:2371} INFO - Sync 1 DAGs
[2023-05-18 09:34:58,830] {logging_mixin.py:115} INFO - [2023-05-18 09:34:58,830] {dag.py:2919} INFO - Setting next_dagrun for tutorial_taskflow_api_etl to None, run_after=None
[2023-05-18 09:34:58,863] {processor.py:161} INFO - Processing /home/airflow/.local/lib/python3.7/site-packages/airflow/example_dags/tutorial_taskflow_api_etl.py took 0.548 seconds
[2023-05-18 09:35:29,024] {processor.py:153} INFO - Started process (PID=2994) to work on /home/airflow/.local/lib/python3.7/site-packages/airflow/example_dags/tutorial_taskflow_api_etl.py
[2023-05-18 09:35:29,027] {processor.py:641} INFO - Processing file /home/airflow/.local/lib/python3.7/site-packages/airflow/example_dags/tutorial_taskflow_api_etl.py for tasks to queue
[2023-05-18 09:35:29,031] {logging_mixin.py:115} INFO - [2023-05-18 09:35:29,030] {dagbag.py:507} INFO - Filling up the DagBag from /home/airflow/.local/lib/python3.7/site-packages/airflow/example_dags/tutorial_taskflow_api_etl.py
[2023-05-18 09:35:29,278] {processor.py:651} INFO - DAG(s) dict_keys(['tutorial_taskflow_api_etl']) retrieved from /home/airflow/.local/lib/python3.7/site-packages/airflow/example_dags/tutorial_taskflow_api_etl.py
[2023-05-18 09:35:29,493] {logging_mixin.py:115} INFO - [2023-05-18 09:35:29,493] {dag.py:2371} INFO - Sync 1 DAGs
[2023-05-18 09:35:29,535] {logging_mixin.py:115} INFO - [2023-05-18 09:35:29,535] {dag.py:2919} INFO - Setting next_dagrun for tutorial_taskflow_api_etl to None, run_after=None
[2023-05-18 09:35:29,567] {processor.py:161} INFO - Processing /home/airflow/.local/lib/python3.7/site-packages/airflow/example_dags/tutorial_taskflow_api_etl.py took 0.550 seconds
[2023-05-18 09:35:59,902] {processor.py:153} INFO - Started process (PID=3050) to work on /home/airflow/.local/lib/python3.7/site-packages/airflow/example_dags/tutorial_taskflow_api_etl.py
[2023-05-18 09:35:59,910] {processor.py:641} INFO - Processing file /home/airflow/.local/lib/python3.7/site-packages/airflow/example_dags/tutorial_taskflow_api_etl.py for tasks to queue
[2023-05-18 09:35:59,915] {logging_mixin.py:115} INFO - [2023-05-18 09:35:59,915] {dagbag.py:507} INFO - Filling up the DagBag from /home/airflow/.local/lib/python3.7/site-packages/airflow/example_dags/tutorial_taskflow_api_etl.py
[2023-05-18 09:36:00,166] {processor.py:651} INFO - DAG(s) dict_keys(['tutorial_taskflow_api_etl']) retrieved from /home/airflow/.local/lib/python3.7/site-packages/airflow/example_dags/tutorial_taskflow_api_etl.py
[2023-05-18 09:36:00,276] {logging_mixin.py:115} INFO - [2023-05-18 09:36:00,276] {dag.py:2371} INFO - Sync 1 DAGs
[2023-05-18 09:36:00,317] {logging_mixin.py:115} INFO - [2023-05-18 09:36:00,317] {dag.py:2919} INFO - Setting next_dagrun for tutorial_taskflow_api_etl to None, run_after=None
[2023-05-18 09:36:00,347] {processor.py:161} INFO - Processing /home/airflow/.local/lib/python3.7/site-packages/airflow/example_dags/tutorial_taskflow_api_etl.py took 0.452 seconds
[2023-05-18 09:36:30,577] {processor.py:153} INFO - Started process (PID=3113) to work on /home/airflow/.local/lib/python3.7/site-packages/airflow/example_dags/tutorial_taskflow_api_etl.py
[2023-05-18 09:36:30,581] {processor.py:641} INFO - Processing file /home/airflow/.local/lib/python3.7/site-packages/airflow/example_dags/tutorial_taskflow_api_etl.py for tasks to queue
[2023-05-18 09:36:30,585] {logging_mixin.py:115} INFO - [2023-05-18 09:36:30,584] {dagbag.py:507} INFO - Filling up the DagBag from /home/airflow/.local/lib/python3.7/site-packages/airflow/example_dags/tutorial_taskflow_api_etl.py
[2023-05-18 09:36:30,798] {processor.py:651} INFO - DAG(s) dict_keys(['tutorial_taskflow_api_etl']) retrieved from /home/airflow/.local/lib/python3.7/site-packages/airflow/example_dags/tutorial_taskflow_api_etl.py
[2023-05-18 09:36:30,902] {logging_mixin.py:115} INFO - [2023-05-18 09:36:30,902] {dag.py:2371} INFO - Sync 1 DAGs
[2023-05-18 09:36:30,931] {logging_mixin.py:115} INFO - [2023-05-18 09:36:30,931] {dag.py:2919} INFO - Setting next_dagrun for tutorial_taskflow_api_etl to None, run_after=None
[2023-05-18 09:36:30,953] {processor.py:161} INFO - Processing /home/airflow/.local/lib/python3.7/site-packages/airflow/example_dags/tutorial_taskflow_api_etl.py took 0.381 seconds
[2023-05-18 09:37:01,532] {processor.py:153} INFO - Started process (PID=3167) to work on /home/airflow/.local/lib/python3.7/site-packages/airflow/example_dags/tutorial_taskflow_api_etl.py
[2023-05-18 09:37:01,537] {processor.py:641} INFO - Processing file /home/airflow/.local/lib/python3.7/site-packages/airflow/example_dags/tutorial_taskflow_api_etl.py for tasks to queue
[2023-05-18 09:37:01,561] {logging_mixin.py:115} INFO - [2023-05-18 09:37:01,561] {dagbag.py:507} INFO - Filling up the DagBag from /home/airflow/.local/lib/python3.7/site-packages/airflow/example_dags/tutorial_taskflow_api_etl.py
[2023-05-18 09:37:01,784] {processor.py:651} INFO - DAG(s) dict_keys(['tutorial_taskflow_api_etl']) retrieved from /home/airflow/.local/lib/python3.7/site-packages/airflow/example_dags/tutorial_taskflow_api_etl.py
[2023-05-18 09:37:01,837] {logging_mixin.py:115} INFO - [2023-05-18 09:37:01,836] {dag.py:2371} INFO - Sync 1 DAGs
[2023-05-18 09:37:01,886] {logging_mixin.py:115} INFO - [2023-05-18 09:37:01,886] {dag.py:2919} INFO - Setting next_dagrun for tutorial_taskflow_api_etl to None, run_after=None
[2023-05-18 09:37:01,932] {processor.py:161} INFO - Processing /home/airflow/.local/lib/python3.7/site-packages/airflow/example_dags/tutorial_taskflow_api_etl.py took 0.406 seconds
[2023-05-18 09:37:32,244] {processor.py:153} INFO - Started process (PID=3234) to work on /home/airflow/.local/lib/python3.7/site-packages/airflow/example_dags/tutorial_taskflow_api_etl.py
[2023-05-18 09:37:32,249] {processor.py:641} INFO - Processing file /home/airflow/.local/lib/python3.7/site-packages/airflow/example_dags/tutorial_taskflow_api_etl.py for tasks to queue
[2023-05-18 09:37:32,253] {logging_mixin.py:115} INFO - [2023-05-18 09:37:32,253] {dagbag.py:507} INFO - Filling up the DagBag from /home/airflow/.local/lib/python3.7/site-packages/airflow/example_dags/tutorial_taskflow_api_etl.py
[2023-05-18 09:37:32,585] {processor.py:651} INFO - DAG(s) dict_keys(['tutorial_taskflow_api_etl']) retrieved from /home/airflow/.local/lib/python3.7/site-packages/airflow/example_dags/tutorial_taskflow_api_etl.py
[2023-05-18 09:37:32,630] {logging_mixin.py:115} INFO - [2023-05-18 09:37:32,629] {dag.py:2371} INFO - Sync 1 DAGs
[2023-05-18 09:37:32,673] {logging_mixin.py:115} INFO - [2023-05-18 09:37:32,672] {dag.py:2919} INFO - Setting next_dagrun for tutorial_taskflow_api_etl to None, run_after=None
[2023-05-18 09:37:32,704] {processor.py:161} INFO - Processing /home/airflow/.local/lib/python3.7/site-packages/airflow/example_dags/tutorial_taskflow_api_etl.py took 0.466 seconds
[2023-05-18 09:38:02,911] {processor.py:153} INFO - Started process (PID=3290) to work on /home/airflow/.local/lib/python3.7/site-packages/airflow/example_dags/tutorial_taskflow_api_etl.py
[2023-05-18 09:38:02,916] {processor.py:641} INFO - Processing file /home/airflow/.local/lib/python3.7/site-packages/airflow/example_dags/tutorial_taskflow_api_etl.py for tasks to queue
[2023-05-18 09:38:02,921] {logging_mixin.py:115} INFO - [2023-05-18 09:38:02,919] {dagbag.py:507} INFO - Filling up the DagBag from /home/airflow/.local/lib/python3.7/site-packages/airflow/example_dags/tutorial_taskflow_api_etl.py
[2023-05-18 09:38:03,153] {processor.py:651} INFO - DAG(s) dict_keys(['tutorial_taskflow_api_etl']) retrieved from /home/airflow/.local/lib/python3.7/site-packages/airflow/example_dags/tutorial_taskflow_api_etl.py
[2023-05-18 09:38:03,254] {logging_mixin.py:115} INFO - [2023-05-18 09:38:03,253] {dag.py:2371} INFO - Sync 1 DAGs
[2023-05-18 09:38:03,289] {logging_mixin.py:115} INFO - [2023-05-18 09:38:03,288] {dag.py:2919} INFO - Setting next_dagrun for tutorial_taskflow_api_etl to None, run_after=None
[2023-05-18 09:38:03,310] {processor.py:161} INFO - Processing /home/airflow/.local/lib/python3.7/site-packages/airflow/example_dags/tutorial_taskflow_api_etl.py took 0.406 seconds
[2023-05-18 09:38:33,826] {processor.py:153} INFO - Started process (PID=3354) to work on /home/airflow/.local/lib/python3.7/site-packages/airflow/example_dags/tutorial_taskflow_api_etl.py
[2023-05-18 09:38:33,832] {processor.py:641} INFO - Processing file /home/airflow/.local/lib/python3.7/site-packages/airflow/example_dags/tutorial_taskflow_api_etl.py for tasks to queue
[2023-05-18 09:38:33,835] {logging_mixin.py:115} INFO - [2023-05-18 09:38:33,835] {dagbag.py:507} INFO - Filling up the DagBag from /home/airflow/.local/lib/python3.7/site-packages/airflow/example_dags/tutorial_taskflow_api_etl.py
[2023-05-18 09:38:34,102] {processor.py:651} INFO - DAG(s) dict_keys(['tutorial_taskflow_api_etl']) retrieved from /home/airflow/.local/lib/python3.7/site-packages/airflow/example_dags/tutorial_taskflow_api_etl.py
[2023-05-18 09:38:34,245] {logging_mixin.py:115} INFO - [2023-05-18 09:38:34,245] {dag.py:2371} INFO - Sync 1 DAGs
[2023-05-18 09:38:34,277] {logging_mixin.py:115} INFO - [2023-05-18 09:38:34,277] {dag.py:2919} INFO - Setting next_dagrun for tutorial_taskflow_api_etl to None, run_after=None
[2023-05-18 09:38:34,308] {processor.py:161} INFO - Processing /home/airflow/.local/lib/python3.7/site-packages/airflow/example_dags/tutorial_taskflow_api_etl.py took 0.488 seconds
[2023-05-18 09:39:04,784] {processor.py:153} INFO - Started process (PID=3408) to work on /home/airflow/.local/lib/python3.7/site-packages/airflow/example_dags/tutorial_taskflow_api_etl.py
[2023-05-18 09:39:04,789] {processor.py:641} INFO - Processing file /home/airflow/.local/lib/python3.7/site-packages/airflow/example_dags/tutorial_taskflow_api_etl.py for tasks to queue
[2023-05-18 09:39:04,792] {logging_mixin.py:115} INFO - [2023-05-18 09:39:04,792] {dagbag.py:507} INFO - Filling up the DagBag from /home/airflow/.local/lib/python3.7/site-packages/airflow/example_dags/tutorial_taskflow_api_etl.py
[2023-05-18 09:39:05,146] {processor.py:651} INFO - DAG(s) dict_keys(['tutorial_taskflow_api_etl']) retrieved from /home/airflow/.local/lib/python3.7/site-packages/airflow/example_dags/tutorial_taskflow_api_etl.py
[2023-05-18 09:39:05,270] {logging_mixin.py:115} INFO - [2023-05-18 09:39:05,270] {dag.py:2371} INFO - Sync 1 DAGs
[2023-05-18 09:39:05,299] {logging_mixin.py:115} INFO - [2023-05-18 09:39:05,299] {dag.py:2919} INFO - Setting next_dagrun for tutorial_taskflow_api_etl to None, run_after=None
[2023-05-18 09:39:05,322] {processor.py:161} INFO - Processing /home/airflow/.local/lib/python3.7/site-packages/airflow/example_dags/tutorial_taskflow_api_etl.py took 0.549 seconds
[2023-05-18 09:39:35,880] {processor.py:153} INFO - Started process (PID=3475) to work on /home/airflow/.local/lib/python3.7/site-packages/airflow/example_dags/tutorial_taskflow_api_etl.py
[2023-05-18 09:39:35,885] {processor.py:641} INFO - Processing file /home/airflow/.local/lib/python3.7/site-packages/airflow/example_dags/tutorial_taskflow_api_etl.py for tasks to queue
[2023-05-18 09:39:35,888] {logging_mixin.py:115} INFO - [2023-05-18 09:39:35,888] {dagbag.py:507} INFO - Filling up the DagBag from /home/airflow/.local/lib/python3.7/site-packages/airflow/example_dags/tutorial_taskflow_api_etl.py
[2023-05-18 09:39:36,209] {processor.py:651} INFO - DAG(s) dict_keys(['tutorial_taskflow_api_etl']) retrieved from /home/airflow/.local/lib/python3.7/site-packages/airflow/example_dags/tutorial_taskflow_api_etl.py
[2023-05-18 09:39:36,347] {logging_mixin.py:115} INFO - [2023-05-18 09:39:36,347] {dag.py:2371} INFO - Sync 1 DAGs
[2023-05-18 09:39:36,477] {logging_mixin.py:115} INFO - [2023-05-18 09:39:36,477] {dag.py:2919} INFO - Setting next_dagrun for tutorial_taskflow_api_etl to None, run_after=None
[2023-05-18 09:39:36,506] {processor.py:161} INFO - Processing /home/airflow/.local/lib/python3.7/site-packages/airflow/example_dags/tutorial_taskflow_api_etl.py took 0.631 seconds
[2023-05-18 09:40:06,737] {processor.py:153} INFO - Started process (PID=3533) to work on /home/airflow/.local/lib/python3.7/site-packages/airflow/example_dags/tutorial_taskflow_api_etl.py
[2023-05-18 09:40:06,738] {processor.py:641} INFO - Processing file /home/airflow/.local/lib/python3.7/site-packages/airflow/example_dags/tutorial_taskflow_api_etl.py for tasks to queue
[2023-05-18 09:40:06,741] {logging_mixin.py:115} INFO - [2023-05-18 09:40:06,740] {dagbag.py:507} INFO - Filling up the DagBag from /home/airflow/.local/lib/python3.7/site-packages/airflow/example_dags/tutorial_taskflow_api_etl.py
[2023-05-18 09:40:06,958] {processor.py:651} INFO - DAG(s) dict_keys(['tutorial_taskflow_api_etl']) retrieved from /home/airflow/.local/lib/python3.7/site-packages/airflow/example_dags/tutorial_taskflow_api_etl.py
[2023-05-18 09:40:07,114] {logging_mixin.py:115} INFO - [2023-05-18 09:40:07,114] {dag.py:2371} INFO - Sync 1 DAGs
[2023-05-18 09:40:07,154] {logging_mixin.py:115} INFO - [2023-05-18 09:40:07,154] {dag.py:2919} INFO - Setting next_dagrun for tutorial_taskflow_api_etl to None, run_after=None
[2023-05-18 09:40:07,188] {processor.py:161} INFO - Processing /home/airflow/.local/lib/python3.7/site-packages/airflow/example_dags/tutorial_taskflow_api_etl.py took 0.458 seconds
[2023-05-18 09:40:37,967] {processor.py:153} INFO - Started process (PID=3597) to work on /home/airflow/.local/lib/python3.7/site-packages/airflow/example_dags/tutorial_taskflow_api_etl.py
[2023-05-18 09:40:37,969] {processor.py:641} INFO - Processing file /home/airflow/.local/lib/python3.7/site-packages/airflow/example_dags/tutorial_taskflow_api_etl.py for tasks to queue
[2023-05-18 09:40:37,971] {logging_mixin.py:115} INFO - [2023-05-18 09:40:37,971] {dagbag.py:507} INFO - Filling up the DagBag from /home/airflow/.local/lib/python3.7/site-packages/airflow/example_dags/tutorial_taskflow_api_etl.py
[2023-05-18 09:40:38,005] {processor.py:651} INFO - DAG(s) dict_keys(['tutorial_taskflow_api_etl']) retrieved from /home/airflow/.local/lib/python3.7/site-packages/airflow/example_dags/tutorial_taskflow_api_etl.py
[2023-05-18 09:40:38,139] {logging_mixin.py:115} INFO - [2023-05-18 09:40:38,139] {dag.py:2371} INFO - Sync 1 DAGs
[2023-05-18 09:40:38,183] {logging_mixin.py:115} INFO - [2023-05-18 09:40:38,183] {dag.py:2919} INFO - Setting next_dagrun for tutorial_taskflow_api_etl to None, run_after=None
[2023-05-18 09:40:38,222] {processor.py:161} INFO - Processing /home/airflow/.local/lib/python3.7/site-packages/airflow/example_dags/tutorial_taskflow_api_etl.py took 0.262 seconds
[2023-05-18 09:41:08,690] {processor.py:153} INFO - Started process (PID=3655) to work on /home/airflow/.local/lib/python3.7/site-packages/airflow/example_dags/tutorial_taskflow_api_etl.py
[2023-05-18 09:41:08,696] {processor.py:641} INFO - Processing file /home/airflow/.local/lib/python3.7/site-packages/airflow/example_dags/tutorial_taskflow_api_etl.py for tasks to queue
[2023-05-18 09:41:08,702] {logging_mixin.py:115} INFO - [2023-05-18 09:41:08,702] {dagbag.py:507} INFO - Filling up the DagBag from /home/airflow/.local/lib/python3.7/site-packages/airflow/example_dags/tutorial_taskflow_api_etl.py
[2023-05-18 09:41:08,797] {processor.py:651} INFO - DAG(s) dict_keys(['tutorial_taskflow_api_etl']) retrieved from /home/airflow/.local/lib/python3.7/site-packages/airflow/example_dags/tutorial_taskflow_api_etl.py
[2023-05-18 09:41:09,190] {logging_mixin.py:115} INFO - [2023-05-18 09:41:09,188] {dag.py:2371} INFO - Sync 1 DAGs
[2023-05-18 09:41:09,565] {logging_mixin.py:115} INFO - [2023-05-18 09:41:09,565] {dag.py:2919} INFO - Setting next_dagrun for tutorial_taskflow_api_etl to None, run_after=None
[2023-05-18 09:41:09,977] {processor.py:161} INFO - Processing /home/airflow/.local/lib/python3.7/site-packages/airflow/example_dags/tutorial_taskflow_api_etl.py took 1.296 seconds
[2023-05-18 09:41:40,768] {processor.py:153} INFO - Started process (PID=3722) to work on /home/airflow/.local/lib/python3.7/site-packages/airflow/example_dags/tutorial_taskflow_api_etl.py
[2023-05-18 09:41:40,771] {processor.py:641} INFO - Processing file /home/airflow/.local/lib/python3.7/site-packages/airflow/example_dags/tutorial_taskflow_api_etl.py for tasks to queue
[2023-05-18 09:41:40,774] {logging_mixin.py:115} INFO - [2023-05-18 09:41:40,774] {dagbag.py:507} INFO - Filling up the DagBag from /home/airflow/.local/lib/python3.7/site-packages/airflow/example_dags/tutorial_taskflow_api_etl.py
[2023-05-18 09:41:40,798] {processor.py:651} INFO - DAG(s) dict_keys(['tutorial_taskflow_api_etl']) retrieved from /home/airflow/.local/lib/python3.7/site-packages/airflow/example_dags/tutorial_taskflow_api_etl.py
[2023-05-18 09:41:40,893] {logging_mixin.py:115} INFO - [2023-05-18 09:41:40,893] {dag.py:2371} INFO - Sync 1 DAGs
[2023-05-18 09:41:40,922] {logging_mixin.py:115} INFO - [2023-05-18 09:41:40,922] {dag.py:2919} INFO - Setting next_dagrun for tutorial_taskflow_api_etl to None, run_after=None
[2023-05-18 09:41:40,953] {processor.py:161} INFO - Processing /home/airflow/.local/lib/python3.7/site-packages/airflow/example_dags/tutorial_taskflow_api_etl.py took 0.189 seconds
[2023-05-18 09:42:11,218] {processor.py:153} INFO - Started process (PID=3777) to work on /home/airflow/.local/lib/python3.7/site-packages/airflow/example_dags/tutorial_taskflow_api_etl.py
[2023-05-18 09:42:11,222] {processor.py:641} INFO - Processing file /home/airflow/.local/lib/python3.7/site-packages/airflow/example_dags/tutorial_taskflow_api_etl.py for tasks to queue
[2023-05-18 09:42:11,226] {logging_mixin.py:115} INFO - [2023-05-18 09:42:11,225] {dagbag.py:507} INFO - Filling up the DagBag from /home/airflow/.local/lib/python3.7/site-packages/airflow/example_dags/tutorial_taskflow_api_etl.py
[2023-05-18 09:42:11,260] {processor.py:651} INFO - DAG(s) dict_keys(['tutorial_taskflow_api_etl']) retrieved from /home/airflow/.local/lib/python3.7/site-packages/airflow/example_dags/tutorial_taskflow_api_etl.py
[2023-05-18 09:42:11,397] {logging_mixin.py:115} INFO - [2023-05-18 09:42:11,396] {dag.py:2371} INFO - Sync 1 DAGs
[2023-05-18 09:42:11,436] {logging_mixin.py:115} INFO - [2023-05-18 09:42:11,435] {dag.py:2919} INFO - Setting next_dagrun for tutorial_taskflow_api_etl to None, run_after=None
[2023-05-18 09:42:11,468] {processor.py:161} INFO - Processing /home/airflow/.local/lib/python3.7/site-packages/airflow/example_dags/tutorial_taskflow_api_etl.py took 0.261 seconds
[2023-05-18 09:42:41,772] {processor.py:153} INFO - Started process (PID=3838) to work on /home/airflow/.local/lib/python3.7/site-packages/airflow/example_dags/tutorial_taskflow_api_etl.py
[2023-05-18 09:42:41,775] {processor.py:641} INFO - Processing file /home/airflow/.local/lib/python3.7/site-packages/airflow/example_dags/tutorial_taskflow_api_etl.py for tasks to queue
[2023-05-18 09:42:41,777] {logging_mixin.py:115} INFO - [2023-05-18 09:42:41,777] {dagbag.py:507} INFO - Filling up the DagBag from /home/airflow/.local/lib/python3.7/site-packages/airflow/example_dags/tutorial_taskflow_api_etl.py
[2023-05-18 09:42:41,830] {processor.py:651} INFO - DAG(s) dict_keys(['tutorial_taskflow_api_etl']) retrieved from /home/airflow/.local/lib/python3.7/site-packages/airflow/example_dags/tutorial_taskflow_api_etl.py
[2023-05-18 09:42:41,888] {logging_mixin.py:115} INFO - [2023-05-18 09:42:41,888] {dag.py:2371} INFO - Sync 1 DAGs
[2023-05-18 09:42:41,935] {logging_mixin.py:115} INFO - [2023-05-18 09:42:41,934] {dag.py:2919} INFO - Setting next_dagrun for tutorial_taskflow_api_etl to None, run_after=None
[2023-05-18 09:42:41,927] {processor.py:161} INFO - Processing /home/airflow/.local/lib/python3.7/site-packages/airflow/example_dags/tutorial_taskflow_api_etl.py took 0.198 seconds
[2023-05-18 09:43:12,054] {processor.py:153} INFO - Started process (PID=3903) to work on /home/airflow/.local/lib/python3.7/site-packages/airflow/example_dags/tutorial_taskflow_api_etl.py
[2023-05-18 09:43:12,057] {processor.py:641} INFO - Processing file /home/airflow/.local/lib/python3.7/site-packages/airflow/example_dags/tutorial_taskflow_api_etl.py for tasks to queue
[2023-05-18 09:43:12,060] {logging_mixin.py:115} INFO - [2023-05-18 09:43:12,059] {dagbag.py:507} INFO - Filling up the DagBag from /home/airflow/.local/lib/python3.7/site-packages/airflow/example_dags/tutorial_taskflow_api_etl.py
[2023-05-18 09:43:12,094] {processor.py:651} INFO - DAG(s) dict_keys(['tutorial_taskflow_api_etl']) retrieved from /home/airflow/.local/lib/python3.7/site-packages/airflow/example_dags/tutorial_taskflow_api_etl.py
[2023-05-18 09:43:12,249] {logging_mixin.py:115} INFO - [2023-05-18 09:43:12,249] {dag.py:2371} INFO - Sync 1 DAGs
[2023-05-18 09:43:12,301] {logging_mixin.py:115} INFO - [2023-05-18 09:43:12,301] {dag.py:2919} INFO - Setting next_dagrun for tutorial_taskflow_api_etl to None, run_after=None
[2023-05-18 09:43:12,337] {processor.py:161} INFO - Processing /home/airflow/.local/lib/python3.7/site-packages/airflow/example_dags/tutorial_taskflow_api_etl.py took 0.290 seconds
[2023-05-18 09:43:43,325] {processor.py:153} INFO - Started process (PID=3959) to work on /home/airflow/.local/lib/python3.7/site-packages/airflow/example_dags/tutorial_taskflow_api_etl.py
[2023-05-18 09:43:43,326] {processor.py:641} INFO - Processing file /home/airflow/.local/lib/python3.7/site-packages/airflow/example_dags/tutorial_taskflow_api_etl.py for tasks to queue
[2023-05-18 09:43:43,328] {logging_mixin.py:115} INFO - [2023-05-18 09:43:43,328] {dagbag.py:507} INFO - Filling up the DagBag from /home/airflow/.local/lib/python3.7/site-packages/airflow/example_dags/tutorial_taskflow_api_etl.py
[2023-05-18 09:43:43,359] {processor.py:651} INFO - DAG(s) dict_keys(['tutorial_taskflow_api_etl']) retrieved from /home/airflow/.local/lib/python3.7/site-packages/airflow/example_dags/tutorial_taskflow_api_etl.py
[2023-05-18 09:43:43,461] {logging_mixin.py:115} INFO - [2023-05-18 09:43:43,461] {dag.py:2371} INFO - Sync 1 DAGs
[2023-05-18 09:43:43,496] {logging_mixin.py:115} INFO - [2023-05-18 09:43:43,495] {dag.py:2919} INFO - Setting next_dagrun for tutorial_taskflow_api_etl to None, run_after=None
[2023-05-18 09:43:43,539] {processor.py:161} INFO - Processing /home/airflow/.local/lib/python3.7/site-packages/airflow/example_dags/tutorial_taskflow_api_etl.py took 0.226 seconds
[2023-05-18 09:44:14,267] {processor.py:153} INFO - Started process (PID=4027) to work on /home/airflow/.local/lib/python3.7/site-packages/airflow/example_dags/tutorial_taskflow_api_etl.py
[2023-05-18 09:44:14,270] {processor.py:641} INFO - Processing file /home/airflow/.local/lib/python3.7/site-packages/airflow/example_dags/tutorial_taskflow_api_etl.py for tasks to queue
[2023-05-18 09:44:14,272] {logging_mixin.py:115} INFO - [2023-05-18 09:44:14,272] {dagbag.py:507} INFO - Filling up the DagBag from /home/airflow/.local/lib/python3.7/site-packages/airflow/example_dags/tutorial_taskflow_api_etl.py
[2023-05-18 09:44:14,297] {processor.py:651} INFO - DAG(s) dict_keys(['tutorial_taskflow_api_etl']) retrieved from /home/airflow/.local/lib/python3.7/site-packages/airflow/example_dags/tutorial_taskflow_api_etl.py
[2023-05-18 09:44:14,388] {logging_mixin.py:115} INFO - [2023-05-18 09:44:14,388] {dag.py:2371} INFO - Sync 1 DAGs
[2023-05-18 09:44:14,418] {logging_mixin.py:115} INFO - [2023-05-18 09:44:14,417] {dag.py:2919} INFO - Setting next_dagrun for tutorial_taskflow_api_etl to None, run_after=None
[2023-05-18 09:44:14,440] {processor.py:161} INFO - Processing /home/airflow/.local/lib/python3.7/site-packages/airflow/example_dags/tutorial_taskflow_api_etl.py took 0.177 seconds
[2023-05-18 09:44:44,596] {processor.py:153} INFO - Started process (PID=4084) to work on /home/airflow/.local/lib/python3.7/site-packages/airflow/example_dags/tutorial_taskflow_api_etl.py
[2023-05-18 09:44:44,599] {processor.py:641} INFO - Processing file /home/airflow/.local/lib/python3.7/site-packages/airflow/example_dags/tutorial_taskflow_api_etl.py for tasks to queue
[2023-05-18 09:44:44,602] {logging_mixin.py:115} INFO - [2023-05-18 09:44:44,602] {dagbag.py:507} INFO - Filling up the DagBag from /home/airflow/.local/lib/python3.7/site-packages/airflow/example_dags/tutorial_taskflow_api_etl.py
[2023-05-18 09:44:44,632] {processor.py:651} INFO - DAG(s) dict_keys(['tutorial_taskflow_api_etl']) retrieved from /home/airflow/.local/lib/python3.7/site-packages/airflow/example_dags/tutorial_taskflow_api_etl.py
[2023-05-18 09:44:44,732] {logging_mixin.py:115} INFO - [2023-05-18 09:44:44,732] {dag.py:2371} INFO - Sync 1 DAGs
[2023-05-18 09:44:44,781] {logging_mixin.py:115} INFO - [2023-05-18 09:44:44,780] {dag.py:2919} INFO - Setting next_dagrun for tutorial_taskflow_api_etl to None, run_after=None
[2023-05-18 09:44:44,809] {processor.py:161} INFO - Processing /home/airflow/.local/lib/python3.7/site-packages/airflow/example_dags/tutorial_taskflow_api_etl.py took 0.217 seconds
[2023-05-18 09:45:15,621] {processor.py:153} INFO - Started process (PID=4148) to work on /home/airflow/.local/lib/python3.7/site-packages/airflow/example_dags/tutorial_taskflow_api_etl.py
[2023-05-18 09:45:15,626] {processor.py:641} INFO - Processing file /home/airflow/.local/lib/python3.7/site-packages/airflow/example_dags/tutorial_taskflow_api_etl.py for tasks to queue
[2023-05-18 09:45:15,628] {logging_mixin.py:115} INFO - [2023-05-18 09:45:15,628] {dagbag.py:507} INFO - Filling up the DagBag from /home/airflow/.local/lib/python3.7/site-packages/airflow/example_dags/tutorial_taskflow_api_etl.py
[2023-05-18 09:45:15,656] {processor.py:651} INFO - DAG(s) dict_keys(['tutorial_taskflow_api_etl']) retrieved from /home/airflow/.local/lib/python3.7/site-packages/airflow/example_dags/tutorial_taskflow_api_etl.py
[2023-05-18 09:45:15,775] {logging_mixin.py:115} INFO - [2023-05-18 09:45:15,774] {dag.py:2371} INFO - Sync 1 DAGs
[2023-05-18 09:45:15,812] {logging_mixin.py:115} INFO - [2023-05-18 09:45:15,812] {dag.py:2919} INFO - Setting next_dagrun for tutorial_taskflow_api_etl to None, run_after=None
[2023-05-18 09:45:15,839] {processor.py:161} INFO - Processing /home/airflow/.local/lib/python3.7/site-packages/airflow/example_dags/tutorial_taskflow_api_etl.py took 0.224 seconds
[2023-05-18 09:45:46,550] {processor.py:153} INFO - Started process (PID=4203) to work on /home/airflow/.local/lib/python3.7/site-packages/airflow/example_dags/tutorial_taskflow_api_etl.py
[2023-05-18 09:45:46,553] {processor.py:641} INFO - Processing file /home/airflow/.local/lib/python3.7/site-packages/airflow/example_dags/tutorial_taskflow_api_etl.py for tasks to queue
[2023-05-18 09:45:46,555] {logging_mixin.py:115} INFO - [2023-05-18 09:45:46,554] {dagbag.py:507} INFO - Filling up the DagBag from /home/airflow/.local/lib/python3.7/site-packages/airflow/example_dags/tutorial_taskflow_api_etl.py
[2023-05-18 09:45:46,580] {processor.py:651} INFO - DAG(s) dict_keys(['tutorial_taskflow_api_etl']) retrieved from /home/airflow/.local/lib/python3.7/site-packages/airflow/example_dags/tutorial_taskflow_api_etl.py
[2023-05-18 09:45:46,683] {logging_mixin.py:115} INFO - [2023-05-18 09:45:46,682] {dag.py:2371} INFO - Sync 1 DAGs
[2023-05-18 09:45:46,724] {logging_mixin.py:115} INFO - [2023-05-18 09:45:46,724] {dag.py:2919} INFO - Setting next_dagrun for tutorial_taskflow_api_etl to None, run_after=None
[2023-05-18 09:45:46,753] {processor.py:161} INFO - Processing /home/airflow/.local/lib/python3.7/site-packages/airflow/example_dags/tutorial_taskflow_api_etl.py took 0.209 seconds
[2023-05-18 09:46:17,335] {processor.py:153} INFO - Started process (PID=4269) to work on /home/airflow/.local/lib/python3.7/site-packages/airflow/example_dags/tutorial_taskflow_api_etl.py
[2023-05-18 09:46:17,340] {processor.py:641} INFO - Processing file /home/airflow/.local/lib/python3.7/site-packages/airflow/example_dags/tutorial_taskflow_api_etl.py for tasks to queue
[2023-05-18 09:46:17,343] {logging_mixin.py:115} INFO - [2023-05-18 09:46:17,342] {dagbag.py:507} INFO - Filling up the DagBag from /home/airflow/.local/lib/python3.7/site-packages/airflow/example_dags/tutorial_taskflow_api_etl.py
[2023-05-18 09:46:17,390] {processor.py:651} INFO - DAG(s) dict_keys(['tutorial_taskflow_api_etl']) retrieved from /home/airflow/.local/lib/python3.7/site-packages/airflow/example_dags/tutorial_taskflow_api_etl.py
[2023-05-18 09:46:17,493] {logging_mixin.py:115} INFO - [2023-05-18 09:46:17,493] {dag.py:2371} INFO - Sync 1 DAGs
[2023-05-18 09:46:17,524] {logging_mixin.py:115} INFO - [2023-05-18 09:46:17,524] {dag.py:2919} INFO - Setting next_dagrun for tutorial_taskflow_api_etl to None, run_after=None
[2023-05-18 09:46:17,563] {processor.py:161} INFO - Processing /home/airflow/.local/lib/python3.7/site-packages/airflow/example_dags/tutorial_taskflow_api_etl.py took 0.236 seconds
[2023-05-18 09:46:47,792] {processor.py:153} INFO - Started process (PID=4325) to work on /home/airflow/.local/lib/python3.7/site-packages/airflow/example_dags/tutorial_taskflow_api_etl.py
[2023-05-18 09:46:47,795] {processor.py:641} INFO - Processing file /home/airflow/.local/lib/python3.7/site-packages/airflow/example_dags/tutorial_taskflow_api_etl.py for tasks to queue
[2023-05-18 09:46:47,797] {logging_mixin.py:115} INFO - [2023-05-18 09:46:47,797] {dagbag.py:507} INFO - Filling up the DagBag from /home/airflow/.local/lib/python3.7/site-packages/airflow/example_dags/tutorial_taskflow_api_etl.py
[2023-05-18 09:46:47,823] {processor.py:651} INFO - DAG(s) dict_keys(['tutorial_taskflow_api_etl']) retrieved from /home/airflow/.local/lib/python3.7/site-packages/airflow/example_dags/tutorial_taskflow_api_etl.py
[2023-05-18 09:46:47,923] {logging_mixin.py:115} INFO - [2023-05-18 09:46:47,922] {dag.py:2371} INFO - Sync 1 DAGs
[2023-05-18 09:46:47,967] {logging_mixin.py:115} INFO - [2023-05-18 09:46:47,966] {dag.py:2919} INFO - Setting next_dagrun for tutorial_taskflow_api_etl to None, run_after=None
[2023-05-18 09:46:48,001] {processor.py:161} INFO - Processing /home/airflow/.local/lib/python3.7/site-packages/airflow/example_dags/tutorial_taskflow_api_etl.py took 0.214 seconds
[2023-05-18 09:47:18,208] {processor.py:153} INFO - Started process (PID=4392) to work on /home/airflow/.local/lib/python3.7/site-packages/airflow/example_dags/tutorial_taskflow_api_etl.py
[2023-05-18 09:47:18,210] {processor.py:641} INFO - Processing file /home/airflow/.local/lib/python3.7/site-packages/airflow/example_dags/tutorial_taskflow_api_etl.py for tasks to queue
[2023-05-18 09:47:18,212] {logging_mixin.py:115} INFO - [2023-05-18 09:47:18,211] {dagbag.py:507} INFO - Filling up the DagBag from /home/airflow/.local/lib/python3.7/site-packages/airflow/example_dags/tutorial_taskflow_api_etl.py
[2023-05-18 09:47:18,244] {processor.py:651} INFO - DAG(s) dict_keys(['tutorial_taskflow_api_etl']) retrieved from /home/airflow/.local/lib/python3.7/site-packages/airflow/example_dags/tutorial_taskflow_api_etl.py
[2023-05-18 09:47:18,360] {logging_mixin.py:115} INFO - [2023-05-18 09:47:18,360] {dag.py:2371} INFO - Sync 1 DAGs
[2023-05-18 09:47:18,396] {logging_mixin.py:115} INFO - [2023-05-18 09:47:18,396] {dag.py:2919} INFO - Setting next_dagrun for tutorial_taskflow_api_etl to None, run_after=None
[2023-05-18 09:47:18,422] {processor.py:161} INFO - Processing /home/airflow/.local/lib/python3.7/site-packages/airflow/example_dags/tutorial_taskflow_api_etl.py took 0.220 seconds
