[2023-05-17T16:27:45.320+0000] {processor.py:157} INFO - Started process (PID=45) to work on /home/airflow/.local/lib/python3.7/site-packages/airflow/example_dags/example_datasets.py
[2023-05-17T16:27:45.324+0000] {processor.py:826} INFO - Processing file /home/airflow/.local/lib/python3.7/site-packages/airflow/example_dags/example_datasets.py for tasks to queue
[2023-05-17T16:27:45.328+0000] {logging_mixin.py:149} INFO - [2023-05-17T16:27:45.327+0000] {dagbag.py:541} INFO - Filling up the DagBag from /home/airflow/.local/lib/python3.7/site-packages/airflow/example_dags/example_datasets.py
[2023-05-17T16:27:45.357+0000] {processor.py:836} INFO - DAG(s) dict_keys(['dataset_consumes_1', 'dataset_produces_2', 'dataset_consumes_unknown_never_scheduled', 'dataset_produces_1', 'dataset_consumes_1_never_scheduled', 'dataset_consumes_1_and_2']) retrieved from /home/airflow/.local/lib/python3.7/site-packages/airflow/example_dags/example_datasets.py
[2023-05-17T16:27:45.407+0000] {logging_mixin.py:149} INFO - [2023-05-17T16:27:45.407+0000] {dag.py:2726} INFO - Sync 6 DAGs
[2023-05-17T16:27:45.475+0000] {logging_mixin.py:149} INFO - [2023-05-17T16:27:45.474+0000] {dag.py:3490} INFO - Setting next_dagrun for dataset_consumes_1 to None, run_after=None
[2023-05-17T16:27:45.483+0000] {logging_mixin.py:149} INFO - [2023-05-17T16:27:45.482+0000] {dag.py:3490} INFO - Setting next_dagrun for dataset_consumes_1_and_2 to None, run_after=None
[2023-05-17T16:27:45.486+0000] {logging_mixin.py:149} INFO - [2023-05-17T16:27:45.486+0000] {dag.py:3490} INFO - Setting next_dagrun for dataset_consumes_1_never_scheduled to None, run_after=None
[2023-05-17T16:27:45.490+0000] {logging_mixin.py:149} INFO - [2023-05-17T16:27:45.489+0000] {dag.py:3490} INFO - Setting next_dagrun for dataset_consumes_unknown_never_scheduled to None, run_after=None
[2023-05-17T16:27:45.498+0000] {logging_mixin.py:149} INFO - [2023-05-17T16:27:45.498+0000] {dag.py:3490} INFO - Setting next_dagrun for dataset_produces_1 to 2023-05-16T00:00:00+00:00, run_after=2023-05-17T00:00:00+00:00
[2023-05-17T16:27:45.501+0000] {logging_mixin.py:149} INFO - [2023-05-17T16:27:45.501+0000] {dag.py:3490} INFO - Setting next_dagrun for dataset_produces_2 to None, run_after=None
[2023-05-17T16:27:45.586+0000] {processor.py:179} INFO - Processing /home/airflow/.local/lib/python3.7/site-packages/airflow/example_dags/example_datasets.py took 0.272 seconds
[2023-05-17T16:28:34.074+0000] {processor.py:157} INFO - Started process (PID=94) to work on /home/airflow/.local/lib/python3.7/site-packages/airflow/example_dags/example_datasets.py
[2023-05-17T16:28:34.077+0000] {processor.py:826} INFO - Processing file /home/airflow/.local/lib/python3.7/site-packages/airflow/example_dags/example_datasets.py for tasks to queue
[2023-05-17T16:28:34.079+0000] {logging_mixin.py:149} INFO - [2023-05-17T16:28:34.078+0000] {dagbag.py:541} INFO - Filling up the DagBag from /home/airflow/.local/lib/python3.7/site-packages/airflow/example_dags/example_datasets.py
[2023-05-17T16:28:34.117+0000] {processor.py:836} INFO - DAG(s) dict_keys(['dataset_consumes_1', 'dataset_produces_1', 'dataset_consumes_1_and_2', 'dataset_consumes_unknown_never_scheduled', 'dataset_produces_2', 'dataset_consumes_1_never_scheduled']) retrieved from /home/airflow/.local/lib/python3.7/site-packages/airflow/example_dags/example_datasets.py
[2023-05-17T16:28:34.290+0000] {logging_mixin.py:149} INFO - [2023-05-17T16:28:34.290+0000] {dag.py:2726} INFO - Sync 6 DAGs
[2023-05-17T16:28:34.330+0000] {logging_mixin.py:149} INFO - [2023-05-17T16:28:34.330+0000] {dag.py:3490} INFO - Setting next_dagrun for dataset_consumes_1 to None, run_after=None
[2023-05-17T16:28:34.336+0000] {logging_mixin.py:149} INFO - [2023-05-17T16:28:34.336+0000] {dag.py:3490} INFO - Setting next_dagrun for dataset_consumes_1_and_2 to None, run_after=None
[2023-05-17T16:28:34.340+0000] {logging_mixin.py:149} INFO - [2023-05-17T16:28:34.340+0000] {dag.py:3490} INFO - Setting next_dagrun for dataset_consumes_1_never_scheduled to None, run_after=None
[2023-05-17T16:28:34.344+0000] {logging_mixin.py:149} INFO - [2023-05-17T16:28:34.344+0000] {dag.py:3490} INFO - Setting next_dagrun for dataset_consumes_unknown_never_scheduled to None, run_after=None
[2023-05-17T16:28:34.351+0000] {logging_mixin.py:149} INFO - [2023-05-17T16:28:34.350+0000] {dag.py:3490} INFO - Setting next_dagrun for dataset_produces_1 to 2023-05-16T00:00:00+00:00, run_after=2023-05-17T00:00:00+00:00
[2023-05-17T16:28:34.354+0000] {logging_mixin.py:149} INFO - [2023-05-17T16:28:34.354+0000] {dag.py:3490} INFO - Setting next_dagrun for dataset_produces_2 to None, run_after=None
[2023-05-17T16:28:34.427+0000] {processor.py:179} INFO - Processing /home/airflow/.local/lib/python3.7/site-packages/airflow/example_dags/example_datasets.py took 0.358 seconds
[2023-05-17T16:29:05.250+0000] {processor.py:157} INFO - Started process (PID=145) to work on /home/airflow/.local/lib/python3.7/site-packages/airflow/example_dags/example_datasets.py
[2023-05-17T16:29:05.253+0000] {processor.py:826} INFO - Processing file /home/airflow/.local/lib/python3.7/site-packages/airflow/example_dags/example_datasets.py for tasks to queue
[2023-05-17T16:29:05.256+0000] {logging_mixin.py:149} INFO - [2023-05-17T16:29:05.255+0000] {dagbag.py:541} INFO - Filling up the DagBag from /home/airflow/.local/lib/python3.7/site-packages/airflow/example_dags/example_datasets.py
[2023-05-17T16:29:05.272+0000] {processor.py:836} INFO - DAG(s) dict_keys(['dataset_consumes_1_and_2', 'dataset_consumes_unknown_never_scheduled', 'dataset_consumes_1_never_scheduled', 'dataset_produces_2', 'dataset_produces_1', 'dataset_consumes_1']) retrieved from /home/airflow/.local/lib/python3.7/site-packages/airflow/example_dags/example_datasets.py
[2023-05-17T16:29:05.346+0000] {logging_mixin.py:149} INFO - [2023-05-17T16:29:05.346+0000] {dag.py:2726} INFO - Sync 6 DAGs
[2023-05-17T16:29:05.407+0000] {logging_mixin.py:149} INFO - [2023-05-17T16:29:05.407+0000] {dag.py:3490} INFO - Setting next_dagrun for dataset_consumes_1 to None, run_after=None
[2023-05-17T16:29:05.414+0000] {logging_mixin.py:149} INFO - [2023-05-17T16:29:05.413+0000] {dag.py:3490} INFO - Setting next_dagrun for dataset_consumes_1_and_2 to None, run_after=None
[2023-05-17T16:29:05.417+0000] {logging_mixin.py:149} INFO - [2023-05-17T16:29:05.417+0000] {dag.py:3490} INFO - Setting next_dagrun for dataset_consumes_1_never_scheduled to None, run_after=None
[2023-05-17T16:29:05.421+0000] {logging_mixin.py:149} INFO - [2023-05-17T16:29:05.421+0000] {dag.py:3490} INFO - Setting next_dagrun for dataset_consumes_unknown_never_scheduled to None, run_after=None
[2023-05-17T16:29:05.430+0000] {logging_mixin.py:149} INFO - [2023-05-17T16:29:05.430+0000] {dag.py:3490} INFO - Setting next_dagrun for dataset_produces_1 to 2023-05-16T00:00:00+00:00, run_after=2023-05-17T00:00:00+00:00
[2023-05-17T16:29:05.434+0000] {logging_mixin.py:149} INFO - [2023-05-17T16:29:05.434+0000] {dag.py:3490} INFO - Setting next_dagrun for dataset_produces_2 to None, run_after=None
[2023-05-17T16:29:05.538+0000] {processor.py:179} INFO - Processing /home/airflow/.local/lib/python3.7/site-packages/airflow/example_dags/example_datasets.py took 0.292 seconds
[2023-05-17T16:30:59.278+0000] {processor.py:157} INFO - Started process (PID=198) to work on /home/airflow/.local/lib/python3.7/site-packages/airflow/example_dags/example_datasets.py
[2023-05-17T16:30:59.286+0000] {processor.py:826} INFO - Processing file /home/airflow/.local/lib/python3.7/site-packages/airflow/example_dags/example_datasets.py for tasks to queue
[2023-05-17T16:30:59.288+0000] {logging_mixin.py:149} INFO - [2023-05-17T16:30:59.288+0000] {dagbag.py:541} INFO - Filling up the DagBag from /home/airflow/.local/lib/python3.7/site-packages/airflow/example_dags/example_datasets.py
[2023-05-17T16:30:59.359+0000] {processor.py:836} INFO - DAG(s) dict_keys(['dataset_consumes_1_never_scheduled', 'dataset_consumes_1', 'dataset_produces_1', 'dataset_produces_2', 'dataset_consumes_unknown_never_scheduled', 'dataset_consumes_1_and_2']) retrieved from /home/airflow/.local/lib/python3.7/site-packages/airflow/example_dags/example_datasets.py
[2023-05-17T16:30:59.460+0000] {logging_mixin.py:149} INFO - [2023-05-17T16:30:59.460+0000] {dag.py:2726} INFO - Sync 6 DAGs
[2023-05-17T16:30:59.511+0000] {logging_mixin.py:149} INFO - [2023-05-17T16:30:59.511+0000] {dag.py:3490} INFO - Setting next_dagrun for dataset_consumes_1 to None, run_after=None
[2023-05-17T16:30:59.519+0000] {logging_mixin.py:149} INFO - [2023-05-17T16:30:59.518+0000] {dag.py:3490} INFO - Setting next_dagrun for dataset_consumes_1_and_2 to None, run_after=None
[2023-05-17T16:30:59.521+0000] {logging_mixin.py:149} INFO - [2023-05-17T16:30:59.521+0000] {dag.py:3490} INFO - Setting next_dagrun for dataset_consumes_1_never_scheduled to None, run_after=None
[2023-05-17T16:30:59.524+0000] {logging_mixin.py:149} INFO - [2023-05-17T16:30:59.524+0000] {dag.py:3490} INFO - Setting next_dagrun for dataset_consumes_unknown_never_scheduled to None, run_after=None
[2023-05-17T16:30:59.537+0000] {logging_mixin.py:149} INFO - [2023-05-17T16:30:59.537+0000] {dag.py:3490} INFO - Setting next_dagrun for dataset_produces_1 to 2023-05-16T00:00:00+00:00, run_after=2023-05-17T00:00:00+00:00
[2023-05-17T16:30:59.541+0000] {logging_mixin.py:149} INFO - [2023-05-17T16:30:59.540+0000] {dag.py:3490} INFO - Setting next_dagrun for dataset_produces_2 to None, run_after=None
[2023-05-17T16:30:59.634+0000] {processor.py:179} INFO - Processing /home/airflow/.local/lib/python3.7/site-packages/airflow/example_dags/example_datasets.py took 0.437 seconds
