[2023-05-17T16:27:44.634+0000] {processor.py:157} INFO - Started process (PID=39) to work on /home/airflow/.local/lib/python3.7/site-packages/airflow/example_dags/example_short_circuit_decorator.py
[2023-05-17T16:27:44.640+0000] {processor.py:826} INFO - Processing file /home/airflow/.local/lib/python3.7/site-packages/airflow/example_dags/example_short_circuit_decorator.py for tasks to queue
[2023-05-17T16:27:44.644+0000] {logging_mixin.py:149} INFO - [2023-05-17T16:27:44.644+0000] {dagbag.py:541} INFO - Filling up the DagBag from /home/airflow/.local/lib/python3.7/site-packages/airflow/example_dags/example_short_circuit_decorator.py
[2023-05-17T16:27:44.681+0000] {processor.py:836} INFO - DAG(s) dict_keys(['example_short_circuit_decorator']) retrieved from /home/airflow/.local/lib/python3.7/site-packages/airflow/example_dags/example_short_circuit_decorator.py
[2023-05-17T16:27:44.727+0000] {logging_mixin.py:149} INFO - [2023-05-17T16:27:44.727+0000] {dag.py:2726} INFO - Sync 1 DAGs
[2023-05-17T16:27:44.781+0000] {logging_mixin.py:149} INFO - [2023-05-17T16:27:44.781+0000] {dag.py:3490} INFO - Setting next_dagrun for example_short_circuit_decorator to 2023-05-16T16:27:44.780742+00:00, run_after=2023-05-17T16:27:44.780742+00:00
[2023-05-17T16:27:44.823+0000] {processor.py:179} INFO - Processing /home/airflow/.local/lib/python3.7/site-packages/airflow/example_dags/example_short_circuit_decorator.py took 0.200 seconds
[2023-05-17T16:28:32.866+0000] {processor.py:157} INFO - Started process (PID=88) to work on /home/airflow/.local/lib/python3.7/site-packages/airflow/example_dags/example_short_circuit_decorator.py
[2023-05-17T16:28:32.869+0000] {processor.py:826} INFO - Processing file /home/airflow/.local/lib/python3.7/site-packages/airflow/example_dags/example_short_circuit_decorator.py for tasks to queue
[2023-05-17T16:28:32.871+0000] {logging_mixin.py:149} INFO - [2023-05-17T16:28:32.870+0000] {dagbag.py:541} INFO - Filling up the DagBag from /home/airflow/.local/lib/python3.7/site-packages/airflow/example_dags/example_short_circuit_decorator.py
[2023-05-17T16:28:32.887+0000] {processor.py:836} INFO - DAG(s) dict_keys(['example_short_circuit_decorator']) retrieved from /home/airflow/.local/lib/python3.7/site-packages/airflow/example_dags/example_short_circuit_decorator.py
[2023-05-17T16:28:32.937+0000] {logging_mixin.py:149} INFO - [2023-05-17T16:28:32.937+0000] {dag.py:2726} INFO - Sync 1 DAGs
[2023-05-17T16:28:32.992+0000] {logging_mixin.py:149} INFO - [2023-05-17T16:28:32.992+0000] {dag.py:3490} INFO - Setting next_dagrun for example_short_circuit_decorator to 2023-05-16T16:28:32.991994+00:00, run_after=2023-05-17T16:28:32.991994+00:00
[2023-05-17T16:28:33.035+0000] {processor.py:179} INFO - Processing /home/airflow/.local/lib/python3.7/site-packages/airflow/example_dags/example_short_circuit_decorator.py took 0.174 seconds
[2023-05-17T16:29:03.500+0000] {processor.py:157} INFO - Started process (PID=139) to work on /home/airflow/.local/lib/python3.7/site-packages/airflow/example_dags/example_short_circuit_decorator.py
[2023-05-17T16:29:03.502+0000] {processor.py:826} INFO - Processing file /home/airflow/.local/lib/python3.7/site-packages/airflow/example_dags/example_short_circuit_decorator.py for tasks to queue
[2023-05-17T16:29:03.505+0000] {logging_mixin.py:149} INFO - [2023-05-17T16:29:03.505+0000] {dagbag.py:541} INFO - Filling up the DagBag from /home/airflow/.local/lib/python3.7/site-packages/airflow/example_dags/example_short_circuit_decorator.py
[2023-05-17T16:29:03.523+0000] {processor.py:836} INFO - DAG(s) dict_keys(['example_short_circuit_decorator']) retrieved from /home/airflow/.local/lib/python3.7/site-packages/airflow/example_dags/example_short_circuit_decorator.py
[2023-05-17T16:29:03.571+0000] {logging_mixin.py:149} INFO - [2023-05-17T16:29:03.570+0000] {dag.py:2726} INFO - Sync 1 DAGs
[2023-05-17T16:29:03.640+0000] {logging_mixin.py:149} INFO - [2023-05-17T16:29:03.639+0000] {dag.py:3490} INFO - Setting next_dagrun for example_short_circuit_decorator to 2023-05-16T16:29:03.639152+00:00, run_after=2023-05-17T16:29:03.639152+00:00
[2023-05-17T16:29:03.723+0000] {processor.py:179} INFO - Processing /home/airflow/.local/lib/python3.7/site-packages/airflow/example_dags/example_short_circuit_decorator.py took 0.229 seconds
[2023-05-17T16:30:47.132+0000] {processor.py:157} INFO - Started process (PID=192) to work on /home/airflow/.local/lib/python3.7/site-packages/airflow/example_dags/example_short_circuit_decorator.py
[2023-05-17T16:30:47.135+0000] {processor.py:826} INFO - Processing file /home/airflow/.local/lib/python3.7/site-packages/airflow/example_dags/example_short_circuit_decorator.py for tasks to queue
[2023-05-17T16:30:47.137+0000] {logging_mixin.py:149} INFO - [2023-05-17T16:30:47.137+0000] {dagbag.py:541} INFO - Filling up the DagBag from /home/airflow/.local/lib/python3.7/site-packages/airflow/example_dags/example_short_circuit_decorator.py
[2023-05-17T16:30:47.161+0000] {processor.py:836} INFO - DAG(s) dict_keys(['example_short_circuit_decorator']) retrieved from /home/airflow/.local/lib/python3.7/site-packages/airflow/example_dags/example_short_circuit_decorator.py
[2023-05-17T16:30:47.254+0000] {logging_mixin.py:149} INFO - [2023-05-17T16:30:47.254+0000] {dag.py:2726} INFO - Sync 1 DAGs
[2023-05-17T16:30:47.344+0000] {logging_mixin.py:149} INFO - [2023-05-17T16:30:47.338+0000] {dag.py:3490} INFO - Setting next_dagrun for example_short_circuit_decorator to 2023-05-16T16:30:47.334206+00:00, run_after=2023-05-17T16:30:47.334206+00:00
[2023-05-17T16:30:48.196+0000] {processor.py:179} INFO - Processing /home/airflow/.local/lib/python3.7/site-packages/airflow/example_dags/example_short_circuit_decorator.py took 1.071 seconds
