[2023-05-17T16:28:29.759+0000] {processor.py:157} INFO - Started process (PID=65) to work on /home/airflow/.local/lib/python3.7/site-packages/airflow/example_dags/example_branch_operator.py
[2023-05-17T16:28:29.761+0000] {processor.py:826} INFO - Processing file /home/airflow/.local/lib/python3.7/site-packages/airflow/example_dags/example_branch_operator.py for tasks to queue
[2023-05-17T16:28:29.763+0000] {logging_mixin.py:149} INFO - [2023-05-17T16:28:29.763+0000] {dagbag.py:541} INFO - Filling up the DagBag from /home/airflow/.local/lib/python3.7/site-packages/airflow/example_dags/example_branch_operator.py
[2023-05-17T16:28:29.830+0000] {processor.py:836} INFO - DAG(s) dict_keys(['example_branch_operator']) retrieved from /home/airflow/.local/lib/python3.7/site-packages/airflow/example_dags/example_branch_operator.py
[2023-05-17T16:28:29.929+0000] {logging_mixin.py:149} INFO - [2023-05-17T16:28:29.928+0000] {dag.py:2726} INFO - Sync 1 DAGs
[2023-05-17T16:28:30.001+0000] {logging_mixin.py:149} INFO - [2023-05-17T16:28:29.999+0000] {dag.py:3490} INFO - Setting next_dagrun for example_branch_operator to 2023-05-16T00:00:00+00:00, run_after=2023-05-17T00:00:00+00:00
[2023-05-17T16:28:30.063+0000] {processor.py:179} INFO - Processing /home/airflow/.local/lib/python3.7/site-packages/airflow/example_dags/example_branch_operator.py took 0.311 seconds
[2023-05-17T16:29:01.201+0000] {processor.py:157} INFO - Started process (PID=121) to work on /home/airflow/.local/lib/python3.7/site-packages/airflow/example_dags/example_branch_operator.py
[2023-05-17T16:29:01.203+0000] {processor.py:826} INFO - Processing file /home/airflow/.local/lib/python3.7/site-packages/airflow/example_dags/example_branch_operator.py for tasks to queue
[2023-05-17T16:29:01.205+0000] {logging_mixin.py:149} INFO - [2023-05-17T16:29:01.205+0000] {dagbag.py:541} INFO - Filling up the DagBag from /home/airflow/.local/lib/python3.7/site-packages/airflow/example_dags/example_branch_operator.py
[2023-05-17T16:29:01.238+0000] {processor.py:836} INFO - DAG(s) dict_keys(['example_branch_operator']) retrieved from /home/airflow/.local/lib/python3.7/site-packages/airflow/example_dags/example_branch_operator.py
[2023-05-17T16:29:01.302+0000] {logging_mixin.py:149} INFO - [2023-05-17T16:29:01.302+0000] {dag.py:2726} INFO - Sync 1 DAGs
[2023-05-17T16:29:01.358+0000] {logging_mixin.py:149} INFO - [2023-05-17T16:29:01.357+0000] {dag.py:3490} INFO - Setting next_dagrun for example_branch_operator to 2023-05-16T00:00:00+00:00, run_after=2023-05-17T00:00:00+00:00
[2023-05-17T16:29:01.408+0000] {processor.py:179} INFO - Processing /home/airflow/.local/lib/python3.7/site-packages/airflow/example_dags/example_branch_operator.py took 0.212 seconds
[2023-05-17T16:29:53.478+0000] {processor.py:157} INFO - Started process (PID=187) to work on /home/airflow/.local/lib/python3.7/site-packages/airflow/example_dags/example_branch_operator.py
[2023-05-17T16:29:53.485+0000] {processor.py:826} INFO - Processing file /home/airflow/.local/lib/python3.7/site-packages/airflow/example_dags/example_branch_operator.py for tasks to queue
[2023-05-17T16:29:53.489+0000] {logging_mixin.py:149} INFO - [2023-05-17T16:29:53.489+0000] {dagbag.py:541} INFO - Filling up the DagBag from /home/airflow/.local/lib/python3.7/site-packages/airflow/example_dags/example_branch_operator.py
[2023-05-17T16:29:53.609+0000] {processor.py:836} INFO - DAG(s) dict_keys(['example_branch_operator']) retrieved from /home/airflow/.local/lib/python3.7/site-packages/airflow/example_dags/example_branch_operator.py
[2023-05-17T16:29:58.049+0000] {logging_mixin.py:149} INFO - [2023-05-17T16:29:57.998+0000] {dag.py:2726} INFO - Sync 1 DAGs
[2023-05-17T16:30:05.920+0000] {logging_mixin.py:149} INFO - [2023-05-17T16:30:05.917+0000] {dag.py:3490} INFO - Setting next_dagrun for example_branch_operator to 2023-05-16T00:00:00+00:00, run_after=2023-05-17T00:00:00+00:00
[2023-05-17T16:30:06.467+0000] {processor.py:179} INFO - Processing /home/airflow/.local/lib/python3.7/site-packages/airflow/example_dags/example_branch_operator.py took 13.040 seconds
[2023-05-17 16:35:42,391] {processor.py:153} INFO - Started process (PID=86) to work on /home/airflow/.local/lib/python3.7/site-packages/airflow/example_dags/example_branch_operator.py
[2023-05-17 16:35:42,393] {processor.py:641} INFO - Processing file /home/airflow/.local/lib/python3.7/site-packages/airflow/example_dags/example_branch_operator.py for tasks to queue
[2023-05-17 16:35:42,395] {logging_mixin.py:115} INFO - [2023-05-17 16:35:42,395] {dagbag.py:507} INFO - Filling up the DagBag from /home/airflow/.local/lib/python3.7/site-packages/airflow/example_dags/example_branch_operator.py
[2023-05-17 16:35:42,418] {processor.py:651} INFO - DAG(s) dict_keys(['example_branch_operator']) retrieved from /home/airflow/.local/lib/python3.7/site-packages/airflow/example_dags/example_branch_operator.py
[2023-05-17 16:35:42,794] {logging_mixin.py:115} INFO - [2023-05-17 16:35:42,794] {manager.py:508} INFO - Created Permission View: can read on DAG:example_branch_operator
[2023-05-17 16:35:42,839] {logging_mixin.py:115} INFO - [2023-05-17 16:35:42,839] {manager.py:508} INFO - Created Permission View: can delete on DAG:example_branch_operator
[2023-05-17 16:35:42,880] {logging_mixin.py:115} INFO - [2023-05-17 16:35:42,878] {manager.py:508} INFO - Created Permission View: can edit on DAG:example_branch_operator
[2023-05-17 16:35:42,884] {logging_mixin.py:115} INFO - [2023-05-17 16:35:42,883] {dag.py:2371} INFO - Sync 1 DAGs
[2023-05-17 16:35:42,907] {logging_mixin.py:115} INFO - [2023-05-17 16:35:42,907] {dag.py:2390} INFO - Creating ORM DAG for example_branch_operator
[2023-05-17 16:35:42,928] {logging_mixin.py:115} INFO - [2023-05-17 16:35:42,928] {dag.py:2919} INFO - Setting next_dagrun for example_branch_operator to 2023-05-16T00:00:00+00:00, run_after=2023-05-17T00:00:00+00:00
[2023-05-17 16:35:42,989] {processor.py:161} INFO - Processing /home/airflow/.local/lib/python3.7/site-packages/airflow/example_dags/example_branch_operator.py took 0.603 seconds
[2023-05-17 16:38:15,563] {processor.py:153} INFO - Started process (PID=191) to work on /home/airflow/.local/lib/python3.7/site-packages/airflow/example_dags/example_branch_operator.py
[2023-05-17 16:38:16,007] {processor.py:641} INFO - Processing file /home/airflow/.local/lib/python3.7/site-packages/airflow/example_dags/example_branch_operator.py for tasks to queue
[2023-05-17 16:38:17,110] {logging_mixin.py:115} INFO - [2023-05-17 16:38:16,382] {dagbag.py:507} INFO - Filling up the DagBag from /home/airflow/.local/lib/python3.7/site-packages/airflow/example_dags/example_branch_operator.py
[2023-05-17 16:38:20,461] {processor.py:651} INFO - DAG(s) dict_keys(['example_branch_operator']) retrieved from /home/airflow/.local/lib/python3.7/site-packages/airflow/example_dags/example_branch_operator.py
[2023-05-17 16:38:24,820] {logging_mixin.py:115} INFO - [2023-05-17 16:38:24,819] {dag.py:2371} INFO - Sync 1 DAGs
[2023-05-17 16:38:25,723] {logging_mixin.py:115} INFO - [2023-05-17 16:38:25,720] {dag.py:2919} INFO - Setting next_dagrun for example_branch_operator to 2023-05-16T00:00:00+00:00, run_after=2023-05-17T00:00:00+00:00
[2023-05-17 16:38:51,249] {processor.py:161} INFO - Processing /home/airflow/.local/lib/python3.7/site-packages/airflow/example_dags/example_branch_operator.py took 36.540 seconds
[2023-05-17 16:40:59,071] {processor.py:153} INFO - Started process (PID=65) to work on /home/airflow/.local/lib/python3.7/site-packages/airflow/example_dags/example_branch_operator.py
[2023-05-17 16:40:59,074] {processor.py:641} INFO - Processing file /home/airflow/.local/lib/python3.7/site-packages/airflow/example_dags/example_branch_operator.py for tasks to queue
[2023-05-17 16:40:59,076] {logging_mixin.py:115} INFO - [2023-05-17 16:40:59,076] {dagbag.py:507} INFO - Filling up the DagBag from /home/airflow/.local/lib/python3.7/site-packages/airflow/example_dags/example_branch_operator.py
[2023-05-17 16:40:59,129] {processor.py:651} INFO - DAG(s) dict_keys(['example_branch_operator']) retrieved from /home/airflow/.local/lib/python3.7/site-packages/airflow/example_dags/example_branch_operator.py
[2023-05-17 16:40:59,269] {logging_mixin.py:115} INFO - [2023-05-17 16:40:59,269] {dag.py:2371} INFO - Sync 1 DAGs
[2023-05-17 16:40:59,358] {logging_mixin.py:115} INFO - [2023-05-17 16:40:59,358] {dag.py:2919} INFO - Setting next_dagrun for example_branch_operator to 2023-05-16T00:00:00+00:00, run_after=2023-05-17T00:00:00+00:00
[2023-05-17 16:40:59,390] {processor.py:161} INFO - Processing /home/airflow/.local/lib/python3.7/site-packages/airflow/example_dags/example_branch_operator.py took 0.325 seconds
[2023-05-17 16:41:31,984] {processor.py:153} INFO - Started process (PID=128) to work on /home/airflow/.local/lib/python3.7/site-packages/airflow/example_dags/example_branch_operator.py
[2023-05-17 16:41:31,987] {processor.py:641} INFO - Processing file /home/airflow/.local/lib/python3.7/site-packages/airflow/example_dags/example_branch_operator.py for tasks to queue
[2023-05-17 16:41:31,990] {logging_mixin.py:115} INFO - [2023-05-17 16:41:31,990] {dagbag.py:507} INFO - Filling up the DagBag from /home/airflow/.local/lib/python3.7/site-packages/airflow/example_dags/example_branch_operator.py
[2023-05-17 16:41:32,036] {processor.py:651} INFO - DAG(s) dict_keys(['example_branch_operator']) retrieved from /home/airflow/.local/lib/python3.7/site-packages/airflow/example_dags/example_branch_operator.py
[2023-05-17 16:41:32,166] {logging_mixin.py:115} INFO - [2023-05-17 16:41:32,166] {dag.py:2371} INFO - Sync 1 DAGs
[2023-05-17 16:41:32,287] {logging_mixin.py:115} INFO - [2023-05-17 16:41:32,287] {dag.py:2919} INFO - Setting next_dagrun for example_branch_operator to 2023-05-16T00:00:00+00:00, run_after=2023-05-17T00:00:00+00:00
[2023-05-17 16:41:32,464] {processor.py:161} INFO - Processing /home/airflow/.local/lib/python3.7/site-packages/airflow/example_dags/example_branch_operator.py took 0.487 seconds
[2023-05-17 16:42:02,549] {processor.py:153} INFO - Started process (PID=181) to work on /home/airflow/.local/lib/python3.7/site-packages/airflow/example_dags/example_branch_operator.py
[2023-05-17 16:42:02,551] {processor.py:641} INFO - Processing file /home/airflow/.local/lib/python3.7/site-packages/airflow/example_dags/example_branch_operator.py for tasks to queue
[2023-05-17 16:42:02,552] {logging_mixin.py:115} INFO - [2023-05-17 16:42:02,552] {dagbag.py:507} INFO - Filling up the DagBag from /home/airflow/.local/lib/python3.7/site-packages/airflow/example_dags/example_branch_operator.py
[2023-05-17 16:42:02,564] {processor.py:651} INFO - DAG(s) dict_keys(['example_branch_operator']) retrieved from /home/airflow/.local/lib/python3.7/site-packages/airflow/example_dags/example_branch_operator.py
[2023-05-17 16:42:02,600] {logging_mixin.py:115} INFO - [2023-05-17 16:42:02,600] {dag.py:2371} INFO - Sync 1 DAGs
[2023-05-17 16:42:02,633] {logging_mixin.py:115} INFO - [2023-05-17 16:42:02,633] {dag.py:2919} INFO - Setting next_dagrun for example_branch_operator to 2023-05-16T00:00:00+00:00, run_after=2023-05-17T00:00:00+00:00
[2023-05-17 16:42:02,656] {processor.py:161} INFO - Processing /home/airflow/.local/lib/python3.7/site-packages/airflow/example_dags/example_branch_operator.py took 0.111 seconds
[2023-05-17 16:42:32,809] {processor.py:153} INFO - Started process (PID=235) to work on /home/airflow/.local/lib/python3.7/site-packages/airflow/example_dags/example_branch_operator.py
[2023-05-17 16:42:32,811] {processor.py:641} INFO - Processing file /home/airflow/.local/lib/python3.7/site-packages/airflow/example_dags/example_branch_operator.py for tasks to queue
[2023-05-17 16:42:32,812] {logging_mixin.py:115} INFO - [2023-05-17 16:42:32,812] {dagbag.py:507} INFO - Filling up the DagBag from /home/airflow/.local/lib/python3.7/site-packages/airflow/example_dags/example_branch_operator.py
[2023-05-17 16:42:32,824] {processor.py:651} INFO - DAG(s) dict_keys(['example_branch_operator']) retrieved from /home/airflow/.local/lib/python3.7/site-packages/airflow/example_dags/example_branch_operator.py
[2023-05-17 16:42:32,864] {logging_mixin.py:115} INFO - [2023-05-17 16:42:32,864] {dag.py:2371} INFO - Sync 1 DAGs
[2023-05-17 16:42:32,893] {logging_mixin.py:115} INFO - [2023-05-17 16:42:32,892] {dag.py:2919} INFO - Setting next_dagrun for example_branch_operator to 2023-05-16T00:00:00+00:00, run_after=2023-05-17T00:00:00+00:00
[2023-05-17 16:42:32,907] {processor.py:161} INFO - Processing /home/airflow/.local/lib/python3.7/site-packages/airflow/example_dags/example_branch_operator.py took 0.102 seconds
[2023-05-17 16:43:03,476] {processor.py:153} INFO - Started process (PID=299) to work on /home/airflow/.local/lib/python3.7/site-packages/airflow/example_dags/example_branch_operator.py
[2023-05-17 16:43:03,479] {processor.py:641} INFO - Processing file /home/airflow/.local/lib/python3.7/site-packages/airflow/example_dags/example_branch_operator.py for tasks to queue
[2023-05-17 16:43:03,480] {logging_mixin.py:115} INFO - [2023-05-17 16:43:03,480] {dagbag.py:507} INFO - Filling up the DagBag from /home/airflow/.local/lib/python3.7/site-packages/airflow/example_dags/example_branch_operator.py
[2023-05-17 16:43:03,496] {processor.py:651} INFO - DAG(s) dict_keys(['example_branch_operator']) retrieved from /home/airflow/.local/lib/python3.7/site-packages/airflow/example_dags/example_branch_operator.py
[2023-05-17 16:43:03,538] {logging_mixin.py:115} INFO - [2023-05-17 16:43:03,538] {dag.py:2371} INFO - Sync 1 DAGs
[2023-05-17 16:43:03,566] {logging_mixin.py:115} INFO - [2023-05-17 16:43:03,566] {dag.py:2919} INFO - Setting next_dagrun for example_branch_operator to 2023-05-16T00:00:00+00:00, run_after=2023-05-17T00:00:00+00:00
[2023-05-17 16:43:03,582] {processor.py:161} INFO - Processing /home/airflow/.local/lib/python3.7/site-packages/airflow/example_dags/example_branch_operator.py took 0.110 seconds
[2023-05-17 16:43:33,928] {processor.py:153} INFO - Started process (PID=361) to work on /home/airflow/.local/lib/python3.7/site-packages/airflow/example_dags/example_branch_operator.py
[2023-05-17 16:43:33,932] {processor.py:641} INFO - Processing file /home/airflow/.local/lib/python3.7/site-packages/airflow/example_dags/example_branch_operator.py for tasks to queue
[2023-05-17 16:43:33,934] {logging_mixin.py:115} INFO - [2023-05-17 16:43:33,934] {dagbag.py:507} INFO - Filling up the DagBag from /home/airflow/.local/lib/python3.7/site-packages/airflow/example_dags/example_branch_operator.py
[2023-05-17 16:43:33,956] {processor.py:651} INFO - DAG(s) dict_keys(['example_branch_operator']) retrieved from /home/airflow/.local/lib/python3.7/site-packages/airflow/example_dags/example_branch_operator.py
[2023-05-17 16:43:34,012] {logging_mixin.py:115} INFO - [2023-05-17 16:43:34,012] {dag.py:2371} INFO - Sync 1 DAGs
[2023-05-17 16:43:34,045] {logging_mixin.py:115} INFO - [2023-05-17 16:43:34,044] {dag.py:2919} INFO - Setting next_dagrun for example_branch_operator to 2023-05-16T00:00:00+00:00, run_after=2023-05-17T00:00:00+00:00
[2023-05-17 16:43:34,060] {processor.py:161} INFO - Processing /home/airflow/.local/lib/python3.7/site-packages/airflow/example_dags/example_branch_operator.py took 0.138 seconds
[2023-05-17 16:44:04,606] {processor.py:153} INFO - Started process (PID=414) to work on /home/airflow/.local/lib/python3.7/site-packages/airflow/example_dags/example_branch_operator.py
[2023-05-17 16:44:04,608] {processor.py:641} INFO - Processing file /home/airflow/.local/lib/python3.7/site-packages/airflow/example_dags/example_branch_operator.py for tasks to queue
[2023-05-17 16:44:04,609] {logging_mixin.py:115} INFO - [2023-05-17 16:44:04,609] {dagbag.py:507} INFO - Filling up the DagBag from /home/airflow/.local/lib/python3.7/site-packages/airflow/example_dags/example_branch_operator.py
[2023-05-17 16:44:04,626] {processor.py:651} INFO - DAG(s) dict_keys(['example_branch_operator']) retrieved from /home/airflow/.local/lib/python3.7/site-packages/airflow/example_dags/example_branch_operator.py
[2023-05-17 16:44:04,662] {logging_mixin.py:115} INFO - [2023-05-17 16:44:04,662] {dag.py:2371} INFO - Sync 1 DAGs
[2023-05-17 16:44:04,689] {logging_mixin.py:115} INFO - [2023-05-17 16:44:04,689] {dag.py:2919} INFO - Setting next_dagrun for example_branch_operator to 2023-05-16T00:00:00+00:00, run_after=2023-05-17T00:00:00+00:00
[2023-05-17 16:44:04,707] {processor.py:161} INFO - Processing /home/airflow/.local/lib/python3.7/site-packages/airflow/example_dags/example_branch_operator.py took 0.105 seconds
[2023-05-17 16:44:35,374] {processor.py:153} INFO - Started process (PID=477) to work on /home/airflow/.local/lib/python3.7/site-packages/airflow/example_dags/example_branch_operator.py
[2023-05-17 16:44:35,376] {processor.py:641} INFO - Processing file /home/airflow/.local/lib/python3.7/site-packages/airflow/example_dags/example_branch_operator.py for tasks to queue
[2023-05-17 16:44:35,378] {logging_mixin.py:115} INFO - [2023-05-17 16:44:35,378] {dagbag.py:507} INFO - Filling up the DagBag from /home/airflow/.local/lib/python3.7/site-packages/airflow/example_dags/example_branch_operator.py
[2023-05-17 16:44:35,395] {processor.py:651} INFO - DAG(s) dict_keys(['example_branch_operator']) retrieved from /home/airflow/.local/lib/python3.7/site-packages/airflow/example_dags/example_branch_operator.py
[2023-05-17 16:44:35,428] {logging_mixin.py:115} INFO - [2023-05-17 16:44:35,428] {dag.py:2371} INFO - Sync 1 DAGs
[2023-05-17 16:44:35,456] {logging_mixin.py:115} INFO - [2023-05-17 16:44:35,456] {dag.py:2919} INFO - Setting next_dagrun for example_branch_operator to 2023-05-16T00:00:00+00:00, run_after=2023-05-17T00:00:00+00:00
[2023-05-17 16:44:35,471] {processor.py:161} INFO - Processing /home/airflow/.local/lib/python3.7/site-packages/airflow/example_dags/example_branch_operator.py took 0.101 seconds
[2023-05-17 16:45:06,549] {processor.py:153} INFO - Started process (PID=538) to work on /home/airflow/.local/lib/python3.7/site-packages/airflow/example_dags/example_branch_operator.py
[2023-05-17 16:45:06,551] {processor.py:641} INFO - Processing file /home/airflow/.local/lib/python3.7/site-packages/airflow/example_dags/example_branch_operator.py for tasks to queue
[2023-05-17 16:45:06,553] {logging_mixin.py:115} INFO - [2023-05-17 16:45:06,552] {dagbag.py:507} INFO - Filling up the DagBag from /home/airflow/.local/lib/python3.7/site-packages/airflow/example_dags/example_branch_operator.py
[2023-05-17 16:45:06,570] {processor.py:651} INFO - DAG(s) dict_keys(['example_branch_operator']) retrieved from /home/airflow/.local/lib/python3.7/site-packages/airflow/example_dags/example_branch_operator.py
[2023-05-17 16:45:06,612] {logging_mixin.py:115} INFO - [2023-05-17 16:45:06,612] {dag.py:2371} INFO - Sync 1 DAGs
[2023-05-17 16:45:06,646] {logging_mixin.py:115} INFO - [2023-05-17 16:45:06,646] {dag.py:2919} INFO - Setting next_dagrun for example_branch_operator to 2023-05-16T00:00:00+00:00, run_after=2023-05-17T00:00:00+00:00
[2023-05-17 16:45:06,663] {processor.py:161} INFO - Processing /home/airflow/.local/lib/python3.7/site-packages/airflow/example_dags/example_branch_operator.py took 0.121 seconds
[2023-05-17 16:45:36,851] {processor.py:153} INFO - Started process (PID=593) to work on /home/airflow/.local/lib/python3.7/site-packages/airflow/example_dags/example_branch_operator.py
[2023-05-17 16:45:36,854] {processor.py:641} INFO - Processing file /home/airflow/.local/lib/python3.7/site-packages/airflow/example_dags/example_branch_operator.py for tasks to queue
[2023-05-17 16:45:36,857] {logging_mixin.py:115} INFO - [2023-05-17 16:45:36,856] {dagbag.py:507} INFO - Filling up the DagBag from /home/airflow/.local/lib/python3.7/site-packages/airflow/example_dags/example_branch_operator.py
[2023-05-17 16:45:36,873] {processor.py:651} INFO - DAG(s) dict_keys(['example_branch_operator']) retrieved from /home/airflow/.local/lib/python3.7/site-packages/airflow/example_dags/example_branch_operator.py
[2023-05-17 16:45:36,918] {logging_mixin.py:115} INFO - [2023-05-17 16:45:36,918] {dag.py:2371} INFO - Sync 1 DAGs
[2023-05-17 16:45:36,958] {logging_mixin.py:115} INFO - [2023-05-17 16:45:36,958] {dag.py:2919} INFO - Setting next_dagrun for example_branch_operator to 2023-05-16T00:00:00+00:00, run_after=2023-05-17T00:00:00+00:00
[2023-05-17 16:45:36,977] {processor.py:161} INFO - Processing /home/airflow/.local/lib/python3.7/site-packages/airflow/example_dags/example_branch_operator.py took 0.133 seconds
[2023-05-17 16:46:07,665] {processor.py:153} INFO - Started process (PID=656) to work on /home/airflow/.local/lib/python3.7/site-packages/airflow/example_dags/example_branch_operator.py
[2023-05-17 16:46:07,667] {processor.py:641} INFO - Processing file /home/airflow/.local/lib/python3.7/site-packages/airflow/example_dags/example_branch_operator.py for tasks to queue
[2023-05-17 16:46:07,668] {logging_mixin.py:115} INFO - [2023-05-17 16:46:07,668] {dagbag.py:507} INFO - Filling up the DagBag from /home/airflow/.local/lib/python3.7/site-packages/airflow/example_dags/example_branch_operator.py
[2023-05-17 16:46:07,681] {processor.py:651} INFO - DAG(s) dict_keys(['example_branch_operator']) retrieved from /home/airflow/.local/lib/python3.7/site-packages/airflow/example_dags/example_branch_operator.py
[2023-05-17 16:46:07,721] {logging_mixin.py:115} INFO - [2023-05-17 16:46:07,721] {dag.py:2371} INFO - Sync 1 DAGs
[2023-05-17 16:46:07,755] {logging_mixin.py:115} INFO - [2023-05-17 16:46:07,755] {dag.py:2919} INFO - Setting next_dagrun for example_branch_operator to 2023-05-16T00:00:00+00:00, run_after=2023-05-17T00:00:00+00:00
[2023-05-17 16:46:07,772] {processor.py:161} INFO - Processing /home/airflow/.local/lib/python3.7/site-packages/airflow/example_dags/example_branch_operator.py took 0.111 seconds
[2023-05-17 16:46:39,115] {processor.py:153} INFO - Started process (PID=711) to work on /home/airflow/.local/lib/python3.7/site-packages/airflow/example_dags/example_branch_operator.py
[2023-05-17 16:46:39,118] {processor.py:641} INFO - Processing file /home/airflow/.local/lib/python3.7/site-packages/airflow/example_dags/example_branch_operator.py for tasks to queue
[2023-05-17 16:46:39,119] {logging_mixin.py:115} INFO - [2023-05-17 16:46:39,119] {dagbag.py:507} INFO - Filling up the DagBag from /home/airflow/.local/lib/python3.7/site-packages/airflow/example_dags/example_branch_operator.py
[2023-05-17 16:46:39,135] {processor.py:651} INFO - DAG(s) dict_keys(['example_branch_operator']) retrieved from /home/airflow/.local/lib/python3.7/site-packages/airflow/example_dags/example_branch_operator.py
[2023-05-17 16:46:39,174] {logging_mixin.py:115} INFO - [2023-05-17 16:46:39,174] {dag.py:2371} INFO - Sync 1 DAGs
[2023-05-17 16:46:39,211] {logging_mixin.py:115} INFO - [2023-05-17 16:46:39,211] {dag.py:2919} INFO - Setting next_dagrun for example_branch_operator to 2023-05-16T00:00:00+00:00, run_after=2023-05-17T00:00:00+00:00
[2023-05-17 16:46:39,232] {processor.py:161} INFO - Processing /home/airflow/.local/lib/python3.7/site-packages/airflow/example_dags/example_branch_operator.py took 0.120 seconds
[2023-05-17 16:47:10,562] {processor.py:153} INFO - Started process (PID=774) to work on /home/airflow/.local/lib/python3.7/site-packages/airflow/example_dags/example_branch_operator.py
[2023-05-17 16:47:10,564] {processor.py:641} INFO - Processing file /home/airflow/.local/lib/python3.7/site-packages/airflow/example_dags/example_branch_operator.py for tasks to queue
[2023-05-17 16:47:10,566] {logging_mixin.py:115} INFO - [2023-05-17 16:47:10,566] {dagbag.py:507} INFO - Filling up the DagBag from /home/airflow/.local/lib/python3.7/site-packages/airflow/example_dags/example_branch_operator.py
[2023-05-17 16:47:10,591] {processor.py:651} INFO - DAG(s) dict_keys(['example_branch_operator']) retrieved from /home/airflow/.local/lib/python3.7/site-packages/airflow/example_dags/example_branch_operator.py
[2023-05-17 16:47:10,640] {logging_mixin.py:115} INFO - [2023-05-17 16:47:10,640] {dag.py:2371} INFO - Sync 1 DAGs
[2023-05-17 16:47:10,688] {logging_mixin.py:115} INFO - [2023-05-17 16:47:10,687] {dag.py:2919} INFO - Setting next_dagrun for example_branch_operator to 2023-05-16T00:00:00+00:00, run_after=2023-05-17T00:00:00+00:00
[2023-05-17 16:47:10,712] {processor.py:161} INFO - Processing /home/airflow/.local/lib/python3.7/site-packages/airflow/example_dags/example_branch_operator.py took 0.156 seconds
[2023-05-17 16:47:42,753] {processor.py:153} INFO - Started process (PID=838) to work on /home/airflow/.local/lib/python3.7/site-packages/airflow/example_dags/example_branch_operator.py
[2023-05-17 16:47:42,758] {processor.py:641} INFO - Processing file /home/airflow/.local/lib/python3.7/site-packages/airflow/example_dags/example_branch_operator.py for tasks to queue
[2023-05-17 16:47:42,766] {logging_mixin.py:115} INFO - [2023-05-17 16:47:42,766] {dagbag.py:507} INFO - Filling up the DagBag from /home/airflow/.local/lib/python3.7/site-packages/airflow/example_dags/example_branch_operator.py
[2023-05-17 16:47:42,805] {processor.py:651} INFO - DAG(s) dict_keys(['example_branch_operator']) retrieved from /home/airflow/.local/lib/python3.7/site-packages/airflow/example_dags/example_branch_operator.py
[2023-05-17 16:47:42,882] {logging_mixin.py:115} INFO - [2023-05-17 16:47:42,881] {dag.py:2371} INFO - Sync 1 DAGs
[2023-05-17 16:47:42,999] {logging_mixin.py:115} INFO - [2023-05-17 16:47:42,999] {dag.py:2919} INFO - Setting next_dagrun for example_branch_operator to 2023-05-16T00:00:00+00:00, run_after=2023-05-17T00:00:00+00:00
[2023-05-17 16:47:43,068] {processor.py:161} INFO - Processing /home/airflow/.local/lib/python3.7/site-packages/airflow/example_dags/example_branch_operator.py took 0.324 seconds
[2023-05-17 16:48:13,795] {processor.py:153} INFO - Started process (PID=894) to work on /home/airflow/.local/lib/python3.7/site-packages/airflow/example_dags/example_branch_operator.py
[2023-05-17 16:48:13,797] {processor.py:641} INFO - Processing file /home/airflow/.local/lib/python3.7/site-packages/airflow/example_dags/example_branch_operator.py for tasks to queue
[2023-05-17 16:48:13,799] {logging_mixin.py:115} INFO - [2023-05-17 16:48:13,799] {dagbag.py:507} INFO - Filling up the DagBag from /home/airflow/.local/lib/python3.7/site-packages/airflow/example_dags/example_branch_operator.py
[2023-05-17 16:48:13,814] {processor.py:651} INFO - DAG(s) dict_keys(['example_branch_operator']) retrieved from /home/airflow/.local/lib/python3.7/site-packages/airflow/example_dags/example_branch_operator.py
[2023-05-17 16:48:13,849] {logging_mixin.py:115} INFO - [2023-05-17 16:48:13,848] {dag.py:2371} INFO - Sync 1 DAGs
[2023-05-17 16:48:13,880] {logging_mixin.py:115} INFO - [2023-05-17 16:48:13,880] {dag.py:2919} INFO - Setting next_dagrun for example_branch_operator to 2023-05-16T00:00:00+00:00, run_after=2023-05-17T00:00:00+00:00
[2023-05-17 16:48:13,932] {processor.py:161} INFO - Processing /home/airflow/.local/lib/python3.7/site-packages/airflow/example_dags/example_branch_operator.py took 0.141 seconds
[2023-05-17 16:48:44,518] {processor.py:153} INFO - Started process (PID=948) to work on /home/airflow/.local/lib/python3.7/site-packages/airflow/example_dags/example_branch_operator.py
[2023-05-17 16:48:44,520] {processor.py:641} INFO - Processing file /home/airflow/.local/lib/python3.7/site-packages/airflow/example_dags/example_branch_operator.py for tasks to queue
[2023-05-17 16:48:44,521] {logging_mixin.py:115} INFO - [2023-05-17 16:48:44,521] {dagbag.py:507} INFO - Filling up the DagBag from /home/airflow/.local/lib/python3.7/site-packages/airflow/example_dags/example_branch_operator.py
[2023-05-17 16:48:44,533] {processor.py:651} INFO - DAG(s) dict_keys(['example_branch_operator']) retrieved from /home/airflow/.local/lib/python3.7/site-packages/airflow/example_dags/example_branch_operator.py
[2023-05-17 16:48:44,570] {logging_mixin.py:115} INFO - [2023-05-17 16:48:44,570] {dag.py:2371} INFO - Sync 1 DAGs
[2023-05-17 16:48:44,610] {logging_mixin.py:115} INFO - [2023-05-17 16:48:44,610] {dag.py:2919} INFO - Setting next_dagrun for example_branch_operator to 2023-05-16T00:00:00+00:00, run_after=2023-05-17T00:00:00+00:00
[2023-05-17 16:48:44,630] {processor.py:161} INFO - Processing /home/airflow/.local/lib/python3.7/site-packages/airflow/example_dags/example_branch_operator.py took 0.116 seconds
[2023-05-17 16:49:15,219] {processor.py:153} INFO - Started process (PID=1016) to work on /home/airflow/.local/lib/python3.7/site-packages/airflow/example_dags/example_branch_operator.py
[2023-05-17 16:49:15,221] {processor.py:641} INFO - Processing file /home/airflow/.local/lib/python3.7/site-packages/airflow/example_dags/example_branch_operator.py for tasks to queue
[2023-05-17 16:49:15,223] {logging_mixin.py:115} INFO - [2023-05-17 16:49:15,223] {dagbag.py:507} INFO - Filling up the DagBag from /home/airflow/.local/lib/python3.7/site-packages/airflow/example_dags/example_branch_operator.py
[2023-05-17 16:49:15,242] {processor.py:651} INFO - DAG(s) dict_keys(['example_branch_operator']) retrieved from /home/airflow/.local/lib/python3.7/site-packages/airflow/example_dags/example_branch_operator.py
[2023-05-17 16:49:15,291] {logging_mixin.py:115} INFO - [2023-05-17 16:49:15,291] {dag.py:2371} INFO - Sync 1 DAGs
[2023-05-17 16:49:15,323] {logging_mixin.py:115} INFO - [2023-05-17 16:49:15,322] {dag.py:2919} INFO - Setting next_dagrun for example_branch_operator to 2023-05-16T00:00:00+00:00, run_after=2023-05-17T00:00:00+00:00
[2023-05-17 16:49:15,342] {processor.py:161} INFO - Processing /home/airflow/.local/lib/python3.7/site-packages/airflow/example_dags/example_branch_operator.py took 0.129 seconds
[2023-05-17 16:49:45,497] {processor.py:153} INFO - Started process (PID=1078) to work on /home/airflow/.local/lib/python3.7/site-packages/airflow/example_dags/example_branch_operator.py
[2023-05-17 16:49:45,499] {processor.py:641} INFO - Processing file /home/airflow/.local/lib/python3.7/site-packages/airflow/example_dags/example_branch_operator.py for tasks to queue
[2023-05-17 16:49:45,501] {logging_mixin.py:115} INFO - [2023-05-17 16:49:45,501] {dagbag.py:507} INFO - Filling up the DagBag from /home/airflow/.local/lib/python3.7/site-packages/airflow/example_dags/example_branch_operator.py
[2023-05-17 16:49:45,533] {processor.py:651} INFO - DAG(s) dict_keys(['example_branch_operator']) retrieved from /home/airflow/.local/lib/python3.7/site-packages/airflow/example_dags/example_branch_operator.py
[2023-05-17 16:49:45,569] {logging_mixin.py:115} INFO - [2023-05-17 16:49:45,569] {dag.py:2371} INFO - Sync 1 DAGs
[2023-05-17 16:49:45,602] {logging_mixin.py:115} INFO - [2023-05-17 16:49:45,602] {dag.py:2919} INFO - Setting next_dagrun for example_branch_operator to 2023-05-16T00:00:00+00:00, run_after=2023-05-17T00:00:00+00:00
[2023-05-17 16:49:45,622] {processor.py:161} INFO - Processing /home/airflow/.local/lib/python3.7/site-packages/airflow/example_dags/example_branch_operator.py took 0.130 seconds
[2023-05-17 16:50:15,848] {processor.py:153} INFO - Started process (PID=1132) to work on /home/airflow/.local/lib/python3.7/site-packages/airflow/example_dags/example_branch_operator.py
[2023-05-17 16:50:15,850] {processor.py:641} INFO - Processing file /home/airflow/.local/lib/python3.7/site-packages/airflow/example_dags/example_branch_operator.py for tasks to queue
[2023-05-17 16:50:15,852] {logging_mixin.py:115} INFO - [2023-05-17 16:50:15,852] {dagbag.py:507} INFO - Filling up the DagBag from /home/airflow/.local/lib/python3.7/site-packages/airflow/example_dags/example_branch_operator.py
[2023-05-17 16:50:15,867] {processor.py:651} INFO - DAG(s) dict_keys(['example_branch_operator']) retrieved from /home/airflow/.local/lib/python3.7/site-packages/airflow/example_dags/example_branch_operator.py
[2023-05-17 16:50:15,908] {logging_mixin.py:115} INFO - [2023-05-17 16:50:15,908] {dag.py:2371} INFO - Sync 1 DAGs
[2023-05-17 16:50:15,950] {logging_mixin.py:115} INFO - [2023-05-17 16:50:15,950] {dag.py:2919} INFO - Setting next_dagrun for example_branch_operator to 2023-05-16T00:00:00+00:00, run_after=2023-05-17T00:00:00+00:00
[2023-05-17 16:50:15,973] {processor.py:161} INFO - Processing /home/airflow/.local/lib/python3.7/site-packages/airflow/example_dags/example_branch_operator.py took 0.130 seconds
[2023-05-17 16:50:46,344] {processor.py:153} INFO - Started process (PID=1196) to work on /home/airflow/.local/lib/python3.7/site-packages/airflow/example_dags/example_branch_operator.py
[2023-05-17 16:50:46,346] {processor.py:641} INFO - Processing file /home/airflow/.local/lib/python3.7/site-packages/airflow/example_dags/example_branch_operator.py for tasks to queue
[2023-05-17 16:50:46,350] {logging_mixin.py:115} INFO - [2023-05-17 16:50:46,349] {dagbag.py:507} INFO - Filling up the DagBag from /home/airflow/.local/lib/python3.7/site-packages/airflow/example_dags/example_branch_operator.py
[2023-05-17 16:50:46,385] {processor.py:651} INFO - DAG(s) dict_keys(['example_branch_operator']) retrieved from /home/airflow/.local/lib/python3.7/site-packages/airflow/example_dags/example_branch_operator.py
[2023-05-17 16:50:46,477] {logging_mixin.py:115} INFO - [2023-05-17 16:50:46,477] {dag.py:2371} INFO - Sync 1 DAGs
[2023-05-17 16:50:46,530] {logging_mixin.py:115} INFO - [2023-05-17 16:50:46,530] {dag.py:2919} INFO - Setting next_dagrun for example_branch_operator to 2023-05-16T00:00:00+00:00, run_after=2023-05-17T00:00:00+00:00
[2023-05-17 16:50:46,550] {processor.py:161} INFO - Processing /home/airflow/.local/lib/python3.7/site-packages/airflow/example_dags/example_branch_operator.py took 0.212 seconds
[2023-05-17 16:51:16,735] {processor.py:153} INFO - Started process (PID=1252) to work on /home/airflow/.local/lib/python3.7/site-packages/airflow/example_dags/example_branch_operator.py
[2023-05-17 16:51:16,737] {processor.py:641} INFO - Processing file /home/airflow/.local/lib/python3.7/site-packages/airflow/example_dags/example_branch_operator.py for tasks to queue
[2023-05-17 16:51:16,739] {logging_mixin.py:115} INFO - [2023-05-17 16:51:16,739] {dagbag.py:507} INFO - Filling up the DagBag from /home/airflow/.local/lib/python3.7/site-packages/airflow/example_dags/example_branch_operator.py
[2023-05-17 16:51:16,751] {processor.py:651} INFO - DAG(s) dict_keys(['example_branch_operator']) retrieved from /home/airflow/.local/lib/python3.7/site-packages/airflow/example_dags/example_branch_operator.py
[2023-05-17 16:51:16,785] {logging_mixin.py:115} INFO - [2023-05-17 16:51:16,785] {dag.py:2371} INFO - Sync 1 DAGs
[2023-05-17 16:51:16,810] {logging_mixin.py:115} INFO - [2023-05-17 16:51:16,810] {dag.py:2919} INFO - Setting next_dagrun for example_branch_operator to 2023-05-16T00:00:00+00:00, run_after=2023-05-17T00:00:00+00:00
[2023-05-17 16:51:16,828] {processor.py:161} INFO - Processing /home/airflow/.local/lib/python3.7/site-packages/airflow/example_dags/example_branch_operator.py took 0.097 seconds
[2023-05-17 16:51:47,661] {processor.py:153} INFO - Started process (PID=1320) to work on /home/airflow/.local/lib/python3.7/site-packages/airflow/example_dags/example_branch_operator.py
[2023-05-17 16:51:47,663] {processor.py:641} INFO - Processing file /home/airflow/.local/lib/python3.7/site-packages/airflow/example_dags/example_branch_operator.py for tasks to queue
[2023-05-17 16:51:47,665] {logging_mixin.py:115} INFO - [2023-05-17 16:51:47,665] {dagbag.py:507} INFO - Filling up the DagBag from /home/airflow/.local/lib/python3.7/site-packages/airflow/example_dags/example_branch_operator.py
[2023-05-17 16:51:47,688] {processor.py:651} INFO - DAG(s) dict_keys(['example_branch_operator']) retrieved from /home/airflow/.local/lib/python3.7/site-packages/airflow/example_dags/example_branch_operator.py
[2023-05-17 16:51:47,757] {logging_mixin.py:115} INFO - [2023-05-17 16:51:47,756] {dag.py:2371} INFO - Sync 1 DAGs
[2023-05-17 16:51:47,802] {logging_mixin.py:115} INFO - [2023-05-17 16:51:47,802] {dag.py:2919} INFO - Setting next_dagrun for example_branch_operator to 2023-05-16T00:00:00+00:00, run_after=2023-05-17T00:00:00+00:00
[2023-05-17 16:51:47,841] {processor.py:161} INFO - Processing /home/airflow/.local/lib/python3.7/site-packages/airflow/example_dags/example_branch_operator.py took 0.189 seconds
[2023-05-17 16:52:18,047] {processor.py:153} INFO - Started process (PID=1375) to work on /home/airflow/.local/lib/python3.7/site-packages/airflow/example_dags/example_branch_operator.py
[2023-05-17 16:52:18,048] {processor.py:641} INFO - Processing file /home/airflow/.local/lib/python3.7/site-packages/airflow/example_dags/example_branch_operator.py for tasks to queue
[2023-05-17 16:52:18,050] {logging_mixin.py:115} INFO - [2023-05-17 16:52:18,050] {dagbag.py:507} INFO - Filling up the DagBag from /home/airflow/.local/lib/python3.7/site-packages/airflow/example_dags/example_branch_operator.py
[2023-05-17 16:52:18,062] {processor.py:651} INFO - DAG(s) dict_keys(['example_branch_operator']) retrieved from /home/airflow/.local/lib/python3.7/site-packages/airflow/example_dags/example_branch_operator.py
[2023-05-17 16:52:18,093] {logging_mixin.py:115} INFO - [2023-05-17 16:52:18,092] {dag.py:2371} INFO - Sync 1 DAGs
[2023-05-17 16:52:18,123] {logging_mixin.py:115} INFO - [2023-05-17 16:52:18,123] {dag.py:2919} INFO - Setting next_dagrun for example_branch_operator to 2023-05-16T00:00:00+00:00, run_after=2023-05-17T00:00:00+00:00
[2023-05-17 16:52:18,138] {processor.py:161} INFO - Processing /home/airflow/.local/lib/python3.7/site-packages/airflow/example_dags/example_branch_operator.py took 0.095 seconds
[2023-05-17 16:52:48,230] {processor.py:153} INFO - Started process (PID=1440) to work on /home/airflow/.local/lib/python3.7/site-packages/airflow/example_dags/example_branch_operator.py
[2023-05-17 16:52:48,232] {processor.py:641} INFO - Processing file /home/airflow/.local/lib/python3.7/site-packages/airflow/example_dags/example_branch_operator.py for tasks to queue
[2023-05-17 16:52:48,234] {logging_mixin.py:115} INFO - [2023-05-17 16:52:48,234] {dagbag.py:507} INFO - Filling up the DagBag from /home/airflow/.local/lib/python3.7/site-packages/airflow/example_dags/example_branch_operator.py
[2023-05-17 16:52:48,256] {processor.py:651} INFO - DAG(s) dict_keys(['example_branch_operator']) retrieved from /home/airflow/.local/lib/python3.7/site-packages/airflow/example_dags/example_branch_operator.py
[2023-05-17 16:52:48,292] {logging_mixin.py:115} INFO - [2023-05-17 16:52:48,292] {dag.py:2371} INFO - Sync 1 DAGs
[2023-05-17 16:52:48,325] {logging_mixin.py:115} INFO - [2023-05-17 16:52:48,325] {dag.py:2919} INFO - Setting next_dagrun for example_branch_operator to 2023-05-16T00:00:00+00:00, run_after=2023-05-17T00:00:00+00:00
[2023-05-17 16:52:48,343] {processor.py:161} INFO - Processing /home/airflow/.local/lib/python3.7/site-packages/airflow/example_dags/example_branch_operator.py took 0.117 seconds
[2023-05-17 16:53:19,020] {processor.py:153} INFO - Started process (PID=1499) to work on /home/airflow/.local/lib/python3.7/site-packages/airflow/example_dags/example_branch_operator.py
[2023-05-17 16:53:19,022] {processor.py:641} INFO - Processing file /home/airflow/.local/lib/python3.7/site-packages/airflow/example_dags/example_branch_operator.py for tasks to queue
[2023-05-17 16:53:19,024] {logging_mixin.py:115} INFO - [2023-05-17 16:53:19,023] {dagbag.py:507} INFO - Filling up the DagBag from /home/airflow/.local/lib/python3.7/site-packages/airflow/example_dags/example_branch_operator.py
[2023-05-17 16:53:19,038] {processor.py:651} INFO - DAG(s) dict_keys(['example_branch_operator']) retrieved from /home/airflow/.local/lib/python3.7/site-packages/airflow/example_dags/example_branch_operator.py
[2023-05-17 16:53:19,073] {logging_mixin.py:115} INFO - [2023-05-17 16:53:19,073] {dag.py:2371} INFO - Sync 1 DAGs
[2023-05-17 16:53:19,103] {logging_mixin.py:115} INFO - [2023-05-17 16:53:19,103] {dag.py:2919} INFO - Setting next_dagrun for example_branch_operator to 2023-05-16T00:00:00+00:00, run_after=2023-05-17T00:00:00+00:00
[2023-05-17 16:53:19,122] {processor.py:161} INFO - Processing /home/airflow/.local/lib/python3.7/site-packages/airflow/example_dags/example_branch_operator.py took 0.108 seconds
[2023-05-17 16:53:49,508] {processor.py:153} INFO - Started process (PID=1564) to work on /home/airflow/.local/lib/python3.7/site-packages/airflow/example_dags/example_branch_operator.py
[2023-05-17 16:53:49,510] {processor.py:641} INFO - Processing file /home/airflow/.local/lib/python3.7/site-packages/airflow/example_dags/example_branch_operator.py for tasks to queue
[2023-05-17 16:53:49,511] {logging_mixin.py:115} INFO - [2023-05-17 16:53:49,511] {dagbag.py:507} INFO - Filling up the DagBag from /home/airflow/.local/lib/python3.7/site-packages/airflow/example_dags/example_branch_operator.py
[2023-05-17 16:53:49,526] {processor.py:651} INFO - DAG(s) dict_keys(['example_branch_operator']) retrieved from /home/airflow/.local/lib/python3.7/site-packages/airflow/example_dags/example_branch_operator.py
[2023-05-17 16:53:49,568] {logging_mixin.py:115} INFO - [2023-05-17 16:53:49,568] {dag.py:2371} INFO - Sync 1 DAGs
[2023-05-17 16:53:49,602] {logging_mixin.py:115} INFO - [2023-05-17 16:53:49,602] {dag.py:2919} INFO - Setting next_dagrun for example_branch_operator to 2023-05-16T00:00:00+00:00, run_after=2023-05-17T00:00:00+00:00
[2023-05-17 16:53:49,625] {processor.py:161} INFO - Processing /home/airflow/.local/lib/python3.7/site-packages/airflow/example_dags/example_branch_operator.py took 0.121 seconds
[2023-05-17 16:54:20,651] {processor.py:153} INFO - Started process (PID=1629) to work on /home/airflow/.local/lib/python3.7/site-packages/airflow/example_dags/example_branch_operator.py
[2023-05-17 16:54:20,652] {processor.py:641} INFO - Processing file /home/airflow/.local/lib/python3.7/site-packages/airflow/example_dags/example_branch_operator.py for tasks to queue
[2023-05-17 16:54:20,654] {logging_mixin.py:115} INFO - [2023-05-17 16:54:20,654] {dagbag.py:507} INFO - Filling up the DagBag from /home/airflow/.local/lib/python3.7/site-packages/airflow/example_dags/example_branch_operator.py
[2023-05-17 16:54:20,668] {processor.py:651} INFO - DAG(s) dict_keys(['example_branch_operator']) retrieved from /home/airflow/.local/lib/python3.7/site-packages/airflow/example_dags/example_branch_operator.py
[2023-05-17 16:54:20,705] {logging_mixin.py:115} INFO - [2023-05-17 16:54:20,705] {dag.py:2371} INFO - Sync 1 DAGs
[2023-05-17 16:54:20,740] {logging_mixin.py:115} INFO - [2023-05-17 16:54:20,740] {dag.py:2919} INFO - Setting next_dagrun for example_branch_operator to 2023-05-16T00:00:00+00:00, run_after=2023-05-17T00:00:00+00:00
[2023-05-17 16:54:20,759] {processor.py:161} INFO - Processing /home/airflow/.local/lib/python3.7/site-packages/airflow/example_dags/example_branch_operator.py took 0.112 seconds
[2023-05-17 16:54:50,957] {processor.py:153} INFO - Started process (PID=1686) to work on /home/airflow/.local/lib/python3.7/site-packages/airflow/example_dags/example_branch_operator.py
[2023-05-17 16:54:50,959] {processor.py:641} INFO - Processing file /home/airflow/.local/lib/python3.7/site-packages/airflow/example_dags/example_branch_operator.py for tasks to queue
[2023-05-17 16:54:50,960] {logging_mixin.py:115} INFO - [2023-05-17 16:54:50,960] {dagbag.py:507} INFO - Filling up the DagBag from /home/airflow/.local/lib/python3.7/site-packages/airflow/example_dags/example_branch_operator.py
[2023-05-17 16:54:50,978] {processor.py:651} INFO - DAG(s) dict_keys(['example_branch_operator']) retrieved from /home/airflow/.local/lib/python3.7/site-packages/airflow/example_dags/example_branch_operator.py
[2023-05-17 16:54:51,024] {logging_mixin.py:115} INFO - [2023-05-17 16:54:51,023] {dag.py:2371} INFO - Sync 1 DAGs
[2023-05-17 16:54:51,057] {logging_mixin.py:115} INFO - [2023-05-17 16:54:51,057] {dag.py:2919} INFO - Setting next_dagrun for example_branch_operator to 2023-05-16T00:00:00+00:00, run_after=2023-05-17T00:00:00+00:00
[2023-05-17 16:54:51,076] {processor.py:161} INFO - Processing /home/airflow/.local/lib/python3.7/site-packages/airflow/example_dags/example_branch_operator.py took 0.126 seconds
[2023-05-17 16:55:21,752] {processor.py:153} INFO - Started process (PID=1752) to work on /home/airflow/.local/lib/python3.7/site-packages/airflow/example_dags/example_branch_operator.py
[2023-05-17 16:55:21,755] {processor.py:641} INFO - Processing file /home/airflow/.local/lib/python3.7/site-packages/airflow/example_dags/example_branch_operator.py for tasks to queue
[2023-05-17 16:55:21,757] {logging_mixin.py:115} INFO - [2023-05-17 16:55:21,757] {dagbag.py:507} INFO - Filling up the DagBag from /home/airflow/.local/lib/python3.7/site-packages/airflow/example_dags/example_branch_operator.py
[2023-05-17 16:55:21,770] {processor.py:651} INFO - DAG(s) dict_keys(['example_branch_operator']) retrieved from /home/airflow/.local/lib/python3.7/site-packages/airflow/example_dags/example_branch_operator.py
[2023-05-17 16:55:21,809] {logging_mixin.py:115} INFO - [2023-05-17 16:55:21,809] {dag.py:2371} INFO - Sync 1 DAGs
[2023-05-17 16:55:21,838] {logging_mixin.py:115} INFO - [2023-05-17 16:55:21,838] {dag.py:2919} INFO - Setting next_dagrun for example_branch_operator to 2023-05-16T00:00:00+00:00, run_after=2023-05-17T00:00:00+00:00
[2023-05-17 16:55:21,861] {processor.py:161} INFO - Processing /home/airflow/.local/lib/python3.7/site-packages/airflow/example_dags/example_branch_operator.py took 0.114 seconds
