[2023-05-17T16:27:47.881+0000] {processor.py:157} INFO - Started process (PID=59) to work on /home/airflow/.local/lib/python3.7/site-packages/airflow/example_dags/example_trigger_controller_dag.py
[2023-05-17T16:27:47.884+0000] {processor.py:826} INFO - Processing file /home/airflow/.local/lib/python3.7/site-packages/airflow/example_dags/example_trigger_controller_dag.py for tasks to queue
[2023-05-17T16:27:47.886+0000] {logging_mixin.py:149} INFO - [2023-05-17T16:27:47.886+0000] {dagbag.py:541} INFO - Filling up the DagBag from /home/airflow/.local/lib/python3.7/site-packages/airflow/example_dags/example_trigger_controller_dag.py
[2023-05-17T16:27:47.912+0000] {processor.py:836} INFO - DAG(s) dict_keys(['example_trigger_controller_dag']) retrieved from /home/airflow/.local/lib/python3.7/site-packages/airflow/example_dags/example_trigger_controller_dag.py
[2023-05-17T16:27:47.939+0000] {logging_mixin.py:149} INFO - [2023-05-17T16:27:47.939+0000] {dag.py:2726} INFO - Sync 1 DAGs
[2023-05-17T16:27:48.104+0000] {logging_mixin.py:149} INFO - [2023-05-17T16:27:48.103+0000] {dag.py:3490} INFO - Setting next_dagrun for example_trigger_controller_dag to 2021-01-01T00:00:00+00:00, run_after=2021-01-01T00:00:00+00:00
[2023-05-17T16:27:48.141+0000] {processor.py:179} INFO - Processing /home/airflow/.local/lib/python3.7/site-packages/airflow/example_dags/example_trigger_controller_dag.py took 0.268 seconds
[2023-05-17T16:28:35.784+0000] {processor.py:157} INFO - Started process (PID=107) to work on /home/airflow/.local/lib/python3.7/site-packages/airflow/example_dags/example_trigger_controller_dag.py
[2023-05-17T16:28:35.786+0000] {processor.py:826} INFO - Processing file /home/airflow/.local/lib/python3.7/site-packages/airflow/example_dags/example_trigger_controller_dag.py for tasks to queue
[2023-05-17T16:28:35.789+0000] {logging_mixin.py:149} INFO - [2023-05-17T16:28:35.788+0000] {dagbag.py:541} INFO - Filling up the DagBag from /home/airflow/.local/lib/python3.7/site-packages/airflow/example_dags/example_trigger_controller_dag.py
[2023-05-17T16:28:35.797+0000] {processor.py:836} INFO - DAG(s) dict_keys(['example_trigger_controller_dag']) retrieved from /home/airflow/.local/lib/python3.7/site-packages/airflow/example_dags/example_trigger_controller_dag.py
[2023-05-17T16:28:35.839+0000] {logging_mixin.py:149} INFO - [2023-05-17T16:28:35.839+0000] {dag.py:2726} INFO - Sync 1 DAGs
[2023-05-17T16:28:35.888+0000] {logging_mixin.py:149} INFO - [2023-05-17T16:28:35.887+0000] {dag.py:3490} INFO - Setting next_dagrun for example_trigger_controller_dag to 2021-01-01T00:00:00+00:00, run_after=2021-01-01T00:00:00+00:00
[2023-05-17T16:28:35.924+0000] {processor.py:179} INFO - Processing /home/airflow/.local/lib/python3.7/site-packages/airflow/example_dags/example_trigger_controller_dag.py took 0.149 seconds
[2023-05-17T16:29:07.416+0000] {processor.py:157} INFO - Started process (PID=163) to work on /home/airflow/.local/lib/python3.7/site-packages/airflow/example_dags/example_trigger_controller_dag.py
[2023-05-17T16:29:07.419+0000] {processor.py:826} INFO - Processing file /home/airflow/.local/lib/python3.7/site-packages/airflow/example_dags/example_trigger_controller_dag.py for tasks to queue
[2023-05-17T16:29:07.422+0000] {logging_mixin.py:149} INFO - [2023-05-17T16:29:07.422+0000] {dagbag.py:541} INFO - Filling up the DagBag from /home/airflow/.local/lib/python3.7/site-packages/airflow/example_dags/example_trigger_controller_dag.py
[2023-05-17T16:29:07.436+0000] {processor.py:836} INFO - DAG(s) dict_keys(['example_trigger_controller_dag']) retrieved from /home/airflow/.local/lib/python3.7/site-packages/airflow/example_dags/example_trigger_controller_dag.py
[2023-05-17T16:29:07.492+0000] {logging_mixin.py:149} INFO - [2023-05-17T16:29:07.491+0000] {dag.py:2726} INFO - Sync 1 DAGs
[2023-05-17T16:29:07.532+0000] {logging_mixin.py:149} INFO - [2023-05-17T16:29:07.532+0000] {dag.py:3490} INFO - Setting next_dagrun for example_trigger_controller_dag to 2021-01-01T00:00:00+00:00, run_after=2021-01-01T00:00:00+00:00
[2023-05-17T16:29:07.568+0000] {processor.py:179} INFO - Processing /home/airflow/.local/lib/python3.7/site-packages/airflow/example_dags/example_trigger_controller_dag.py took 0.161 seconds
[2023-05-17 16:35:40,488] {processor.py:153} INFO - Started process (PID=83) to work on /home/airflow/.local/lib/python3.7/site-packages/airflow/example_dags/example_trigger_controller_dag.py
[2023-05-17 16:35:40,492] {processor.py:641} INFO - Processing file /home/airflow/.local/lib/python3.7/site-packages/airflow/example_dags/example_trigger_controller_dag.py for tasks to queue
[2023-05-17 16:35:40,496] {logging_mixin.py:115} INFO - [2023-05-17 16:35:40,496] {dagbag.py:507} INFO - Filling up the DagBag from /home/airflow/.local/lib/python3.7/site-packages/airflow/example_dags/example_trigger_controller_dag.py
[2023-05-17 16:35:40,506] {processor.py:651} INFO - DAG(s) dict_keys(['example_trigger_controller_dag']) retrieved from /home/airflow/.local/lib/python3.7/site-packages/airflow/example_dags/example_trigger_controller_dag.py
[2023-05-17 16:35:41,154] {logging_mixin.py:115} INFO - [2023-05-17 16:35:41,154] {manager.py:508} INFO - Created Permission View: can read on DAG:example_trigger_controller_dag
[2023-05-17 16:35:41,183] {logging_mixin.py:115} INFO - [2023-05-17 16:35:41,183] {manager.py:508} INFO - Created Permission View: can delete on DAG:example_trigger_controller_dag
[2023-05-17 16:35:41,196] {logging_mixin.py:115} INFO - [2023-05-17 16:35:41,196] {manager.py:508} INFO - Created Permission View: can edit on DAG:example_trigger_controller_dag
[2023-05-17 16:35:41,198] {logging_mixin.py:115} INFO - [2023-05-17 16:35:41,198] {dag.py:2371} INFO - Sync 1 DAGs
[2023-05-17 16:35:41,213] {logging_mixin.py:115} INFO - [2023-05-17 16:35:41,212] {dag.py:2390} INFO - Creating ORM DAG for example_trigger_controller_dag
[2023-05-17 16:35:41,234] {logging_mixin.py:115} INFO - [2023-05-17 16:35:41,234] {dag.py:2919} INFO - Setting next_dagrun for example_trigger_controller_dag to 2021-01-01T00:00:00+00:00, run_after=2021-01-01T00:00:00+00:00
[2023-05-17 16:35:41,265] {processor.py:161} INFO - Processing /home/airflow/.local/lib/python3.7/site-packages/airflow/example_dags/example_trigger_controller_dag.py took 0.786 seconds
[2023-05-17 16:37:18,840] {processor.py:153} INFO - Started process (PID=165) to work on /home/airflow/.local/lib/python3.7/site-packages/airflow/example_dags/example_trigger_controller_dag.py
[2023-05-17 16:37:18,853] {processor.py:641} INFO - Processing file /home/airflow/.local/lib/python3.7/site-packages/airflow/example_dags/example_trigger_controller_dag.py for tasks to queue
[2023-05-17 16:37:18,874] {logging_mixin.py:115} INFO - [2023-05-17 16:37:18,872] {dagbag.py:507} INFO - Filling up the DagBag from /home/airflow/.local/lib/python3.7/site-packages/airflow/example_dags/example_trigger_controller_dag.py
[2023-05-17 16:37:18,979] {processor.py:651} INFO - DAG(s) dict_keys(['example_trigger_controller_dag']) retrieved from /home/airflow/.local/lib/python3.7/site-packages/airflow/example_dags/example_trigger_controller_dag.py
[2023-05-17 16:37:20,379] {logging_mixin.py:115} INFO - [2023-05-17 16:37:20,376] {dag.py:2371} INFO - Sync 1 DAGs
[2023-05-17 16:37:20,886] {logging_mixin.py:115} INFO - [2023-05-17 16:37:20,885] {dag.py:2919} INFO - Setting next_dagrun for example_trigger_controller_dag to 2021-01-01T00:00:00+00:00, run_after=2021-01-01T00:00:00+00:00
[2023-05-17 16:37:21,999] {processor.py:161} INFO - Processing /home/airflow/.local/lib/python3.7/site-packages/airflow/example_dags/example_trigger_controller_dag.py took 3.511 seconds
[2023-05-17 16:40:58,616] {processor.py:153} INFO - Started process (PID=62) to work on /home/airflow/.local/lib/python3.7/site-packages/airflow/example_dags/example_trigger_controller_dag.py
[2023-05-17 16:40:58,619] {processor.py:641} INFO - Processing file /home/airflow/.local/lib/python3.7/site-packages/airflow/example_dags/example_trigger_controller_dag.py for tasks to queue
[2023-05-17 16:40:58,623] {logging_mixin.py:115} INFO - [2023-05-17 16:40:58,623] {dagbag.py:507} INFO - Filling up the DagBag from /home/airflow/.local/lib/python3.7/site-packages/airflow/example_dags/example_trigger_controller_dag.py
[2023-05-17 16:40:58,631] {processor.py:651} INFO - DAG(s) dict_keys(['example_trigger_controller_dag']) retrieved from /home/airflow/.local/lib/python3.7/site-packages/airflow/example_dags/example_trigger_controller_dag.py
[2023-05-17 16:40:58,685] {logging_mixin.py:115} INFO - [2023-05-17 16:40:58,685] {dag.py:2371} INFO - Sync 1 DAGs
[2023-05-17 16:40:58,754] {logging_mixin.py:115} INFO - [2023-05-17 16:40:58,754] {dag.py:2919} INFO - Setting next_dagrun for example_trigger_controller_dag to 2021-01-01T00:00:00+00:00, run_after=2021-01-01T00:00:00+00:00
[2023-05-17 16:40:58,794] {processor.py:161} INFO - Processing /home/airflow/.local/lib/python3.7/site-packages/airflow/example_dags/example_trigger_controller_dag.py took 0.183 seconds
[2023-05-17 16:41:30,259] {processor.py:153} INFO - Started process (PID=125) to work on /home/airflow/.local/lib/python3.7/site-packages/airflow/example_dags/example_trigger_controller_dag.py
[2023-05-17 16:41:30,261] {processor.py:641} INFO - Processing file /home/airflow/.local/lib/python3.7/site-packages/airflow/example_dags/example_trigger_controller_dag.py for tasks to queue
[2023-05-17 16:41:30,280] {logging_mixin.py:115} INFO - [2023-05-17 16:41:30,266] {dagbag.py:507} INFO - Filling up the DagBag from /home/airflow/.local/lib/python3.7/site-packages/airflow/example_dags/example_trigger_controller_dag.py
[2023-05-17 16:41:30,301] {processor.py:651} INFO - DAG(s) dict_keys(['example_trigger_controller_dag']) retrieved from /home/airflow/.local/lib/python3.7/site-packages/airflow/example_dags/example_trigger_controller_dag.py
[2023-05-17 16:41:30,525] {logging_mixin.py:115} INFO - [2023-05-17 16:41:30,525] {dag.py:2371} INFO - Sync 1 DAGs
[2023-05-17 16:41:30,757] {logging_mixin.py:115} INFO - [2023-05-17 16:41:30,756] {dag.py:2919} INFO - Setting next_dagrun for example_trigger_controller_dag to 2021-01-01T00:00:00+00:00, run_after=2021-01-01T00:00:00+00:00
[2023-05-17 16:41:30,795] {processor.py:161} INFO - Processing /home/airflow/.local/lib/python3.7/site-packages/airflow/example_dags/example_trigger_controller_dag.py took 0.570 seconds
[2023-05-17 16:42:01,187] {processor.py:153} INFO - Started process (PID=177) to work on /home/airflow/.local/lib/python3.7/site-packages/airflow/example_dags/example_trigger_controller_dag.py
[2023-05-17 16:42:01,189] {processor.py:641} INFO - Processing file /home/airflow/.local/lib/python3.7/site-packages/airflow/example_dags/example_trigger_controller_dag.py for tasks to queue
[2023-05-17 16:42:01,192] {logging_mixin.py:115} INFO - [2023-05-17 16:42:01,191] {dagbag.py:507} INFO - Filling up the DagBag from /home/airflow/.local/lib/python3.7/site-packages/airflow/example_dags/example_trigger_controller_dag.py
[2023-05-17 16:42:01,199] {processor.py:651} INFO - DAG(s) dict_keys(['example_trigger_controller_dag']) retrieved from /home/airflow/.local/lib/python3.7/site-packages/airflow/example_dags/example_trigger_controller_dag.py
[2023-05-17 16:42:01,241] {logging_mixin.py:115} INFO - [2023-05-17 16:42:01,241] {dag.py:2371} INFO - Sync 1 DAGs
[2023-05-17 16:42:01,276] {logging_mixin.py:115} INFO - [2023-05-17 16:42:01,276] {dag.py:2919} INFO - Setting next_dagrun for example_trigger_controller_dag to 2021-01-01T00:00:00+00:00, run_after=2021-01-01T00:00:00+00:00
[2023-05-17 16:42:01,291] {processor.py:161} INFO - Processing /home/airflow/.local/lib/python3.7/site-packages/airflow/example_dags/example_trigger_controller_dag.py took 0.108 seconds
[2023-05-17 16:42:32,139] {processor.py:153} INFO - Started process (PID=231) to work on /home/airflow/.local/lib/python3.7/site-packages/airflow/example_dags/example_trigger_controller_dag.py
[2023-05-17 16:42:32,141] {processor.py:641} INFO - Processing file /home/airflow/.local/lib/python3.7/site-packages/airflow/example_dags/example_trigger_controller_dag.py for tasks to queue
[2023-05-17 16:42:32,143] {logging_mixin.py:115} INFO - [2023-05-17 16:42:32,143] {dagbag.py:507} INFO - Filling up the DagBag from /home/airflow/.local/lib/python3.7/site-packages/airflow/example_dags/example_trigger_controller_dag.py
[2023-05-17 16:42:32,154] {processor.py:651} INFO - DAG(s) dict_keys(['example_trigger_controller_dag']) retrieved from /home/airflow/.local/lib/python3.7/site-packages/airflow/example_dags/example_trigger_controller_dag.py
[2023-05-17 16:42:32,222] {logging_mixin.py:115} INFO - [2023-05-17 16:42:32,222] {dag.py:2371} INFO - Sync 1 DAGs
[2023-05-17 16:42:32,302] {logging_mixin.py:115} INFO - [2023-05-17 16:42:32,302] {dag.py:2919} INFO - Setting next_dagrun for example_trigger_controller_dag to 2021-01-01T00:00:00+00:00, run_after=2021-01-01T00:00:00+00:00
[2023-05-17 16:42:32,330] {processor.py:161} INFO - Processing /home/airflow/.local/lib/python3.7/site-packages/airflow/example_dags/example_trigger_controller_dag.py took 0.198 seconds
[2023-05-17 16:43:03,273] {processor.py:153} INFO - Started process (PID=296) to work on /home/airflow/.local/lib/python3.7/site-packages/airflow/example_dags/example_trigger_controller_dag.py
[2023-05-17 16:43:03,277] {processor.py:641} INFO - Processing file /home/airflow/.local/lib/python3.7/site-packages/airflow/example_dags/example_trigger_controller_dag.py for tasks to queue
[2023-05-17 16:43:03,278] {logging_mixin.py:115} INFO - [2023-05-17 16:43:03,278] {dagbag.py:507} INFO - Filling up the DagBag from /home/airflow/.local/lib/python3.7/site-packages/airflow/example_dags/example_trigger_controller_dag.py
[2023-05-17 16:43:03,285] {processor.py:651} INFO - DAG(s) dict_keys(['example_trigger_controller_dag']) retrieved from /home/airflow/.local/lib/python3.7/site-packages/airflow/example_dags/example_trigger_controller_dag.py
[2023-05-17 16:43:03,325] {logging_mixin.py:115} INFO - [2023-05-17 16:43:03,325] {dag.py:2371} INFO - Sync 1 DAGs
[2023-05-17 16:43:03,365] {logging_mixin.py:115} INFO - [2023-05-17 16:43:03,365] {dag.py:2919} INFO - Setting next_dagrun for example_trigger_controller_dag to 2021-01-01T00:00:00+00:00, run_after=2021-01-01T00:00:00+00:00
[2023-05-17 16:43:03,386] {processor.py:161} INFO - Processing /home/airflow/.local/lib/python3.7/site-packages/airflow/example_dags/example_trigger_controller_dag.py took 0.118 seconds
[2023-05-17 16:43:33,746] {processor.py:153} INFO - Started process (PID=358) to work on /home/airflow/.local/lib/python3.7/site-packages/airflow/example_dags/example_trigger_controller_dag.py
[2023-05-17 16:43:33,748] {processor.py:641} INFO - Processing file /home/airflow/.local/lib/python3.7/site-packages/airflow/example_dags/example_trigger_controller_dag.py for tasks to queue
[2023-05-17 16:43:33,749] {logging_mixin.py:115} INFO - [2023-05-17 16:43:33,749] {dagbag.py:507} INFO - Filling up the DagBag from /home/airflow/.local/lib/python3.7/site-packages/airflow/example_dags/example_trigger_controller_dag.py
[2023-05-17 16:43:33,755] {processor.py:651} INFO - DAG(s) dict_keys(['example_trigger_controller_dag']) retrieved from /home/airflow/.local/lib/python3.7/site-packages/airflow/example_dags/example_trigger_controller_dag.py
[2023-05-17 16:43:33,786] {logging_mixin.py:115} INFO - [2023-05-17 16:43:33,786] {dag.py:2371} INFO - Sync 1 DAGs
[2023-05-17 16:43:33,813] {logging_mixin.py:115} INFO - [2023-05-17 16:43:33,813] {dag.py:2919} INFO - Setting next_dagrun for example_trigger_controller_dag to 2021-01-01T00:00:00+00:00, run_after=2021-01-01T00:00:00+00:00
[2023-05-17 16:43:33,828] {processor.py:161} INFO - Processing /home/airflow/.local/lib/python3.7/site-packages/airflow/example_dags/example_trigger_controller_dag.py took 0.087 seconds
[2023-05-17 16:44:04,324] {processor.py:153} INFO - Started process (PID=411) to work on /home/airflow/.local/lib/python3.7/site-packages/airflow/example_dags/example_trigger_controller_dag.py
[2023-05-17 16:44:04,327] {processor.py:641} INFO - Processing file /home/airflow/.local/lib/python3.7/site-packages/airflow/example_dags/example_trigger_controller_dag.py for tasks to queue
[2023-05-17 16:44:04,328] {logging_mixin.py:115} INFO - [2023-05-17 16:44:04,328] {dagbag.py:507} INFO - Filling up the DagBag from /home/airflow/.local/lib/python3.7/site-packages/airflow/example_dags/example_trigger_controller_dag.py
[2023-05-17 16:44:04,333] {processor.py:651} INFO - DAG(s) dict_keys(['example_trigger_controller_dag']) retrieved from /home/airflow/.local/lib/python3.7/site-packages/airflow/example_dags/example_trigger_controller_dag.py
[2023-05-17 16:44:04,366] {logging_mixin.py:115} INFO - [2023-05-17 16:44:04,366] {dag.py:2371} INFO - Sync 1 DAGs
[2023-05-17 16:44:04,392] {logging_mixin.py:115} INFO - [2023-05-17 16:44:04,392] {dag.py:2919} INFO - Setting next_dagrun for example_trigger_controller_dag to 2021-01-01T00:00:00+00:00, run_after=2021-01-01T00:00:00+00:00
[2023-05-17 16:44:04,411] {processor.py:161} INFO - Processing /home/airflow/.local/lib/python3.7/site-packages/airflow/example_dags/example_trigger_controller_dag.py took 0.090 seconds
[2023-05-17 16:44:35,080] {processor.py:153} INFO - Started process (PID=474) to work on /home/airflow/.local/lib/python3.7/site-packages/airflow/example_dags/example_trigger_controller_dag.py
[2023-05-17 16:44:35,082] {processor.py:641} INFO - Processing file /home/airflow/.local/lib/python3.7/site-packages/airflow/example_dags/example_trigger_controller_dag.py for tasks to queue
[2023-05-17 16:44:35,084] {logging_mixin.py:115} INFO - [2023-05-17 16:44:35,084] {dagbag.py:507} INFO - Filling up the DagBag from /home/airflow/.local/lib/python3.7/site-packages/airflow/example_dags/example_trigger_controller_dag.py
[2023-05-17 16:44:35,088] {processor.py:651} INFO - DAG(s) dict_keys(['example_trigger_controller_dag']) retrieved from /home/airflow/.local/lib/python3.7/site-packages/airflow/example_dags/example_trigger_controller_dag.py
[2023-05-17 16:44:35,120] {logging_mixin.py:115} INFO - [2023-05-17 16:44:35,120] {dag.py:2371} INFO - Sync 1 DAGs
[2023-05-17 16:44:35,158] {logging_mixin.py:115} INFO - [2023-05-17 16:44:35,157] {dag.py:2919} INFO - Setting next_dagrun for example_trigger_controller_dag to 2021-01-01T00:00:00+00:00, run_after=2021-01-01T00:00:00+00:00
[2023-05-17 16:44:35,173] {processor.py:161} INFO - Processing /home/airflow/.local/lib/python3.7/site-packages/airflow/example_dags/example_trigger_controller_dag.py took 0.097 seconds
[2023-05-17 16:45:06,176] {processor.py:153} INFO - Started process (PID=535) to work on /home/airflow/.local/lib/python3.7/site-packages/airflow/example_dags/example_trigger_controller_dag.py
[2023-05-17 16:45:06,178] {processor.py:641} INFO - Processing file /home/airflow/.local/lib/python3.7/site-packages/airflow/example_dags/example_trigger_controller_dag.py for tasks to queue
[2023-05-17 16:45:06,180] {logging_mixin.py:115} INFO - [2023-05-17 16:45:06,179] {dagbag.py:507} INFO - Filling up the DagBag from /home/airflow/.local/lib/python3.7/site-packages/airflow/example_dags/example_trigger_controller_dag.py
[2023-05-17 16:45:06,185] {processor.py:651} INFO - DAG(s) dict_keys(['example_trigger_controller_dag']) retrieved from /home/airflow/.local/lib/python3.7/site-packages/airflow/example_dags/example_trigger_controller_dag.py
[2023-05-17 16:45:06,224] {logging_mixin.py:115} INFO - [2023-05-17 16:45:06,224] {dag.py:2371} INFO - Sync 1 DAGs
[2023-05-17 16:45:06,264] {logging_mixin.py:115} INFO - [2023-05-17 16:45:06,263] {dag.py:2919} INFO - Setting next_dagrun for example_trigger_controller_dag to 2021-01-01T00:00:00+00:00, run_after=2021-01-01T00:00:00+00:00
[2023-05-17 16:45:06,287] {processor.py:161} INFO - Processing /home/airflow/.local/lib/python3.7/site-packages/airflow/example_dags/example_trigger_controller_dag.py took 0.115 seconds
[2023-05-17 16:45:36,470] {processor.py:153} INFO - Started process (PID=590) to work on /home/airflow/.local/lib/python3.7/site-packages/airflow/example_dags/example_trigger_controller_dag.py
[2023-05-17 16:45:36,472] {processor.py:641} INFO - Processing file /home/airflow/.local/lib/python3.7/site-packages/airflow/example_dags/example_trigger_controller_dag.py for tasks to queue
[2023-05-17 16:45:36,474] {logging_mixin.py:115} INFO - [2023-05-17 16:45:36,474] {dagbag.py:507} INFO - Filling up the DagBag from /home/airflow/.local/lib/python3.7/site-packages/airflow/example_dags/example_trigger_controller_dag.py
[2023-05-17 16:45:36,482] {processor.py:651} INFO - DAG(s) dict_keys(['example_trigger_controller_dag']) retrieved from /home/airflow/.local/lib/python3.7/site-packages/airflow/example_dags/example_trigger_controller_dag.py
[2023-05-17 16:45:36,524] {logging_mixin.py:115} INFO - [2023-05-17 16:45:36,523] {dag.py:2371} INFO - Sync 1 DAGs
[2023-05-17 16:45:36,555] {logging_mixin.py:115} INFO - [2023-05-17 16:45:36,555] {dag.py:2919} INFO - Setting next_dagrun for example_trigger_controller_dag to 2021-01-01T00:00:00+00:00, run_after=2021-01-01T00:00:00+00:00
[2023-05-17 16:45:36,581] {processor.py:161} INFO - Processing /home/airflow/.local/lib/python3.7/site-packages/airflow/example_dags/example_trigger_controller_dag.py took 0.116 seconds
[2023-05-17 16:46:07,501] {processor.py:153} INFO - Started process (PID=653) to work on /home/airflow/.local/lib/python3.7/site-packages/airflow/example_dags/example_trigger_controller_dag.py
[2023-05-17 16:46:07,503] {processor.py:641} INFO - Processing file /home/airflow/.local/lib/python3.7/site-packages/airflow/example_dags/example_trigger_controller_dag.py for tasks to queue
[2023-05-17 16:46:07,504] {logging_mixin.py:115} INFO - [2023-05-17 16:46:07,504] {dagbag.py:507} INFO - Filling up the DagBag from /home/airflow/.local/lib/python3.7/site-packages/airflow/example_dags/example_trigger_controller_dag.py
[2023-05-17 16:46:07,509] {processor.py:651} INFO - DAG(s) dict_keys(['example_trigger_controller_dag']) retrieved from /home/airflow/.local/lib/python3.7/site-packages/airflow/example_dags/example_trigger_controller_dag.py
[2023-05-17 16:46:07,544] {logging_mixin.py:115} INFO - [2023-05-17 16:46:07,544] {dag.py:2371} INFO - Sync 1 DAGs
[2023-05-17 16:46:07,572] {logging_mixin.py:115} INFO - [2023-05-17 16:46:07,572] {dag.py:2919} INFO - Setting next_dagrun for example_trigger_controller_dag to 2021-01-01T00:00:00+00:00, run_after=2021-01-01T00:00:00+00:00
[2023-05-17 16:46:07,587] {processor.py:161} INFO - Processing /home/airflow/.local/lib/python3.7/site-packages/airflow/example_dags/example_trigger_controller_dag.py took 0.090 seconds
[2023-05-17 16:46:38,759] {processor.py:153} INFO - Started process (PID=708) to work on /home/airflow/.local/lib/python3.7/site-packages/airflow/example_dags/example_trigger_controller_dag.py
[2023-05-17 16:46:38,762] {processor.py:641} INFO - Processing file /home/airflow/.local/lib/python3.7/site-packages/airflow/example_dags/example_trigger_controller_dag.py for tasks to queue
[2023-05-17 16:46:38,772] {logging_mixin.py:115} INFO - [2023-05-17 16:46:38,769] {dagbag.py:507} INFO - Filling up the DagBag from /home/airflow/.local/lib/python3.7/site-packages/airflow/example_dags/example_trigger_controller_dag.py
[2023-05-17 16:46:38,777] {processor.py:651} INFO - DAG(s) dict_keys(['example_trigger_controller_dag']) retrieved from /home/airflow/.local/lib/python3.7/site-packages/airflow/example_dags/example_trigger_controller_dag.py
[2023-05-17 16:46:38,828] {logging_mixin.py:115} INFO - [2023-05-17 16:46:38,828] {dag.py:2371} INFO - Sync 1 DAGs
[2023-05-17 16:46:38,884] {logging_mixin.py:115} INFO - [2023-05-17 16:46:38,883] {dag.py:2919} INFO - Setting next_dagrun for example_trigger_controller_dag to 2021-01-01T00:00:00+00:00, run_after=2021-01-01T00:00:00+00:00
[2023-05-17 16:46:38,913] {processor.py:161} INFO - Processing /home/airflow/.local/lib/python3.7/site-packages/airflow/example_dags/example_trigger_controller_dag.py took 0.161 seconds
[2023-05-17 16:47:10,173] {processor.py:153} INFO - Started process (PID=771) to work on /home/airflow/.local/lib/python3.7/site-packages/airflow/example_dags/example_trigger_controller_dag.py
[2023-05-17 16:47:10,176] {processor.py:641} INFO - Processing file /home/airflow/.local/lib/python3.7/site-packages/airflow/example_dags/example_trigger_controller_dag.py for tasks to queue
[2023-05-17 16:47:10,178] {logging_mixin.py:115} INFO - [2023-05-17 16:47:10,178] {dagbag.py:507} INFO - Filling up the DagBag from /home/airflow/.local/lib/python3.7/site-packages/airflow/example_dags/example_trigger_controller_dag.py
[2023-05-17 16:47:10,185] {processor.py:651} INFO - DAG(s) dict_keys(['example_trigger_controller_dag']) retrieved from /home/airflow/.local/lib/python3.7/site-packages/airflow/example_dags/example_trigger_controller_dag.py
[2023-05-17 16:47:10,248] {logging_mixin.py:115} INFO - [2023-05-17 16:47:10,247] {dag.py:2371} INFO - Sync 1 DAGs
[2023-05-17 16:47:10,298] {logging_mixin.py:115} INFO - [2023-05-17 16:47:10,298] {dag.py:2919} INFO - Setting next_dagrun for example_trigger_controller_dag to 2021-01-01T00:00:00+00:00, run_after=2021-01-01T00:00:00+00:00
[2023-05-17 16:47:10,326] {processor.py:161} INFO - Processing /home/airflow/.local/lib/python3.7/site-packages/airflow/example_dags/example_trigger_controller_dag.py took 0.159 seconds
[2023-05-17 16:47:42,053] {processor.py:153} INFO - Started process (PID=835) to work on /home/airflow/.local/lib/python3.7/site-packages/airflow/example_dags/example_trigger_controller_dag.py
[2023-05-17 16:47:42,055] {processor.py:641} INFO - Processing file /home/airflow/.local/lib/python3.7/site-packages/airflow/example_dags/example_trigger_controller_dag.py for tasks to queue
[2023-05-17 16:47:42,057] {logging_mixin.py:115} INFO - [2023-05-17 16:47:42,057] {dagbag.py:507} INFO - Filling up the DagBag from /home/airflow/.local/lib/python3.7/site-packages/airflow/example_dags/example_trigger_controller_dag.py
[2023-05-17 16:47:42,067] {processor.py:651} INFO - DAG(s) dict_keys(['example_trigger_controller_dag']) retrieved from /home/airflow/.local/lib/python3.7/site-packages/airflow/example_dags/example_trigger_controller_dag.py
[2023-05-17 16:47:42,134] {logging_mixin.py:115} INFO - [2023-05-17 16:47:42,134] {dag.py:2371} INFO - Sync 1 DAGs
[2023-05-17 16:47:42,209] {logging_mixin.py:115} INFO - [2023-05-17 16:47:42,209] {dag.py:2919} INFO - Setting next_dagrun for example_trigger_controller_dag to 2021-01-01T00:00:00+00:00, run_after=2021-01-01T00:00:00+00:00
[2023-05-17 16:47:42,303] {processor.py:161} INFO - Processing /home/airflow/.local/lib/python3.7/site-packages/airflow/example_dags/example_trigger_controller_dag.py took 0.258 seconds
[2023-05-17 16:48:12,492] {processor.py:153} INFO - Started process (PID=891) to work on /home/airflow/.local/lib/python3.7/site-packages/airflow/example_dags/example_trigger_controller_dag.py
[2023-05-17 16:48:12,494] {processor.py:641} INFO - Processing file /home/airflow/.local/lib/python3.7/site-packages/airflow/example_dags/example_trigger_controller_dag.py for tasks to queue
[2023-05-17 16:48:12,496] {logging_mixin.py:115} INFO - [2023-05-17 16:48:12,496] {dagbag.py:507} INFO - Filling up the DagBag from /home/airflow/.local/lib/python3.7/site-packages/airflow/example_dags/example_trigger_controller_dag.py
[2023-05-17 16:48:12,501] {processor.py:651} INFO - DAG(s) dict_keys(['example_trigger_controller_dag']) retrieved from /home/airflow/.local/lib/python3.7/site-packages/airflow/example_dags/example_trigger_controller_dag.py
[2023-05-17 16:48:12,534] {logging_mixin.py:115} INFO - [2023-05-17 16:48:12,534] {dag.py:2371} INFO - Sync 1 DAGs
[2023-05-17 16:48:12,576] {logging_mixin.py:115} INFO - [2023-05-17 16:48:12,575] {dag.py:2919} INFO - Setting next_dagrun for example_trigger_controller_dag to 2021-01-01T00:00:00+00:00, run_after=2021-01-01T00:00:00+00:00
[2023-05-17 16:48:12,592] {processor.py:161} INFO - Processing /home/airflow/.local/lib/python3.7/site-packages/airflow/example_dags/example_trigger_controller_dag.py took 0.104 seconds
[2023-05-17 16:48:43,404] {processor.py:153} INFO - Started process (PID=945) to work on /home/airflow/.local/lib/python3.7/site-packages/airflow/example_dags/example_trigger_controller_dag.py
[2023-05-17 16:48:43,406] {processor.py:641} INFO - Processing file /home/airflow/.local/lib/python3.7/site-packages/airflow/example_dags/example_trigger_controller_dag.py for tasks to queue
[2023-05-17 16:48:43,407] {logging_mixin.py:115} INFO - [2023-05-17 16:48:43,407] {dagbag.py:507} INFO - Filling up the DagBag from /home/airflow/.local/lib/python3.7/site-packages/airflow/example_dags/example_trigger_controller_dag.py
[2023-05-17 16:48:43,413] {processor.py:651} INFO - DAG(s) dict_keys(['example_trigger_controller_dag']) retrieved from /home/airflow/.local/lib/python3.7/site-packages/airflow/example_dags/example_trigger_controller_dag.py
[2023-05-17 16:48:43,464] {logging_mixin.py:115} INFO - [2023-05-17 16:48:43,464] {dag.py:2371} INFO - Sync 1 DAGs
[2023-05-17 16:48:43,496] {logging_mixin.py:115} INFO - [2023-05-17 16:48:43,496] {dag.py:2919} INFO - Setting next_dagrun for example_trigger_controller_dag to 2021-01-01T00:00:00+00:00, run_after=2021-01-01T00:00:00+00:00
[2023-05-17 16:48:43,525] {processor.py:161} INFO - Processing /home/airflow/.local/lib/python3.7/site-packages/airflow/example_dags/example_trigger_controller_dag.py took 0.126 seconds
[2023-05-17 16:49:13,938] {processor.py:153} INFO - Started process (PID=1013) to work on /home/airflow/.local/lib/python3.7/site-packages/airflow/example_dags/example_trigger_controller_dag.py
[2023-05-17 16:49:13,940] {processor.py:641} INFO - Processing file /home/airflow/.local/lib/python3.7/site-packages/airflow/example_dags/example_trigger_controller_dag.py for tasks to queue
[2023-05-17 16:49:13,941] {logging_mixin.py:115} INFO - [2023-05-17 16:49:13,941] {dagbag.py:507} INFO - Filling up the DagBag from /home/airflow/.local/lib/python3.7/site-packages/airflow/example_dags/example_trigger_controller_dag.py
[2023-05-17 16:49:13,946] {processor.py:651} INFO - DAG(s) dict_keys(['example_trigger_controller_dag']) retrieved from /home/airflow/.local/lib/python3.7/site-packages/airflow/example_dags/example_trigger_controller_dag.py
[2023-05-17 16:49:13,978] {logging_mixin.py:115} INFO - [2023-05-17 16:49:13,978] {dag.py:2371} INFO - Sync 1 DAGs
[2023-05-17 16:49:14,010] {logging_mixin.py:115} INFO - [2023-05-17 16:49:14,010] {dag.py:2919} INFO - Setting next_dagrun for example_trigger_controller_dag to 2021-01-01T00:00:00+00:00, run_after=2021-01-01T00:00:00+00:00
[2023-05-17 16:49:14,027] {processor.py:161} INFO - Processing /home/airflow/.local/lib/python3.7/site-packages/airflow/example_dags/example_trigger_controller_dag.py took 0.092 seconds
[2023-05-17 16:49:45,175] {processor.py:153} INFO - Started process (PID=1075) to work on /home/airflow/.local/lib/python3.7/site-packages/airflow/example_dags/example_trigger_controller_dag.py
[2023-05-17 16:49:45,177] {processor.py:641} INFO - Processing file /home/airflow/.local/lib/python3.7/site-packages/airflow/example_dags/example_trigger_controller_dag.py for tasks to queue
[2023-05-17 16:49:45,179] {logging_mixin.py:115} INFO - [2023-05-17 16:49:45,179] {dagbag.py:507} INFO - Filling up the DagBag from /home/airflow/.local/lib/python3.7/site-packages/airflow/example_dags/example_trigger_controller_dag.py
[2023-05-17 16:49:45,184] {processor.py:651} INFO - DAG(s) dict_keys(['example_trigger_controller_dag']) retrieved from /home/airflow/.local/lib/python3.7/site-packages/airflow/example_dags/example_trigger_controller_dag.py
[2023-05-17 16:49:45,226] {logging_mixin.py:115} INFO - [2023-05-17 16:49:45,226] {dag.py:2371} INFO - Sync 1 DAGs
[2023-05-17 16:49:45,267] {logging_mixin.py:115} INFO - [2023-05-17 16:49:45,266] {dag.py:2919} INFO - Setting next_dagrun for example_trigger_controller_dag to 2021-01-01T00:00:00+00:00, run_after=2021-01-01T00:00:00+00:00
[2023-05-17 16:49:45,285] {processor.py:161} INFO - Processing /home/airflow/.local/lib/python3.7/site-packages/airflow/example_dags/example_trigger_controller_dag.py took 0.116 seconds
[2023-05-17 16:50:15,644] {processor.py:153} INFO - Started process (PID=1129) to work on /home/airflow/.local/lib/python3.7/site-packages/airflow/example_dags/example_trigger_controller_dag.py
[2023-05-17 16:50:15,648] {processor.py:641} INFO - Processing file /home/airflow/.local/lib/python3.7/site-packages/airflow/example_dags/example_trigger_controller_dag.py for tasks to queue
[2023-05-17 16:50:15,650] {logging_mixin.py:115} INFO - [2023-05-17 16:50:15,650] {dagbag.py:507} INFO - Filling up the DagBag from /home/airflow/.local/lib/python3.7/site-packages/airflow/example_dags/example_trigger_controller_dag.py
[2023-05-17 16:50:15,657] {processor.py:651} INFO - DAG(s) dict_keys(['example_trigger_controller_dag']) retrieved from /home/airflow/.local/lib/python3.7/site-packages/airflow/example_dags/example_trigger_controller_dag.py
[2023-05-17 16:50:15,698] {logging_mixin.py:115} INFO - [2023-05-17 16:50:15,698] {dag.py:2371} INFO - Sync 1 DAGs
[2023-05-17 16:50:15,740] {logging_mixin.py:115} INFO - [2023-05-17 16:50:15,740] {dag.py:2919} INFO - Setting next_dagrun for example_trigger_controller_dag to 2021-01-01T00:00:00+00:00, run_after=2021-01-01T00:00:00+00:00
[2023-05-17 16:50:15,763] {processor.py:161} INFO - Processing /home/airflow/.local/lib/python3.7/site-packages/airflow/example_dags/example_trigger_controller_dag.py took 0.124 seconds
[2023-05-17 16:50:45,979] {processor.py:153} INFO - Started process (PID=1193) to work on /home/airflow/.local/lib/python3.7/site-packages/airflow/example_dags/example_trigger_controller_dag.py
[2023-05-17 16:50:45,981] {processor.py:641} INFO - Processing file /home/airflow/.local/lib/python3.7/site-packages/airflow/example_dags/example_trigger_controller_dag.py for tasks to queue
[2023-05-17 16:50:45,983] {logging_mixin.py:115} INFO - [2023-05-17 16:50:45,983] {dagbag.py:507} INFO - Filling up the DagBag from /home/airflow/.local/lib/python3.7/site-packages/airflow/example_dags/example_trigger_controller_dag.py
[2023-05-17 16:50:45,990] {processor.py:651} INFO - DAG(s) dict_keys(['example_trigger_controller_dag']) retrieved from /home/airflow/.local/lib/python3.7/site-packages/airflow/example_dags/example_trigger_controller_dag.py
[2023-05-17 16:50:46,037] {logging_mixin.py:115} INFO - [2023-05-17 16:50:46,037] {dag.py:2371} INFO - Sync 1 DAGs
[2023-05-17 16:50:46,079] {logging_mixin.py:115} INFO - [2023-05-17 16:50:46,079] {dag.py:2919} INFO - Setting next_dagrun for example_trigger_controller_dag to 2021-01-01T00:00:00+00:00, run_after=2021-01-01T00:00:00+00:00
[2023-05-17 16:50:46,104] {processor.py:161} INFO - Processing /home/airflow/.local/lib/python3.7/site-packages/airflow/example_dags/example_trigger_controller_dag.py took 0.132 seconds
[2023-05-17 16:51:16,411] {processor.py:153} INFO - Started process (PID=1249) to work on /home/airflow/.local/lib/python3.7/site-packages/airflow/example_dags/example_trigger_controller_dag.py
[2023-05-17 16:51:16,414] {processor.py:641} INFO - Processing file /home/airflow/.local/lib/python3.7/site-packages/airflow/example_dags/example_trigger_controller_dag.py for tasks to queue
[2023-05-17 16:51:16,416] {logging_mixin.py:115} INFO - [2023-05-17 16:51:16,416] {dagbag.py:507} INFO - Filling up the DagBag from /home/airflow/.local/lib/python3.7/site-packages/airflow/example_dags/example_trigger_controller_dag.py
[2023-05-17 16:51:16,421] {processor.py:651} INFO - DAG(s) dict_keys(['example_trigger_controller_dag']) retrieved from /home/airflow/.local/lib/python3.7/site-packages/airflow/example_dags/example_trigger_controller_dag.py
[2023-05-17 16:51:16,461] {logging_mixin.py:115} INFO - [2023-05-17 16:51:16,460] {dag.py:2371} INFO - Sync 1 DAGs
[2023-05-17 16:51:16,487] {logging_mixin.py:115} INFO - [2023-05-17 16:51:16,487] {dag.py:2919} INFO - Setting next_dagrun for example_trigger_controller_dag to 2021-01-01T00:00:00+00:00, run_after=2021-01-01T00:00:00+00:00
[2023-05-17 16:51:16,504] {processor.py:161} INFO - Processing /home/airflow/.local/lib/python3.7/site-packages/airflow/example_dags/example_trigger_controller_dag.py took 0.097 seconds
[2023-05-17 16:51:46,682] {processor.py:153} INFO - Started process (PID=1316) to work on /home/airflow/.local/lib/python3.7/site-packages/airflow/example_dags/example_trigger_controller_dag.py
[2023-05-17 16:51:46,686] {processor.py:641} INFO - Processing file /home/airflow/.local/lib/python3.7/site-packages/airflow/example_dags/example_trigger_controller_dag.py for tasks to queue
[2023-05-17 16:51:46,689] {logging_mixin.py:115} INFO - [2023-05-17 16:51:46,689] {dagbag.py:507} INFO - Filling up the DagBag from /home/airflow/.local/lib/python3.7/site-packages/airflow/example_dags/example_trigger_controller_dag.py
[2023-05-17 16:51:46,704] {processor.py:651} INFO - DAG(s) dict_keys(['example_trigger_controller_dag']) retrieved from /home/airflow/.local/lib/python3.7/site-packages/airflow/example_dags/example_trigger_controller_dag.py
[2023-05-17 16:51:46,796] {logging_mixin.py:115} INFO - [2023-05-17 16:51:46,796] {dag.py:2371} INFO - Sync 1 DAGs
[2023-05-17 16:51:46,863] {logging_mixin.py:115} INFO - [2023-05-17 16:51:46,862] {dag.py:2919} INFO - Setting next_dagrun for example_trigger_controller_dag to 2021-01-01T00:00:00+00:00, run_after=2021-01-01T00:00:00+00:00
[2023-05-17 16:51:46,924] {processor.py:161} INFO - Processing /home/airflow/.local/lib/python3.7/site-packages/airflow/example_dags/example_trigger_controller_dag.py took 0.248 seconds
[2023-05-17 16:52:17,282] {processor.py:153} INFO - Started process (PID=1371) to work on /home/airflow/.local/lib/python3.7/site-packages/airflow/example_dags/example_trigger_controller_dag.py
[2023-05-17 16:52:17,284] {processor.py:641} INFO - Processing file /home/airflow/.local/lib/python3.7/site-packages/airflow/example_dags/example_trigger_controller_dag.py for tasks to queue
[2023-05-17 16:52:17,285] {logging_mixin.py:115} INFO - [2023-05-17 16:52:17,285] {dagbag.py:507} INFO - Filling up the DagBag from /home/airflow/.local/lib/python3.7/site-packages/airflow/example_dags/example_trigger_controller_dag.py
[2023-05-17 16:52:17,289] {processor.py:651} INFO - DAG(s) dict_keys(['example_trigger_controller_dag']) retrieved from /home/airflow/.local/lib/python3.7/site-packages/airflow/example_dags/example_trigger_controller_dag.py
[2023-05-17 16:52:17,323] {logging_mixin.py:115} INFO - [2023-05-17 16:52:17,323] {dag.py:2371} INFO - Sync 1 DAGs
[2023-05-17 16:52:17,363] {logging_mixin.py:115} INFO - [2023-05-17 16:52:17,363] {dag.py:2919} INFO - Setting next_dagrun for example_trigger_controller_dag to 2021-01-01T00:00:00+00:00, run_after=2021-01-01T00:00:00+00:00
[2023-05-17 16:52:17,391] {processor.py:161} INFO - Processing /home/airflow/.local/lib/python3.7/site-packages/airflow/example_dags/example_trigger_controller_dag.py took 0.114 seconds
[2023-05-17 16:52:47,843] {processor.py:153} INFO - Started process (PID=1436) to work on /home/airflow/.local/lib/python3.7/site-packages/airflow/example_dags/example_trigger_controller_dag.py
[2023-05-17 16:52:47,845] {processor.py:641} INFO - Processing file /home/airflow/.local/lib/python3.7/site-packages/airflow/example_dags/example_trigger_controller_dag.py for tasks to queue
[2023-05-17 16:52:47,847] {logging_mixin.py:115} INFO - [2023-05-17 16:52:47,846] {dagbag.py:507} INFO - Filling up the DagBag from /home/airflow/.local/lib/python3.7/site-packages/airflow/example_dags/example_trigger_controller_dag.py
[2023-05-17 16:52:47,851] {processor.py:651} INFO - DAG(s) dict_keys(['example_trigger_controller_dag']) retrieved from /home/airflow/.local/lib/python3.7/site-packages/airflow/example_dags/example_trigger_controller_dag.py
[2023-05-17 16:52:47,886] {logging_mixin.py:115} INFO - [2023-05-17 16:52:47,886] {dag.py:2371} INFO - Sync 1 DAGs
[2023-05-17 16:52:47,914] {logging_mixin.py:115} INFO - [2023-05-17 16:52:47,914] {dag.py:2919} INFO - Setting next_dagrun for example_trigger_controller_dag to 2021-01-01T00:00:00+00:00, run_after=2021-01-01T00:00:00+00:00
[2023-05-17 16:52:47,931] {processor.py:161} INFO - Processing /home/airflow/.local/lib/python3.7/site-packages/airflow/example_dags/example_trigger_controller_dag.py took 0.092 seconds
[2023-05-17 16:53:18,842] {processor.py:153} INFO - Started process (PID=1496) to work on /home/airflow/.local/lib/python3.7/site-packages/airflow/example_dags/example_trigger_controller_dag.py
[2023-05-17 16:53:18,844] {processor.py:641} INFO - Processing file /home/airflow/.local/lib/python3.7/site-packages/airflow/example_dags/example_trigger_controller_dag.py for tasks to queue
[2023-05-17 16:53:18,847] {logging_mixin.py:115} INFO - [2023-05-17 16:53:18,846] {dagbag.py:507} INFO - Filling up the DagBag from /home/airflow/.local/lib/python3.7/site-packages/airflow/example_dags/example_trigger_controller_dag.py
[2023-05-17 16:53:18,853] {processor.py:651} INFO - DAG(s) dict_keys(['example_trigger_controller_dag']) retrieved from /home/airflow/.local/lib/python3.7/site-packages/airflow/example_dags/example_trigger_controller_dag.py
[2023-05-17 16:53:18,906] {logging_mixin.py:115} INFO - [2023-05-17 16:53:18,905] {dag.py:2371} INFO - Sync 1 DAGs
[2023-05-17 16:53:18,945] {logging_mixin.py:115} INFO - [2023-05-17 16:53:18,945] {dag.py:2919} INFO - Setting next_dagrun for example_trigger_controller_dag to 2021-01-01T00:00:00+00:00, run_after=2021-01-01T00:00:00+00:00
[2023-05-17 16:53:18,967] {processor.py:161} INFO - Processing /home/airflow/.local/lib/python3.7/site-packages/airflow/example_dags/example_trigger_controller_dag.py took 0.133 seconds
[2023-05-17 16:53:49,297] {processor.py:153} INFO - Started process (PID=1561) to work on /home/airflow/.local/lib/python3.7/site-packages/airflow/example_dags/example_trigger_controller_dag.py
[2023-05-17 16:53:49,298] {processor.py:641} INFO - Processing file /home/airflow/.local/lib/python3.7/site-packages/airflow/example_dags/example_trigger_controller_dag.py for tasks to queue
[2023-05-17 16:53:49,300] {logging_mixin.py:115} INFO - [2023-05-17 16:53:49,300] {dagbag.py:507} INFO - Filling up the DagBag from /home/airflow/.local/lib/python3.7/site-packages/airflow/example_dags/example_trigger_controller_dag.py
[2023-05-17 16:53:49,305] {processor.py:651} INFO - DAG(s) dict_keys(['example_trigger_controller_dag']) retrieved from /home/airflow/.local/lib/python3.7/site-packages/airflow/example_dags/example_trigger_controller_dag.py
[2023-05-17 16:53:49,347] {logging_mixin.py:115} INFO - [2023-05-17 16:53:49,347] {dag.py:2371} INFO - Sync 1 DAGs
[2023-05-17 16:53:49,377] {logging_mixin.py:115} INFO - [2023-05-17 16:53:49,376] {dag.py:2919} INFO - Setting next_dagrun for example_trigger_controller_dag to 2021-01-01T00:00:00+00:00, run_after=2021-01-01T00:00:00+00:00
[2023-05-17 16:53:49,398] {processor.py:161} INFO - Processing /home/airflow/.local/lib/python3.7/site-packages/airflow/example_dags/example_trigger_controller_dag.py took 0.105 seconds
[2023-05-17 16:54:20,372] {processor.py:153} INFO - Started process (PID=1626) to work on /home/airflow/.local/lib/python3.7/site-packages/airflow/example_dags/example_trigger_controller_dag.py
[2023-05-17 16:54:20,374] {processor.py:641} INFO - Processing file /home/airflow/.local/lib/python3.7/site-packages/airflow/example_dags/example_trigger_controller_dag.py for tasks to queue
[2023-05-17 16:54:20,375] {logging_mixin.py:115} INFO - [2023-05-17 16:54:20,375] {dagbag.py:507} INFO - Filling up the DagBag from /home/airflow/.local/lib/python3.7/site-packages/airflow/example_dags/example_trigger_controller_dag.py
[2023-05-17 16:54:20,379] {processor.py:651} INFO - DAG(s) dict_keys(['example_trigger_controller_dag']) retrieved from /home/airflow/.local/lib/python3.7/site-packages/airflow/example_dags/example_trigger_controller_dag.py
[2023-05-17 16:54:20,418] {logging_mixin.py:115} INFO - [2023-05-17 16:54:20,418] {dag.py:2371} INFO - Sync 1 DAGs
[2023-05-17 16:54:20,451] {logging_mixin.py:115} INFO - [2023-05-17 16:54:20,451] {dag.py:2919} INFO - Setting next_dagrun for example_trigger_controller_dag to 2021-01-01T00:00:00+00:00, run_after=2021-01-01T00:00:00+00:00
[2023-05-17 16:54:20,469] {processor.py:161} INFO - Processing /home/airflow/.local/lib/python3.7/site-packages/airflow/example_dags/example_trigger_controller_dag.py took 0.101 seconds
[2023-05-17 16:54:50,727] {processor.py:153} INFO - Started process (PID=1683) to work on /home/airflow/.local/lib/python3.7/site-packages/airflow/example_dags/example_trigger_controller_dag.py
[2023-05-17 16:54:50,728] {processor.py:641} INFO - Processing file /home/airflow/.local/lib/python3.7/site-packages/airflow/example_dags/example_trigger_controller_dag.py for tasks to queue
[2023-05-17 16:54:50,730] {logging_mixin.py:115} INFO - [2023-05-17 16:54:50,730] {dagbag.py:507} INFO - Filling up the DagBag from /home/airflow/.local/lib/python3.7/site-packages/airflow/example_dags/example_trigger_controller_dag.py
[2023-05-17 16:54:50,735] {processor.py:651} INFO - DAG(s) dict_keys(['example_trigger_controller_dag']) retrieved from /home/airflow/.local/lib/python3.7/site-packages/airflow/example_dags/example_trigger_controller_dag.py
[2023-05-17 16:54:50,777] {logging_mixin.py:115} INFO - [2023-05-17 16:54:50,777] {dag.py:2371} INFO - Sync 1 DAGs
[2023-05-17 16:54:50,809] {logging_mixin.py:115} INFO - [2023-05-17 16:54:50,809] {dag.py:2919} INFO - Setting next_dagrun for example_trigger_controller_dag to 2021-01-01T00:00:00+00:00, run_after=2021-01-01T00:00:00+00:00
[2023-05-17 16:54:50,825] {processor.py:161} INFO - Processing /home/airflow/.local/lib/python3.7/site-packages/airflow/example_dags/example_trigger_controller_dag.py took 0.101 seconds
[2023-05-17 16:55:21,574] {processor.py:153} INFO - Started process (PID=1749) to work on /home/airflow/.local/lib/python3.7/site-packages/airflow/example_dags/example_trigger_controller_dag.py
[2023-05-17 16:55:21,576] {processor.py:641} INFO - Processing file /home/airflow/.local/lib/python3.7/site-packages/airflow/example_dags/example_trigger_controller_dag.py for tasks to queue
[2023-05-17 16:55:21,577] {logging_mixin.py:115} INFO - [2023-05-17 16:55:21,577] {dagbag.py:507} INFO - Filling up the DagBag from /home/airflow/.local/lib/python3.7/site-packages/airflow/example_dags/example_trigger_controller_dag.py
[2023-05-17 16:55:21,583] {processor.py:651} INFO - DAG(s) dict_keys(['example_trigger_controller_dag']) retrieved from /home/airflow/.local/lib/python3.7/site-packages/airflow/example_dags/example_trigger_controller_dag.py
[2023-05-17 16:55:21,624] {logging_mixin.py:115} INFO - [2023-05-17 16:55:21,624] {dag.py:2371} INFO - Sync 1 DAGs
[2023-05-17 16:55:21,660] {logging_mixin.py:115} INFO - [2023-05-17 16:55:21,660] {dag.py:2919} INFO - Setting next_dagrun for example_trigger_controller_dag to 2021-01-01T00:00:00+00:00, run_after=2021-01-01T00:00:00+00:00
[2023-05-17 16:55:21,681] {processor.py:161} INFO - Processing /home/airflow/.local/lib/python3.7/site-packages/airflow/example_dags/example_trigger_controller_dag.py took 0.111 seconds
