[2023-05-17T16:27:45.715+0000] {processor.py:157} INFO - Started process (PID=48) to work on /home/airflow/.local/lib/python3.7/site-packages/airflow/example_dags/example_branch_datetime_operator.py
[2023-05-17T16:27:45.721+0000] {processor.py:826} INFO - Processing file /home/airflow/.local/lib/python3.7/site-packages/airflow/example_dags/example_branch_datetime_operator.py for tasks to queue
[2023-05-17T16:27:45.724+0000] {logging_mixin.py:149} INFO - [2023-05-17T16:27:45.723+0000] {dagbag.py:541} INFO - Filling up the DagBag from /home/airflow/.local/lib/python3.7/site-packages/airflow/example_dags/example_branch_datetime_operator.py
[2023-05-17T16:27:45.749+0000] {processor.py:836} INFO - DAG(s) dict_keys(['example_branch_datetime_operator_2', 'example_branch_datetime_operator', 'example_branch_datetime_operator_3']) retrieved from /home/airflow/.local/lib/python3.7/site-packages/airflow/example_dags/example_branch_datetime_operator.py
[2023-05-17T16:27:45.780+0000] {logging_mixin.py:149} INFO - [2023-05-17T16:27:45.779+0000] {dag.py:2726} INFO - Sync 3 DAGs
[2023-05-17T16:27:45.849+0000] {logging_mixin.py:149} INFO - [2023-05-17T16:27:45.849+0000] {dag.py:3490} INFO - Setting next_dagrun for example_branch_datetime_operator to 2023-05-16T00:00:00+00:00, run_after=2023-05-17T00:00:00+00:00
[2023-05-17T16:27:45.866+0000] {logging_mixin.py:149} INFO - [2023-05-17T16:27:45.865+0000] {dag.py:3490} INFO - Setting next_dagrun for example_branch_datetime_operator_2 to 2023-05-16T00:00:00+00:00, run_after=2023-05-17T00:00:00+00:00
[2023-05-17T16:27:45.874+0000] {logging_mixin.py:149} INFO - [2023-05-17T16:27:45.873+0000] {dag.py:3490} INFO - Setting next_dagrun for example_branch_datetime_operator_3 to 2023-05-16T00:00:00+00:00, run_after=2023-05-17T00:00:00+00:00
[2023-05-17T16:27:45.915+0000] {processor.py:179} INFO - Processing /home/airflow/.local/lib/python3.7/site-packages/airflow/example_dags/example_branch_datetime_operator.py took 0.208 seconds
[2023-05-17T16:28:34.657+0000] {processor.py:157} INFO - Started process (PID=97) to work on /home/airflow/.local/lib/python3.7/site-packages/airflow/example_dags/example_branch_datetime_operator.py
[2023-05-17T16:28:34.662+0000] {processor.py:826} INFO - Processing file /home/airflow/.local/lib/python3.7/site-packages/airflow/example_dags/example_branch_datetime_operator.py for tasks to queue
[2023-05-17T16:28:34.664+0000] {logging_mixin.py:149} INFO - [2023-05-17T16:28:34.663+0000] {dagbag.py:541} INFO - Filling up the DagBag from /home/airflow/.local/lib/python3.7/site-packages/airflow/example_dags/example_branch_datetime_operator.py
[2023-05-17T16:28:34.685+0000] {processor.py:836} INFO - DAG(s) dict_keys(['example_branch_datetime_operator_3', 'example_branch_datetime_operator', 'example_branch_datetime_operator_2']) retrieved from /home/airflow/.local/lib/python3.7/site-packages/airflow/example_dags/example_branch_datetime_operator.py
[2023-05-17T16:28:34.752+0000] {logging_mixin.py:149} INFO - [2023-05-17T16:28:34.751+0000] {dag.py:2726} INFO - Sync 3 DAGs
[2023-05-17T16:28:34.800+0000] {logging_mixin.py:149} INFO - [2023-05-17T16:28:34.799+0000] {dag.py:3490} INFO - Setting next_dagrun for example_branch_datetime_operator to 2023-05-16T00:00:00+00:00, run_after=2023-05-17T00:00:00+00:00
[2023-05-17T16:28:34.811+0000] {logging_mixin.py:149} INFO - [2023-05-17T16:28:34.810+0000] {dag.py:3490} INFO - Setting next_dagrun for example_branch_datetime_operator_2 to 2023-05-16T00:00:00+00:00, run_after=2023-05-17T00:00:00+00:00
[2023-05-17T16:28:34.815+0000] {logging_mixin.py:149} INFO - [2023-05-17T16:28:34.815+0000] {dag.py:3490} INFO - Setting next_dagrun for example_branch_datetime_operator_3 to 2023-05-16T00:00:00+00:00, run_after=2023-05-17T00:00:00+00:00
[2023-05-17T16:28:34.847+0000] {processor.py:179} INFO - Processing /home/airflow/.local/lib/python3.7/site-packages/airflow/example_dags/example_branch_datetime_operator.py took 0.197 seconds
[2023-05-17T16:29:05.584+0000] {processor.py:157} INFO - Started process (PID=148) to work on /home/airflow/.local/lib/python3.7/site-packages/airflow/example_dags/example_branch_datetime_operator.py
[2023-05-17T16:29:05.587+0000] {processor.py:826} INFO - Processing file /home/airflow/.local/lib/python3.7/site-packages/airflow/example_dags/example_branch_datetime_operator.py for tasks to queue
[2023-05-17T16:29:05.589+0000] {logging_mixin.py:149} INFO - [2023-05-17T16:29:05.589+0000] {dagbag.py:541} INFO - Filling up the DagBag from /home/airflow/.local/lib/python3.7/site-packages/airflow/example_dags/example_branch_datetime_operator.py
[2023-05-17T16:29:05.613+0000] {processor.py:836} INFO - DAG(s) dict_keys(['example_branch_datetime_operator_3', 'example_branch_datetime_operator', 'example_branch_datetime_operator_2']) retrieved from /home/airflow/.local/lib/python3.7/site-packages/airflow/example_dags/example_branch_datetime_operator.py
[2023-05-17T16:29:05.678+0000] {logging_mixin.py:149} INFO - [2023-05-17T16:29:05.678+0000] {dag.py:2726} INFO - Sync 3 DAGs
[2023-05-17T16:29:05.727+0000] {logging_mixin.py:149} INFO - [2023-05-17T16:29:05.727+0000] {dag.py:3490} INFO - Setting next_dagrun for example_branch_datetime_operator to 2023-05-16T00:00:00+00:00, run_after=2023-05-17T00:00:00+00:00
[2023-05-17T16:29:05.740+0000] {logging_mixin.py:149} INFO - [2023-05-17T16:29:05.740+0000] {dag.py:3490} INFO - Setting next_dagrun for example_branch_datetime_operator_2 to 2023-05-16T00:00:00+00:00, run_after=2023-05-17T00:00:00+00:00
[2023-05-17T16:29:05.748+0000] {logging_mixin.py:149} INFO - [2023-05-17T16:29:05.748+0000] {dag.py:3490} INFO - Setting next_dagrun for example_branch_datetime_operator_3 to 2023-05-16T00:00:00+00:00, run_after=2023-05-17T00:00:00+00:00
[2023-05-17T16:29:05.778+0000] {processor.py:179} INFO - Processing /home/airflow/.local/lib/python3.7/site-packages/airflow/example_dags/example_branch_datetime_operator.py took 0.199 seconds
[2023-05-17 16:35:36,879] {processor.py:153} INFO - Started process (PID=66) to work on /home/airflow/.local/lib/python3.7/site-packages/airflow/example_dags/example_branch_datetime_operator.py
[2023-05-17 16:35:36,882] {processor.py:641} INFO - Processing file /home/airflow/.local/lib/python3.7/site-packages/airflow/example_dags/example_branch_datetime_operator.py for tasks to queue
[2023-05-17 16:35:36,883] {logging_mixin.py:115} INFO - [2023-05-17 16:35:36,883] {dagbag.py:507} INFO - Filling up the DagBag from /home/airflow/.local/lib/python3.7/site-packages/airflow/example_dags/example_branch_datetime_operator.py
[2023-05-17 16:35:36,907] {processor.py:651} INFO - DAG(s) dict_keys(['example_branch_datetime_operator_2']) retrieved from /home/airflow/.local/lib/python3.7/site-packages/airflow/example_dags/example_branch_datetime_operator.py
[2023-05-17 16:35:37,328] {logging_mixin.py:115} INFO - [2023-05-17 16:35:37,328] {manager.py:508} INFO - Created Permission View: can read on DAG:example_branch_datetime_operator_2
[2023-05-17 16:35:37,359] {logging_mixin.py:115} INFO - [2023-05-17 16:35:37,359] {manager.py:508} INFO - Created Permission View: can delete on DAG:example_branch_datetime_operator_2
[2023-05-17 16:35:37,387] {logging_mixin.py:115} INFO - [2023-05-17 16:35:37,387] {manager.py:508} INFO - Created Permission View: can edit on DAG:example_branch_datetime_operator_2
[2023-05-17 16:35:37,389] {logging_mixin.py:115} INFO - [2023-05-17 16:35:37,389] {dag.py:2371} INFO - Sync 1 DAGs
[2023-05-17 16:35:37,419] {logging_mixin.py:115} INFO - [2023-05-17 16:35:37,419] {dag.py:2390} INFO - Creating ORM DAG for example_branch_datetime_operator_2
[2023-05-17 16:35:37,460] {logging_mixin.py:115} INFO - [2023-05-17 16:35:37,460] {dag.py:2919} INFO - Setting next_dagrun for example_branch_datetime_operator_2 to 2023-05-16T00:00:00+00:00, run_after=2023-05-17T00:00:00+00:00
[2023-05-17 16:35:37,503] {processor.py:161} INFO - Processing /home/airflow/.local/lib/python3.7/site-packages/airflow/example_dags/example_branch_datetime_operator.py took 0.631 seconds
[2023-05-17 16:36:20,388] {processor.py:153} INFO - Started process (PID=129) to work on /home/airflow/.local/lib/python3.7/site-packages/airflow/example_dags/example_branch_datetime_operator.py
[2023-05-17 16:36:20,395] {processor.py:641} INFO - Processing file /home/airflow/.local/lib/python3.7/site-packages/airflow/example_dags/example_branch_datetime_operator.py for tasks to queue
[2023-05-17 16:36:20,398] {logging_mixin.py:115} INFO - [2023-05-17 16:36:20,397] {dagbag.py:507} INFO - Filling up the DagBag from /home/airflow/.local/lib/python3.7/site-packages/airflow/example_dags/example_branch_datetime_operator.py
[2023-05-17 16:36:20,458] {processor.py:651} INFO - DAG(s) dict_keys(['example_branch_datetime_operator_2']) retrieved from /home/airflow/.local/lib/python3.7/site-packages/airflow/example_dags/example_branch_datetime_operator.py
[2023-05-17 16:36:22,067] {logging_mixin.py:115} INFO - [2023-05-17 16:36:22,067] {dag.py:2371} INFO - Sync 1 DAGs
[2023-05-17 16:36:23,421] {logging_mixin.py:115} INFO - [2023-05-17 16:36:23,421] {dag.py:2919} INFO - Setting next_dagrun for example_branch_datetime_operator_2 to 2023-05-16T00:00:00+00:00, run_after=2023-05-17T00:00:00+00:00
[2023-05-17 16:36:25,239] {processor.py:161} INFO - Processing /home/airflow/.local/lib/python3.7/site-packages/airflow/example_dags/example_branch_datetime_operator.py took 4.871 seconds
[2023-05-17 16:40:57,009] {processor.py:153} INFO - Started process (PID=55) to work on /home/airflow/.local/lib/python3.7/site-packages/airflow/example_dags/example_branch_datetime_operator.py
[2023-05-17 16:40:57,013] {processor.py:641} INFO - Processing file /home/airflow/.local/lib/python3.7/site-packages/airflow/example_dags/example_branch_datetime_operator.py for tasks to queue
[2023-05-17 16:40:57,015] {logging_mixin.py:115} INFO - [2023-05-17 16:40:57,015] {dagbag.py:507} INFO - Filling up the DagBag from /home/airflow/.local/lib/python3.7/site-packages/airflow/example_dags/example_branch_datetime_operator.py
[2023-05-17 16:40:57,033] {processor.py:651} INFO - DAG(s) dict_keys(['example_branch_datetime_operator_2']) retrieved from /home/airflow/.local/lib/python3.7/site-packages/airflow/example_dags/example_branch_datetime_operator.py
[2023-05-17 16:40:57,111] {logging_mixin.py:115} INFO - [2023-05-17 16:40:57,111] {dag.py:2371} INFO - Sync 1 DAGs
[2023-05-17 16:40:57,232] {logging_mixin.py:115} INFO - [2023-05-17 16:40:57,231] {dag.py:2919} INFO - Setting next_dagrun for example_branch_datetime_operator_2 to 2023-05-16T00:00:00+00:00, run_after=2023-05-17T00:00:00+00:00
[2023-05-17 16:40:57,287] {processor.py:161} INFO - Processing /home/airflow/.local/lib/python3.7/site-packages/airflow/example_dags/example_branch_datetime_operator.py took 0.288 seconds
[2023-05-17 16:41:28,175] {processor.py:153} INFO - Started process (PID=109) to work on /home/airflow/.local/lib/python3.7/site-packages/airflow/example_dags/example_branch_datetime_operator.py
[2023-05-17 16:41:28,180] {processor.py:641} INFO - Processing file /home/airflow/.local/lib/python3.7/site-packages/airflow/example_dags/example_branch_datetime_operator.py for tasks to queue
[2023-05-17 16:41:28,184] {logging_mixin.py:115} INFO - [2023-05-17 16:41:28,184] {dagbag.py:507} INFO - Filling up the DagBag from /home/airflow/.local/lib/python3.7/site-packages/airflow/example_dags/example_branch_datetime_operator.py
[2023-05-17 16:41:28,255] {processor.py:651} INFO - DAG(s) dict_keys(['example_branch_datetime_operator_2']) retrieved from /home/airflow/.local/lib/python3.7/site-packages/airflow/example_dags/example_branch_datetime_operator.py
[2023-05-17 16:41:28,346] {logging_mixin.py:115} INFO - [2023-05-17 16:41:28,346] {dag.py:2371} INFO - Sync 1 DAGs
[2023-05-17 16:41:28,496] {logging_mixin.py:115} INFO - [2023-05-17 16:41:28,496] {dag.py:2919} INFO - Setting next_dagrun for example_branch_datetime_operator_2 to 2023-05-16T00:00:00+00:00, run_after=2023-05-17T00:00:00+00:00
[2023-05-17 16:41:28,680] {processor.py:161} INFO - Processing /home/airflow/.local/lib/python3.7/site-packages/airflow/example_dags/example_branch_datetime_operator.py took 0.540 seconds
[2023-05-17 16:41:58,944] {processor.py:153} INFO - Started process (PID=171) to work on /home/airflow/.local/lib/python3.7/site-packages/airflow/example_dags/example_branch_datetime_operator.py
[2023-05-17 16:41:58,949] {processor.py:641} INFO - Processing file /home/airflow/.local/lib/python3.7/site-packages/airflow/example_dags/example_branch_datetime_operator.py for tasks to queue
[2023-05-17 16:41:58,951] {logging_mixin.py:115} INFO - [2023-05-17 16:41:58,951] {dagbag.py:507} INFO - Filling up the DagBag from /home/airflow/.local/lib/python3.7/site-packages/airflow/example_dags/example_branch_datetime_operator.py
[2023-05-17 16:41:58,970] {processor.py:651} INFO - DAG(s) dict_keys(['example_branch_datetime_operator_2']) retrieved from /home/airflow/.local/lib/python3.7/site-packages/airflow/example_dags/example_branch_datetime_operator.py
[2023-05-17 16:41:59,038] {logging_mixin.py:115} INFO - [2023-05-17 16:41:59,038] {dag.py:2371} INFO - Sync 1 DAGs
[2023-05-17 16:41:59,092] {logging_mixin.py:115} INFO - [2023-05-17 16:41:59,092] {dag.py:2919} INFO - Setting next_dagrun for example_branch_datetime_operator_2 to 2023-05-16T00:00:00+00:00, run_after=2023-05-17T00:00:00+00:00
[2023-05-17 16:41:59,120] {processor.py:161} INFO - Processing /home/airflow/.local/lib/python3.7/site-packages/airflow/example_dags/example_branch_datetime_operator.py took 0.183 seconds
[2023-05-17 16:42:29,804] {processor.py:153} INFO - Started process (PID=225) to work on /home/airflow/.local/lib/python3.7/site-packages/airflow/example_dags/example_branch_datetime_operator.py
[2023-05-17 16:42:29,807] {processor.py:641} INFO - Processing file /home/airflow/.local/lib/python3.7/site-packages/airflow/example_dags/example_branch_datetime_operator.py for tasks to queue
[2023-05-17 16:42:29,808] {logging_mixin.py:115} INFO - [2023-05-17 16:42:29,808] {dagbag.py:507} INFO - Filling up the DagBag from /home/airflow/.local/lib/python3.7/site-packages/airflow/example_dags/example_branch_datetime_operator.py
[2023-05-17 16:42:29,820] {processor.py:651} INFO - DAG(s) dict_keys(['example_branch_datetime_operator_2']) retrieved from /home/airflow/.local/lib/python3.7/site-packages/airflow/example_dags/example_branch_datetime_operator.py
[2023-05-17 16:42:29,857] {logging_mixin.py:115} INFO - [2023-05-17 16:42:29,857] {dag.py:2371} INFO - Sync 1 DAGs
[2023-05-17 16:42:29,889] {logging_mixin.py:115} INFO - [2023-05-17 16:42:29,889] {dag.py:2919} INFO - Setting next_dagrun for example_branch_datetime_operator_2 to 2023-05-16T00:00:00+00:00, run_after=2023-05-17T00:00:00+00:00
[2023-05-17 16:42:29,908] {processor.py:161} INFO - Processing /home/airflow/.local/lib/python3.7/site-packages/airflow/example_dags/example_branch_datetime_operator.py took 0.109 seconds
[2023-05-17 16:43:01,124] {processor.py:153} INFO - Started process (PID=289) to work on /home/airflow/.local/lib/python3.7/site-packages/airflow/example_dags/example_branch_datetime_operator.py
[2023-05-17 16:43:01,127] {processor.py:641} INFO - Processing file /home/airflow/.local/lib/python3.7/site-packages/airflow/example_dags/example_branch_datetime_operator.py for tasks to queue
[2023-05-17 16:43:01,129] {logging_mixin.py:115} INFO - [2023-05-17 16:43:01,129] {dagbag.py:507} INFO - Filling up the DagBag from /home/airflow/.local/lib/python3.7/site-packages/airflow/example_dags/example_branch_datetime_operator.py
[2023-05-17 16:43:01,149] {processor.py:651} INFO - DAG(s) dict_keys(['example_branch_datetime_operator_2']) retrieved from /home/airflow/.local/lib/python3.7/site-packages/airflow/example_dags/example_branch_datetime_operator.py
[2023-05-17 16:43:01,209] {logging_mixin.py:115} INFO - [2023-05-17 16:43:01,209] {dag.py:2371} INFO - Sync 1 DAGs
[2023-05-17 16:43:01,269] {logging_mixin.py:115} INFO - [2023-05-17 16:43:01,269] {dag.py:2919} INFO - Setting next_dagrun for example_branch_datetime_operator_2 to 2023-05-16T00:00:00+00:00, run_after=2023-05-17T00:00:00+00:00
[2023-05-17 16:43:01,312] {processor.py:161} INFO - Processing /home/airflow/.local/lib/python3.7/site-packages/airflow/example_dags/example_branch_datetime_operator.py took 0.194 seconds
[2023-05-17 16:43:32,065] {processor.py:153} INFO - Started process (PID=349) to work on /home/airflow/.local/lib/python3.7/site-packages/airflow/example_dags/example_branch_datetime_operator.py
[2023-05-17 16:43:32,067] {processor.py:641} INFO - Processing file /home/airflow/.local/lib/python3.7/site-packages/airflow/example_dags/example_branch_datetime_operator.py for tasks to queue
[2023-05-17 16:43:32,069] {logging_mixin.py:115} INFO - [2023-05-17 16:43:32,069] {dagbag.py:507} INFO - Filling up the DagBag from /home/airflow/.local/lib/python3.7/site-packages/airflow/example_dags/example_branch_datetime_operator.py
[2023-05-17 16:43:32,078] {processor.py:651} INFO - DAG(s) dict_keys(['example_branch_datetime_operator_2']) retrieved from /home/airflow/.local/lib/python3.7/site-packages/airflow/example_dags/example_branch_datetime_operator.py
[2023-05-17 16:43:32,114] {logging_mixin.py:115} INFO - [2023-05-17 16:43:32,114] {dag.py:2371} INFO - Sync 1 DAGs
[2023-05-17 16:43:32,142] {logging_mixin.py:115} INFO - [2023-05-17 16:43:32,142] {dag.py:2919} INFO - Setting next_dagrun for example_branch_datetime_operator_2 to 2023-05-16T00:00:00+00:00, run_after=2023-05-17T00:00:00+00:00
[2023-05-17 16:43:32,158] {processor.py:161} INFO - Processing /home/airflow/.local/lib/python3.7/site-packages/airflow/example_dags/example_branch_datetime_operator.py took 0.096 seconds
[2023-05-17 16:44:02,836] {processor.py:153} INFO - Started process (PID=404) to work on /home/airflow/.local/lib/python3.7/site-packages/airflow/example_dags/example_branch_datetime_operator.py
[2023-05-17 16:44:02,838] {processor.py:641} INFO - Processing file /home/airflow/.local/lib/python3.7/site-packages/airflow/example_dags/example_branch_datetime_operator.py for tasks to queue
[2023-05-17 16:44:02,840] {logging_mixin.py:115} INFO - [2023-05-17 16:44:02,839] {dagbag.py:507} INFO - Filling up the DagBag from /home/airflow/.local/lib/python3.7/site-packages/airflow/example_dags/example_branch_datetime_operator.py
[2023-05-17 16:44:02,851] {processor.py:651} INFO - DAG(s) dict_keys(['example_branch_datetime_operator_2']) retrieved from /home/airflow/.local/lib/python3.7/site-packages/airflow/example_dags/example_branch_datetime_operator.py
[2023-05-17 16:44:02,882] {logging_mixin.py:115} INFO - [2023-05-17 16:44:02,882] {dag.py:2371} INFO - Sync 1 DAGs
[2023-05-17 16:44:02,908] {logging_mixin.py:115} INFO - [2023-05-17 16:44:02,908] {dag.py:2919} INFO - Setting next_dagrun for example_branch_datetime_operator_2 to 2023-05-16T00:00:00+00:00, run_after=2023-05-17T00:00:00+00:00
[2023-05-17 16:44:02,924] {processor.py:161} INFO - Processing /home/airflow/.local/lib/python3.7/site-packages/airflow/example_dags/example_branch_datetime_operator.py took 0.093 seconds
[2023-05-17 16:44:33,575] {processor.py:153} INFO - Started process (PID=467) to work on /home/airflow/.local/lib/python3.7/site-packages/airflow/example_dags/example_branch_datetime_operator.py
[2023-05-17 16:44:33,577] {processor.py:641} INFO - Processing file /home/airflow/.local/lib/python3.7/site-packages/airflow/example_dags/example_branch_datetime_operator.py for tasks to queue
[2023-05-17 16:44:33,578] {logging_mixin.py:115} INFO - [2023-05-17 16:44:33,578] {dagbag.py:507} INFO - Filling up the DagBag from /home/airflow/.local/lib/python3.7/site-packages/airflow/example_dags/example_branch_datetime_operator.py
[2023-05-17 16:44:33,594] {processor.py:651} INFO - DAG(s) dict_keys(['example_branch_datetime_operator_2']) retrieved from /home/airflow/.local/lib/python3.7/site-packages/airflow/example_dags/example_branch_datetime_operator.py
[2023-05-17 16:44:33,635] {logging_mixin.py:115} INFO - [2023-05-17 16:44:33,635] {dag.py:2371} INFO - Sync 1 DAGs
[2023-05-17 16:44:33,668] {logging_mixin.py:115} INFO - [2023-05-17 16:44:33,668] {dag.py:2919} INFO - Setting next_dagrun for example_branch_datetime_operator_2 to 2023-05-16T00:00:00+00:00, run_after=2023-05-17T00:00:00+00:00
[2023-05-17 16:44:33,684] {processor.py:161} INFO - Processing /home/airflow/.local/lib/python3.7/site-packages/airflow/example_dags/example_branch_datetime_operator.py took 0.114 seconds
[2023-05-17 16:45:04,279] {processor.py:153} INFO - Started process (PID=519) to work on /home/airflow/.local/lib/python3.7/site-packages/airflow/example_dags/example_branch_datetime_operator.py
[2023-05-17 16:45:04,281] {processor.py:641} INFO - Processing file /home/airflow/.local/lib/python3.7/site-packages/airflow/example_dags/example_branch_datetime_operator.py for tasks to queue
[2023-05-17 16:45:04,283] {logging_mixin.py:115} INFO - [2023-05-17 16:45:04,282] {dagbag.py:507} INFO - Filling up the DagBag from /home/airflow/.local/lib/python3.7/site-packages/airflow/example_dags/example_branch_datetime_operator.py
[2023-05-17 16:45:04,300] {processor.py:651} INFO - DAG(s) dict_keys(['example_branch_datetime_operator_2']) retrieved from /home/airflow/.local/lib/python3.7/site-packages/airflow/example_dags/example_branch_datetime_operator.py
[2023-05-17 16:45:04,342] {logging_mixin.py:115} INFO - [2023-05-17 16:45:04,342] {dag.py:2371} INFO - Sync 1 DAGs
[2023-05-17 16:45:04,373] {logging_mixin.py:115} INFO - [2023-05-17 16:45:04,373] {dag.py:2919} INFO - Setting next_dagrun for example_branch_datetime_operator_2 to 2023-05-16T00:00:00+00:00, run_after=2023-05-17T00:00:00+00:00
[2023-05-17 16:45:04,399] {processor.py:161} INFO - Processing /home/airflow/.local/lib/python3.7/site-packages/airflow/example_dags/example_branch_datetime_operator.py took 0.125 seconds
[2023-05-17 16:45:34,591] {processor.py:153} INFO - Started process (PID=582) to work on /home/airflow/.local/lib/python3.7/site-packages/airflow/example_dags/example_branch_datetime_operator.py
[2023-05-17 16:45:34,593] {processor.py:641} INFO - Processing file /home/airflow/.local/lib/python3.7/site-packages/airflow/example_dags/example_branch_datetime_operator.py for tasks to queue
[2023-05-17 16:45:34,595] {logging_mixin.py:115} INFO - [2023-05-17 16:45:34,595] {dagbag.py:507} INFO - Filling up the DagBag from /home/airflow/.local/lib/python3.7/site-packages/airflow/example_dags/example_branch_datetime_operator.py
[2023-05-17 16:45:34,607] {processor.py:651} INFO - DAG(s) dict_keys(['example_branch_datetime_operator_2']) retrieved from /home/airflow/.local/lib/python3.7/site-packages/airflow/example_dags/example_branch_datetime_operator.py
[2023-05-17 16:45:34,639] {logging_mixin.py:115} INFO - [2023-05-17 16:45:34,639] {dag.py:2371} INFO - Sync 1 DAGs
[2023-05-17 16:45:34,675] {logging_mixin.py:115} INFO - [2023-05-17 16:45:34,675] {dag.py:2919} INFO - Setting next_dagrun for example_branch_datetime_operator_2 to 2023-05-16T00:00:00+00:00, run_after=2023-05-17T00:00:00+00:00
[2023-05-17 16:45:34,697] {processor.py:161} INFO - Processing /home/airflow/.local/lib/python3.7/site-packages/airflow/example_dags/example_branch_datetime_operator.py took 0.111 seconds
[2023-05-17 16:46:05,635] {processor.py:153} INFO - Started process (PID=646) to work on /home/airflow/.local/lib/python3.7/site-packages/airflow/example_dags/example_branch_datetime_operator.py
[2023-05-17 16:46:05,637] {processor.py:641} INFO - Processing file /home/airflow/.local/lib/python3.7/site-packages/airflow/example_dags/example_branch_datetime_operator.py for tasks to queue
[2023-05-17 16:46:05,639] {logging_mixin.py:115} INFO - [2023-05-17 16:46:05,639] {dagbag.py:507} INFO - Filling up the DagBag from /home/airflow/.local/lib/python3.7/site-packages/airflow/example_dags/example_branch_datetime_operator.py
[2023-05-17 16:46:05,650] {processor.py:651} INFO - DAG(s) dict_keys(['example_branch_datetime_operator_2']) retrieved from /home/airflow/.local/lib/python3.7/site-packages/airflow/example_dags/example_branch_datetime_operator.py
[2023-05-17 16:46:05,682] {logging_mixin.py:115} INFO - [2023-05-17 16:46:05,682] {dag.py:2371} INFO - Sync 1 DAGs
[2023-05-17 16:46:05,724] {logging_mixin.py:115} INFO - [2023-05-17 16:46:05,724] {dag.py:2919} INFO - Setting next_dagrun for example_branch_datetime_operator_2 to 2023-05-16T00:00:00+00:00, run_after=2023-05-17T00:00:00+00:00
[2023-05-17 16:46:05,748] {processor.py:161} INFO - Processing /home/airflow/.local/lib/python3.7/site-packages/airflow/example_dags/example_branch_datetime_operator.py took 0.118 seconds
[2023-05-17 16:46:36,860] {processor.py:153} INFO - Started process (PID=701) to work on /home/airflow/.local/lib/python3.7/site-packages/airflow/example_dags/example_branch_datetime_operator.py
[2023-05-17 16:46:36,863] {processor.py:641} INFO - Processing file /home/airflow/.local/lib/python3.7/site-packages/airflow/example_dags/example_branch_datetime_operator.py for tasks to queue
[2023-05-17 16:46:36,865] {logging_mixin.py:115} INFO - [2023-05-17 16:46:36,865] {dagbag.py:507} INFO - Filling up the DagBag from /home/airflow/.local/lib/python3.7/site-packages/airflow/example_dags/example_branch_datetime_operator.py
[2023-05-17 16:46:36,878] {processor.py:651} INFO - DAG(s) dict_keys(['example_branch_datetime_operator_2']) retrieved from /home/airflow/.local/lib/python3.7/site-packages/airflow/example_dags/example_branch_datetime_operator.py
[2023-05-17 16:46:36,916] {logging_mixin.py:115} INFO - [2023-05-17 16:46:36,915] {dag.py:2371} INFO - Sync 1 DAGs
[2023-05-17 16:46:36,949] {logging_mixin.py:115} INFO - [2023-05-17 16:46:36,949] {dag.py:2919} INFO - Setting next_dagrun for example_branch_datetime_operator_2 to 2023-05-16T00:00:00+00:00, run_after=2023-05-17T00:00:00+00:00
[2023-05-17 16:46:36,968] {processor.py:161} INFO - Processing /home/airflow/.local/lib/python3.7/site-packages/airflow/example_dags/example_branch_datetime_operator.py took 0.113 seconds
[2023-05-17 16:47:07,703] {processor.py:153} INFO - Started process (PID=764) to work on /home/airflow/.local/lib/python3.7/site-packages/airflow/example_dags/example_branch_datetime_operator.py
[2023-05-17 16:47:07,705] {processor.py:641} INFO - Processing file /home/airflow/.local/lib/python3.7/site-packages/airflow/example_dags/example_branch_datetime_operator.py for tasks to queue
[2023-05-17 16:47:07,707] {logging_mixin.py:115} INFO - [2023-05-17 16:47:07,707] {dagbag.py:507} INFO - Filling up the DagBag from /home/airflow/.local/lib/python3.7/site-packages/airflow/example_dags/example_branch_datetime_operator.py
[2023-05-17 16:47:07,724] {processor.py:651} INFO - DAG(s) dict_keys(['example_branch_datetime_operator_2']) retrieved from /home/airflow/.local/lib/python3.7/site-packages/airflow/example_dags/example_branch_datetime_operator.py
[2023-05-17 16:47:07,806] {logging_mixin.py:115} INFO - [2023-05-17 16:47:07,806] {dag.py:2371} INFO - Sync 1 DAGs
[2023-05-17 16:47:07,866] {logging_mixin.py:115} INFO - [2023-05-17 16:47:07,866] {dag.py:2919} INFO - Setting next_dagrun for example_branch_datetime_operator_2 to 2023-05-16T00:00:00+00:00, run_after=2023-05-17T00:00:00+00:00
[2023-05-17 16:47:07,893] {processor.py:161} INFO - Processing /home/airflow/.local/lib/python3.7/site-packages/airflow/example_dags/example_branch_datetime_operator.py took 0.195 seconds
[2023-05-17 16:47:38,803] {processor.py:153} INFO - Started process (PID=817) to work on /home/airflow/.local/lib/python3.7/site-packages/airflow/example_dags/example_branch_datetime_operator.py
[2023-05-17 16:47:38,806] {processor.py:641} INFO - Processing file /home/airflow/.local/lib/python3.7/site-packages/airflow/example_dags/example_branch_datetime_operator.py for tasks to queue
[2023-05-17 16:47:38,812] {logging_mixin.py:115} INFO - [2023-05-17 16:47:38,812] {dagbag.py:507} INFO - Filling up the DagBag from /home/airflow/.local/lib/python3.7/site-packages/airflow/example_dags/example_branch_datetime_operator.py
[2023-05-17 16:47:38,835] {processor.py:651} INFO - DAG(s) dict_keys(['example_branch_datetime_operator_2']) retrieved from /home/airflow/.local/lib/python3.7/site-packages/airflow/example_dags/example_branch_datetime_operator.py
[2023-05-17 16:47:38,899] {logging_mixin.py:115} INFO - [2023-05-17 16:47:38,899] {dag.py:2371} INFO - Sync 1 DAGs
[2023-05-17 16:47:38,962] {logging_mixin.py:115} INFO - [2023-05-17 16:47:38,961] {dag.py:2919} INFO - Setting next_dagrun for example_branch_datetime_operator_2 to 2023-05-16T00:00:00+00:00, run_after=2023-05-17T00:00:00+00:00
[2023-05-17 16:47:38,991] {processor.py:161} INFO - Processing /home/airflow/.local/lib/python3.7/site-packages/airflow/example_dags/example_branch_datetime_operator.py took 0.194 seconds
[2023-05-17 16:48:09,404] {processor.py:153} INFO - Started process (PID=884) to work on /home/airflow/.local/lib/python3.7/site-packages/airflow/example_dags/example_branch_datetime_operator.py
[2023-05-17 16:48:09,405] {processor.py:641} INFO - Processing file /home/airflow/.local/lib/python3.7/site-packages/airflow/example_dags/example_branch_datetime_operator.py for tasks to queue
[2023-05-17 16:48:09,407] {logging_mixin.py:115} INFO - [2023-05-17 16:48:09,407] {dagbag.py:507} INFO - Filling up the DagBag from /home/airflow/.local/lib/python3.7/site-packages/airflow/example_dags/example_branch_datetime_operator.py
[2023-05-17 16:48:09,421] {processor.py:651} INFO - DAG(s) dict_keys(['example_branch_datetime_operator_2']) retrieved from /home/airflow/.local/lib/python3.7/site-packages/airflow/example_dags/example_branch_datetime_operator.py
[2023-05-17 16:48:09,466] {logging_mixin.py:115} INFO - [2023-05-17 16:48:09,466] {dag.py:2371} INFO - Sync 1 DAGs
[2023-05-17 16:48:09,504] {logging_mixin.py:115} INFO - [2023-05-17 16:48:09,504] {dag.py:2919} INFO - Setting next_dagrun for example_branch_datetime_operator_2 to 2023-05-16T00:00:00+00:00, run_after=2023-05-17T00:00:00+00:00
[2023-05-17 16:48:09,524] {processor.py:161} INFO - Processing /home/airflow/.local/lib/python3.7/site-packages/airflow/example_dags/example_branch_datetime_operator.py took 0.126 seconds
[2023-05-17 16:48:40,486] {processor.py:153} INFO - Started process (PID=938) to work on /home/airflow/.local/lib/python3.7/site-packages/airflow/example_dags/example_branch_datetime_operator.py
[2023-05-17 16:48:40,488] {processor.py:641} INFO - Processing file /home/airflow/.local/lib/python3.7/site-packages/airflow/example_dags/example_branch_datetime_operator.py for tasks to queue
[2023-05-17 16:48:40,490] {logging_mixin.py:115} INFO - [2023-05-17 16:48:40,490] {dagbag.py:507} INFO - Filling up the DagBag from /home/airflow/.local/lib/python3.7/site-packages/airflow/example_dags/example_branch_datetime_operator.py
[2023-05-17 16:48:40,503] {processor.py:651} INFO - DAG(s) dict_keys(['example_branch_datetime_operator_2']) retrieved from /home/airflow/.local/lib/python3.7/site-packages/airflow/example_dags/example_branch_datetime_operator.py
[2023-05-17 16:48:40,535] {logging_mixin.py:115} INFO - [2023-05-17 16:48:40,535] {dag.py:2371} INFO - Sync 1 DAGs
[2023-05-17 16:48:40,563] {logging_mixin.py:115} INFO - [2023-05-17 16:48:40,563] {dag.py:2919} INFO - Setting next_dagrun for example_branch_datetime_operator_2 to 2023-05-16T00:00:00+00:00, run_after=2023-05-17T00:00:00+00:00
[2023-05-17 16:48:40,597] {processor.py:161} INFO - Processing /home/airflow/.local/lib/python3.7/site-packages/airflow/example_dags/example_branch_datetime_operator.py took 0.119 seconds
[2023-05-17 16:49:11,451] {processor.py:153} INFO - Started process (PID=1006) to work on /home/airflow/.local/lib/python3.7/site-packages/airflow/example_dags/example_branch_datetime_operator.py
[2023-05-17 16:49:11,453] {processor.py:641} INFO - Processing file /home/airflow/.local/lib/python3.7/site-packages/airflow/example_dags/example_branch_datetime_operator.py for tasks to queue
[2023-05-17 16:49:11,454] {logging_mixin.py:115} INFO - [2023-05-17 16:49:11,454] {dagbag.py:507} INFO - Filling up the DagBag from /home/airflow/.local/lib/python3.7/site-packages/airflow/example_dags/example_branch_datetime_operator.py
[2023-05-17 16:49:11,468] {processor.py:651} INFO - DAG(s) dict_keys(['example_branch_datetime_operator_2']) retrieved from /home/airflow/.local/lib/python3.7/site-packages/airflow/example_dags/example_branch_datetime_operator.py
[2023-05-17 16:49:11,513] {logging_mixin.py:115} INFO - [2023-05-17 16:49:11,513] {dag.py:2371} INFO - Sync 1 DAGs
[2023-05-17 16:49:11,550] {logging_mixin.py:115} INFO - [2023-05-17 16:49:11,550] {dag.py:2919} INFO - Setting next_dagrun for example_branch_datetime_operator_2 to 2023-05-16T00:00:00+00:00, run_after=2023-05-17T00:00:00+00:00
[2023-05-17 16:49:11,569] {processor.py:161} INFO - Processing /home/airflow/.local/lib/python3.7/site-packages/airflow/example_dags/example_branch_datetime_operator.py took 0.124 seconds
[2023-05-17 16:49:42,217] {processor.py:153} INFO - Started process (PID=1059) to work on /home/airflow/.local/lib/python3.7/site-packages/airflow/example_dags/example_branch_datetime_operator.py
[2023-05-17 16:49:42,219] {processor.py:641} INFO - Processing file /home/airflow/.local/lib/python3.7/site-packages/airflow/example_dags/example_branch_datetime_operator.py for tasks to queue
[2023-05-17 16:49:42,220] {logging_mixin.py:115} INFO - [2023-05-17 16:49:42,220] {dagbag.py:507} INFO - Filling up the DagBag from /home/airflow/.local/lib/python3.7/site-packages/airflow/example_dags/example_branch_datetime_operator.py
[2023-05-17 16:49:42,235] {processor.py:651} INFO - DAG(s) dict_keys(['example_branch_datetime_operator_2']) retrieved from /home/airflow/.local/lib/python3.7/site-packages/airflow/example_dags/example_branch_datetime_operator.py
[2023-05-17 16:49:42,279] {logging_mixin.py:115} INFO - [2023-05-17 16:49:42,279] {dag.py:2371} INFO - Sync 1 DAGs
[2023-05-17 16:49:42,333] {logging_mixin.py:115} INFO - [2023-05-17 16:49:42,333] {dag.py:2919} INFO - Setting next_dagrun for example_branch_datetime_operator_2 to 2023-05-16T00:00:00+00:00, run_after=2023-05-17T00:00:00+00:00
[2023-05-17 16:49:42,358] {processor.py:161} INFO - Processing /home/airflow/.local/lib/python3.7/site-packages/airflow/example_dags/example_branch_datetime_operator.py took 0.146 seconds
[2023-05-17 16:50:12,911] {processor.py:153} INFO - Started process (PID=1122) to work on /home/airflow/.local/lib/python3.7/site-packages/airflow/example_dags/example_branch_datetime_operator.py
[2023-05-17 16:50:12,913] {processor.py:641} INFO - Processing file /home/airflow/.local/lib/python3.7/site-packages/airflow/example_dags/example_branch_datetime_operator.py for tasks to queue
[2023-05-17 16:50:12,915] {logging_mixin.py:115} INFO - [2023-05-17 16:50:12,915] {dagbag.py:507} INFO - Filling up the DagBag from /home/airflow/.local/lib/python3.7/site-packages/airflow/example_dags/example_branch_datetime_operator.py
[2023-05-17 16:50:12,924] {processor.py:651} INFO - DAG(s) dict_keys(['example_branch_datetime_operator_2']) retrieved from /home/airflow/.local/lib/python3.7/site-packages/airflow/example_dags/example_branch_datetime_operator.py
[2023-05-17 16:50:12,958] {logging_mixin.py:115} INFO - [2023-05-17 16:50:12,958] {dag.py:2371} INFO - Sync 1 DAGs
[2023-05-17 16:50:12,986] {logging_mixin.py:115} INFO - [2023-05-17 16:50:12,986] {dag.py:2919} INFO - Setting next_dagrun for example_branch_datetime_operator_2 to 2023-05-16T00:00:00+00:00, run_after=2023-05-17T00:00:00+00:00
[2023-05-17 16:50:13,005] {processor.py:161} INFO - Processing /home/airflow/.local/lib/python3.7/site-packages/airflow/example_dags/example_branch_datetime_operator.py took 0.098 seconds
[2023-05-17 16:50:43,308] {processor.py:153} INFO - Started process (PID=1186) to work on /home/airflow/.local/lib/python3.7/site-packages/airflow/example_dags/example_branch_datetime_operator.py
[2023-05-17 16:50:43,327] {processor.py:641} INFO - Processing file /home/airflow/.local/lib/python3.7/site-packages/airflow/example_dags/example_branch_datetime_operator.py for tasks to queue
[2023-05-17 16:50:43,332] {logging_mixin.py:115} INFO - [2023-05-17 16:50:43,331] {dagbag.py:507} INFO - Filling up the DagBag from /home/airflow/.local/lib/python3.7/site-packages/airflow/example_dags/example_branch_datetime_operator.py
[2023-05-17 16:50:43,360] {processor.py:651} INFO - DAG(s) dict_keys(['example_branch_datetime_operator_2']) retrieved from /home/airflow/.local/lib/python3.7/site-packages/airflow/example_dags/example_branch_datetime_operator.py
[2023-05-17 16:50:43,437] {logging_mixin.py:115} INFO - [2023-05-17 16:50:43,437] {dag.py:2371} INFO - Sync 1 DAGs
[2023-05-17 16:50:43,539] {logging_mixin.py:115} INFO - [2023-05-17 16:50:43,539] {dag.py:2919} INFO - Setting next_dagrun for example_branch_datetime_operator_2 to 2023-05-16T00:00:00+00:00, run_after=2023-05-17T00:00:00+00:00
[2023-05-17 16:50:43,591] {processor.py:161} INFO - Processing /home/airflow/.local/lib/python3.7/site-packages/airflow/example_dags/example_branch_datetime_operator.py took 0.291 seconds
[2023-05-17 16:51:13,633] {processor.py:153} INFO - Started process (PID=1242) to work on /home/airflow/.local/lib/python3.7/site-packages/airflow/example_dags/example_branch_datetime_operator.py
[2023-05-17 16:51:13,635] {processor.py:641} INFO - Processing file /home/airflow/.local/lib/python3.7/site-packages/airflow/example_dags/example_branch_datetime_operator.py for tasks to queue
[2023-05-17 16:51:13,636] {logging_mixin.py:115} INFO - [2023-05-17 16:51:13,636] {dagbag.py:507} INFO - Filling up the DagBag from /home/airflow/.local/lib/python3.7/site-packages/airflow/example_dags/example_branch_datetime_operator.py
[2023-05-17 16:51:13,646] {processor.py:651} INFO - DAG(s) dict_keys(['example_branch_datetime_operator_2']) retrieved from /home/airflow/.local/lib/python3.7/site-packages/airflow/example_dags/example_branch_datetime_operator.py
[2023-05-17 16:51:13,679] {logging_mixin.py:115} INFO - [2023-05-17 16:51:13,679] {dag.py:2371} INFO - Sync 1 DAGs
[2023-05-17 16:51:13,711] {logging_mixin.py:115} INFO - [2023-05-17 16:51:13,711] {dag.py:2919} INFO - Setting next_dagrun for example_branch_datetime_operator_2 to 2023-05-16T00:00:00+00:00, run_after=2023-05-17T00:00:00+00:00
[2023-05-17 16:51:13,728] {processor.py:161} INFO - Processing /home/airflow/.local/lib/python3.7/site-packages/airflow/example_dags/example_branch_datetime_operator.py took 0.099 seconds
[2023-05-17 16:51:44,385] {processor.py:153} INFO - Started process (PID=1310) to work on /home/airflow/.local/lib/python3.7/site-packages/airflow/example_dags/example_branch_datetime_operator.py
[2023-05-17 16:51:44,391] {processor.py:641} INFO - Processing file /home/airflow/.local/lib/python3.7/site-packages/airflow/example_dags/example_branch_datetime_operator.py for tasks to queue
[2023-05-17 16:51:44,395] {logging_mixin.py:115} INFO - [2023-05-17 16:51:44,394] {dagbag.py:507} INFO - Filling up the DagBag from /home/airflow/.local/lib/python3.7/site-packages/airflow/example_dags/example_branch_datetime_operator.py
[2023-05-17 16:51:44,429] {processor.py:651} INFO - DAG(s) dict_keys(['example_branch_datetime_operator_2']) retrieved from /home/airflow/.local/lib/python3.7/site-packages/airflow/example_dags/example_branch_datetime_operator.py
[2023-05-17 16:51:44,523] {logging_mixin.py:115} INFO - [2023-05-17 16:51:44,522] {dag.py:2371} INFO - Sync 1 DAGs
[2023-05-17 16:51:44,685] {logging_mixin.py:115} INFO - [2023-05-17 16:51:44,685] {dag.py:2919} INFO - Setting next_dagrun for example_branch_datetime_operator_2 to 2023-05-16T00:00:00+00:00, run_after=2023-05-17T00:00:00+00:00
[2023-05-17 16:51:44,752] {processor.py:161} INFO - Processing /home/airflow/.local/lib/python3.7/site-packages/airflow/example_dags/example_branch_datetime_operator.py took 0.374 seconds
[2023-05-17 16:52:14,824] {processor.py:153} INFO - Started process (PID=1365) to work on /home/airflow/.local/lib/python3.7/site-packages/airflow/example_dags/example_branch_datetime_operator.py
[2023-05-17 16:52:14,826] {processor.py:641} INFO - Processing file /home/airflow/.local/lib/python3.7/site-packages/airflow/example_dags/example_branch_datetime_operator.py for tasks to queue
[2023-05-17 16:52:14,827] {logging_mixin.py:115} INFO - [2023-05-17 16:52:14,827] {dagbag.py:507} INFO - Filling up the DagBag from /home/airflow/.local/lib/python3.7/site-packages/airflow/example_dags/example_branch_datetime_operator.py
[2023-05-17 16:52:14,836] {processor.py:651} INFO - DAG(s) dict_keys(['example_branch_datetime_operator_2']) retrieved from /home/airflow/.local/lib/python3.7/site-packages/airflow/example_dags/example_branch_datetime_operator.py
[2023-05-17 16:52:14,874] {logging_mixin.py:115} INFO - [2023-05-17 16:52:14,874] {dag.py:2371} INFO - Sync 1 DAGs
[2023-05-17 16:52:14,901] {logging_mixin.py:115} INFO - [2023-05-17 16:52:14,901] {dag.py:2919} INFO - Setting next_dagrun for example_branch_datetime_operator_2 to 2023-05-16T00:00:00+00:00, run_after=2023-05-17T00:00:00+00:00
[2023-05-17 16:52:14,914] {processor.py:161} INFO - Processing /home/airflow/.local/lib/python3.7/site-packages/airflow/example_dags/example_branch_datetime_operator.py took 0.096 seconds
[2023-05-17 16:52:45,364] {processor.py:153} INFO - Started process (PID=1428) to work on /home/airflow/.local/lib/python3.7/site-packages/airflow/example_dags/example_branch_datetime_operator.py
[2023-05-17 16:52:45,367] {processor.py:641} INFO - Processing file /home/airflow/.local/lib/python3.7/site-packages/airflow/example_dags/example_branch_datetime_operator.py for tasks to queue
[2023-05-17 16:52:45,368] {logging_mixin.py:115} INFO - [2023-05-17 16:52:45,368] {dagbag.py:507} INFO - Filling up the DagBag from /home/airflow/.local/lib/python3.7/site-packages/airflow/example_dags/example_branch_datetime_operator.py
[2023-05-17 16:52:45,386] {processor.py:651} INFO - DAG(s) dict_keys(['example_branch_datetime_operator_2']) retrieved from /home/airflow/.local/lib/python3.7/site-packages/airflow/example_dags/example_branch_datetime_operator.py
[2023-05-17 16:52:45,446] {logging_mixin.py:115} INFO - [2023-05-17 16:52:45,446] {dag.py:2371} INFO - Sync 1 DAGs
[2023-05-17 16:52:45,503] {logging_mixin.py:115} INFO - [2023-05-17 16:52:45,503] {dag.py:2919} INFO - Setting next_dagrun for example_branch_datetime_operator_2 to 2023-05-16T00:00:00+00:00, run_after=2023-05-17T00:00:00+00:00
[2023-05-17 16:52:45,584] {processor.py:161} INFO - Processing /home/airflow/.local/lib/python3.7/site-packages/airflow/example_dags/example_branch_datetime_operator.py took 0.227 seconds
[2023-05-17 16:53:16,561] {processor.py:153} INFO - Started process (PID=1489) to work on /home/airflow/.local/lib/python3.7/site-packages/airflow/example_dags/example_branch_datetime_operator.py
[2023-05-17 16:53:16,565] {processor.py:641} INFO - Processing file /home/airflow/.local/lib/python3.7/site-packages/airflow/example_dags/example_branch_datetime_operator.py for tasks to queue
[2023-05-17 16:53:16,568] {logging_mixin.py:115} INFO - [2023-05-17 16:53:16,567] {dagbag.py:507} INFO - Filling up the DagBag from /home/airflow/.local/lib/python3.7/site-packages/airflow/example_dags/example_branch_datetime_operator.py
[2023-05-17 16:53:16,598] {processor.py:651} INFO - DAG(s) dict_keys(['example_branch_datetime_operator_2']) retrieved from /home/airflow/.local/lib/python3.7/site-packages/airflow/example_dags/example_branch_datetime_operator.py
[2023-05-17 16:53:16,704] {logging_mixin.py:115} INFO - [2023-05-17 16:53:16,704] {dag.py:2371} INFO - Sync 1 DAGs
[2023-05-17 16:53:16,768] {logging_mixin.py:115} INFO - [2023-05-17 16:53:16,768] {dag.py:2919} INFO - Setting next_dagrun for example_branch_datetime_operator_2 to 2023-05-16T00:00:00+00:00, run_after=2023-05-17T00:00:00+00:00
[2023-05-17 16:53:16,814] {processor.py:161} INFO - Processing /home/airflow/.local/lib/python3.7/site-packages/airflow/example_dags/example_branch_datetime_operator.py took 0.260 seconds
[2023-05-17 16:53:47,610] {processor.py:153} INFO - Started process (PID=1554) to work on /home/airflow/.local/lib/python3.7/site-packages/airflow/example_dags/example_branch_datetime_operator.py
[2023-05-17 16:53:47,611] {processor.py:641} INFO - Processing file /home/airflow/.local/lib/python3.7/site-packages/airflow/example_dags/example_branch_datetime_operator.py for tasks to queue
[2023-05-17 16:53:47,612] {logging_mixin.py:115} INFO - [2023-05-17 16:53:47,612] {dagbag.py:507} INFO - Filling up the DagBag from /home/airflow/.local/lib/python3.7/site-packages/airflow/example_dags/example_branch_datetime_operator.py
[2023-05-17 16:53:47,622] {processor.py:651} INFO - DAG(s) dict_keys(['example_branch_datetime_operator_2']) retrieved from /home/airflow/.local/lib/python3.7/site-packages/airflow/example_dags/example_branch_datetime_operator.py
[2023-05-17 16:53:47,654] {logging_mixin.py:115} INFO - [2023-05-17 16:53:47,654] {dag.py:2371} INFO - Sync 1 DAGs
[2023-05-17 16:53:47,692] {logging_mixin.py:115} INFO - [2023-05-17 16:53:47,692] {dag.py:2919} INFO - Setting next_dagrun for example_branch_datetime_operator_2 to 2023-05-16T00:00:00+00:00, run_after=2023-05-17T00:00:00+00:00
[2023-05-17 16:53:47,711] {processor.py:161} INFO - Processing /home/airflow/.local/lib/python3.7/site-packages/airflow/example_dags/example_branch_datetime_operator.py took 0.105 seconds
[2023-05-17 16:54:18,648] {processor.py:153} INFO - Started process (PID=1609) to work on /home/airflow/.local/lib/python3.7/site-packages/airflow/example_dags/example_branch_datetime_operator.py
[2023-05-17 16:54:18,650] {processor.py:641} INFO - Processing file /home/airflow/.local/lib/python3.7/site-packages/airflow/example_dags/example_branch_datetime_operator.py for tasks to queue
[2023-05-17 16:54:18,652] {logging_mixin.py:115} INFO - [2023-05-17 16:54:18,652] {dagbag.py:507} INFO - Filling up the DagBag from /home/airflow/.local/lib/python3.7/site-packages/airflow/example_dags/example_branch_datetime_operator.py
[2023-05-17 16:54:18,664] {processor.py:651} INFO - DAG(s) dict_keys(['example_branch_datetime_operator_2']) retrieved from /home/airflow/.local/lib/python3.7/site-packages/airflow/example_dags/example_branch_datetime_operator.py
[2023-05-17 16:54:18,708] {logging_mixin.py:115} INFO - [2023-05-17 16:54:18,708] {dag.py:2371} INFO - Sync 1 DAGs
[2023-05-17 16:54:18,738] {logging_mixin.py:115} INFO - [2023-05-17 16:54:18,737] {dag.py:2919} INFO - Setting next_dagrun for example_branch_datetime_operator_2 to 2023-05-16T00:00:00+00:00, run_after=2023-05-17T00:00:00+00:00
[2023-05-17 16:54:18,756] {processor.py:161} INFO - Processing /home/airflow/.local/lib/python3.7/site-packages/airflow/example_dags/example_branch_datetime_operator.py took 0.113 seconds
[2023-05-17 16:54:48,981] {processor.py:153} INFO - Started process (PID=1676) to work on /home/airflow/.local/lib/python3.7/site-packages/airflow/example_dags/example_branch_datetime_operator.py
[2023-05-17 16:54:48,983] {processor.py:641} INFO - Processing file /home/airflow/.local/lib/python3.7/site-packages/airflow/example_dags/example_branch_datetime_operator.py for tasks to queue
[2023-05-17 16:54:48,985] {logging_mixin.py:115} INFO - [2023-05-17 16:54:48,985] {dagbag.py:507} INFO - Filling up the DagBag from /home/airflow/.local/lib/python3.7/site-packages/airflow/example_dags/example_branch_datetime_operator.py
[2023-05-17 16:54:48,998] {processor.py:651} INFO - DAG(s) dict_keys(['example_branch_datetime_operator_2']) retrieved from /home/airflow/.local/lib/python3.7/site-packages/airflow/example_dags/example_branch_datetime_operator.py
[2023-05-17 16:54:49,035] {logging_mixin.py:115} INFO - [2023-05-17 16:54:49,035] {dag.py:2371} INFO - Sync 1 DAGs
[2023-05-17 16:54:49,104] {logging_mixin.py:115} INFO - [2023-05-17 16:54:49,103] {dag.py:2919} INFO - Setting next_dagrun for example_branch_datetime_operator_2 to 2023-05-16T00:00:00+00:00, run_after=2023-05-17T00:00:00+00:00
[2023-05-17 16:54:49,141] {processor.py:161} INFO - Processing /home/airflow/.local/lib/python3.7/site-packages/airflow/example_dags/example_branch_datetime_operator.py took 0.168 seconds
[2023-05-17 16:55:19,875] {processor.py:153} INFO - Started process (PID=1742) to work on /home/airflow/.local/lib/python3.7/site-packages/airflow/example_dags/example_branch_datetime_operator.py
[2023-05-17 16:55:19,876] {processor.py:641} INFO - Processing file /home/airflow/.local/lib/python3.7/site-packages/airflow/example_dags/example_branch_datetime_operator.py for tasks to queue
[2023-05-17 16:55:19,878] {logging_mixin.py:115} INFO - [2023-05-17 16:55:19,878] {dagbag.py:507} INFO - Filling up the DagBag from /home/airflow/.local/lib/python3.7/site-packages/airflow/example_dags/example_branch_datetime_operator.py
[2023-05-17 16:55:19,887] {processor.py:651} INFO - DAG(s) dict_keys(['example_branch_datetime_operator_2']) retrieved from /home/airflow/.local/lib/python3.7/site-packages/airflow/example_dags/example_branch_datetime_operator.py
[2023-05-17 16:55:19,922] {logging_mixin.py:115} INFO - [2023-05-17 16:55:19,922] {dag.py:2371} INFO - Sync 1 DAGs
[2023-05-17 16:55:19,953] {logging_mixin.py:115} INFO - [2023-05-17 16:55:19,953] {dag.py:2919} INFO - Setting next_dagrun for example_branch_datetime_operator_2 to 2023-05-16T00:00:00+00:00, run_after=2023-05-17T00:00:00+00:00
[2023-05-17 16:55:20,011] {processor.py:161} INFO - Processing /home/airflow/.local/lib/python3.7/site-packages/airflow/example_dags/example_branch_datetime_operator.py took 0.141 seconds
