[2023-05-17T16:28:30.438+0000] {processor.py:157} INFO - Started process (PID=69) to work on /home/airflow/.local/lib/python3.7/site-packages/airflow/example_dags/example_short_circuit_operator.py
[2023-05-17T16:28:30.441+0000] {processor.py:826} INFO - Processing file /home/airflow/.local/lib/python3.7/site-packages/airflow/example_dags/example_short_circuit_operator.py for tasks to queue
[2023-05-17T16:28:30.444+0000] {logging_mixin.py:149} INFO - [2023-05-17T16:28:30.443+0000] {dagbag.py:541} INFO - Filling up the DagBag from /home/airflow/.local/lib/python3.7/site-packages/airflow/example_dags/example_short_circuit_operator.py
[2023-05-17T16:28:30.463+0000] {processor.py:836} INFO - DAG(s) dict_keys(['example_short_circuit_operator']) retrieved from /home/airflow/.local/lib/python3.7/site-packages/airflow/example_dags/example_short_circuit_operator.py
[2023-05-17T16:28:30.531+0000] {logging_mixin.py:149} INFO - [2023-05-17T16:28:30.531+0000] {dag.py:2726} INFO - Sync 1 DAGs
[2023-05-17T16:28:30.578+0000] {logging_mixin.py:149} INFO - [2023-05-17T16:28:30.578+0000] {dag.py:3490} INFO - Setting next_dagrun for example_short_circuit_operator to 2023-05-16T16:28:30.577618+00:00, run_after=2023-05-17T16:28:30.577618+00:00
[2023-05-17T16:28:30.615+0000] {processor.py:179} INFO - Processing /home/airflow/.local/lib/python3.7/site-packages/airflow/example_dags/example_short_circuit_operator.py took 0.182 seconds
[2023-05-17T16:29:01.787+0000] {processor.py:157} INFO - Started process (PID=125) to work on /home/airflow/.local/lib/python3.7/site-packages/airflow/example_dags/example_short_circuit_operator.py
[2023-05-17T16:29:01.828+0000] {processor.py:826} INFO - Processing file /home/airflow/.local/lib/python3.7/site-packages/airflow/example_dags/example_short_circuit_operator.py for tasks to queue
[2023-05-17T16:29:01.847+0000] {logging_mixin.py:149} INFO - [2023-05-17T16:29:01.847+0000] {dagbag.py:541} INFO - Filling up the DagBag from /home/airflow/.local/lib/python3.7/site-packages/airflow/example_dags/example_short_circuit_operator.py
[2023-05-17T16:29:01.880+0000] {processor.py:836} INFO - DAG(s) dict_keys(['example_short_circuit_operator']) retrieved from /home/airflow/.local/lib/python3.7/site-packages/airflow/example_dags/example_short_circuit_operator.py
[2023-05-17T16:29:01.924+0000] {logging_mixin.py:149} INFO - [2023-05-17T16:29:01.923+0000] {dag.py:2726} INFO - Sync 1 DAGs
[2023-05-17T16:29:01.959+0000] {logging_mixin.py:149} INFO - [2023-05-17T16:29:01.959+0000] {dag.py:3490} INFO - Setting next_dagrun for example_short_circuit_operator to 2023-05-16T16:29:01.958878+00:00, run_after=2023-05-17T16:29:01.958878+00:00
[2023-05-17T16:29:02.048+0000] {processor.py:179} INFO - Processing /home/airflow/.local/lib/python3.7/site-packages/airflow/example_dags/example_short_circuit_operator.py took 0.271 seconds
[2023-05-17 16:35:43,104] {processor.py:153} INFO - Started process (PID=89) to work on /home/airflow/.local/lib/python3.7/site-packages/airflow/example_dags/example_short_circuit_operator.py
[2023-05-17 16:35:43,106] {processor.py:641} INFO - Processing file /home/airflow/.local/lib/python3.7/site-packages/airflow/example_dags/example_short_circuit_operator.py for tasks to queue
[2023-05-17 16:35:43,108] {logging_mixin.py:115} INFO - [2023-05-17 16:35:43,108] {dagbag.py:507} INFO - Filling up the DagBag from /home/airflow/.local/lib/python3.7/site-packages/airflow/example_dags/example_short_circuit_operator.py
[2023-05-17 16:35:43,132] {processor.py:651} INFO - DAG(s) dict_keys(['example_short_circuit_operator']) retrieved from /home/airflow/.local/lib/python3.7/site-packages/airflow/example_dags/example_short_circuit_operator.py
[2023-05-17 16:35:43,478] {logging_mixin.py:115} INFO - [2023-05-17 16:35:43,478] {manager.py:508} INFO - Created Permission View: can read on DAG:example_short_circuit_operator
[2023-05-17 16:35:43,504] {logging_mixin.py:115} INFO - [2023-05-17 16:35:43,503] {manager.py:508} INFO - Created Permission View: can delete on DAG:example_short_circuit_operator
[2023-05-17 16:35:43,525] {logging_mixin.py:115} INFO - [2023-05-17 16:35:43,524] {manager.py:508} INFO - Created Permission View: can edit on DAG:example_short_circuit_operator
[2023-05-17 16:35:43,527] {logging_mixin.py:115} INFO - [2023-05-17 16:35:43,527] {dag.py:2371} INFO - Sync 1 DAGs
[2023-05-17 16:35:43,538] {logging_mixin.py:115} INFO - [2023-05-17 16:35:43,537] {dag.py:2390} INFO - Creating ORM DAG for example_short_circuit_operator
[2023-05-17 16:35:43,559] {logging_mixin.py:115} INFO - [2023-05-17 16:35:43,559] {dag.py:2919} INFO - Setting next_dagrun for example_short_circuit_operator to 2023-05-16T16:35:43.559168+00:00, run_after=2023-05-17T16:35:43.559168+00:00
[2023-05-17 16:35:43,597] {processor.py:161} INFO - Processing /home/airflow/.local/lib/python3.7/site-packages/airflow/example_dags/example_short_circuit_operator.py took 0.498 seconds
[2023-05-17 16:38:51,396] {processor.py:153} INFO - Started process (PID=214) to work on /home/airflow/.local/lib/python3.7/site-packages/airflow/example_dags/example_short_circuit_operator.py
[2023-05-17 16:38:51,405] {processor.py:641} INFO - Processing file /home/airflow/.local/lib/python3.7/site-packages/airflow/example_dags/example_short_circuit_operator.py for tasks to queue
[2023-05-17 16:38:51,411] {logging_mixin.py:115} INFO - [2023-05-17 16:38:51,411] {dagbag.py:507} INFO - Filling up the DagBag from /home/airflow/.local/lib/python3.7/site-packages/airflow/example_dags/example_short_circuit_operator.py
[2023-05-17 16:38:51,855] {processor.py:651} INFO - DAG(s) dict_keys(['example_short_circuit_operator']) retrieved from /home/airflow/.local/lib/python3.7/site-packages/airflow/example_dags/example_short_circuit_operator.py
[2023-05-17 16:38:59,215] {logging_mixin.py:115} INFO - [2023-05-17 16:38:59,212] {dag.py:2371} INFO - Sync 1 DAGs
[2023-05-17 16:38:59,991] {logging_mixin.py:115} INFO - [2023-05-17 16:38:59,991] {dag.py:2919} INFO - Setting next_dagrun for example_short_circuit_operator to 2023-05-16T16:38:59.980545+00:00, run_after=2023-05-17T16:38:59.980545+00:00
[2023-05-17 16:39:42,222] {processor.py:161} INFO - Processing /home/airflow/.local/lib/python3.7/site-packages/airflow/example_dags/example_short_circuit_operator.py took 50.897 seconds
[2023-05-17 16:41:00,063] {processor.py:153} INFO - Started process (PID=68) to work on /home/airflow/.local/lib/python3.7/site-packages/airflow/example_dags/example_short_circuit_operator.py
[2023-05-17 16:41:00,066] {processor.py:641} INFO - Processing file /home/airflow/.local/lib/python3.7/site-packages/airflow/example_dags/example_short_circuit_operator.py for tasks to queue
[2023-05-17 16:41:00,069] {logging_mixin.py:115} INFO - [2023-05-17 16:41:00,069] {dagbag.py:507} INFO - Filling up the DagBag from /home/airflow/.local/lib/python3.7/site-packages/airflow/example_dags/example_short_circuit_operator.py
[2023-05-17 16:41:00,110] {processor.py:651} INFO - DAG(s) dict_keys(['example_short_circuit_operator']) retrieved from /home/airflow/.local/lib/python3.7/site-packages/airflow/example_dags/example_short_circuit_operator.py
[2023-05-17 16:41:00,219] {logging_mixin.py:115} INFO - [2023-05-17 16:41:00,219] {dag.py:2371} INFO - Sync 1 DAGs
[2023-05-17 16:41:00,325] {logging_mixin.py:115} INFO - [2023-05-17 16:41:00,324] {dag.py:2919} INFO - Setting next_dagrun for example_short_circuit_operator to 2023-05-16T16:41:00.322135+00:00, run_after=2023-05-17T16:41:00.322135+00:00
[2023-05-17 16:41:00,366] {processor.py:161} INFO - Processing /home/airflow/.local/lib/python3.7/site-packages/airflow/example_dags/example_short_circuit_operator.py took 0.313 seconds
[2023-05-17 16:41:32,737] {processor.py:153} INFO - Started process (PID=131) to work on /home/airflow/.local/lib/python3.7/site-packages/airflow/example_dags/example_short_circuit_operator.py
[2023-05-17 16:41:32,741] {processor.py:641} INFO - Processing file /home/airflow/.local/lib/python3.7/site-packages/airflow/example_dags/example_short_circuit_operator.py for tasks to queue
[2023-05-17 16:41:32,744] {logging_mixin.py:115} INFO - [2023-05-17 16:41:32,744] {dagbag.py:507} INFO - Filling up the DagBag from /home/airflow/.local/lib/python3.7/site-packages/airflow/example_dags/example_short_circuit_operator.py
[2023-05-17 16:41:32,775] {processor.py:651} INFO - DAG(s) dict_keys(['example_short_circuit_operator']) retrieved from /home/airflow/.local/lib/python3.7/site-packages/airflow/example_dags/example_short_circuit_operator.py
[2023-05-17 16:41:32,858] {logging_mixin.py:115} INFO - [2023-05-17 16:41:32,858] {dag.py:2371} INFO - Sync 1 DAGs
[2023-05-17 16:41:32,946] {logging_mixin.py:115} INFO - [2023-05-17 16:41:32,946] {dag.py:2919} INFO - Setting next_dagrun for example_short_circuit_operator to 2023-05-16T16:41:32.946114+00:00, run_after=2023-05-17T16:41:32.946114+00:00
[2023-05-17 16:41:33,014] {processor.py:161} INFO - Processing /home/airflow/.local/lib/python3.7/site-packages/airflow/example_dags/example_short_circuit_operator.py took 0.297 seconds
[2023-05-17 16:42:03,740] {processor.py:153} INFO - Started process (PID=184) to work on /home/airflow/.local/lib/python3.7/site-packages/airflow/example_dags/example_short_circuit_operator.py
[2023-05-17 16:42:03,744] {processor.py:641} INFO - Processing file /home/airflow/.local/lib/python3.7/site-packages/airflow/example_dags/example_short_circuit_operator.py for tasks to queue
[2023-05-17 16:42:03,747] {logging_mixin.py:115} INFO - [2023-05-17 16:42:03,747] {dagbag.py:507} INFO - Filling up the DagBag from /home/airflow/.local/lib/python3.7/site-packages/airflow/example_dags/example_short_circuit_operator.py
[2023-05-17 16:42:03,763] {processor.py:651} INFO - DAG(s) dict_keys(['example_short_circuit_operator']) retrieved from /home/airflow/.local/lib/python3.7/site-packages/airflow/example_dags/example_short_circuit_operator.py
[2023-05-17 16:42:03,829] {logging_mixin.py:115} INFO - [2023-05-17 16:42:03,829] {dag.py:2371} INFO - Sync 1 DAGs
[2023-05-17 16:42:03,861] {logging_mixin.py:115} INFO - [2023-05-17 16:42:03,860] {dag.py:2919} INFO - Setting next_dagrun for example_short_circuit_operator to 2023-05-16T16:42:03.860704+00:00, run_after=2023-05-17T16:42:03.860704+00:00
[2023-05-17 16:42:03,877] {processor.py:161} INFO - Processing /home/airflow/.local/lib/python3.7/site-packages/airflow/example_dags/example_short_circuit_operator.py took 0.142 seconds
[2023-05-17 16:42:33,925] {processor.py:153} INFO - Started process (PID=247) to work on /home/airflow/.local/lib/python3.7/site-packages/airflow/example_dags/example_short_circuit_operator.py
[2023-05-17 16:42:33,927] {processor.py:641} INFO - Processing file /home/airflow/.local/lib/python3.7/site-packages/airflow/example_dags/example_short_circuit_operator.py for tasks to queue
[2023-05-17 16:42:33,928] {logging_mixin.py:115} INFO - [2023-05-17 16:42:33,928] {dagbag.py:507} INFO - Filling up the DagBag from /home/airflow/.local/lib/python3.7/site-packages/airflow/example_dags/example_short_circuit_operator.py
[2023-05-17 16:42:33,942] {processor.py:651} INFO - DAG(s) dict_keys(['example_short_circuit_operator']) retrieved from /home/airflow/.local/lib/python3.7/site-packages/airflow/example_dags/example_short_circuit_operator.py
[2023-05-17 16:42:33,978] {logging_mixin.py:115} INFO - [2023-05-17 16:42:33,978] {dag.py:2371} INFO - Sync 1 DAGs
[2023-05-17 16:42:34,005] {logging_mixin.py:115} INFO - [2023-05-17 16:42:34,005] {dag.py:2919} INFO - Setting next_dagrun for example_short_circuit_operator to 2023-05-16T16:42:34.005254+00:00, run_after=2023-05-17T16:42:34.005254+00:00
[2023-05-17 16:42:34,022] {processor.py:161} INFO - Processing /home/airflow/.local/lib/python3.7/site-packages/airflow/example_dags/example_short_circuit_operator.py took 0.103 seconds
[2023-05-17 16:43:04,727] {processor.py:153} INFO - Started process (PID=302) to work on /home/airflow/.local/lib/python3.7/site-packages/airflow/example_dags/example_short_circuit_operator.py
[2023-05-17 16:43:04,729] {processor.py:641} INFO - Processing file /home/airflow/.local/lib/python3.7/site-packages/airflow/example_dags/example_short_circuit_operator.py for tasks to queue
[2023-05-17 16:43:04,731] {logging_mixin.py:115} INFO - [2023-05-17 16:43:04,731] {dagbag.py:507} INFO - Filling up the DagBag from /home/airflow/.local/lib/python3.7/site-packages/airflow/example_dags/example_short_circuit_operator.py
[2023-05-17 16:43:04,745] {processor.py:651} INFO - DAG(s) dict_keys(['example_short_circuit_operator']) retrieved from /home/airflow/.local/lib/python3.7/site-packages/airflow/example_dags/example_short_circuit_operator.py
[2023-05-17 16:43:04,789] {logging_mixin.py:115} INFO - [2023-05-17 16:43:04,789] {dag.py:2371} INFO - Sync 1 DAGs
[2023-05-17 16:43:04,820] {logging_mixin.py:115} INFO - [2023-05-17 16:43:04,820] {dag.py:2919} INFO - Setting next_dagrun for example_short_circuit_operator to 2023-05-16T16:43:04.820241+00:00, run_after=2023-05-17T16:43:04.820241+00:00
[2023-05-17 16:43:04,842] {processor.py:161} INFO - Processing /home/airflow/.local/lib/python3.7/site-packages/airflow/example_dags/example_short_circuit_operator.py took 0.119 seconds
[2023-05-17 16:43:35,210] {processor.py:153} INFO - Started process (PID=364) to work on /home/airflow/.local/lib/python3.7/site-packages/airflow/example_dags/example_short_circuit_operator.py
[2023-05-17 16:43:35,212] {processor.py:641} INFO - Processing file /home/airflow/.local/lib/python3.7/site-packages/airflow/example_dags/example_short_circuit_operator.py for tasks to queue
[2023-05-17 16:43:35,213] {logging_mixin.py:115} INFO - [2023-05-17 16:43:35,213] {dagbag.py:507} INFO - Filling up the DagBag from /home/airflow/.local/lib/python3.7/site-packages/airflow/example_dags/example_short_circuit_operator.py
[2023-05-17 16:43:35,223] {processor.py:651} INFO - DAG(s) dict_keys(['example_short_circuit_operator']) retrieved from /home/airflow/.local/lib/python3.7/site-packages/airflow/example_dags/example_short_circuit_operator.py
[2023-05-17 16:43:35,256] {logging_mixin.py:115} INFO - [2023-05-17 16:43:35,256] {dag.py:2371} INFO - Sync 1 DAGs
[2023-05-17 16:43:35,279] {logging_mixin.py:115} INFO - [2023-05-17 16:43:35,279] {dag.py:2919} INFO - Setting next_dagrun for example_short_circuit_operator to 2023-05-16T16:43:35.279261+00:00, run_after=2023-05-17T16:43:35.279261+00:00
[2023-05-17 16:43:35,296] {processor.py:161} INFO - Processing /home/airflow/.local/lib/python3.7/site-packages/airflow/example_dags/example_short_circuit_operator.py took 0.090 seconds
[2023-05-17 16:44:05,788] {processor.py:153} INFO - Started process (PID=417) to work on /home/airflow/.local/lib/python3.7/site-packages/airflow/example_dags/example_short_circuit_operator.py
[2023-05-17 16:44:05,790] {processor.py:641} INFO - Processing file /home/airflow/.local/lib/python3.7/site-packages/airflow/example_dags/example_short_circuit_operator.py for tasks to queue
[2023-05-17 16:44:05,791] {logging_mixin.py:115} INFO - [2023-05-17 16:44:05,791] {dagbag.py:507} INFO - Filling up the DagBag from /home/airflow/.local/lib/python3.7/site-packages/airflow/example_dags/example_short_circuit_operator.py
[2023-05-17 16:44:05,806] {processor.py:651} INFO - DAG(s) dict_keys(['example_short_circuit_operator']) retrieved from /home/airflow/.local/lib/python3.7/site-packages/airflow/example_dags/example_short_circuit_operator.py
[2023-05-17 16:44:05,842] {logging_mixin.py:115} INFO - [2023-05-17 16:44:05,842] {dag.py:2371} INFO - Sync 1 DAGs
[2023-05-17 16:44:05,870] {logging_mixin.py:115} INFO - [2023-05-17 16:44:05,869] {dag.py:2919} INFO - Setting next_dagrun for example_short_circuit_operator to 2023-05-16T16:44:05.869619+00:00, run_after=2023-05-17T16:44:05.869619+00:00
[2023-05-17 16:44:05,889] {processor.py:161} INFO - Processing /home/airflow/.local/lib/python3.7/site-packages/airflow/example_dags/example_short_circuit_operator.py took 0.108 seconds
[2023-05-17 16:44:36,604] {processor.py:153} INFO - Started process (PID=480) to work on /home/airflow/.local/lib/python3.7/site-packages/airflow/example_dags/example_short_circuit_operator.py
[2023-05-17 16:44:36,606] {processor.py:641} INFO - Processing file /home/airflow/.local/lib/python3.7/site-packages/airflow/example_dags/example_short_circuit_operator.py for tasks to queue
[2023-05-17 16:44:36,608] {logging_mixin.py:115} INFO - [2023-05-17 16:44:36,608] {dagbag.py:507} INFO - Filling up the DagBag from /home/airflow/.local/lib/python3.7/site-packages/airflow/example_dags/example_short_circuit_operator.py
[2023-05-17 16:44:36,622] {processor.py:651} INFO - DAG(s) dict_keys(['example_short_circuit_operator']) retrieved from /home/airflow/.local/lib/python3.7/site-packages/airflow/example_dags/example_short_circuit_operator.py
[2023-05-17 16:44:36,662] {logging_mixin.py:115} INFO - [2023-05-17 16:44:36,662] {dag.py:2371} INFO - Sync 1 DAGs
[2023-05-17 16:44:36,699] {logging_mixin.py:115} INFO - [2023-05-17 16:44:36,699] {dag.py:2919} INFO - Setting next_dagrun for example_short_circuit_operator to 2023-05-16T16:44:36.698973+00:00, run_after=2023-05-17T16:44:36.698973+00:00
[2023-05-17 16:44:36,728] {processor.py:161} INFO - Processing /home/airflow/.local/lib/python3.7/site-packages/airflow/example_dags/example_short_circuit_operator.py took 0.137 seconds
[2023-05-17 16:45:06,837] {processor.py:153} INFO - Started process (PID=541) to work on /home/airflow/.local/lib/python3.7/site-packages/airflow/example_dags/example_short_circuit_operator.py
[2023-05-17 16:45:06,839] {processor.py:641} INFO - Processing file /home/airflow/.local/lib/python3.7/site-packages/airflow/example_dags/example_short_circuit_operator.py for tasks to queue
[2023-05-17 16:45:06,840] {logging_mixin.py:115} INFO - [2023-05-17 16:45:06,840] {dagbag.py:507} INFO - Filling up the DagBag from /home/airflow/.local/lib/python3.7/site-packages/airflow/example_dags/example_short_circuit_operator.py
[2023-05-17 16:45:06,853] {processor.py:651} INFO - DAG(s) dict_keys(['example_short_circuit_operator']) retrieved from /home/airflow/.local/lib/python3.7/site-packages/airflow/example_dags/example_short_circuit_operator.py
[2023-05-17 16:45:06,894] {logging_mixin.py:115} INFO - [2023-05-17 16:45:06,893] {dag.py:2371} INFO - Sync 1 DAGs
[2023-05-17 16:45:06,921] {logging_mixin.py:115} INFO - [2023-05-17 16:45:06,921] {dag.py:2919} INFO - Setting next_dagrun for example_short_circuit_operator to 2023-05-16T16:45:06.920989+00:00, run_after=2023-05-17T16:45:06.920989+00:00
[2023-05-17 16:45:06,942] {processor.py:161} INFO - Processing /home/airflow/.local/lib/python3.7/site-packages/airflow/example_dags/example_short_circuit_operator.py took 0.110 seconds
[2023-05-17 16:45:37,247] {processor.py:153} INFO - Started process (PID=596) to work on /home/airflow/.local/lib/python3.7/site-packages/airflow/example_dags/example_short_circuit_operator.py
[2023-05-17 16:45:37,249] {processor.py:641} INFO - Processing file /home/airflow/.local/lib/python3.7/site-packages/airflow/example_dags/example_short_circuit_operator.py for tasks to queue
[2023-05-17 16:45:37,252] {logging_mixin.py:115} INFO - [2023-05-17 16:45:37,252] {dagbag.py:507} INFO - Filling up the DagBag from /home/airflow/.local/lib/python3.7/site-packages/airflow/example_dags/example_short_circuit_operator.py
[2023-05-17 16:45:37,271] {processor.py:651} INFO - DAG(s) dict_keys(['example_short_circuit_operator']) retrieved from /home/airflow/.local/lib/python3.7/site-packages/airflow/example_dags/example_short_circuit_operator.py
[2023-05-17 16:45:37,328] {logging_mixin.py:115} INFO - [2023-05-17 16:45:37,328] {dag.py:2371} INFO - Sync 1 DAGs
[2023-05-17 16:45:37,380] {logging_mixin.py:115} INFO - [2023-05-17 16:45:37,380] {dag.py:2919} INFO - Setting next_dagrun for example_short_circuit_operator to 2023-05-16T16:45:37.379967+00:00, run_after=2023-05-17T16:45:37.379967+00:00
[2023-05-17 16:45:37,409] {processor.py:161} INFO - Processing /home/airflow/.local/lib/python3.7/site-packages/airflow/example_dags/example_short_circuit_operator.py took 0.168 seconds
[2023-05-17 16:46:07,902] {processor.py:153} INFO - Started process (PID=659) to work on /home/airflow/.local/lib/python3.7/site-packages/airflow/example_dags/example_short_circuit_operator.py
[2023-05-17 16:46:07,904] {processor.py:641} INFO - Processing file /home/airflow/.local/lib/python3.7/site-packages/airflow/example_dags/example_short_circuit_operator.py for tasks to queue
[2023-05-17 16:46:07,906] {logging_mixin.py:115} INFO - [2023-05-17 16:46:07,905] {dagbag.py:507} INFO - Filling up the DagBag from /home/airflow/.local/lib/python3.7/site-packages/airflow/example_dags/example_short_circuit_operator.py
[2023-05-17 16:46:07,924] {processor.py:651} INFO - DAG(s) dict_keys(['example_short_circuit_operator']) retrieved from /home/airflow/.local/lib/python3.7/site-packages/airflow/example_dags/example_short_circuit_operator.py
[2023-05-17 16:46:07,967] {logging_mixin.py:115} INFO - [2023-05-17 16:46:07,967] {dag.py:2371} INFO - Sync 1 DAGs
[2023-05-17 16:46:07,990] {logging_mixin.py:115} INFO - [2023-05-17 16:46:07,990] {dag.py:2919} INFO - Setting next_dagrun for example_short_circuit_operator to 2023-05-16T16:46:07.989829+00:00, run_after=2023-05-17T16:46:07.989829+00:00
[2023-05-17 16:46:08,014] {processor.py:161} INFO - Processing /home/airflow/.local/lib/python3.7/site-packages/airflow/example_dags/example_short_circuit_operator.py took 0.115 seconds
[2023-05-17 16:46:39,457] {processor.py:153} INFO - Started process (PID=714) to work on /home/airflow/.local/lib/python3.7/site-packages/airflow/example_dags/example_short_circuit_operator.py
[2023-05-17 16:46:39,458] {processor.py:641} INFO - Processing file /home/airflow/.local/lib/python3.7/site-packages/airflow/example_dags/example_short_circuit_operator.py for tasks to queue
[2023-05-17 16:46:39,461] {logging_mixin.py:115} INFO - [2023-05-17 16:46:39,460] {dagbag.py:507} INFO - Filling up the DagBag from /home/airflow/.local/lib/python3.7/site-packages/airflow/example_dags/example_short_circuit_operator.py
[2023-05-17 16:46:39,474] {processor.py:651} INFO - DAG(s) dict_keys(['example_short_circuit_operator']) retrieved from /home/airflow/.local/lib/python3.7/site-packages/airflow/example_dags/example_short_circuit_operator.py
[2023-05-17 16:46:39,521] {logging_mixin.py:115} INFO - [2023-05-17 16:46:39,521] {dag.py:2371} INFO - Sync 1 DAGs
[2023-05-17 16:46:39,561] {logging_mixin.py:115} INFO - [2023-05-17 16:46:39,561] {dag.py:2919} INFO - Setting next_dagrun for example_short_circuit_operator to 2023-05-16T16:46:39.560557+00:00, run_after=2023-05-17T16:46:39.560557+00:00
[2023-05-17 16:46:39,586] {processor.py:161} INFO - Processing /home/airflow/.local/lib/python3.7/site-packages/airflow/example_dags/example_short_circuit_operator.py took 0.134 seconds
[2023-05-17 16:47:10,845] {processor.py:153} INFO - Started process (PID=777) to work on /home/airflow/.local/lib/python3.7/site-packages/airflow/example_dags/example_short_circuit_operator.py
[2023-05-17 16:47:10,847] {processor.py:641} INFO - Processing file /home/airflow/.local/lib/python3.7/site-packages/airflow/example_dags/example_short_circuit_operator.py for tasks to queue
[2023-05-17 16:47:10,848] {logging_mixin.py:115} INFO - [2023-05-17 16:47:10,848] {dagbag.py:507} INFO - Filling up the DagBag from /home/airflow/.local/lib/python3.7/site-packages/airflow/example_dags/example_short_circuit_operator.py
[2023-05-17 16:47:10,865] {processor.py:651} INFO - DAG(s) dict_keys(['example_short_circuit_operator']) retrieved from /home/airflow/.local/lib/python3.7/site-packages/airflow/example_dags/example_short_circuit_operator.py
[2023-05-17 16:47:10,921] {logging_mixin.py:115} INFO - [2023-05-17 16:47:10,921] {dag.py:2371} INFO - Sync 1 DAGs
[2023-05-17 16:47:10,970] {logging_mixin.py:115} INFO - [2023-05-17 16:47:10,969] {dag.py:2919} INFO - Setting next_dagrun for example_short_circuit_operator to 2023-05-16T16:47:10.969362+00:00, run_after=2023-05-17T16:47:10.969362+00:00
[2023-05-17 16:47:11,016] {processor.py:161} INFO - Processing /home/airflow/.local/lib/python3.7/site-packages/airflow/example_dags/example_short_circuit_operator.py took 0.177 seconds
[2023-05-17 16:47:43,472] {processor.py:153} INFO - Started process (PID=841) to work on /home/airflow/.local/lib/python3.7/site-packages/airflow/example_dags/example_short_circuit_operator.py
[2023-05-17 16:47:43,476] {processor.py:641} INFO - Processing file /home/airflow/.local/lib/python3.7/site-packages/airflow/example_dags/example_short_circuit_operator.py for tasks to queue
[2023-05-17 16:47:43,511] {logging_mixin.py:115} INFO - [2023-05-17 16:47:43,511] {dagbag.py:507} INFO - Filling up the DagBag from /home/airflow/.local/lib/python3.7/site-packages/airflow/example_dags/example_short_circuit_operator.py
[2023-05-17 16:47:43,565] {processor.py:651} INFO - DAG(s) dict_keys(['example_short_circuit_operator']) retrieved from /home/airflow/.local/lib/python3.7/site-packages/airflow/example_dags/example_short_circuit_operator.py
[2023-05-17 16:47:43,714] {logging_mixin.py:115} INFO - [2023-05-17 16:47:43,714] {dag.py:2371} INFO - Sync 1 DAGs
[2023-05-17 16:47:43,832] {logging_mixin.py:115} INFO - [2023-05-17 16:47:43,832] {dag.py:2919} INFO - Setting next_dagrun for example_short_circuit_operator to 2023-05-16T16:47:43.832235+00:00, run_after=2023-05-17T16:47:43.832235+00:00
[2023-05-17 16:47:43,875] {processor.py:161} INFO - Processing /home/airflow/.local/lib/python3.7/site-packages/airflow/example_dags/example_short_circuit_operator.py took 0.412 seconds
[2023-05-17 16:48:14,229] {processor.py:153} INFO - Started process (PID=897) to work on /home/airflow/.local/lib/python3.7/site-packages/airflow/example_dags/example_short_circuit_operator.py
[2023-05-17 16:48:14,232] {processor.py:641} INFO - Processing file /home/airflow/.local/lib/python3.7/site-packages/airflow/example_dags/example_short_circuit_operator.py for tasks to queue
[2023-05-17 16:48:14,234] {logging_mixin.py:115} INFO - [2023-05-17 16:48:14,234] {dagbag.py:507} INFO - Filling up the DagBag from /home/airflow/.local/lib/python3.7/site-packages/airflow/example_dags/example_short_circuit_operator.py
[2023-05-17 16:48:14,253] {processor.py:651} INFO - DAG(s) dict_keys(['example_short_circuit_operator']) retrieved from /home/airflow/.local/lib/python3.7/site-packages/airflow/example_dags/example_short_circuit_operator.py
[2023-05-17 16:48:14,316] {logging_mixin.py:115} INFO - [2023-05-17 16:48:14,315] {dag.py:2371} INFO - Sync 1 DAGs
[2023-05-17 16:48:14,384] {logging_mixin.py:115} INFO - [2023-05-17 16:48:14,384] {dag.py:2919} INFO - Setting next_dagrun for example_short_circuit_operator to 2023-05-16T16:48:14.384165+00:00, run_after=2023-05-17T16:48:14.384165+00:00
[2023-05-17 16:48:14,409] {processor.py:161} INFO - Processing /home/airflow/.local/lib/python3.7/site-packages/airflow/example_dags/example_short_circuit_operator.py took 0.186 seconds
[2023-05-17 16:48:44,679] {processor.py:153} INFO - Started process (PID=960) to work on /home/airflow/.local/lib/python3.7/site-packages/airflow/example_dags/example_short_circuit_operator.py
[2023-05-17 16:48:44,681] {processor.py:641} INFO - Processing file /home/airflow/.local/lib/python3.7/site-packages/airflow/example_dags/example_short_circuit_operator.py for tasks to queue
[2023-05-17 16:48:44,683] {logging_mixin.py:115} INFO - [2023-05-17 16:48:44,683] {dagbag.py:507} INFO - Filling up the DagBag from /home/airflow/.local/lib/python3.7/site-packages/airflow/example_dags/example_short_circuit_operator.py
[2023-05-17 16:48:44,703] {processor.py:651} INFO - DAG(s) dict_keys(['example_short_circuit_operator']) retrieved from /home/airflow/.local/lib/python3.7/site-packages/airflow/example_dags/example_short_circuit_operator.py
[2023-05-17 16:48:44,760] {logging_mixin.py:115} INFO - [2023-05-17 16:48:44,760] {dag.py:2371} INFO - Sync 1 DAGs
[2023-05-17 16:48:44,802] {logging_mixin.py:115} INFO - [2023-05-17 16:48:44,802] {dag.py:2919} INFO - Setting next_dagrun for example_short_circuit_operator to 2023-05-16T16:48:44.801433+00:00, run_after=2023-05-17T16:48:44.801433+00:00
[2023-05-17 16:48:44,828] {processor.py:161} INFO - Processing /home/airflow/.local/lib/python3.7/site-packages/airflow/example_dags/example_short_circuit_operator.py took 0.157 seconds
[2023-05-17 16:49:15,368] {processor.py:153} INFO - Started process (PID=1018) to work on /home/airflow/.local/lib/python3.7/site-packages/airflow/example_dags/example_short_circuit_operator.py
[2023-05-17 16:49:15,370] {processor.py:641} INFO - Processing file /home/airflow/.local/lib/python3.7/site-packages/airflow/example_dags/example_short_circuit_operator.py for tasks to queue
[2023-05-17 16:49:15,373] {logging_mixin.py:115} INFO - [2023-05-17 16:49:15,373] {dagbag.py:507} INFO - Filling up the DagBag from /home/airflow/.local/lib/python3.7/site-packages/airflow/example_dags/example_short_circuit_operator.py
[2023-05-17 16:49:15,388] {processor.py:651} INFO - DAG(s) dict_keys(['example_short_circuit_operator']) retrieved from /home/airflow/.local/lib/python3.7/site-packages/airflow/example_dags/example_short_circuit_operator.py
[2023-05-17 16:49:15,428] {logging_mixin.py:115} INFO - [2023-05-17 16:49:15,427] {dag.py:2371} INFO - Sync 1 DAGs
[2023-05-17 16:49:15,455] {logging_mixin.py:115} INFO - [2023-05-17 16:49:15,454] {dag.py:2919} INFO - Setting next_dagrun for example_short_circuit_operator to 2023-05-16T16:49:15.454661+00:00, run_after=2023-05-17T16:49:15.454661+00:00
[2023-05-17 16:49:15,472] {processor.py:161} INFO - Processing /home/airflow/.local/lib/python3.7/site-packages/airflow/example_dags/example_short_circuit_operator.py took 0.108 seconds
[2023-05-17 16:49:45,660] {processor.py:153} INFO - Started process (PID=1080) to work on /home/airflow/.local/lib/python3.7/site-packages/airflow/example_dags/example_short_circuit_operator.py
[2023-05-17 16:49:45,663] {processor.py:641} INFO - Processing file /home/airflow/.local/lib/python3.7/site-packages/airflow/example_dags/example_short_circuit_operator.py for tasks to queue
[2023-05-17 16:49:45,666] {logging_mixin.py:115} INFO - [2023-05-17 16:49:45,666] {dagbag.py:507} INFO - Filling up the DagBag from /home/airflow/.local/lib/python3.7/site-packages/airflow/example_dags/example_short_circuit_operator.py
[2023-05-17 16:49:45,681] {processor.py:651} INFO - DAG(s) dict_keys(['example_short_circuit_operator']) retrieved from /home/airflow/.local/lib/python3.7/site-packages/airflow/example_dags/example_short_circuit_operator.py
[2023-05-17 16:49:45,721] {logging_mixin.py:115} INFO - [2023-05-17 16:49:45,721] {dag.py:2371} INFO - Sync 1 DAGs
[2023-05-17 16:49:45,754] {logging_mixin.py:115} INFO - [2023-05-17 16:49:45,754] {dag.py:2919} INFO - Setting next_dagrun for example_short_circuit_operator to 2023-05-16T16:49:45.753702+00:00, run_after=2023-05-17T16:49:45.753702+00:00
[2023-05-17 16:49:45,772] {processor.py:161} INFO - Processing /home/airflow/.local/lib/python3.7/site-packages/airflow/example_dags/example_short_circuit_operator.py took 0.117 seconds
[2023-05-17 16:50:16,000] {processor.py:153} INFO - Started process (PID=1134) to work on /home/airflow/.local/lib/python3.7/site-packages/airflow/example_dags/example_short_circuit_operator.py
[2023-05-17 16:50:16,002] {processor.py:641} INFO - Processing file /home/airflow/.local/lib/python3.7/site-packages/airflow/example_dags/example_short_circuit_operator.py for tasks to queue
[2023-05-17 16:50:16,005] {logging_mixin.py:115} INFO - [2023-05-17 16:50:16,004] {dagbag.py:507} INFO - Filling up the DagBag from /home/airflow/.local/lib/python3.7/site-packages/airflow/example_dags/example_short_circuit_operator.py
[2023-05-17 16:50:16,015] {processor.py:651} INFO - DAG(s) dict_keys(['example_short_circuit_operator']) retrieved from /home/airflow/.local/lib/python3.7/site-packages/airflow/example_dags/example_short_circuit_operator.py
[2023-05-17 16:50:16,052] {logging_mixin.py:115} INFO - [2023-05-17 16:50:16,052] {dag.py:2371} INFO - Sync 1 DAGs
[2023-05-17 16:50:16,091] {logging_mixin.py:115} INFO - [2023-05-17 16:50:16,091] {dag.py:2919} INFO - Setting next_dagrun for example_short_circuit_operator to 2023-05-16T16:50:16.091044+00:00, run_after=2023-05-17T16:50:16.091044+00:00
[2023-05-17 16:50:16,124] {processor.py:161} INFO - Processing /home/airflow/.local/lib/python3.7/site-packages/airflow/example_dags/example_short_circuit_operator.py took 0.127 seconds
[2023-05-17 16:50:46,583] {processor.py:153} INFO - Started process (PID=1198) to work on /home/airflow/.local/lib/python3.7/site-packages/airflow/example_dags/example_short_circuit_operator.py
[2023-05-17 16:50:46,585] {processor.py:641} INFO - Processing file /home/airflow/.local/lib/python3.7/site-packages/airflow/example_dags/example_short_circuit_operator.py for tasks to queue
[2023-05-17 16:50:46,587] {logging_mixin.py:115} INFO - [2023-05-17 16:50:46,586] {dagbag.py:507} INFO - Filling up the DagBag from /home/airflow/.local/lib/python3.7/site-packages/airflow/example_dags/example_short_circuit_operator.py
[2023-05-17 16:50:46,604] {processor.py:651} INFO - DAG(s) dict_keys(['example_short_circuit_operator']) retrieved from /home/airflow/.local/lib/python3.7/site-packages/airflow/example_dags/example_short_circuit_operator.py
[2023-05-17 16:50:46,640] {logging_mixin.py:115} INFO - [2023-05-17 16:50:46,640] {dag.py:2371} INFO - Sync 1 DAGs
[2023-05-17 16:50:46,667] {logging_mixin.py:115} INFO - [2023-05-17 16:50:46,667] {dag.py:2919} INFO - Setting next_dagrun for example_short_circuit_operator to 2023-05-16T16:50:46.667388+00:00, run_after=2023-05-17T16:50:46.667388+00:00
[2023-05-17 16:50:46,683] {processor.py:161} INFO - Processing /home/airflow/.local/lib/python3.7/site-packages/airflow/example_dags/example_short_circuit_operator.py took 0.105 seconds
[2023-05-17 16:51:16,853] {processor.py:153} INFO - Started process (PID=1254) to work on /home/airflow/.local/lib/python3.7/site-packages/airflow/example_dags/example_short_circuit_operator.py
[2023-05-17 16:51:16,855] {processor.py:641} INFO - Processing file /home/airflow/.local/lib/python3.7/site-packages/airflow/example_dags/example_short_circuit_operator.py for tasks to queue
[2023-05-17 16:51:16,856] {logging_mixin.py:115} INFO - [2023-05-17 16:51:16,856] {dagbag.py:507} INFO - Filling up the DagBag from /home/airflow/.local/lib/python3.7/site-packages/airflow/example_dags/example_short_circuit_operator.py
[2023-05-17 16:51:16,866] {processor.py:651} INFO - DAG(s) dict_keys(['example_short_circuit_operator']) retrieved from /home/airflow/.local/lib/python3.7/site-packages/airflow/example_dags/example_short_circuit_operator.py
[2023-05-17 16:51:16,900] {logging_mixin.py:115} INFO - [2023-05-17 16:51:16,900] {dag.py:2371} INFO - Sync 1 DAGs
[2023-05-17 16:51:16,927] {logging_mixin.py:115} INFO - [2023-05-17 16:51:16,927] {dag.py:2919} INFO - Setting next_dagrun for example_short_circuit_operator to 2023-05-16T16:51:16.927103+00:00, run_after=2023-05-17T16:51:16.927103+00:00
[2023-05-17 16:51:16,942] {processor.py:161} INFO - Processing /home/airflow/.local/lib/python3.7/site-packages/airflow/example_dags/example_short_circuit_operator.py took 0.093 seconds
[2023-05-17 16:51:47,885] {processor.py:153} INFO - Started process (PID=1322) to work on /home/airflow/.local/lib/python3.7/site-packages/airflow/example_dags/example_short_circuit_operator.py
[2023-05-17 16:51:47,887] {processor.py:641} INFO - Processing file /home/airflow/.local/lib/python3.7/site-packages/airflow/example_dags/example_short_circuit_operator.py for tasks to queue
[2023-05-17 16:51:47,889] {logging_mixin.py:115} INFO - [2023-05-17 16:51:47,889] {dagbag.py:507} INFO - Filling up the DagBag from /home/airflow/.local/lib/python3.7/site-packages/airflow/example_dags/example_short_circuit_operator.py
[2023-05-17 16:51:47,913] {processor.py:651} INFO - DAG(s) dict_keys(['example_short_circuit_operator']) retrieved from /home/airflow/.local/lib/python3.7/site-packages/airflow/example_dags/example_short_circuit_operator.py
[2023-05-17 16:51:47,980] {logging_mixin.py:115} INFO - [2023-05-17 16:51:47,979] {dag.py:2371} INFO - Sync 1 DAGs
[2023-05-17 16:51:48,027] {logging_mixin.py:115} INFO - [2023-05-17 16:51:48,027] {dag.py:2919} INFO - Setting next_dagrun for example_short_circuit_operator to 2023-05-16T16:51:48.027032+00:00, run_after=2023-05-17T16:51:48.027032+00:00
[2023-05-17 16:51:48,060] {processor.py:161} INFO - Processing /home/airflow/.local/lib/python3.7/site-packages/airflow/example_dags/example_short_circuit_operator.py took 0.183 seconds
[2023-05-17 16:52:18,276] {processor.py:153} INFO - Started process (PID=1377) to work on /home/airflow/.local/lib/python3.7/site-packages/airflow/example_dags/example_short_circuit_operator.py
[2023-05-17 16:52:18,278] {processor.py:641} INFO - Processing file /home/airflow/.local/lib/python3.7/site-packages/airflow/example_dags/example_short_circuit_operator.py for tasks to queue
[2023-05-17 16:52:18,279] {logging_mixin.py:115} INFO - [2023-05-17 16:52:18,279] {dagbag.py:507} INFO - Filling up the DagBag from /home/airflow/.local/lib/python3.7/site-packages/airflow/example_dags/example_short_circuit_operator.py
[2023-05-17 16:52:18,288] {processor.py:651} INFO - DAG(s) dict_keys(['example_short_circuit_operator']) retrieved from /home/airflow/.local/lib/python3.7/site-packages/airflow/example_dags/example_short_circuit_operator.py
[2023-05-17 16:52:18,317] {logging_mixin.py:115} INFO - [2023-05-17 16:52:18,317] {dag.py:2371} INFO - Sync 1 DAGs
[2023-05-17 16:52:18,339] {logging_mixin.py:115} INFO - [2023-05-17 16:52:18,339] {dag.py:2919} INFO - Setting next_dagrun for example_short_circuit_operator to 2023-05-16T16:52:18.339582+00:00, run_after=2023-05-17T16:52:18.339582+00:00
[2023-05-17 16:52:18,357] {processor.py:161} INFO - Processing /home/airflow/.local/lib/python3.7/site-packages/airflow/example_dags/example_short_circuit_operator.py took 0.085 seconds
[2023-05-17 16:52:48,582] {processor.py:153} INFO - Started process (PID=1442) to work on /home/airflow/.local/lib/python3.7/site-packages/airflow/example_dags/example_short_circuit_operator.py
[2023-05-17 16:52:48,587] {processor.py:641} INFO - Processing file /home/airflow/.local/lib/python3.7/site-packages/airflow/example_dags/example_short_circuit_operator.py for tasks to queue
[2023-05-17 16:52:48,589] {logging_mixin.py:115} INFO - [2023-05-17 16:52:48,589] {dagbag.py:507} INFO - Filling up the DagBag from /home/airflow/.local/lib/python3.7/site-packages/airflow/example_dags/example_short_circuit_operator.py
[2023-05-17 16:52:48,613] {processor.py:651} INFO - DAG(s) dict_keys(['example_short_circuit_operator']) retrieved from /home/airflow/.local/lib/python3.7/site-packages/airflow/example_dags/example_short_circuit_operator.py
[2023-05-17 16:52:48,673] {logging_mixin.py:115} INFO - [2023-05-17 16:52:48,673] {dag.py:2371} INFO - Sync 1 DAGs
[2023-05-17 16:52:48,709] {logging_mixin.py:115} INFO - [2023-05-17 16:52:48,709] {dag.py:2919} INFO - Setting next_dagrun for example_short_circuit_operator to 2023-05-16T16:52:48.709172+00:00, run_after=2023-05-17T16:52:48.709172+00:00
[2023-05-17 16:52:48,728] {processor.py:161} INFO - Processing /home/airflow/.local/lib/python3.7/site-packages/airflow/example_dags/example_short_circuit_operator.py took 0.206 seconds
[2023-05-17 16:53:19,160] {processor.py:153} INFO - Started process (PID=1501) to work on /home/airflow/.local/lib/python3.7/site-packages/airflow/example_dags/example_short_circuit_operator.py
[2023-05-17 16:53:19,162] {processor.py:641} INFO - Processing file /home/airflow/.local/lib/python3.7/site-packages/airflow/example_dags/example_short_circuit_operator.py for tasks to queue
[2023-05-17 16:53:19,163] {logging_mixin.py:115} INFO - [2023-05-17 16:53:19,163] {dagbag.py:507} INFO - Filling up the DagBag from /home/airflow/.local/lib/python3.7/site-packages/airflow/example_dags/example_short_circuit_operator.py
[2023-05-17 16:53:19,182] {processor.py:651} INFO - DAG(s) dict_keys(['example_short_circuit_operator']) retrieved from /home/airflow/.local/lib/python3.7/site-packages/airflow/example_dags/example_short_circuit_operator.py
[2023-05-17 16:53:19,241] {logging_mixin.py:115} INFO - [2023-05-17 16:53:19,241] {dag.py:2371} INFO - Sync 1 DAGs
[2023-05-17 16:53:19,273] {logging_mixin.py:115} INFO - [2023-05-17 16:53:19,273] {dag.py:2919} INFO - Setting next_dagrun for example_short_circuit_operator to 2023-05-16T16:53:19.273441+00:00, run_after=2023-05-17T16:53:19.273441+00:00
[2023-05-17 16:53:19,297] {processor.py:161} INFO - Processing /home/airflow/.local/lib/python3.7/site-packages/airflow/example_dags/example_short_circuit_operator.py took 0.141 seconds
[2023-05-17 16:53:49,655] {processor.py:153} INFO - Started process (PID=1566) to work on /home/airflow/.local/lib/python3.7/site-packages/airflow/example_dags/example_short_circuit_operator.py
[2023-05-17 16:53:49,658] {processor.py:641} INFO - Processing file /home/airflow/.local/lib/python3.7/site-packages/airflow/example_dags/example_short_circuit_operator.py for tasks to queue
[2023-05-17 16:53:49,660] {logging_mixin.py:115} INFO - [2023-05-17 16:53:49,659] {dagbag.py:507} INFO - Filling up the DagBag from /home/airflow/.local/lib/python3.7/site-packages/airflow/example_dags/example_short_circuit_operator.py
[2023-05-17 16:53:49,671] {processor.py:651} INFO - DAG(s) dict_keys(['example_short_circuit_operator']) retrieved from /home/airflow/.local/lib/python3.7/site-packages/airflow/example_dags/example_short_circuit_operator.py
[2023-05-17 16:53:49,723] {logging_mixin.py:115} INFO - [2023-05-17 16:53:49,723] {dag.py:2371} INFO - Sync 1 DAGs
[2023-05-17 16:53:49,757] {logging_mixin.py:115} INFO - [2023-05-17 16:53:49,757] {dag.py:2919} INFO - Setting next_dagrun for example_short_circuit_operator to 2023-05-16T16:53:49.756939+00:00, run_after=2023-05-17T16:53:49.756939+00:00
[2023-05-17 16:53:49,785] {processor.py:161} INFO - Processing /home/airflow/.local/lib/python3.7/site-packages/airflow/example_dags/example_short_circuit_operator.py took 0.136 seconds
[2023-05-17 16:54:20,801] {processor.py:153} INFO - Started process (PID=1631) to work on /home/airflow/.local/lib/python3.7/site-packages/airflow/example_dags/example_short_circuit_operator.py
[2023-05-17 16:54:20,803] {processor.py:641} INFO - Processing file /home/airflow/.local/lib/python3.7/site-packages/airflow/example_dags/example_short_circuit_operator.py for tasks to queue
[2023-05-17 16:54:20,805] {logging_mixin.py:115} INFO - [2023-05-17 16:54:20,805] {dagbag.py:507} INFO - Filling up the DagBag from /home/airflow/.local/lib/python3.7/site-packages/airflow/example_dags/example_short_circuit_operator.py
[2023-05-17 16:54:20,817] {processor.py:651} INFO - DAG(s) dict_keys(['example_short_circuit_operator']) retrieved from /home/airflow/.local/lib/python3.7/site-packages/airflow/example_dags/example_short_circuit_operator.py
[2023-05-17 16:54:20,861] {logging_mixin.py:115} INFO - [2023-05-17 16:54:20,861] {dag.py:2371} INFO - Sync 1 DAGs
[2023-05-17 16:54:20,890] {logging_mixin.py:115} INFO - [2023-05-17 16:54:20,890] {dag.py:2919} INFO - Setting next_dagrun for example_short_circuit_operator to 2023-05-16T16:54:20.890246+00:00, run_after=2023-05-17T16:54:20.890246+00:00
[2023-05-17 16:54:20,908] {processor.py:161} INFO - Processing /home/airflow/.local/lib/python3.7/site-packages/airflow/example_dags/example_short_circuit_operator.py took 0.112 seconds
[2023-05-17 16:54:51,110] {processor.py:153} INFO - Started process (PID=1688) to work on /home/airflow/.local/lib/python3.7/site-packages/airflow/example_dags/example_short_circuit_operator.py
[2023-05-17 16:54:51,115] {processor.py:641} INFO - Processing file /home/airflow/.local/lib/python3.7/site-packages/airflow/example_dags/example_short_circuit_operator.py for tasks to queue
[2023-05-17 16:54:51,118] {logging_mixin.py:115} INFO - [2023-05-17 16:54:51,117] {dagbag.py:507} INFO - Filling up the DagBag from /home/airflow/.local/lib/python3.7/site-packages/airflow/example_dags/example_short_circuit_operator.py
[2023-05-17 16:54:51,142] {processor.py:651} INFO - DAG(s) dict_keys(['example_short_circuit_operator']) retrieved from /home/airflow/.local/lib/python3.7/site-packages/airflow/example_dags/example_short_circuit_operator.py
[2023-05-17 16:54:51,187] {logging_mixin.py:115} INFO - [2023-05-17 16:54:51,187] {dag.py:2371} INFO - Sync 1 DAGs
[2023-05-17 16:54:51,228] {logging_mixin.py:115} INFO - [2023-05-17 16:54:51,228] {dag.py:2919} INFO - Setting next_dagrun for example_short_circuit_operator to 2023-05-16T16:54:51.228539+00:00, run_after=2023-05-17T16:54:51.228539+00:00
[2023-05-17 16:54:51,247] {processor.py:161} INFO - Processing /home/airflow/.local/lib/python3.7/site-packages/airflow/example_dags/example_short_circuit_operator.py took 0.144 seconds
[2023-05-17 16:55:21,888] {processor.py:153} INFO - Started process (PID=1754) to work on /home/airflow/.local/lib/python3.7/site-packages/airflow/example_dags/example_short_circuit_operator.py
[2023-05-17 16:55:21,890] {processor.py:641} INFO - Processing file /home/airflow/.local/lib/python3.7/site-packages/airflow/example_dags/example_short_circuit_operator.py for tasks to queue
[2023-05-17 16:55:21,892] {logging_mixin.py:115} INFO - [2023-05-17 16:55:21,892] {dagbag.py:507} INFO - Filling up the DagBag from /home/airflow/.local/lib/python3.7/site-packages/airflow/example_dags/example_short_circuit_operator.py
[2023-05-17 16:55:21,910] {processor.py:651} INFO - DAG(s) dict_keys(['example_short_circuit_operator']) retrieved from /home/airflow/.local/lib/python3.7/site-packages/airflow/example_dags/example_short_circuit_operator.py
[2023-05-17 16:55:21,966] {logging_mixin.py:115} INFO - [2023-05-17 16:55:21,966] {dag.py:2371} INFO - Sync 1 DAGs
[2023-05-17 16:55:21,998] {logging_mixin.py:115} INFO - [2023-05-17 16:55:21,998] {dag.py:2919} INFO - Setting next_dagrun for example_short_circuit_operator to 2023-05-16T16:55:21.997653+00:00, run_after=2023-05-17T16:55:21.997653+00:00
[2023-05-17 16:55:22,022] {processor.py:161} INFO - Processing /home/airflow/.local/lib/python3.7/site-packages/airflow/example_dags/example_short_circuit_operator.py took 0.138 seconds
