[2023-05-17T16:28:29.379+0000] {processor.py:157} INFO - Started process (PID=64) to work on /home/airflow/.local/lib/python3.7/site-packages/airflow/example_dags/example_skip_dag.py
[2023-05-17T16:28:29.388+0000] {processor.py:826} INFO - Processing file /home/airflow/.local/lib/python3.7/site-packages/airflow/example_dags/example_skip_dag.py for tasks to queue
[2023-05-17T16:28:29.393+0000] {logging_mixin.py:149} INFO - [2023-05-17T16:28:29.393+0000] {dagbag.py:541} INFO - Filling up the DagBag from /home/airflow/.local/lib/python3.7/site-packages/airflow/example_dags/example_skip_dag.py
[2023-05-17T16:28:29.487+0000] {processor.py:836} INFO - DAG(s) dict_keys(['example_skip_dag']) retrieved from /home/airflow/.local/lib/python3.7/site-packages/airflow/example_dags/example_skip_dag.py
[2023-05-17T16:28:29.575+0000] {logging_mixin.py:149} INFO - [2023-05-17T16:28:29.575+0000] {dag.py:2726} INFO - Sync 1 DAGs
[2023-05-17T16:28:29.644+0000] {logging_mixin.py:149} INFO - [2023-05-17T16:28:29.642+0000] {dag.py:3490} INFO - Setting next_dagrun for example_skip_dag to 2023-05-16T16:28:29.640022+00:00, run_after=2023-05-17T16:28:29.640022+00:00
[2023-05-17T16:28:29.695+0000] {processor.py:179} INFO - Processing /home/airflow/.local/lib/python3.7/site-packages/airflow/example_dags/example_skip_dag.py took 0.331 seconds
[2023-05-17T16:29:01.017+0000] {processor.py:157} INFO - Started process (PID=119) to work on /home/airflow/.local/lib/python3.7/site-packages/airflow/example_dags/example_skip_dag.py
[2023-05-17T16:29:01.020+0000] {processor.py:826} INFO - Processing file /home/airflow/.local/lib/python3.7/site-packages/airflow/example_dags/example_skip_dag.py for tasks to queue
[2023-05-17T16:29:01.022+0000] {logging_mixin.py:149} INFO - [2023-05-17T16:29:01.021+0000] {dagbag.py:541} INFO - Filling up the DagBag from /home/airflow/.local/lib/python3.7/site-packages/airflow/example_dags/example_skip_dag.py
[2023-05-17T16:29:01.034+0000] {processor.py:836} INFO - DAG(s) dict_keys(['example_skip_dag']) retrieved from /home/airflow/.local/lib/python3.7/site-packages/airflow/example_dags/example_skip_dag.py
[2023-05-17T16:29:01.096+0000] {logging_mixin.py:149} INFO - [2023-05-17T16:29:01.096+0000] {dag.py:2726} INFO - Sync 1 DAGs
[2023-05-17T16:29:01.136+0000] {logging_mixin.py:149} INFO - [2023-05-17T16:29:01.135+0000] {dag.py:3490} INFO - Setting next_dagrun for example_skip_dag to 2023-05-16T16:29:01.131260+00:00, run_after=2023-05-17T16:29:01.131260+00:00
[2023-05-17T16:29:01.166+0000] {processor.py:179} INFO - Processing /home/airflow/.local/lib/python3.7/site-packages/airflow/example_dags/example_skip_dag.py took 0.153 seconds
[2023-05-17T16:29:51.770+0000] {processor.py:157} INFO - Started process (PID=186) to work on /home/airflow/.local/lib/python3.7/site-packages/airflow/example_dags/example_skip_dag.py
[2023-05-17T16:29:51.775+0000] {processor.py:826} INFO - Processing file /home/airflow/.local/lib/python3.7/site-packages/airflow/example_dags/example_skip_dag.py for tasks to queue
[2023-05-17T16:29:51.779+0000] {logging_mixin.py:149} INFO - [2023-05-17T16:29:51.779+0000] {dagbag.py:541} INFO - Filling up the DagBag from /home/airflow/.local/lib/python3.7/site-packages/airflow/example_dags/example_skip_dag.py
[2023-05-17T16:29:51.822+0000] {processor.py:836} INFO - DAG(s) dict_keys(['example_skip_dag']) retrieved from /home/airflow/.local/lib/python3.7/site-packages/airflow/example_dags/example_skip_dag.py
[2023-05-17T16:29:52.046+0000] {logging_mixin.py:149} INFO - [2023-05-17T16:29:52.044+0000] {dag.py:2726} INFO - Sync 1 DAGs
[2023-05-17T16:29:53.187+0000] {logging_mixin.py:149} INFO - [2023-05-17T16:29:53.186+0000] {dag.py:3490} INFO - Setting next_dagrun for example_skip_dag to 2023-05-16T16:29:53.172582+00:00, run_after=2023-05-17T16:29:53.172582+00:00
[2023-05-17T16:29:53.344+0000] {processor.py:179} INFO - Processing /home/airflow/.local/lib/python3.7/site-packages/airflow/example_dags/example_skip_dag.py took 1.636 seconds
[2023-05-17 16:35:41,614] {processor.py:153} INFO - Started process (PID=85) to work on /home/airflow/.local/lib/python3.7/site-packages/airflow/example_dags/example_skip_dag.py
[2023-05-17 16:35:41,634] {processor.py:641} INFO - Processing file /home/airflow/.local/lib/python3.7/site-packages/airflow/example_dags/example_skip_dag.py for tasks to queue
[2023-05-17 16:35:41,641] {logging_mixin.py:115} INFO - [2023-05-17 16:35:41,640] {dagbag.py:507} INFO - Filling up the DagBag from /home/airflow/.local/lib/python3.7/site-packages/airflow/example_dags/example_skip_dag.py
[2023-05-17 16:35:41,687] {processor.py:651} INFO - DAG(s) dict_keys(['example_skip_dag']) retrieved from /home/airflow/.local/lib/python3.7/site-packages/airflow/example_dags/example_skip_dag.py
[2023-05-17 16:35:42,357] {logging_mixin.py:115} INFO - [2023-05-17 16:35:42,357] {manager.py:508} INFO - Created Permission View: can read on DAG:example_skip_dag
[2023-05-17 16:35:42,388] {logging_mixin.py:115} INFO - [2023-05-17 16:35:42,388] {manager.py:508} INFO - Created Permission View: can delete on DAG:example_skip_dag
[2023-05-17 16:35:42,412] {logging_mixin.py:115} INFO - [2023-05-17 16:35:42,412] {manager.py:508} INFO - Created Permission View: can edit on DAG:example_skip_dag
[2023-05-17 16:35:42,413] {logging_mixin.py:115} INFO - [2023-05-17 16:35:42,413] {dag.py:2371} INFO - Sync 1 DAGs
[2023-05-17 16:35:42,427] {logging_mixin.py:115} INFO - [2023-05-17 16:35:42,426] {dag.py:2390} INFO - Creating ORM DAG for example_skip_dag
[2023-05-17 16:35:42,450] {logging_mixin.py:115} INFO - [2023-05-17 16:35:42,450] {dag.py:2919} INFO - Setting next_dagrun for example_skip_dag to 2023-05-16T16:35:42.449768+00:00, run_after=2023-05-17T16:35:42.449768+00:00
[2023-05-17 16:35:42,475] {processor.py:161} INFO - Processing /home/airflow/.local/lib/python3.7/site-packages/airflow/example_dags/example_skip_dag.py took 0.877 seconds
[2023-05-17 16:37:53,530] {processor.py:153} INFO - Started process (PID=187) to work on /home/airflow/.local/lib/python3.7/site-packages/airflow/example_dags/example_skip_dag.py
[2023-05-17 16:37:53,546] {processor.py:641} INFO - Processing file /home/airflow/.local/lib/python3.7/site-packages/airflow/example_dags/example_skip_dag.py for tasks to queue
[2023-05-17 16:37:53,567] {logging_mixin.py:115} INFO - [2023-05-17 16:37:53,567] {dagbag.py:507} INFO - Filling up the DagBag from /home/airflow/.local/lib/python3.7/site-packages/airflow/example_dags/example_skip_dag.py
[2023-05-17 16:37:54,613] {processor.py:651} INFO - DAG(s) dict_keys(['example_skip_dag']) retrieved from /home/airflow/.local/lib/python3.7/site-packages/airflow/example_dags/example_skip_dag.py
[2023-05-17 16:38:02,279] {logging_mixin.py:115} INFO - [2023-05-17 16:38:02,252] {dag.py:2371} INFO - Sync 1 DAGs
[2023-05-17 16:38:14,458] {logging_mixin.py:115} INFO - [2023-05-17 16:38:14,431] {dag.py:2919} INFO - Setting next_dagrun for example_skip_dag to 2023-05-16T16:38:14.353342+00:00, run_after=2023-05-17T16:38:14.353342+00:00
[2023-05-17 16:38:18,629] {processor.py:161} INFO - Processing /home/airflow/.local/lib/python3.7/site-packages/airflow/example_dags/example_skip_dag.py took 25.400 seconds
[2023-05-17 16:40:58,841] {processor.py:153} INFO - Started process (PID=64) to work on /home/airflow/.local/lib/python3.7/site-packages/airflow/example_dags/example_skip_dag.py
[2023-05-17 16:40:58,844] {processor.py:641} INFO - Processing file /home/airflow/.local/lib/python3.7/site-packages/airflow/example_dags/example_skip_dag.py for tasks to queue
[2023-05-17 16:40:58,846] {logging_mixin.py:115} INFO - [2023-05-17 16:40:58,846] {dagbag.py:507} INFO - Filling up the DagBag from /home/airflow/.local/lib/python3.7/site-packages/airflow/example_dags/example_skip_dag.py
[2023-05-17 16:40:58,873] {processor.py:651} INFO - DAG(s) dict_keys(['example_skip_dag']) retrieved from /home/airflow/.local/lib/python3.7/site-packages/airflow/example_dags/example_skip_dag.py
[2023-05-17 16:40:58,948] {logging_mixin.py:115} INFO - [2023-05-17 16:40:58,947] {dag.py:2371} INFO - Sync 1 DAGs
[2023-05-17 16:40:58,993] {logging_mixin.py:115} INFO - [2023-05-17 16:40:58,993] {dag.py:2919} INFO - Setting next_dagrun for example_skip_dag to 2023-05-16T16:40:58.993190+00:00, run_after=2023-05-17T16:40:58.993190+00:00
[2023-05-17 16:40:59,019] {processor.py:161} INFO - Processing /home/airflow/.local/lib/python3.7/site-packages/airflow/example_dags/example_skip_dag.py took 0.184 seconds
[2023-05-17 16:41:31,694] {processor.py:153} INFO - Started process (PID=127) to work on /home/airflow/.local/lib/python3.7/site-packages/airflow/example_dags/example_skip_dag.py
[2023-05-17 16:41:31,697] {processor.py:641} INFO - Processing file /home/airflow/.local/lib/python3.7/site-packages/airflow/example_dags/example_skip_dag.py for tasks to queue
[2023-05-17 16:41:31,701] {logging_mixin.py:115} INFO - [2023-05-17 16:41:31,701] {dagbag.py:507} INFO - Filling up the DagBag from /home/airflow/.local/lib/python3.7/site-packages/airflow/example_dags/example_skip_dag.py
[2023-05-17 16:41:31,728] {processor.py:651} INFO - DAG(s) dict_keys(['example_skip_dag']) retrieved from /home/airflow/.local/lib/python3.7/site-packages/airflow/example_dags/example_skip_dag.py
[2023-05-17 16:41:31,890] {logging_mixin.py:115} INFO - [2023-05-17 16:41:31,886] {dag.py:2371} INFO - Sync 1 DAGs
[2023-05-17 16:41:32,113] {logging_mixin.py:115} INFO - [2023-05-17 16:41:32,113] {dag.py:2919} INFO - Setting next_dagrun for example_skip_dag to 2023-05-16T16:41:32.112947+00:00, run_after=2023-05-17T16:41:32.112947+00:00
[2023-05-17 16:41:32,153] {processor.py:161} INFO - Processing /home/airflow/.local/lib/python3.7/site-packages/airflow/example_dags/example_skip_dag.py took 0.486 seconds
[2023-05-17 16:42:02,339] {processor.py:153} INFO - Started process (PID=180) to work on /home/airflow/.local/lib/python3.7/site-packages/airflow/example_dags/example_skip_dag.py
[2023-05-17 16:42:02,341] {processor.py:641} INFO - Processing file /home/airflow/.local/lib/python3.7/site-packages/airflow/example_dags/example_skip_dag.py for tasks to queue
[2023-05-17 16:42:02,345] {logging_mixin.py:115} INFO - [2023-05-17 16:42:02,345] {dagbag.py:507} INFO - Filling up the DagBag from /home/airflow/.local/lib/python3.7/site-packages/airflow/example_dags/example_skip_dag.py
[2023-05-17 16:42:02,354] {processor.py:651} INFO - DAG(s) dict_keys(['example_skip_dag']) retrieved from /home/airflow/.local/lib/python3.7/site-packages/airflow/example_dags/example_skip_dag.py
[2023-05-17 16:42:02,403] {logging_mixin.py:115} INFO - [2023-05-17 16:42:02,403] {dag.py:2371} INFO - Sync 1 DAGs
[2023-05-17 16:42:02,444] {logging_mixin.py:115} INFO - [2023-05-17 16:42:02,444] {dag.py:2919} INFO - Setting next_dagrun for example_skip_dag to 2023-05-16T16:42:02.444100+00:00, run_after=2023-05-17T16:42:02.444100+00:00
[2023-05-17 16:42:02,463] {processor.py:161} INFO - Processing /home/airflow/.local/lib/python3.7/site-packages/airflow/example_dags/example_skip_dag.py took 0.129 seconds
[2023-05-17 16:42:32,695] {processor.py:153} INFO - Started process (PID=234) to work on /home/airflow/.local/lib/python3.7/site-packages/airflow/example_dags/example_skip_dag.py
[2023-05-17 16:42:32,697] {processor.py:641} INFO - Processing file /home/airflow/.local/lib/python3.7/site-packages/airflow/example_dags/example_skip_dag.py for tasks to queue
[2023-05-17 16:42:32,699] {logging_mixin.py:115} INFO - [2023-05-17 16:42:32,698] {dagbag.py:507} INFO - Filling up the DagBag from /home/airflow/.local/lib/python3.7/site-packages/airflow/example_dags/example_skip_dag.py
[2023-05-17 16:42:32,704] {processor.py:651} INFO - DAG(s) dict_keys(['example_skip_dag']) retrieved from /home/airflow/.local/lib/python3.7/site-packages/airflow/example_dags/example_skip_dag.py
[2023-05-17 16:42:32,742] {logging_mixin.py:115} INFO - [2023-05-17 16:42:32,742] {dag.py:2371} INFO - Sync 1 DAGs
[2023-05-17 16:42:32,766] {logging_mixin.py:115} INFO - [2023-05-17 16:42:32,766] {dag.py:2919} INFO - Setting next_dagrun for example_skip_dag to 2023-05-16T16:42:32.765871+00:00, run_after=2023-05-17T16:42:32.765871+00:00
[2023-05-17 16:42:32,782] {processor.py:161} INFO - Processing /home/airflow/.local/lib/python3.7/site-packages/airflow/example_dags/example_skip_dag.py took 0.091 seconds
[2023-05-17 16:43:03,418] {processor.py:153} INFO - Started process (PID=298) to work on /home/airflow/.local/lib/python3.7/site-packages/airflow/example_dags/example_skip_dag.py
[2023-05-17 16:43:03,420] {processor.py:641} INFO - Processing file /home/airflow/.local/lib/python3.7/site-packages/airflow/example_dags/example_skip_dag.py for tasks to queue
[2023-05-17 16:43:03,421] {logging_mixin.py:115} INFO - [2023-05-17 16:43:03,421] {dagbag.py:507} INFO - Filling up the DagBag from /home/airflow/.local/lib/python3.7/site-packages/airflow/example_dags/example_skip_dag.py
[2023-05-17 16:43:03,429] {processor.py:651} INFO - DAG(s) dict_keys(['example_skip_dag']) retrieved from /home/airflow/.local/lib/python3.7/site-packages/airflow/example_dags/example_skip_dag.py
[2023-05-17 16:43:03,473] {logging_mixin.py:115} INFO - [2023-05-17 16:43:03,472] {dag.py:2371} INFO - Sync 1 DAGs
[2023-05-17 16:43:03,505] {logging_mixin.py:115} INFO - [2023-05-17 16:43:03,505] {dag.py:2919} INFO - Setting next_dagrun for example_skip_dag to 2023-05-16T16:43:03.505177+00:00, run_after=2023-05-17T16:43:03.505177+00:00
[2023-05-17 16:43:03,523] {processor.py:161} INFO - Processing /home/airflow/.local/lib/python3.7/site-packages/airflow/example_dags/example_skip_dag.py took 0.110 seconds
[2023-05-17 16:43:33,865] {processor.py:153} INFO - Started process (PID=360) to work on /home/airflow/.local/lib/python3.7/site-packages/airflow/example_dags/example_skip_dag.py
[2023-05-17 16:43:33,867] {processor.py:641} INFO - Processing file /home/airflow/.local/lib/python3.7/site-packages/airflow/example_dags/example_skip_dag.py for tasks to queue
[2023-05-17 16:43:33,868] {logging_mixin.py:115} INFO - [2023-05-17 16:43:33,868] {dagbag.py:507} INFO - Filling up the DagBag from /home/airflow/.local/lib/python3.7/site-packages/airflow/example_dags/example_skip_dag.py
[2023-05-17 16:43:33,877] {processor.py:651} INFO - DAG(s) dict_keys(['example_skip_dag']) retrieved from /home/airflow/.local/lib/python3.7/site-packages/airflow/example_dags/example_skip_dag.py
[2023-05-17 16:43:33,947] {logging_mixin.py:115} INFO - [2023-05-17 16:43:33,947] {dag.py:2371} INFO - Sync 1 DAGs
[2023-05-17 16:43:33,997] {logging_mixin.py:115} INFO - [2023-05-17 16:43:33,997] {dag.py:2919} INFO - Setting next_dagrun for example_skip_dag to 2023-05-16T16:43:33.996081+00:00, run_after=2023-05-17T16:43:33.996081+00:00
[2023-05-17 16:43:34,021] {processor.py:161} INFO - Processing /home/airflow/.local/lib/python3.7/site-packages/airflow/example_dags/example_skip_dag.py took 0.160 seconds
[2023-05-17 16:44:04,511] {processor.py:153} INFO - Started process (PID=413) to work on /home/airflow/.local/lib/python3.7/site-packages/airflow/example_dags/example_skip_dag.py
[2023-05-17 16:44:04,513] {processor.py:641} INFO - Processing file /home/airflow/.local/lib/python3.7/site-packages/airflow/example_dags/example_skip_dag.py for tasks to queue
[2023-05-17 16:44:04,515] {logging_mixin.py:115} INFO - [2023-05-17 16:44:04,515] {dagbag.py:507} INFO - Filling up the DagBag from /home/airflow/.local/lib/python3.7/site-packages/airflow/example_dags/example_skip_dag.py
[2023-05-17 16:44:04,523] {processor.py:651} INFO - DAG(s) dict_keys(['example_skip_dag']) retrieved from /home/airflow/.local/lib/python3.7/site-packages/airflow/example_dags/example_skip_dag.py
[2023-05-17 16:44:04,568] {logging_mixin.py:115} INFO - [2023-05-17 16:44:04,568] {dag.py:2371} INFO - Sync 1 DAGs
[2023-05-17 16:44:04,604] {logging_mixin.py:115} INFO - [2023-05-17 16:44:04,604] {dag.py:2919} INFO - Setting next_dagrun for example_skip_dag to 2023-05-16T16:44:04.604296+00:00, run_after=2023-05-17T16:44:04.604296+00:00
[2023-05-17 16:44:04,620] {processor.py:161} INFO - Processing /home/airflow/.local/lib/python3.7/site-packages/airflow/example_dags/example_skip_dag.py took 0.115 seconds
[2023-05-17 16:44:35,268] {processor.py:153} INFO - Started process (PID=476) to work on /home/airflow/.local/lib/python3.7/site-packages/airflow/example_dags/example_skip_dag.py
[2023-05-17 16:44:35,271] {processor.py:641} INFO - Processing file /home/airflow/.local/lib/python3.7/site-packages/airflow/example_dags/example_skip_dag.py for tasks to queue
[2023-05-17 16:44:35,273] {logging_mixin.py:115} INFO - [2023-05-17 16:44:35,273] {dagbag.py:507} INFO - Filling up the DagBag from /home/airflow/.local/lib/python3.7/site-packages/airflow/example_dags/example_skip_dag.py
[2023-05-17 16:44:35,285] {processor.py:651} INFO - DAG(s) dict_keys(['example_skip_dag']) retrieved from /home/airflow/.local/lib/python3.7/site-packages/airflow/example_dags/example_skip_dag.py
[2023-05-17 16:44:35,337] {logging_mixin.py:115} INFO - [2023-05-17 16:44:35,336] {dag.py:2371} INFO - Sync 1 DAGs
[2023-05-17 16:44:35,371] {logging_mixin.py:115} INFO - [2023-05-17 16:44:35,370] {dag.py:2919} INFO - Setting next_dagrun for example_skip_dag to 2023-05-16T16:44:35.370510+00:00, run_after=2023-05-17T16:44:35.370510+00:00
[2023-05-17 16:44:35,390] {processor.py:161} INFO - Processing /home/airflow/.local/lib/python3.7/site-packages/airflow/example_dags/example_skip_dag.py took 0.126 seconds
[2023-05-17 16:45:06,340] {processor.py:153} INFO - Started process (PID=537) to work on /home/airflow/.local/lib/python3.7/site-packages/airflow/example_dags/example_skip_dag.py
[2023-05-17 16:45:06,342] {processor.py:641} INFO - Processing file /home/airflow/.local/lib/python3.7/site-packages/airflow/example_dags/example_skip_dag.py for tasks to queue
[2023-05-17 16:45:06,345] {logging_mixin.py:115} INFO - [2023-05-17 16:45:06,345] {dagbag.py:507} INFO - Filling up the DagBag from /home/airflow/.local/lib/python3.7/site-packages/airflow/example_dags/example_skip_dag.py
[2023-05-17 16:45:06,356] {processor.py:651} INFO - DAG(s) dict_keys(['example_skip_dag']) retrieved from /home/airflow/.local/lib/python3.7/site-packages/airflow/example_dags/example_skip_dag.py
[2023-05-17 16:45:06,432] {logging_mixin.py:115} INFO - [2023-05-17 16:45:06,431] {dag.py:2371} INFO - Sync 1 DAGs
[2023-05-17 16:45:06,486] {logging_mixin.py:115} INFO - [2023-05-17 16:45:06,486] {dag.py:2919} INFO - Setting next_dagrun for example_skip_dag to 2023-05-16T16:45:06.486299+00:00, run_after=2023-05-17T16:45:06.486299+00:00
[2023-05-17 16:45:06,508] {processor.py:161} INFO - Processing /home/airflow/.local/lib/python3.7/site-packages/airflow/example_dags/example_skip_dag.py took 0.174 seconds
[2023-05-17 16:45:36,678] {processor.py:153} INFO - Started process (PID=592) to work on /home/airflow/.local/lib/python3.7/site-packages/airflow/example_dags/example_skip_dag.py
[2023-05-17 16:45:36,680] {processor.py:641} INFO - Processing file /home/airflow/.local/lib/python3.7/site-packages/airflow/example_dags/example_skip_dag.py for tasks to queue
[2023-05-17 16:45:36,682] {logging_mixin.py:115} INFO - [2023-05-17 16:45:36,682] {dagbag.py:507} INFO - Filling up the DagBag from /home/airflow/.local/lib/python3.7/site-packages/airflow/example_dags/example_skip_dag.py
[2023-05-17 16:45:36,693] {processor.py:651} INFO - DAG(s) dict_keys(['example_skip_dag']) retrieved from /home/airflow/.local/lib/python3.7/site-packages/airflow/example_dags/example_skip_dag.py
[2023-05-17 16:45:36,738] {logging_mixin.py:115} INFO - [2023-05-17 16:45:36,738] {dag.py:2371} INFO - Sync 1 DAGs
[2023-05-17 16:45:36,783] {logging_mixin.py:115} INFO - [2023-05-17 16:45:36,783] {dag.py:2919} INFO - Setting next_dagrun for example_skip_dag to 2023-05-16T16:45:36.783114+00:00, run_after=2023-05-17T16:45:36.783114+00:00
[2023-05-17 16:45:36,807] {processor.py:161} INFO - Processing /home/airflow/.local/lib/python3.7/site-packages/airflow/example_dags/example_skip_dag.py took 0.134 seconds
[2023-05-17 16:46:07,617] {processor.py:153} INFO - Started process (PID=655) to work on /home/airflow/.local/lib/python3.7/site-packages/airflow/example_dags/example_skip_dag.py
[2023-05-17 16:46:07,618] {processor.py:641} INFO - Processing file /home/airflow/.local/lib/python3.7/site-packages/airflow/example_dags/example_skip_dag.py for tasks to queue
[2023-05-17 16:46:07,620] {logging_mixin.py:115} INFO - [2023-05-17 16:46:07,620] {dagbag.py:507} INFO - Filling up the DagBag from /home/airflow/.local/lib/python3.7/site-packages/airflow/example_dags/example_skip_dag.py
[2023-05-17 16:46:07,627] {processor.py:651} INFO - DAG(s) dict_keys(['example_skip_dag']) retrieved from /home/airflow/.local/lib/python3.7/site-packages/airflow/example_dags/example_skip_dag.py
[2023-05-17 16:46:07,673] {logging_mixin.py:115} INFO - [2023-05-17 16:46:07,673] {dag.py:2371} INFO - Sync 1 DAGs
[2023-05-17 16:46:07,708] {logging_mixin.py:115} INFO - [2023-05-17 16:46:07,708] {dag.py:2919} INFO - Setting next_dagrun for example_skip_dag to 2023-05-16T16:46:07.707869+00:00, run_after=2023-05-17T16:46:07.707869+00:00
[2023-05-17 16:46:07,731] {processor.py:161} INFO - Processing /home/airflow/.local/lib/python3.7/site-packages/airflow/example_dags/example_skip_dag.py took 0.119 seconds
[2023-05-17 16:46:38,959] {processor.py:153} INFO - Started process (PID=710) to work on /home/airflow/.local/lib/python3.7/site-packages/airflow/example_dags/example_skip_dag.py
[2023-05-17 16:46:38,974] {processor.py:641} INFO - Processing file /home/airflow/.local/lib/python3.7/site-packages/airflow/example_dags/example_skip_dag.py for tasks to queue
[2023-05-17 16:46:38,976] {logging_mixin.py:115} INFO - [2023-05-17 16:46:38,975] {dagbag.py:507} INFO - Filling up the DagBag from /home/airflow/.local/lib/python3.7/site-packages/airflow/example_dags/example_skip_dag.py
[2023-05-17 16:46:38,987] {processor.py:651} INFO - DAG(s) dict_keys(['example_skip_dag']) retrieved from /home/airflow/.local/lib/python3.7/site-packages/airflow/example_dags/example_skip_dag.py
[2023-05-17 16:46:39,033] {logging_mixin.py:115} INFO - [2023-05-17 16:46:39,032] {dag.py:2371} INFO - Sync 1 DAGs
[2023-05-17 16:46:39,065] {logging_mixin.py:115} INFO - [2023-05-17 16:46:39,064] {dag.py:2919} INFO - Setting next_dagrun for example_skip_dag to 2023-05-16T16:46:39.064574+00:00, run_after=2023-05-17T16:46:39.064574+00:00
[2023-05-17 16:46:39,086] {processor.py:161} INFO - Processing /home/airflow/.local/lib/python3.7/site-packages/airflow/example_dags/example_skip_dag.py took 0.132 seconds
[2023-05-17 16:47:10,377] {processor.py:153} INFO - Started process (PID=773) to work on /home/airflow/.local/lib/python3.7/site-packages/airflow/example_dags/example_skip_dag.py
[2023-05-17 16:47:10,380] {processor.py:641} INFO - Processing file /home/airflow/.local/lib/python3.7/site-packages/airflow/example_dags/example_skip_dag.py for tasks to queue
[2023-05-17 16:47:10,383] {logging_mixin.py:115} INFO - [2023-05-17 16:47:10,383] {dagbag.py:507} INFO - Filling up the DagBag from /home/airflow/.local/lib/python3.7/site-packages/airflow/example_dags/example_skip_dag.py
[2023-05-17 16:47:10,397] {processor.py:651} INFO - DAG(s) dict_keys(['example_skip_dag']) retrieved from /home/airflow/.local/lib/python3.7/site-packages/airflow/example_dags/example_skip_dag.py
[2023-05-17 16:47:10,459] {logging_mixin.py:115} INFO - [2023-05-17 16:47:10,459] {dag.py:2371} INFO - Sync 1 DAGs
[2023-05-17 16:47:10,501] {logging_mixin.py:115} INFO - [2023-05-17 16:47:10,500] {dag.py:2919} INFO - Setting next_dagrun for example_skip_dag to 2023-05-16T16:47:10.500617+00:00, run_after=2023-05-17T16:47:10.500617+00:00
[2023-05-17 16:47:10,523] {processor.py:161} INFO - Processing /home/airflow/.local/lib/python3.7/site-packages/airflow/example_dags/example_skip_dag.py took 0.155 seconds
[2023-05-17 16:47:42,419] {processor.py:153} INFO - Started process (PID=837) to work on /home/airflow/.local/lib/python3.7/site-packages/airflow/example_dags/example_skip_dag.py
[2023-05-17 16:47:42,440] {processor.py:641} INFO - Processing file /home/airflow/.local/lib/python3.7/site-packages/airflow/example_dags/example_skip_dag.py for tasks to queue
[2023-05-17 16:47:42,455] {logging_mixin.py:115} INFO - [2023-05-17 16:47:42,454] {dagbag.py:507} INFO - Filling up the DagBag from /home/airflow/.local/lib/python3.7/site-packages/airflow/example_dags/example_skip_dag.py
[2023-05-17 16:47:42,481] {processor.py:651} INFO - DAG(s) dict_keys(['example_skip_dag']) retrieved from /home/airflow/.local/lib/python3.7/site-packages/airflow/example_dags/example_skip_dag.py
[2023-05-17 16:47:42,555] {logging_mixin.py:115} INFO - [2023-05-17 16:47:42,555] {dag.py:2371} INFO - Sync 1 DAGs
[2023-05-17 16:47:42,626] {logging_mixin.py:115} INFO - [2023-05-17 16:47:42,626] {dag.py:2919} INFO - Setting next_dagrun for example_skip_dag to 2023-05-16T16:47:42.618122+00:00, run_after=2023-05-17T16:47:42.618122+00:00
[2023-05-17 16:47:42,692] {processor.py:161} INFO - Processing /home/airflow/.local/lib/python3.7/site-packages/airflow/example_dags/example_skip_dag.py took 0.294 seconds
[2023-05-17 16:48:13,646] {processor.py:153} INFO - Started process (PID=893) to work on /home/airflow/.local/lib/python3.7/site-packages/airflow/example_dags/example_skip_dag.py
[2023-05-17 16:48:13,649] {processor.py:641} INFO - Processing file /home/airflow/.local/lib/python3.7/site-packages/airflow/example_dags/example_skip_dag.py for tasks to queue
[2023-05-17 16:48:13,651] {logging_mixin.py:115} INFO - [2023-05-17 16:48:13,650] {dagbag.py:507} INFO - Filling up the DagBag from /home/airflow/.local/lib/python3.7/site-packages/airflow/example_dags/example_skip_dag.py
[2023-05-17 16:48:13,658] {processor.py:651} INFO - DAG(s) dict_keys(['example_skip_dag']) retrieved from /home/airflow/.local/lib/python3.7/site-packages/airflow/example_dags/example_skip_dag.py
[2023-05-17 16:48:13,703] {logging_mixin.py:115} INFO - [2023-05-17 16:48:13,702] {dag.py:2371} INFO - Sync 1 DAGs
[2023-05-17 16:48:13,742] {logging_mixin.py:115} INFO - [2023-05-17 16:48:13,742] {dag.py:2919} INFO - Setting next_dagrun for example_skip_dag to 2023-05-16T16:48:13.741845+00:00, run_after=2023-05-17T16:48:13.741845+00:00
[2023-05-17 16:48:13,764] {processor.py:161} INFO - Processing /home/airflow/.local/lib/python3.7/site-packages/airflow/example_dags/example_skip_dag.py took 0.125 seconds
[2023-05-17 16:48:44,410] {processor.py:153} INFO - Started process (PID=947) to work on /home/airflow/.local/lib/python3.7/site-packages/airflow/example_dags/example_skip_dag.py
[2023-05-17 16:48:44,413] {processor.py:641} INFO - Processing file /home/airflow/.local/lib/python3.7/site-packages/airflow/example_dags/example_skip_dag.py for tasks to queue
[2023-05-17 16:48:44,414] {logging_mixin.py:115} INFO - [2023-05-17 16:48:44,414] {dagbag.py:507} INFO - Filling up the DagBag from /home/airflow/.local/lib/python3.7/site-packages/airflow/example_dags/example_skip_dag.py
[2023-05-17 16:48:44,421] {processor.py:651} INFO - DAG(s) dict_keys(['example_skip_dag']) retrieved from /home/airflow/.local/lib/python3.7/site-packages/airflow/example_dags/example_skip_dag.py
[2023-05-17 16:48:44,455] {logging_mixin.py:115} INFO - [2023-05-17 16:48:44,454] {dag.py:2371} INFO - Sync 1 DAGs
[2023-05-17 16:48:44,478] {logging_mixin.py:115} INFO - [2023-05-17 16:48:44,478] {dag.py:2919} INFO - Setting next_dagrun for example_skip_dag to 2023-05-16T16:48:44.477804+00:00, run_after=2023-05-17T16:48:44.477804+00:00
[2023-05-17 16:48:44,494] {processor.py:161} INFO - Processing /home/airflow/.local/lib/python3.7/site-packages/airflow/example_dags/example_skip_dag.py took 0.087 seconds
[2023-05-17 16:49:15,075] {processor.py:153} INFO - Started process (PID=1015) to work on /home/airflow/.local/lib/python3.7/site-packages/airflow/example_dags/example_skip_dag.py
[2023-05-17 16:49:15,077] {processor.py:641} INFO - Processing file /home/airflow/.local/lib/python3.7/site-packages/airflow/example_dags/example_skip_dag.py for tasks to queue
[2023-05-17 16:49:15,079] {logging_mixin.py:115} INFO - [2023-05-17 16:49:15,078] {dagbag.py:507} INFO - Filling up the DagBag from /home/airflow/.local/lib/python3.7/site-packages/airflow/example_dags/example_skip_dag.py
[2023-05-17 16:49:15,086] {processor.py:651} INFO - DAG(s) dict_keys(['example_skip_dag']) retrieved from /home/airflow/.local/lib/python3.7/site-packages/airflow/example_dags/example_skip_dag.py
[2023-05-17 16:49:15,131] {logging_mixin.py:115} INFO - [2023-05-17 16:49:15,131] {dag.py:2371} INFO - Sync 1 DAGs
[2023-05-17 16:49:15,158] {logging_mixin.py:115} INFO - [2023-05-17 16:49:15,158] {dag.py:2919} INFO - Setting next_dagrun for example_skip_dag to 2023-05-16T16:49:15.158635+00:00, run_after=2023-05-17T16:49:15.158635+00:00
[2023-05-17 16:49:15,180] {processor.py:161} INFO - Processing /home/airflow/.local/lib/python3.7/site-packages/airflow/example_dags/example_skip_dag.py took 0.111 seconds
[2023-05-17 16:49:45,336] {processor.py:153} INFO - Started process (PID=1077) to work on /home/airflow/.local/lib/python3.7/site-packages/airflow/example_dags/example_skip_dag.py
[2023-05-17 16:49:45,338] {processor.py:641} INFO - Processing file /home/airflow/.local/lib/python3.7/site-packages/airflow/example_dags/example_skip_dag.py for tasks to queue
[2023-05-17 16:49:45,340] {logging_mixin.py:115} INFO - [2023-05-17 16:49:45,340] {dagbag.py:507} INFO - Filling up the DagBag from /home/airflow/.local/lib/python3.7/site-packages/airflow/example_dags/example_skip_dag.py
[2023-05-17 16:49:45,349] {processor.py:651} INFO - DAG(s) dict_keys(['example_skip_dag']) retrieved from /home/airflow/.local/lib/python3.7/site-packages/airflow/example_dags/example_skip_dag.py
[2023-05-17 16:49:45,395] {logging_mixin.py:115} INFO - [2023-05-17 16:49:45,395] {dag.py:2371} INFO - Sync 1 DAGs
[2023-05-17 16:49:45,435] {logging_mixin.py:115} INFO - [2023-05-17 16:49:45,434] {dag.py:2919} INFO - Setting next_dagrun for example_skip_dag to 2023-05-16T16:49:45.434513+00:00, run_after=2023-05-17T16:49:45.434513+00:00
[2023-05-17 16:49:45,460] {processor.py:161} INFO - Processing /home/airflow/.local/lib/python3.7/site-packages/airflow/example_dags/example_skip_dag.py took 0.129 seconds
[2023-05-17 16:50:15,794] {processor.py:153} INFO - Started process (PID=1131) to work on /home/airflow/.local/lib/python3.7/site-packages/airflow/example_dags/example_skip_dag.py
[2023-05-17 16:50:15,796] {processor.py:641} INFO - Processing file /home/airflow/.local/lib/python3.7/site-packages/airflow/example_dags/example_skip_dag.py for tasks to queue
[2023-05-17 16:50:15,797] {logging_mixin.py:115} INFO - [2023-05-17 16:50:15,797] {dagbag.py:507} INFO - Filling up the DagBag from /home/airflow/.local/lib/python3.7/site-packages/airflow/example_dags/example_skip_dag.py
[2023-05-17 16:50:15,807] {processor.py:651} INFO - DAG(s) dict_keys(['example_skip_dag']) retrieved from /home/airflow/.local/lib/python3.7/site-packages/airflow/example_dags/example_skip_dag.py
[2023-05-17 16:50:15,865] {logging_mixin.py:115} INFO - [2023-05-17 16:50:15,864] {dag.py:2371} INFO - Sync 1 DAGs
[2023-05-17 16:50:15,897] {logging_mixin.py:115} INFO - [2023-05-17 16:50:15,897] {dag.py:2919} INFO - Setting next_dagrun for example_skip_dag to 2023-05-16T16:50:15.897574+00:00, run_after=2023-05-17T16:50:15.897574+00:00
[2023-05-17 16:50:15,920] {processor.py:161} INFO - Processing /home/airflow/.local/lib/python3.7/site-packages/airflow/example_dags/example_skip_dag.py took 0.132 seconds
[2023-05-17 16:50:46,200] {processor.py:153} INFO - Started process (PID=1195) to work on /home/airflow/.local/lib/python3.7/site-packages/airflow/example_dags/example_skip_dag.py
[2023-05-17 16:50:46,201] {processor.py:641} INFO - Processing file /home/airflow/.local/lib/python3.7/site-packages/airflow/example_dags/example_skip_dag.py for tasks to queue
[2023-05-17 16:50:46,203] {logging_mixin.py:115} INFO - [2023-05-17 16:50:46,203] {dagbag.py:507} INFO - Filling up the DagBag from /home/airflow/.local/lib/python3.7/site-packages/airflow/example_dags/example_skip_dag.py
[2023-05-17 16:50:46,210] {processor.py:651} INFO - DAG(s) dict_keys(['example_skip_dag']) retrieved from /home/airflow/.local/lib/python3.7/site-packages/airflow/example_dags/example_skip_dag.py
[2023-05-17 16:50:46,254] {logging_mixin.py:115} INFO - [2023-05-17 16:50:46,254] {dag.py:2371} INFO - Sync 1 DAGs
[2023-05-17 16:50:46,288] {logging_mixin.py:115} INFO - [2023-05-17 16:50:46,288] {dag.py:2919} INFO - Setting next_dagrun for example_skip_dag to 2023-05-16T16:50:46.287729+00:00, run_after=2023-05-17T16:50:46.287729+00:00
[2023-05-17 16:50:46,316] {processor.py:161} INFO - Processing /home/airflow/.local/lib/python3.7/site-packages/airflow/example_dags/example_skip_dag.py took 0.120 seconds
[2023-05-17 16:51:16,666] {processor.py:153} INFO - Started process (PID=1251) to work on /home/airflow/.local/lib/python3.7/site-packages/airflow/example_dags/example_skip_dag.py
[2023-05-17 16:51:16,668] {processor.py:641} INFO - Processing file /home/airflow/.local/lib/python3.7/site-packages/airflow/example_dags/example_skip_dag.py for tasks to queue
[2023-05-17 16:51:16,669] {logging_mixin.py:115} INFO - [2023-05-17 16:51:16,669] {dagbag.py:507} INFO - Filling up the DagBag from /home/airflow/.local/lib/python3.7/site-packages/airflow/example_dags/example_skip_dag.py
[2023-05-17 16:51:16,677] {processor.py:651} INFO - DAG(s) dict_keys(['example_skip_dag']) retrieved from /home/airflow/.local/lib/python3.7/site-packages/airflow/example_dags/example_skip_dag.py
[2023-05-17 16:51:16,713] {logging_mixin.py:115} INFO - [2023-05-17 16:51:16,713] {dag.py:2371} INFO - Sync 1 DAGs
[2023-05-17 16:51:16,742] {logging_mixin.py:115} INFO - [2023-05-17 16:51:16,742] {dag.py:2919} INFO - Setting next_dagrun for example_skip_dag to 2023-05-16T16:51:16.742365+00:00, run_after=2023-05-17T16:51:16.742365+00:00
[2023-05-17 16:51:16,757] {processor.py:161} INFO - Processing /home/airflow/.local/lib/python3.7/site-packages/airflow/example_dags/example_skip_dag.py took 0.095 seconds
[2023-05-17 16:51:47,582] {processor.py:153} INFO - Started process (PID=1319) to work on /home/airflow/.local/lib/python3.7/site-packages/airflow/example_dags/example_skip_dag.py
[2023-05-17 16:51:47,585] {processor.py:641} INFO - Processing file /home/airflow/.local/lib/python3.7/site-packages/airflow/example_dags/example_skip_dag.py for tasks to queue
[2023-05-17 16:51:47,587] {logging_mixin.py:115} INFO - [2023-05-17 16:51:47,587] {dagbag.py:507} INFO - Filling up the DagBag from /home/airflow/.local/lib/python3.7/site-packages/airflow/example_dags/example_skip_dag.py
[2023-05-17 16:51:47,598] {processor.py:651} INFO - DAG(s) dict_keys(['example_skip_dag']) retrieved from /home/airflow/.local/lib/python3.7/site-packages/airflow/example_dags/example_skip_dag.py
[2023-05-17 16:51:47,657] {logging_mixin.py:115} INFO - [2023-05-17 16:51:47,656] {dag.py:2371} INFO - Sync 1 DAGs
[2023-05-17 16:51:47,708] {logging_mixin.py:115} INFO - [2023-05-17 16:51:47,708] {dag.py:2919} INFO - Setting next_dagrun for example_skip_dag to 2023-05-16T16:51:47.708191+00:00, run_after=2023-05-17T16:51:47.708191+00:00
[2023-05-17 16:51:47,733] {processor.py:161} INFO - Processing /home/airflow/.local/lib/python3.7/site-packages/airflow/example_dags/example_skip_dag.py took 0.157 seconds
[2023-05-17 16:52:18,043] {processor.py:153} INFO - Started process (PID=1374) to work on /home/airflow/.local/lib/python3.7/site-packages/airflow/example_dags/example_skip_dag.py
[2023-05-17 16:52:18,044] {processor.py:641} INFO - Processing file /home/airflow/.local/lib/python3.7/site-packages/airflow/example_dags/example_skip_dag.py for tasks to queue
[2023-05-17 16:52:18,046] {logging_mixin.py:115} INFO - [2023-05-17 16:52:18,045] {dagbag.py:507} INFO - Filling up the DagBag from /home/airflow/.local/lib/python3.7/site-packages/airflow/example_dags/example_skip_dag.py
[2023-05-17 16:52:18,052] {processor.py:651} INFO - DAG(s) dict_keys(['example_skip_dag']) retrieved from /home/airflow/.local/lib/python3.7/site-packages/airflow/example_dags/example_skip_dag.py
[2023-05-17 16:52:18,087] {logging_mixin.py:115} INFO - [2023-05-17 16:52:18,087] {dag.py:2371} INFO - Sync 1 DAGs
[2023-05-17 16:52:18,121] {logging_mixin.py:115} INFO - [2023-05-17 16:52:18,121] {dag.py:2919} INFO - Setting next_dagrun for example_skip_dag to 2023-05-16T16:52:18.120874+00:00, run_after=2023-05-17T16:52:18.120874+00:00
[2023-05-17 16:52:18,138] {processor.py:161} INFO - Processing /home/airflow/.local/lib/python3.7/site-packages/airflow/example_dags/example_skip_dag.py took 0.099 seconds
[2023-05-17 16:52:48,224] {processor.py:153} INFO - Started process (PID=1439) to work on /home/airflow/.local/lib/python3.7/site-packages/airflow/example_dags/example_skip_dag.py
[2023-05-17 16:52:48,226] {processor.py:641} INFO - Processing file /home/airflow/.local/lib/python3.7/site-packages/airflow/example_dags/example_skip_dag.py for tasks to queue
[2023-05-17 16:52:48,228] {logging_mixin.py:115} INFO - [2023-05-17 16:52:48,228] {dagbag.py:507} INFO - Filling up the DagBag from /home/airflow/.local/lib/python3.7/site-packages/airflow/example_dags/example_skip_dag.py
[2023-05-17 16:52:48,236] {processor.py:651} INFO - DAG(s) dict_keys(['example_skip_dag']) retrieved from /home/airflow/.local/lib/python3.7/site-packages/airflow/example_dags/example_skip_dag.py
[2023-05-17 16:52:48,281] {logging_mixin.py:115} INFO - [2023-05-17 16:52:48,281] {dag.py:2371} INFO - Sync 1 DAGs
[2023-05-17 16:52:48,316] {logging_mixin.py:115} INFO - [2023-05-17 16:52:48,316] {dag.py:2919} INFO - Setting next_dagrun for example_skip_dag to 2023-05-16T16:52:48.315751+00:00, run_after=2023-05-17T16:52:48.315751+00:00
[2023-05-17 16:52:48,339] {processor.py:161} INFO - Processing /home/airflow/.local/lib/python3.7/site-packages/airflow/example_dags/example_skip_dag.py took 0.120 seconds
[2023-05-17 16:53:18,999] {processor.py:153} INFO - Started process (PID=1498) to work on /home/airflow/.local/lib/python3.7/site-packages/airflow/example_dags/example_skip_dag.py
[2023-05-17 16:53:19,001] {processor.py:641} INFO - Processing file /home/airflow/.local/lib/python3.7/site-packages/airflow/example_dags/example_skip_dag.py for tasks to queue
[2023-05-17 16:53:19,002] {logging_mixin.py:115} INFO - [2023-05-17 16:53:19,002] {dagbag.py:507} INFO - Filling up the DagBag from /home/airflow/.local/lib/python3.7/site-packages/airflow/example_dags/example_skip_dag.py
[2023-05-17 16:53:19,010] {processor.py:651} INFO - DAG(s) dict_keys(['example_skip_dag']) retrieved from /home/airflow/.local/lib/python3.7/site-packages/airflow/example_dags/example_skip_dag.py
[2023-05-17 16:53:19,043] {logging_mixin.py:115} INFO - [2023-05-17 16:53:19,042] {dag.py:2371} INFO - Sync 1 DAGs
[2023-05-17 16:53:19,072] {logging_mixin.py:115} INFO - [2023-05-17 16:53:19,071] {dag.py:2919} INFO - Setting next_dagrun for example_skip_dag to 2023-05-16T16:53:19.071622+00:00, run_after=2023-05-17T16:53:19.071622+00:00
[2023-05-17 16:53:19,100] {processor.py:161} INFO - Processing /home/airflow/.local/lib/python3.7/site-packages/airflow/example_dags/example_skip_dag.py took 0.107 seconds
[2023-05-17 16:53:49,428] {processor.py:153} INFO - Started process (PID=1563) to work on /home/airflow/.local/lib/python3.7/site-packages/airflow/example_dags/example_skip_dag.py
[2023-05-17 16:53:49,430] {processor.py:641} INFO - Processing file /home/airflow/.local/lib/python3.7/site-packages/airflow/example_dags/example_skip_dag.py for tasks to queue
[2023-05-17 16:53:49,431] {logging_mixin.py:115} INFO - [2023-05-17 16:53:49,431] {dagbag.py:507} INFO - Filling up the DagBag from /home/airflow/.local/lib/python3.7/site-packages/airflow/example_dags/example_skip_dag.py
[2023-05-17 16:53:49,438] {processor.py:651} INFO - DAG(s) dict_keys(['example_skip_dag']) retrieved from /home/airflow/.local/lib/python3.7/site-packages/airflow/example_dags/example_skip_dag.py
[2023-05-17 16:53:49,479] {logging_mixin.py:115} INFO - [2023-05-17 16:53:49,478] {dag.py:2371} INFO - Sync 1 DAGs
[2023-05-17 16:53:49,520] {logging_mixin.py:115} INFO - [2023-05-17 16:53:49,520] {dag.py:2919} INFO - Setting next_dagrun for example_skip_dag to 2023-05-16T16:53:49.519483+00:00, run_after=2023-05-17T16:53:49.519483+00:00
[2023-05-17 16:53:49,542] {processor.py:161} INFO - Processing /home/airflow/.local/lib/python3.7/site-packages/airflow/example_dags/example_skip_dag.py took 0.117 seconds
[2023-05-17 16:54:20,506] {processor.py:153} INFO - Started process (PID=1628) to work on /home/airflow/.local/lib/python3.7/site-packages/airflow/example_dags/example_skip_dag.py
[2023-05-17 16:54:20,508] {processor.py:641} INFO - Processing file /home/airflow/.local/lib/python3.7/site-packages/airflow/example_dags/example_skip_dag.py for tasks to queue
[2023-05-17 16:54:20,511] {logging_mixin.py:115} INFO - [2023-05-17 16:54:20,511] {dagbag.py:507} INFO - Filling up the DagBag from /home/airflow/.local/lib/python3.7/site-packages/airflow/example_dags/example_skip_dag.py
[2023-05-17 16:54:20,520] {processor.py:651} INFO - DAG(s) dict_keys(['example_skip_dag']) retrieved from /home/airflow/.local/lib/python3.7/site-packages/airflow/example_dags/example_skip_dag.py
[2023-05-17 16:54:20,563] {logging_mixin.py:115} INFO - [2023-05-17 16:54:20,563] {dag.py:2371} INFO - Sync 1 DAGs
[2023-05-17 16:54:20,599] {logging_mixin.py:115} INFO - [2023-05-17 16:54:20,599] {dag.py:2919} INFO - Setting next_dagrun for example_skip_dag to 2023-05-16T16:54:20.599496+00:00, run_after=2023-05-17T16:54:20.599496+00:00
[2023-05-17 16:54:20,621] {processor.py:161} INFO - Processing /home/airflow/.local/lib/python3.7/site-packages/airflow/example_dags/example_skip_dag.py took 0.120 seconds
[2023-05-17 16:54:50,857] {processor.py:153} INFO - Started process (PID=1685) to work on /home/airflow/.local/lib/python3.7/site-packages/airflow/example_dags/example_skip_dag.py
[2023-05-17 16:54:50,858] {processor.py:641} INFO - Processing file /home/airflow/.local/lib/python3.7/site-packages/airflow/example_dags/example_skip_dag.py for tasks to queue
[2023-05-17 16:54:50,861] {logging_mixin.py:115} INFO - [2023-05-17 16:54:50,861] {dagbag.py:507} INFO - Filling up the DagBag from /home/airflow/.local/lib/python3.7/site-packages/airflow/example_dags/example_skip_dag.py
[2023-05-17 16:54:50,877] {processor.py:651} INFO - DAG(s) dict_keys(['example_skip_dag']) retrieved from /home/airflow/.local/lib/python3.7/site-packages/airflow/example_dags/example_skip_dag.py
[2023-05-17 16:54:50,935] {logging_mixin.py:115} INFO - [2023-05-17 16:54:50,935] {dag.py:2371} INFO - Sync 1 DAGs
[2023-05-17 16:54:50,978] {logging_mixin.py:115} INFO - [2023-05-17 16:54:50,978] {dag.py:2919} INFO - Setting next_dagrun for example_skip_dag to 2023-05-16T16:54:50.978618+00:00, run_after=2023-05-17T16:54:50.978618+00:00
[2023-05-17 16:54:51,001] {processor.py:161} INFO - Processing /home/airflow/.local/lib/python3.7/site-packages/airflow/example_dags/example_skip_dag.py took 0.151 seconds
[2023-05-17 16:55:21,716] {processor.py:153} INFO - Started process (PID=1751) to work on /home/airflow/.local/lib/python3.7/site-packages/airflow/example_dags/example_skip_dag.py
[2023-05-17 16:55:21,718] {processor.py:641} INFO - Processing file /home/airflow/.local/lib/python3.7/site-packages/airflow/example_dags/example_skip_dag.py for tasks to queue
[2023-05-17 16:55:21,722] {logging_mixin.py:115} INFO - [2023-05-17 16:55:21,722] {dagbag.py:507} INFO - Filling up the DagBag from /home/airflow/.local/lib/python3.7/site-packages/airflow/example_dags/example_skip_dag.py
[2023-05-17 16:55:21,738] {processor.py:651} INFO - DAG(s) dict_keys(['example_skip_dag']) retrieved from /home/airflow/.local/lib/python3.7/site-packages/airflow/example_dags/example_skip_dag.py
[2023-05-17 16:55:21,778] {logging_mixin.py:115} INFO - [2023-05-17 16:55:21,778] {dag.py:2371} INFO - Sync 1 DAGs
[2023-05-17 16:55:21,810] {logging_mixin.py:115} INFO - [2023-05-17 16:55:21,810] {dag.py:2919} INFO - Setting next_dagrun for example_skip_dag to 2023-05-16T16:55:21.810468+00:00, run_after=2023-05-17T16:55:21.810468+00:00
[2023-05-17 16:55:21,824] {processor.py:161} INFO - Processing /home/airflow/.local/lib/python3.7/site-packages/airflow/example_dags/example_skip_dag.py took 0.112 seconds
