[2023-05-17T16:28:29.379+0000] {processor.py:157} INFO - Started process (PID=63) to work on /home/airflow/.local/lib/python3.7/site-packages/airflow/example_dags/example_params_trigger_ui.py
[2023-05-17T16:28:29.388+0000] {processor.py:826} INFO - Processing file /home/airflow/.local/lib/python3.7/site-packages/airflow/example_dags/example_params_trigger_ui.py for tasks to queue
[2023-05-17T16:28:29.393+0000] {logging_mixin.py:149} INFO - [2023-05-17T16:28:29.392+0000] {dagbag.py:541} INFO - Filling up the DagBag from /home/airflow/.local/lib/python3.7/site-packages/airflow/example_dags/example_params_trigger_ui.py
[2023-05-17T16:28:29.522+0000] {processor.py:836} INFO - DAG(s) dict_keys(['example_params_trigger_ui']) retrieved from /home/airflow/.local/lib/python3.7/site-packages/airflow/example_dags/example_params_trigger_ui.py
[2023-05-17T16:28:29.703+0000] {logging_mixin.py:149} INFO - [2023-05-17T16:28:29.703+0000] {dag.py:2726} INFO - Sync 1 DAGs
[2023-05-17T16:28:29.763+0000] {logging_mixin.py:149} INFO - [2023-05-17T16:28:29.763+0000] {dag.py:3490} INFO - Setting next_dagrun for example_params_trigger_ui to None, run_after=None
[2023-05-17T16:28:29.834+0000] {processor.py:179} INFO - Processing /home/airflow/.local/lib/python3.7/site-packages/airflow/example_dags/example_params_trigger_ui.py took 0.474 seconds
[2023-05-17T16:29:01.046+0000] {processor.py:157} INFO - Started process (PID=120) to work on /home/airflow/.local/lib/python3.7/site-packages/airflow/example_dags/example_params_trigger_ui.py
[2023-05-17T16:29:01.049+0000] {processor.py:826} INFO - Processing file /home/airflow/.local/lib/python3.7/site-packages/airflow/example_dags/example_params_trigger_ui.py for tasks to queue
[2023-05-17T16:29:01.052+0000] {logging_mixin.py:149} INFO - [2023-05-17T16:29:01.052+0000] {dagbag.py:541} INFO - Filling up the DagBag from /home/airflow/.local/lib/python3.7/site-packages/airflow/example_dags/example_params_trigger_ui.py
[2023-05-17T16:29:01.112+0000] {processor.py:836} INFO - DAG(s) dict_keys(['example_params_trigger_ui']) retrieved from /home/airflow/.local/lib/python3.7/site-packages/airflow/example_dags/example_params_trigger_ui.py
[2023-05-17T16:29:01.229+0000] {logging_mixin.py:149} INFO - [2023-05-17T16:29:01.229+0000] {dag.py:2726} INFO - Sync 1 DAGs
[2023-05-17T16:29:01.288+0000] {logging_mixin.py:149} INFO - [2023-05-17T16:29:01.287+0000] {dag.py:3490} INFO - Setting next_dagrun for example_params_trigger_ui to None, run_after=None
[2023-05-17T16:29:01.335+0000] {processor.py:179} INFO - Processing /home/airflow/.local/lib/python3.7/site-packages/airflow/example_dags/example_params_trigger_ui.py took 0.296 seconds
[2023-05-17T16:29:51.770+0000] {processor.py:157} INFO - Started process (PID=185) to work on /home/airflow/.local/lib/python3.7/site-packages/airflow/example_dags/example_params_trigger_ui.py
[2023-05-17T16:29:51.775+0000] {processor.py:826} INFO - Processing file /home/airflow/.local/lib/python3.7/site-packages/airflow/example_dags/example_params_trigger_ui.py for tasks to queue
[2023-05-17T16:29:51.779+0000] {logging_mixin.py:149} INFO - [2023-05-17T16:29:51.779+0000] {dagbag.py:541} INFO - Filling up the DagBag from /home/airflow/.local/lib/python3.7/site-packages/airflow/example_dags/example_params_trigger_ui.py
[2023-05-17T16:29:53.097+0000] {processor.py:836} INFO - DAG(s) dict_keys(['example_params_trigger_ui']) retrieved from /home/airflow/.local/lib/python3.7/site-packages/airflow/example_dags/example_params_trigger_ui.py
[2023-05-17T16:29:53.609+0000] {logging_mixin.py:149} INFO - [2023-05-17T16:29:53.608+0000] {dag.py:2726} INFO - Sync 1 DAGs
[2023-05-17T16:29:53.828+0000] {logging_mixin.py:149} INFO - [2023-05-17T16:29:53.824+0000] {dag.py:3490} INFO - Setting next_dagrun for example_params_trigger_ui to None, run_after=None
[2023-05-17T16:30:05.711+0000] {processor.py:179} INFO - Processing /home/airflow/.local/lib/python3.7/site-packages/airflow/example_dags/example_params_trigger_ui.py took 14.020 seconds
