[2023-05-17T16:27:45.450+0000] {processor.py:157} INFO - Started process (PID=46) to work on /home/airflow/.local/lib/python3.7/site-packages/airflow/example_dags/example_latest_only.py
[2023-05-17T16:27:45.455+0000] {processor.py:826} INFO - Processing file /home/airflow/.local/lib/python3.7/site-packages/airflow/example_dags/example_latest_only.py for tasks to queue
[2023-05-17T16:27:45.462+0000] {logging_mixin.py:149} INFO - [2023-05-17T16:27:45.462+0000] {dagbag.py:541} INFO - Filling up the DagBag from /home/airflow/.local/lib/python3.7/site-packages/airflow/example_dags/example_latest_only.py
[2023-05-17T16:27:45.504+0000] {processor.py:836} INFO - DAG(s) dict_keys(['latest_only']) retrieved from /home/airflow/.local/lib/python3.7/site-packages/airflow/example_dags/example_latest_only.py
[2023-05-17T16:27:45.550+0000] {logging_mixin.py:149} INFO - [2023-05-17T16:27:45.549+0000] {dag.py:2726} INFO - Sync 1 DAGs
[2023-05-17T16:27:45.601+0000] {logging_mixin.py:149} INFO - [2023-05-17T16:27:45.600+0000] {dag.py:3490} INFO - Setting next_dagrun for latest_only to 2023-05-17T12:27:45.600525+00:00, run_after=2023-05-17T16:27:45.600525+00:00
[2023-05-17T16:27:45.654+0000] {processor.py:179} INFO - Processing /home/airflow/.local/lib/python3.7/site-packages/airflow/example_dags/example_latest_only.py took 0.216 seconds
[2023-05-17T16:28:34.470+0000] {processor.py:157} INFO - Started process (PID=95) to work on /home/airflow/.local/lib/python3.7/site-packages/airflow/example_dags/example_latest_only.py
[2023-05-17T16:28:34.472+0000] {processor.py:826} INFO - Processing file /home/airflow/.local/lib/python3.7/site-packages/airflow/example_dags/example_latest_only.py for tasks to queue
[2023-05-17T16:28:34.474+0000] {logging_mixin.py:149} INFO - [2023-05-17T16:28:34.474+0000] {dagbag.py:541} INFO - Filling up the DagBag from /home/airflow/.local/lib/python3.7/site-packages/airflow/example_dags/example_latest_only.py
[2023-05-17T16:28:34.485+0000] {processor.py:836} INFO - DAG(s) dict_keys(['latest_only']) retrieved from /home/airflow/.local/lib/python3.7/site-packages/airflow/example_dags/example_latest_only.py
[2023-05-17T16:28:34.527+0000] {logging_mixin.py:149} INFO - [2023-05-17T16:28:34.527+0000] {dag.py:2726} INFO - Sync 1 DAGs
[2023-05-17T16:28:34.571+0000] {logging_mixin.py:149} INFO - [2023-05-17T16:28:34.571+0000] {dag.py:3490} INFO - Setting next_dagrun for latest_only to 2023-05-17T12:28:34.571036+00:00, run_after=2023-05-17T16:28:34.571036+00:00
[2023-05-17T16:28:34.609+0000] {processor.py:179} INFO - Processing /home/airflow/.local/lib/python3.7/site-packages/airflow/example_dags/example_latest_only.py took 0.143 seconds
[2023-05-17T16:29:05.267+0000] {processor.py:157} INFO - Started process (PID=146) to work on /home/airflow/.local/lib/python3.7/site-packages/airflow/example_dags/example_latest_only.py
[2023-05-17T16:29:05.269+0000] {processor.py:826} INFO - Processing file /home/airflow/.local/lib/python3.7/site-packages/airflow/example_dags/example_latest_only.py for tasks to queue
[2023-05-17T16:29:05.271+0000] {logging_mixin.py:149} INFO - [2023-05-17T16:29:05.271+0000] {dagbag.py:541} INFO - Filling up the DagBag from /home/airflow/.local/lib/python3.7/site-packages/airflow/example_dags/example_latest_only.py
[2023-05-17T16:29:05.283+0000] {processor.py:836} INFO - DAG(s) dict_keys(['latest_only']) retrieved from /home/airflow/.local/lib/python3.7/site-packages/airflow/example_dags/example_latest_only.py
[2023-05-17T16:29:05.321+0000] {logging_mixin.py:149} INFO - [2023-05-17T16:29:05.320+0000] {dag.py:2726} INFO - Sync 1 DAGs
[2023-05-17T16:29:05.369+0000] {logging_mixin.py:149} INFO - [2023-05-17T16:29:05.368+0000] {dag.py:3490} INFO - Setting next_dagrun for latest_only to 2023-05-17T12:29:05.367988+00:00, run_after=2023-05-17T16:29:05.367988+00:00
[2023-05-17T16:29:05.413+0000] {processor.py:179} INFO - Processing /home/airflow/.local/lib/python3.7/site-packages/airflow/example_dags/example_latest_only.py took 0.151 seconds
[2023-05-17T16:30:59.676+0000] {processor.py:157} INFO - Started process (PID=199) to work on /home/airflow/.local/lib/python3.7/site-packages/airflow/example_dags/example_latest_only.py
[2023-05-17T16:30:59.681+0000] {processor.py:826} INFO - Processing file /home/airflow/.local/lib/python3.7/site-packages/airflow/example_dags/example_latest_only.py for tasks to queue
[2023-05-17T16:30:59.693+0000] {logging_mixin.py:149} INFO - [2023-05-17T16:30:59.692+0000] {dagbag.py:541} INFO - Filling up the DagBag from /home/airflow/.local/lib/python3.7/site-packages/airflow/example_dags/example_latest_only.py
[2023-05-17T16:30:59.738+0000] {processor.py:836} INFO - DAG(s) dict_keys(['latest_only']) retrieved from /home/airflow/.local/lib/python3.7/site-packages/airflow/example_dags/example_latest_only.py
[2023-05-17T16:30:59.892+0000] {logging_mixin.py:149} INFO - [2023-05-17T16:30:59.892+0000] {dag.py:2726} INFO - Sync 1 DAGs
[2023-05-17 16:35:36,171] {processor.py:153} INFO - Started process (PID=64) to work on /home/airflow/.local/lib/python3.7/site-packages/airflow/example_dags/example_latest_only.py
[2023-05-17 16:35:36,173] {processor.py:641} INFO - Processing file /home/airflow/.local/lib/python3.7/site-packages/airflow/example_dags/example_latest_only.py for tasks to queue
[2023-05-17 16:35:36,176] {logging_mixin.py:115} INFO - [2023-05-17 16:35:36,176] {dagbag.py:507} INFO - Filling up the DagBag from /home/airflow/.local/lib/python3.7/site-packages/airflow/example_dags/example_latest_only.py
[2023-05-17 16:35:36,191] {processor.py:651} INFO - DAG(s) dict_keys(['latest_only']) retrieved from /home/airflow/.local/lib/python3.7/site-packages/airflow/example_dags/example_latest_only.py
[2023-05-17 16:35:36,684] {logging_mixin.py:115} INFO - [2023-05-17 16:35:36,684] {manager.py:508} INFO - Created Permission View: can read on DAG:latest_only
[2023-05-17 16:35:36,717] {logging_mixin.py:115} INFO - [2023-05-17 16:35:36,716] {manager.py:508} INFO - Created Permission View: can delete on DAG:latest_only
[2023-05-17 16:35:36,746] {logging_mixin.py:115} INFO - [2023-05-17 16:35:36,746] {manager.py:508} INFO - Created Permission View: can edit on DAG:latest_only
[2023-05-17 16:35:36,748] {logging_mixin.py:115} INFO - [2023-05-17 16:35:36,748] {dag.py:2371} INFO - Sync 1 DAGs
[2023-05-17 16:35:36,770] {logging_mixin.py:115} INFO - [2023-05-17 16:35:36,769] {dag.py:2390} INFO - Creating ORM DAG for latest_only
[2023-05-17 16:35:36,794] {logging_mixin.py:115} INFO - [2023-05-17 16:35:36,794] {dag.py:2919} INFO - Setting next_dagrun for latest_only to 2023-05-17T12:35:36.794328+00:00, run_after=2023-05-17T16:35:36.794328+00:00
[2023-05-17 16:35:36,821] {processor.py:161} INFO - Processing /home/airflow/.local/lib/python3.7/site-packages/airflow/example_dags/example_latest_only.py took 0.656 seconds
[2023-05-17 16:36:18,148] {processor.py:153} INFO - Started process (PID=127) to work on /home/airflow/.local/lib/python3.7/site-packages/airflow/example_dags/example_latest_only.py
[2023-05-17 16:36:18,153] {processor.py:641} INFO - Processing file /home/airflow/.local/lib/python3.7/site-packages/airflow/example_dags/example_latest_only.py for tasks to queue
[2023-05-17 16:36:18,166] {logging_mixin.py:115} INFO - [2023-05-17 16:36:18,165] {dagbag.py:507} INFO - Filling up the DagBag from /home/airflow/.local/lib/python3.7/site-packages/airflow/example_dags/example_latest_only.py
[2023-05-17 16:36:18,244] {processor.py:651} INFO - DAG(s) dict_keys(['latest_only']) retrieved from /home/airflow/.local/lib/python3.7/site-packages/airflow/example_dags/example_latest_only.py
[2023-05-17 16:36:19,881] {logging_mixin.py:115} INFO - [2023-05-17 16:36:19,879] {dag.py:2371} INFO - Sync 1 DAGs
[2023-05-17 16:36:20,128] {logging_mixin.py:115} INFO - [2023-05-17 16:36:20,128] {dag.py:2919} INFO - Setting next_dagrun for latest_only to 2023-05-17T12:36:20.125001+00:00, run_after=2023-05-17T16:36:20.125001+00:00
[2023-05-17 16:36:20,294] {processor.py:161} INFO - Processing /home/airflow/.local/lib/python3.7/site-packages/airflow/example_dags/example_latest_only.py took 2.233 seconds
[2023-05-17 16:40:56,752] {processor.py:153} INFO - Started process (PID=53) to work on /home/airflow/.local/lib/python3.7/site-packages/airflow/example_dags/example_latest_only.py
[2023-05-17 16:40:56,757] {processor.py:641} INFO - Processing file /home/airflow/.local/lib/python3.7/site-packages/airflow/example_dags/example_latest_only.py for tasks to queue
[2023-05-17 16:40:56,761] {logging_mixin.py:115} INFO - [2023-05-17 16:40:56,760] {dagbag.py:507} INFO - Filling up the DagBag from /home/airflow/.local/lib/python3.7/site-packages/airflow/example_dags/example_latest_only.py
[2023-05-17 16:40:56,776] {processor.py:651} INFO - DAG(s) dict_keys(['latest_only']) retrieved from /home/airflow/.local/lib/python3.7/site-packages/airflow/example_dags/example_latest_only.py
[2023-05-17 16:40:56,858] {logging_mixin.py:115} INFO - [2023-05-17 16:40:56,857] {dag.py:2371} INFO - Sync 1 DAGs
[2023-05-17 16:40:56,914] {logging_mixin.py:115} INFO - [2023-05-17 16:40:56,914] {dag.py:2919} INFO - Setting next_dagrun for latest_only to 2023-05-17T12:40:56.913896+00:00, run_after=2023-05-17T16:40:56.913896+00:00
[2023-05-17 16:40:56,953] {processor.py:161} INFO - Processing /home/airflow/.local/lib/python3.7/site-packages/airflow/example_dags/example_latest_only.py took 0.207 seconds
[2023-05-17 16:41:27,778] {processor.py:153} INFO - Started process (PID=107) to work on /home/airflow/.local/lib/python3.7/site-packages/airflow/example_dags/example_latest_only.py
[2023-05-17 16:41:27,781] {processor.py:641} INFO - Processing file /home/airflow/.local/lib/python3.7/site-packages/airflow/example_dags/example_latest_only.py for tasks to queue
[2023-05-17 16:41:27,784] {logging_mixin.py:115} INFO - [2023-05-17 16:41:27,783] {dagbag.py:507} INFO - Filling up the DagBag from /home/airflow/.local/lib/python3.7/site-packages/airflow/example_dags/example_latest_only.py
[2023-05-17 16:41:27,794] {processor.py:651} INFO - DAG(s) dict_keys(['latest_only']) retrieved from /home/airflow/.local/lib/python3.7/site-packages/airflow/example_dags/example_latest_only.py
[2023-05-17 16:41:27,874] {logging_mixin.py:115} INFO - [2023-05-17 16:41:27,874] {dag.py:2371} INFO - Sync 1 DAGs
[2023-05-17 16:41:27,970] {logging_mixin.py:115} INFO - [2023-05-17 16:41:27,970] {dag.py:2919} INFO - Setting next_dagrun for latest_only to 2023-05-17T12:41:27.969753+00:00, run_after=2023-05-17T16:41:27.969753+00:00
[2023-05-17 16:41:27,994] {processor.py:161} INFO - Processing /home/airflow/.local/lib/python3.7/site-packages/airflow/example_dags/example_latest_only.py took 0.221 seconds
[2023-05-17 16:41:58,097] {processor.py:153} INFO - Started process (PID=168) to work on /home/airflow/.local/lib/python3.7/site-packages/airflow/example_dags/example_latest_only.py
[2023-05-17 16:41:58,102] {processor.py:641} INFO - Processing file /home/airflow/.local/lib/python3.7/site-packages/airflow/example_dags/example_latest_only.py for tasks to queue
[2023-05-17 16:41:58,104] {logging_mixin.py:115} INFO - [2023-05-17 16:41:58,103] {dagbag.py:507} INFO - Filling up the DagBag from /home/airflow/.local/lib/python3.7/site-packages/airflow/example_dags/example_latest_only.py
[2023-05-17 16:41:58,117] {processor.py:651} INFO - DAG(s) dict_keys(['latest_only']) retrieved from /home/airflow/.local/lib/python3.7/site-packages/airflow/example_dags/example_latest_only.py
[2023-05-17 16:41:58,165] {logging_mixin.py:115} INFO - [2023-05-17 16:41:58,164] {dag.py:2371} INFO - Sync 1 DAGs
[2023-05-17 16:41:58,228] {logging_mixin.py:115} INFO - [2023-05-17 16:41:58,227] {dag.py:2919} INFO - Setting next_dagrun for latest_only to 2023-05-17T12:41:58.227274+00:00, run_after=2023-05-17T16:41:58.227274+00:00
[2023-05-17 16:41:58,258] {processor.py:161} INFO - Processing /home/airflow/.local/lib/python3.7/site-packages/airflow/example_dags/example_latest_only.py took 0.166 seconds
[2023-05-17 16:42:28,336] {processor.py:153} INFO - Started process (PID=221) to work on /home/airflow/.local/lib/python3.7/site-packages/airflow/example_dags/example_latest_only.py
[2023-05-17 16:42:28,338] {processor.py:641} INFO - Processing file /home/airflow/.local/lib/python3.7/site-packages/airflow/example_dags/example_latest_only.py for tasks to queue
[2023-05-17 16:42:28,341] {logging_mixin.py:115} INFO - [2023-05-17 16:42:28,341] {dagbag.py:507} INFO - Filling up the DagBag from /home/airflow/.local/lib/python3.7/site-packages/airflow/example_dags/example_latest_only.py
[2023-05-17 16:42:28,348] {processor.py:651} INFO - DAG(s) dict_keys(['latest_only']) retrieved from /home/airflow/.local/lib/python3.7/site-packages/airflow/example_dags/example_latest_only.py
[2023-05-17 16:42:28,381] {logging_mixin.py:115} INFO - [2023-05-17 16:42:28,381] {dag.py:2371} INFO - Sync 1 DAGs
[2023-05-17 16:42:28,412] {logging_mixin.py:115} INFO - [2023-05-17 16:42:28,411] {dag.py:2919} INFO - Setting next_dagrun for latest_only to 2023-05-17T12:42:28.411601+00:00, run_after=2023-05-17T16:42:28.411601+00:00
[2023-05-17 16:42:28,433] {processor.py:161} INFO - Processing /home/airflow/.local/lib/python3.7/site-packages/airflow/example_dags/example_latest_only.py took 0.100 seconds
[2023-05-17 16:42:59,318] {processor.py:153} INFO - Started process (PID=285) to work on /home/airflow/.local/lib/python3.7/site-packages/airflow/example_dags/example_latest_only.py
[2023-05-17 16:42:59,322] {processor.py:641} INFO - Processing file /home/airflow/.local/lib/python3.7/site-packages/airflow/example_dags/example_latest_only.py for tasks to queue
[2023-05-17 16:42:59,342] {logging_mixin.py:115} INFO - [2023-05-17 16:42:59,342] {dagbag.py:507} INFO - Filling up the DagBag from /home/airflow/.local/lib/python3.7/site-packages/airflow/example_dags/example_latest_only.py
[2023-05-17 16:42:59,370] {processor.py:651} INFO - DAG(s) dict_keys(['latest_only']) retrieved from /home/airflow/.local/lib/python3.7/site-packages/airflow/example_dags/example_latest_only.py
[2023-05-17 16:42:59,424] {logging_mixin.py:115} INFO - [2023-05-17 16:42:59,424] {dag.py:2371} INFO - Sync 1 DAGs
[2023-05-17 16:42:59,461] {logging_mixin.py:115} INFO - [2023-05-17 16:42:59,461] {dag.py:2919} INFO - Setting next_dagrun for latest_only to 2023-05-17T12:42:59.461282+00:00, run_after=2023-05-17T16:42:59.461282+00:00
[2023-05-17 16:42:59,487] {processor.py:161} INFO - Processing /home/airflow/.local/lib/python3.7/site-packages/airflow/example_dags/example_latest_only.py took 0.172 seconds
[2023-05-17 16:43:29,712] {processor.py:153} INFO - Started process (PID=338) to work on /home/airflow/.local/lib/python3.7/site-packages/airflow/example_dags/example_latest_only.py
[2023-05-17 16:43:29,715] {processor.py:641} INFO - Processing file /home/airflow/.local/lib/python3.7/site-packages/airflow/example_dags/example_latest_only.py for tasks to queue
[2023-05-17 16:43:29,716] {logging_mixin.py:115} INFO - [2023-05-17 16:43:29,716] {dagbag.py:507} INFO - Filling up the DagBag from /home/airflow/.local/lib/python3.7/site-packages/airflow/example_dags/example_latest_only.py
[2023-05-17 16:43:29,728] {processor.py:651} INFO - DAG(s) dict_keys(['latest_only']) retrieved from /home/airflow/.local/lib/python3.7/site-packages/airflow/example_dags/example_latest_only.py
[2023-05-17 16:43:29,765] {logging_mixin.py:115} INFO - [2023-05-17 16:43:29,765] {dag.py:2371} INFO - Sync 1 DAGs
[2023-05-17 16:43:29,798] {logging_mixin.py:115} INFO - [2023-05-17 16:43:29,798] {dag.py:2919} INFO - Setting next_dagrun for latest_only to 2023-05-17T12:43:29.797899+00:00, run_after=2023-05-17T16:43:29.797899+00:00
[2023-05-17 16:43:29,817] {processor.py:161} INFO - Processing /home/airflow/.local/lib/python3.7/site-packages/airflow/example_dags/example_latest_only.py took 0.112 seconds
[2023-05-17 16:44:00,557] {processor.py:153} INFO - Started process (PID=400) to work on /home/airflow/.local/lib/python3.7/site-packages/airflow/example_dags/example_latest_only.py
[2023-05-17 16:44:00,559] {processor.py:641} INFO - Processing file /home/airflow/.local/lib/python3.7/site-packages/airflow/example_dags/example_latest_only.py for tasks to queue
[2023-05-17 16:44:00,561] {logging_mixin.py:115} INFO - [2023-05-17 16:44:00,560] {dagbag.py:507} INFO - Filling up the DagBag from /home/airflow/.local/lib/python3.7/site-packages/airflow/example_dags/example_latest_only.py
[2023-05-17 16:44:00,570] {processor.py:651} INFO - DAG(s) dict_keys(['latest_only']) retrieved from /home/airflow/.local/lib/python3.7/site-packages/airflow/example_dags/example_latest_only.py
[2023-05-17 16:44:00,607] {logging_mixin.py:115} INFO - [2023-05-17 16:44:00,607] {dag.py:2371} INFO - Sync 1 DAGs
[2023-05-17 16:44:00,638] {logging_mixin.py:115} INFO - [2023-05-17 16:44:00,638] {dag.py:2919} INFO - Setting next_dagrun for latest_only to 2023-05-17T12:44:00.638450+00:00, run_after=2023-05-17T16:44:00.638450+00:00
[2023-05-17 16:44:00,660] {processor.py:161} INFO - Processing /home/airflow/.local/lib/python3.7/site-packages/airflow/example_dags/example_latest_only.py took 0.107 seconds
[2023-05-17 16:44:31,130] {processor.py:153} INFO - Started process (PID=463) to work on /home/airflow/.local/lib/python3.7/site-packages/airflow/example_dags/example_latest_only.py
[2023-05-17 16:44:31,132] {processor.py:641} INFO - Processing file /home/airflow/.local/lib/python3.7/site-packages/airflow/example_dags/example_latest_only.py for tasks to queue
[2023-05-17 16:44:31,134] {logging_mixin.py:115} INFO - [2023-05-17 16:44:31,134] {dagbag.py:507} INFO - Filling up the DagBag from /home/airflow/.local/lib/python3.7/site-packages/airflow/example_dags/example_latest_only.py
[2023-05-17 16:44:31,143] {processor.py:651} INFO - DAG(s) dict_keys(['latest_only']) retrieved from /home/airflow/.local/lib/python3.7/site-packages/airflow/example_dags/example_latest_only.py
[2023-05-17 16:44:31,185] {logging_mixin.py:115} INFO - [2023-05-17 16:44:31,185] {dag.py:2371} INFO - Sync 1 DAGs
[2023-05-17 16:44:31,222] {logging_mixin.py:115} INFO - [2023-05-17 16:44:31,222] {dag.py:2919} INFO - Setting next_dagrun for latest_only to 2023-05-17T12:44:31.221823+00:00, run_after=2023-05-17T16:44:31.221823+00:00
[2023-05-17 16:44:31,239] {processor.py:161} INFO - Processing /home/airflow/.local/lib/python3.7/site-packages/airflow/example_dags/example_latest_only.py took 0.115 seconds
[2023-05-17 16:45:02,303] {processor.py:153} INFO - Started process (PID=515) to work on /home/airflow/.local/lib/python3.7/site-packages/airflow/example_dags/example_latest_only.py
[2023-05-17 16:45:02,306] {processor.py:641} INFO - Processing file /home/airflow/.local/lib/python3.7/site-packages/airflow/example_dags/example_latest_only.py for tasks to queue
[2023-05-17 16:45:02,309] {logging_mixin.py:115} INFO - [2023-05-17 16:45:02,309] {dagbag.py:507} INFO - Filling up the DagBag from /home/airflow/.local/lib/python3.7/site-packages/airflow/example_dags/example_latest_only.py
[2023-05-17 16:45:02,325] {processor.py:651} INFO - DAG(s) dict_keys(['latest_only']) retrieved from /home/airflow/.local/lib/python3.7/site-packages/airflow/example_dags/example_latest_only.py
[2023-05-17 16:45:02,385] {logging_mixin.py:115} INFO - [2023-05-17 16:45:02,385] {dag.py:2371} INFO - Sync 1 DAGs
[2023-05-17 16:45:02,412] {logging_mixin.py:115} INFO - [2023-05-17 16:45:02,412] {dag.py:2919} INFO - Setting next_dagrun for latest_only to 2023-05-17T12:45:02.412451+00:00, run_after=2023-05-17T16:45:02.412451+00:00
[2023-05-17 16:45:02,431] {processor.py:161} INFO - Processing /home/airflow/.local/lib/python3.7/site-packages/airflow/example_dags/example_latest_only.py took 0.140 seconds
[2023-05-17 16:45:33,353] {processor.py:153} INFO - Started process (PID=579) to work on /home/airflow/.local/lib/python3.7/site-packages/airflow/example_dags/example_latest_only.py
[2023-05-17 16:45:33,357] {processor.py:641} INFO - Processing file /home/airflow/.local/lib/python3.7/site-packages/airflow/example_dags/example_latest_only.py for tasks to queue
[2023-05-17 16:45:33,360] {logging_mixin.py:115} INFO - [2023-05-17 16:45:33,360] {dagbag.py:507} INFO - Filling up the DagBag from /home/airflow/.local/lib/python3.7/site-packages/airflow/example_dags/example_latest_only.py
[2023-05-17 16:45:33,375] {processor.py:651} INFO - DAG(s) dict_keys(['latest_only']) retrieved from /home/airflow/.local/lib/python3.7/site-packages/airflow/example_dags/example_latest_only.py
[2023-05-17 16:45:33,453] {logging_mixin.py:115} INFO - [2023-05-17 16:45:33,453] {dag.py:2371} INFO - Sync 1 DAGs
[2023-05-17 16:45:33,489] {logging_mixin.py:115} INFO - [2023-05-17 16:45:33,489] {dag.py:2919} INFO - Setting next_dagrun for latest_only to 2023-05-17T12:45:33.488735+00:00, run_after=2023-05-17T16:45:33.488735+00:00
[2023-05-17 16:45:33,517] {processor.py:161} INFO - Processing /home/airflow/.local/lib/python3.7/site-packages/airflow/example_dags/example_latest_only.py took 0.173 seconds
[2023-05-17 16:46:04,125] {processor.py:153} INFO - Started process (PID=640) to work on /home/airflow/.local/lib/python3.7/site-packages/airflow/example_dags/example_latest_only.py
[2023-05-17 16:46:04,127] {processor.py:641} INFO - Processing file /home/airflow/.local/lib/python3.7/site-packages/airflow/example_dags/example_latest_only.py for tasks to queue
[2023-05-17 16:46:04,129] {logging_mixin.py:115} INFO - [2023-05-17 16:46:04,128] {dagbag.py:507} INFO - Filling up the DagBag from /home/airflow/.local/lib/python3.7/site-packages/airflow/example_dags/example_latest_only.py
[2023-05-17 16:46:04,144] {processor.py:651} INFO - DAG(s) dict_keys(['latest_only']) retrieved from /home/airflow/.local/lib/python3.7/site-packages/airflow/example_dags/example_latest_only.py
[2023-05-17 16:46:04,206] {logging_mixin.py:115} INFO - [2023-05-17 16:46:04,206] {dag.py:2371} INFO - Sync 1 DAGs
[2023-05-17 16:46:04,235] {logging_mixin.py:115} INFO - [2023-05-17 16:46:04,235] {dag.py:2919} INFO - Setting next_dagrun for latest_only to 2023-05-17T12:46:04.235110+00:00, run_after=2023-05-17T16:46:04.235110+00:00
[2023-05-17 16:46:04,254] {processor.py:161} INFO - Processing /home/airflow/.local/lib/python3.7/site-packages/airflow/example_dags/example_latest_only.py took 0.133 seconds
[2023-05-17 16:46:34,315] {processor.py:153} INFO - Started process (PID=697) to work on /home/airflow/.local/lib/python3.7/site-packages/airflow/example_dags/example_latest_only.py
[2023-05-17 16:46:34,317] {processor.py:641} INFO - Processing file /home/airflow/.local/lib/python3.7/site-packages/airflow/example_dags/example_latest_only.py for tasks to queue
[2023-05-17 16:46:34,318] {logging_mixin.py:115} INFO - [2023-05-17 16:46:34,318] {dagbag.py:507} INFO - Filling up the DagBag from /home/airflow/.local/lib/python3.7/site-packages/airflow/example_dags/example_latest_only.py
[2023-05-17 16:46:34,329] {processor.py:651} INFO - DAG(s) dict_keys(['latest_only']) retrieved from /home/airflow/.local/lib/python3.7/site-packages/airflow/example_dags/example_latest_only.py
[2023-05-17 16:46:34,368] {logging_mixin.py:115} INFO - [2023-05-17 16:46:34,367] {dag.py:2371} INFO - Sync 1 DAGs
[2023-05-17 16:46:34,400] {logging_mixin.py:115} INFO - [2023-05-17 16:46:34,400] {dag.py:2919} INFO - Setting next_dagrun for latest_only to 2023-05-17T12:46:34.399867+00:00, run_after=2023-05-17T16:46:34.399867+00:00
[2023-05-17 16:46:34,421] {processor.py:161} INFO - Processing /home/airflow/.local/lib/python3.7/site-packages/airflow/example_dags/example_latest_only.py took 0.110 seconds
[2023-05-17 16:47:04,880] {processor.py:153} INFO - Started process (PID=760) to work on /home/airflow/.local/lib/python3.7/site-packages/airflow/example_dags/example_latest_only.py
[2023-05-17 16:47:04,882] {processor.py:641} INFO - Processing file /home/airflow/.local/lib/python3.7/site-packages/airflow/example_dags/example_latest_only.py for tasks to queue
[2023-05-17 16:47:04,883] {logging_mixin.py:115} INFO - [2023-05-17 16:47:04,883] {dagbag.py:507} INFO - Filling up the DagBag from /home/airflow/.local/lib/python3.7/site-packages/airflow/example_dags/example_latest_only.py
[2023-05-17 16:47:04,891] {processor.py:651} INFO - DAG(s) dict_keys(['latest_only']) retrieved from /home/airflow/.local/lib/python3.7/site-packages/airflow/example_dags/example_latest_only.py
[2023-05-17 16:47:04,925] {logging_mixin.py:115} INFO - [2023-05-17 16:47:04,925] {dag.py:2371} INFO - Sync 1 DAGs
[2023-05-17 16:47:04,952] {logging_mixin.py:115} INFO - [2023-05-17 16:47:04,952] {dag.py:2919} INFO - Setting next_dagrun for latest_only to 2023-05-17T12:47:04.951554+00:00, run_after=2023-05-17T16:47:04.951554+00:00
[2023-05-17 16:47:04,969] {processor.py:161} INFO - Processing /home/airflow/.local/lib/python3.7/site-packages/airflow/example_dags/example_latest_only.py took 0.096 seconds
[2023-05-17 16:47:36,064] {processor.py:153} INFO - Started process (PID=813) to work on /home/airflow/.local/lib/python3.7/site-packages/airflow/example_dags/example_latest_only.py
[2023-05-17 16:47:36,067] {processor.py:641} INFO - Processing file /home/airflow/.local/lib/python3.7/site-packages/airflow/example_dags/example_latest_only.py for tasks to queue
[2023-05-17 16:47:36,070] {logging_mixin.py:115} INFO - [2023-05-17 16:47:36,070] {dagbag.py:507} INFO - Filling up the DagBag from /home/airflow/.local/lib/python3.7/site-packages/airflow/example_dags/example_latest_only.py
[2023-05-17 16:47:36,079] {processor.py:651} INFO - DAG(s) dict_keys(['latest_only']) retrieved from /home/airflow/.local/lib/python3.7/site-packages/airflow/example_dags/example_latest_only.py
[2023-05-17 16:47:36,130] {logging_mixin.py:115} INFO - [2023-05-17 16:47:36,130] {dag.py:2371} INFO - Sync 1 DAGs
[2023-05-17 16:47:36,173] {logging_mixin.py:115} INFO - [2023-05-17 16:47:36,173] {dag.py:2919} INFO - Setting next_dagrun for latest_only to 2023-05-17T12:47:36.172692+00:00, run_after=2023-05-17T16:47:36.172692+00:00
[2023-05-17 16:47:36,200] {processor.py:161} INFO - Processing /home/airflow/.local/lib/python3.7/site-packages/airflow/example_dags/example_latest_only.py took 0.143 seconds
[2023-05-17 16:48:06,399] {processor.py:153} INFO - Started process (PID=869) to work on /home/airflow/.local/lib/python3.7/site-packages/airflow/example_dags/example_latest_only.py
[2023-05-17 16:48:06,408] {processor.py:641} INFO - Processing file /home/airflow/.local/lib/python3.7/site-packages/airflow/example_dags/example_latest_only.py for tasks to queue
[2023-05-17 16:48:06,419] {logging_mixin.py:115} INFO - [2023-05-17 16:48:06,419] {dagbag.py:507} INFO - Filling up the DagBag from /home/airflow/.local/lib/python3.7/site-packages/airflow/example_dags/example_latest_only.py
[2023-05-17 16:48:06,437] {processor.py:651} INFO - DAG(s) dict_keys(['latest_only']) retrieved from /home/airflow/.local/lib/python3.7/site-packages/airflow/example_dags/example_latest_only.py
[2023-05-17 16:48:06,486] {logging_mixin.py:115} INFO - [2023-05-17 16:48:06,486] {dag.py:2371} INFO - Sync 1 DAGs
[2023-05-17 16:48:06,524] {logging_mixin.py:115} INFO - [2023-05-17 16:48:06,523] {dag.py:2919} INFO - Setting next_dagrun for latest_only to 2023-05-17T12:48:06.523424+00:00, run_after=2023-05-17T16:48:06.523424+00:00
[2023-05-17 16:48:06,549] {processor.py:161} INFO - Processing /home/airflow/.local/lib/python3.7/site-packages/airflow/example_dags/example_latest_only.py took 0.155 seconds
[2023-05-17 16:48:37,153] {processor.py:153} INFO - Started process (PID=934) to work on /home/airflow/.local/lib/python3.7/site-packages/airflow/example_dags/example_latest_only.py
[2023-05-17 16:48:37,155] {processor.py:641} INFO - Processing file /home/airflow/.local/lib/python3.7/site-packages/airflow/example_dags/example_latest_only.py for tasks to queue
[2023-05-17 16:48:37,156] {logging_mixin.py:115} INFO - [2023-05-17 16:48:37,156] {dagbag.py:507} INFO - Filling up the DagBag from /home/airflow/.local/lib/python3.7/site-packages/airflow/example_dags/example_latest_only.py
[2023-05-17 16:48:37,163] {processor.py:651} INFO - DAG(s) dict_keys(['latest_only']) retrieved from /home/airflow/.local/lib/python3.7/site-packages/airflow/example_dags/example_latest_only.py
[2023-05-17 16:48:37,201] {logging_mixin.py:115} INFO - [2023-05-17 16:48:37,200] {dag.py:2371} INFO - Sync 1 DAGs
[2023-05-17 16:48:37,231] {logging_mixin.py:115} INFO - [2023-05-17 16:48:37,231] {dag.py:2919} INFO - Setting next_dagrun for latest_only to 2023-05-17T12:48:37.231167+00:00, run_after=2023-05-17T16:48:37.231167+00:00
[2023-05-17 16:48:37,254] {processor.py:161} INFO - Processing /home/airflow/.local/lib/python3.7/site-packages/airflow/example_dags/example_latest_only.py took 0.105 seconds
[2023-05-17 16:49:07,798] {processor.py:153} INFO - Started process (PID=991) to work on /home/airflow/.local/lib/python3.7/site-packages/airflow/example_dags/example_latest_only.py
[2023-05-17 16:49:07,838] {processor.py:641} INFO - Processing file /home/airflow/.local/lib/python3.7/site-packages/airflow/example_dags/example_latest_only.py for tasks to queue
[2023-05-17 16:49:07,846] {logging_mixin.py:115} INFO - [2023-05-17 16:49:07,846] {dagbag.py:507} INFO - Filling up the DagBag from /home/airflow/.local/lib/python3.7/site-packages/airflow/example_dags/example_latest_only.py
[2023-05-17 16:49:07,863] {processor.py:651} INFO - DAG(s) dict_keys(['latest_only']) retrieved from /home/airflow/.local/lib/python3.7/site-packages/airflow/example_dags/example_latest_only.py
[2023-05-17 16:49:07,916] {logging_mixin.py:115} INFO - [2023-05-17 16:49:07,915] {dag.py:2371} INFO - Sync 1 DAGs
[2023-05-17 16:49:07,996] {logging_mixin.py:115} INFO - [2023-05-17 16:49:07,995] {dag.py:2919} INFO - Setting next_dagrun for latest_only to 2023-05-17T12:49:07.994358+00:00, run_after=2023-05-17T16:49:07.994358+00:00
[2023-05-17 16:49:08,042] {processor.py:161} INFO - Processing /home/airflow/.local/lib/python3.7/site-packages/airflow/example_dags/example_latest_only.py took 0.251 seconds
[2023-05-17 16:49:38,710] {processor.py:153} INFO - Started process (PID=1055) to work on /home/airflow/.local/lib/python3.7/site-packages/airflow/example_dags/example_latest_only.py
[2023-05-17 16:49:38,712] {processor.py:641} INFO - Processing file /home/airflow/.local/lib/python3.7/site-packages/airflow/example_dags/example_latest_only.py for tasks to queue
[2023-05-17 16:49:38,714] {logging_mixin.py:115} INFO - [2023-05-17 16:49:38,714] {dagbag.py:507} INFO - Filling up the DagBag from /home/airflow/.local/lib/python3.7/site-packages/airflow/example_dags/example_latest_only.py
[2023-05-17 16:49:38,722] {processor.py:651} INFO - DAG(s) dict_keys(['latest_only']) retrieved from /home/airflow/.local/lib/python3.7/site-packages/airflow/example_dags/example_latest_only.py
[2023-05-17 16:49:38,770] {logging_mixin.py:115} INFO - [2023-05-17 16:49:38,770] {dag.py:2371} INFO - Sync 1 DAGs
[2023-05-17 16:49:38,793] {logging_mixin.py:115} INFO - [2023-05-17 16:49:38,793] {dag.py:2919} INFO - Setting next_dagrun for latest_only to 2023-05-17T12:49:38.792928+00:00, run_after=2023-05-17T16:49:38.792928+00:00
[2023-05-17 16:49:38,806] {processor.py:161} INFO - Processing /home/airflow/.local/lib/python3.7/site-packages/airflow/example_dags/example_latest_only.py took 0.107 seconds
[2023-05-17 16:50:09,146] {processor.py:153} INFO - Started process (PID=1118) to work on /home/airflow/.local/lib/python3.7/site-packages/airflow/example_dags/example_latest_only.py
[2023-05-17 16:50:09,150] {processor.py:641} INFO - Processing file /home/airflow/.local/lib/python3.7/site-packages/airflow/example_dags/example_latest_only.py for tasks to queue
[2023-05-17 16:50:09,152] {logging_mixin.py:115} INFO - [2023-05-17 16:50:09,152] {dagbag.py:507} INFO - Filling up the DagBag from /home/airflow/.local/lib/python3.7/site-packages/airflow/example_dags/example_latest_only.py
[2023-05-17 16:50:09,159] {processor.py:651} INFO - DAG(s) dict_keys(['latest_only']) retrieved from /home/airflow/.local/lib/python3.7/site-packages/airflow/example_dags/example_latest_only.py
[2023-05-17 16:50:09,195] {logging_mixin.py:115} INFO - [2023-05-17 16:50:09,194] {dag.py:2371} INFO - Sync 1 DAGs
[2023-05-17 16:50:09,223] {logging_mixin.py:115} INFO - [2023-05-17 16:50:09,223] {dag.py:2919} INFO - Setting next_dagrun for latest_only to 2023-05-17T12:50:09.222890+00:00, run_after=2023-05-17T16:50:09.222890+00:00
[2023-05-17 16:50:09,241] {processor.py:161} INFO - Processing /home/airflow/.local/lib/python3.7/site-packages/airflow/example_dags/example_latest_only.py took 0.101 seconds
[2023-05-17 16:50:39,772] {processor.py:153} INFO - Started process (PID=1172) to work on /home/airflow/.local/lib/python3.7/site-packages/airflow/example_dags/example_latest_only.py
[2023-05-17 16:50:39,774] {processor.py:641} INFO - Processing file /home/airflow/.local/lib/python3.7/site-packages/airflow/example_dags/example_latest_only.py for tasks to queue
[2023-05-17 16:50:39,776] {logging_mixin.py:115} INFO - [2023-05-17 16:50:39,776] {dagbag.py:507} INFO - Filling up the DagBag from /home/airflow/.local/lib/python3.7/site-packages/airflow/example_dags/example_latest_only.py
[2023-05-17 16:50:39,783] {processor.py:651} INFO - DAG(s) dict_keys(['latest_only']) retrieved from /home/airflow/.local/lib/python3.7/site-packages/airflow/example_dags/example_latest_only.py
[2023-05-17 16:50:39,821] {logging_mixin.py:115} INFO - [2023-05-17 16:50:39,821] {dag.py:2371} INFO - Sync 1 DAGs
[2023-05-17 16:50:39,847] {logging_mixin.py:115} INFO - [2023-05-17 16:50:39,847] {dag.py:2919} INFO - Setting next_dagrun for latest_only to 2023-05-17T12:50:39.847254+00:00, run_after=2023-05-17T16:50:39.847254+00:00
[2023-05-17 16:50:39,863] {processor.py:161} INFO - Processing /home/airflow/.local/lib/python3.7/site-packages/airflow/example_dags/example_latest_only.py took 0.095 seconds
[2023-05-17 16:51:10,167] {processor.py:153} INFO - Started process (PID=1237) to work on /home/airflow/.local/lib/python3.7/site-packages/airflow/example_dags/example_latest_only.py
[2023-05-17 16:51:10,170] {processor.py:641} INFO - Processing file /home/airflow/.local/lib/python3.7/site-packages/airflow/example_dags/example_latest_only.py for tasks to queue
[2023-05-17 16:51:10,173] {logging_mixin.py:115} INFO - [2023-05-17 16:51:10,172] {dagbag.py:507} INFO - Filling up the DagBag from /home/airflow/.local/lib/python3.7/site-packages/airflow/example_dags/example_latest_only.py
[2023-05-17 16:51:10,179] {processor.py:651} INFO - DAG(s) dict_keys(['latest_only']) retrieved from /home/airflow/.local/lib/python3.7/site-packages/airflow/example_dags/example_latest_only.py
[2023-05-17 16:51:10,216] {logging_mixin.py:115} INFO - [2023-05-17 16:51:10,216] {dag.py:2371} INFO - Sync 1 DAGs
[2023-05-17 16:51:10,247] {logging_mixin.py:115} INFO - [2023-05-17 16:51:10,247] {dag.py:2919} INFO - Setting next_dagrun for latest_only to 2023-05-17T12:51:10.247015+00:00, run_after=2023-05-17T16:51:10.247015+00:00
[2023-05-17 16:51:10,273] {processor.py:161} INFO - Processing /home/airflow/.local/lib/python3.7/site-packages/airflow/example_dags/example_latest_only.py took 0.110 seconds
[2023-05-17 16:51:40,561] {processor.py:153} INFO - Started process (PID=1293) to work on /home/airflow/.local/lib/python3.7/site-packages/airflow/example_dags/example_latest_only.py
[2023-05-17 16:51:40,563] {processor.py:641} INFO - Processing file /home/airflow/.local/lib/python3.7/site-packages/airflow/example_dags/example_latest_only.py for tasks to queue
[2023-05-17 16:51:40,564] {logging_mixin.py:115} INFO - [2023-05-17 16:51:40,564] {dagbag.py:507} INFO - Filling up the DagBag from /home/airflow/.local/lib/python3.7/site-packages/airflow/example_dags/example_latest_only.py
[2023-05-17 16:51:40,574] {processor.py:651} INFO - DAG(s) dict_keys(['latest_only']) retrieved from /home/airflow/.local/lib/python3.7/site-packages/airflow/example_dags/example_latest_only.py
[2023-05-17 16:51:40,611] {logging_mixin.py:115} INFO - [2023-05-17 16:51:40,611] {dag.py:2371} INFO - Sync 1 DAGs
[2023-05-17 16:51:40,643] {logging_mixin.py:115} INFO - [2023-05-17 16:51:40,643] {dag.py:2919} INFO - Setting next_dagrun for latest_only to 2023-05-17T12:51:40.643036+00:00, run_after=2023-05-17T16:51:40.643036+00:00
[2023-05-17 16:51:40,659] {processor.py:161} INFO - Processing /home/airflow/.local/lib/python3.7/site-packages/airflow/example_dags/example_latest_only.py took 0.105 seconds
[2023-05-17 16:52:11,135] {processor.py:153} INFO - Started process (PID=1361) to work on /home/airflow/.local/lib/python3.7/site-packages/airflow/example_dags/example_latest_only.py
[2023-05-17 16:52:11,136] {processor.py:641} INFO - Processing file /home/airflow/.local/lib/python3.7/site-packages/airflow/example_dags/example_latest_only.py for tasks to queue
[2023-05-17 16:52:11,139] {logging_mixin.py:115} INFO - [2023-05-17 16:52:11,139] {dagbag.py:507} INFO - Filling up the DagBag from /home/airflow/.local/lib/python3.7/site-packages/airflow/example_dags/example_latest_only.py
[2023-05-17 16:52:11,147] {processor.py:651} INFO - DAG(s) dict_keys(['latest_only']) retrieved from /home/airflow/.local/lib/python3.7/site-packages/airflow/example_dags/example_latest_only.py
[2023-05-17 16:52:11,185] {logging_mixin.py:115} INFO - [2023-05-17 16:52:11,185] {dag.py:2371} INFO - Sync 1 DAGs
[2023-05-17 16:52:11,220] {logging_mixin.py:115} INFO - [2023-05-17 16:52:11,220] {dag.py:2919} INFO - Setting next_dagrun for latest_only to 2023-05-17T12:52:11.219626+00:00, run_after=2023-05-17T16:52:11.219626+00:00
[2023-05-17 16:52:11,242] {processor.py:161} INFO - Processing /home/airflow/.local/lib/python3.7/site-packages/airflow/example_dags/example_latest_only.py took 0.113 seconds
[2023-05-17 16:52:42,515] {processor.py:153} INFO - Started process (PID=1416) to work on /home/airflow/.local/lib/python3.7/site-packages/airflow/example_dags/example_latest_only.py
[2023-05-17 16:52:42,519] {processor.py:641} INFO - Processing file /home/airflow/.local/lib/python3.7/site-packages/airflow/example_dags/example_latest_only.py for tasks to queue
[2023-05-17 16:52:42,521] {logging_mixin.py:115} INFO - [2023-05-17 16:52:42,520] {dagbag.py:507} INFO - Filling up the DagBag from /home/airflow/.local/lib/python3.7/site-packages/airflow/example_dags/example_latest_only.py
[2023-05-17 16:52:42,530] {processor.py:651} INFO - DAG(s) dict_keys(['latest_only']) retrieved from /home/airflow/.local/lib/python3.7/site-packages/airflow/example_dags/example_latest_only.py
[2023-05-17 16:52:42,583] {logging_mixin.py:115} INFO - [2023-05-17 16:52:42,582] {dag.py:2371} INFO - Sync 1 DAGs
[2023-05-17 16:52:42,625] {logging_mixin.py:115} INFO - [2023-05-17 16:52:42,625] {dag.py:2919} INFO - Setting next_dagrun for latest_only to 2023-05-17T12:52:42.625543+00:00, run_after=2023-05-17T16:52:42.625543+00:00
[2023-05-17 16:52:42,652] {processor.py:161} INFO - Processing /home/airflow/.local/lib/python3.7/site-packages/airflow/example_dags/example_latest_only.py took 0.143 seconds
[2023-05-17 16:53:12,835] {processor.py:153} INFO - Started process (PID=1485) to work on /home/airflow/.local/lib/python3.7/site-packages/airflow/example_dags/example_latest_only.py
[2023-05-17 16:53:12,836] {processor.py:641} INFO - Processing file /home/airflow/.local/lib/python3.7/site-packages/airflow/example_dags/example_latest_only.py for tasks to queue
[2023-05-17 16:53:12,837] {logging_mixin.py:115} INFO - [2023-05-17 16:53:12,837] {dagbag.py:507} INFO - Filling up the DagBag from /home/airflow/.local/lib/python3.7/site-packages/airflow/example_dags/example_latest_only.py
[2023-05-17 16:53:12,844] {processor.py:651} INFO - DAG(s) dict_keys(['latest_only']) retrieved from /home/airflow/.local/lib/python3.7/site-packages/airflow/example_dags/example_latest_only.py
[2023-05-17 16:53:12,875] {logging_mixin.py:115} INFO - [2023-05-17 16:53:12,875] {dag.py:2371} INFO - Sync 1 DAGs
[2023-05-17 16:53:12,906] {logging_mixin.py:115} INFO - [2023-05-17 16:53:12,906] {dag.py:2919} INFO - Setting next_dagrun for latest_only to 2023-05-17T12:53:12.905954+00:00, run_after=2023-05-17T16:53:12.905954+00:00
[2023-05-17 16:53:12,926] {processor.py:161} INFO - Processing /home/airflow/.local/lib/python3.7/site-packages/airflow/example_dags/example_latest_only.py took 0.095 seconds
[2023-05-17 16:53:43,273] {processor.py:153} INFO - Started process (PID=1541) to work on /home/airflow/.local/lib/python3.7/site-packages/airflow/example_dags/example_latest_only.py
[2023-05-17 16:53:43,275] {processor.py:641} INFO - Processing file /home/airflow/.local/lib/python3.7/site-packages/airflow/example_dags/example_latest_only.py for tasks to queue
[2023-05-17 16:53:43,277] {logging_mixin.py:115} INFO - [2023-05-17 16:53:43,276] {dagbag.py:507} INFO - Filling up the DagBag from /home/airflow/.local/lib/python3.7/site-packages/airflow/example_dags/example_latest_only.py
[2023-05-17 16:53:43,286] {processor.py:651} INFO - DAG(s) dict_keys(['latest_only']) retrieved from /home/airflow/.local/lib/python3.7/site-packages/airflow/example_dags/example_latest_only.py
[2023-05-17 16:53:43,322] {logging_mixin.py:115} INFO - [2023-05-17 16:53:43,322] {dag.py:2371} INFO - Sync 1 DAGs
[2023-05-17 16:53:43,352] {logging_mixin.py:115} INFO - [2023-05-17 16:53:43,352] {dag.py:2919} INFO - Setting next_dagrun for latest_only to 2023-05-17T12:53:43.352004+00:00, run_after=2023-05-17T16:53:43.352004+00:00
[2023-05-17 16:53:43,370] {processor.py:161} INFO - Processing /home/airflow/.local/lib/python3.7/site-packages/airflow/example_dags/example_latest_only.py took 0.102 seconds
[2023-05-17 16:54:14,269] {processor.py:153} INFO - Started process (PID=1605) to work on /home/airflow/.local/lib/python3.7/site-packages/airflow/example_dags/example_latest_only.py
[2023-05-17 16:54:14,271] {processor.py:641} INFO - Processing file /home/airflow/.local/lib/python3.7/site-packages/airflow/example_dags/example_latest_only.py for tasks to queue
[2023-05-17 16:54:14,272] {logging_mixin.py:115} INFO - [2023-05-17 16:54:14,272] {dagbag.py:507} INFO - Filling up the DagBag from /home/airflow/.local/lib/python3.7/site-packages/airflow/example_dags/example_latest_only.py
[2023-05-17 16:54:14,279] {processor.py:651} INFO - DAG(s) dict_keys(['latest_only']) retrieved from /home/airflow/.local/lib/python3.7/site-packages/airflow/example_dags/example_latest_only.py
[2023-05-17 16:54:14,308] {logging_mixin.py:115} INFO - [2023-05-17 16:54:14,308] {dag.py:2371} INFO - Sync 1 DAGs
[2023-05-17 16:54:14,332] {logging_mixin.py:115} INFO - [2023-05-17 16:54:14,332] {dag.py:2919} INFO - Setting next_dagrun for latest_only to 2023-05-17T12:54:14.332575+00:00, run_after=2023-05-17T16:54:14.332575+00:00
[2023-05-17 16:54:14,350] {processor.py:161} INFO - Processing /home/airflow/.local/lib/python3.7/site-packages/airflow/example_dags/example_latest_only.py took 0.085 seconds
[2023-05-17 16:54:44,543] {processor.py:153} INFO - Started process (PID=1672) to work on /home/airflow/.local/lib/python3.7/site-packages/airflow/example_dags/example_latest_only.py
[2023-05-17 16:54:44,544] {processor.py:641} INFO - Processing file /home/airflow/.local/lib/python3.7/site-packages/airflow/example_dags/example_latest_only.py for tasks to queue
[2023-05-17 16:54:44,546] {logging_mixin.py:115} INFO - [2023-05-17 16:54:44,546] {dagbag.py:507} INFO - Filling up the DagBag from /home/airflow/.local/lib/python3.7/site-packages/airflow/example_dags/example_latest_only.py
[2023-05-17 16:54:44,552] {processor.py:651} INFO - DAG(s) dict_keys(['latest_only']) retrieved from /home/airflow/.local/lib/python3.7/site-packages/airflow/example_dags/example_latest_only.py
[2023-05-17 16:54:44,583] {logging_mixin.py:115} INFO - [2023-05-17 16:54:44,583] {dag.py:2371} INFO - Sync 1 DAGs
[2023-05-17 16:54:44,607] {logging_mixin.py:115} INFO - [2023-05-17 16:54:44,606] {dag.py:2919} INFO - Setting next_dagrun for latest_only to 2023-05-17T12:54:44.606632+00:00, run_after=2023-05-17T16:54:44.606632+00:00
[2023-05-17 16:54:44,621] {processor.py:161} INFO - Processing /home/airflow/.local/lib/python3.7/site-packages/airflow/example_dags/example_latest_only.py took 0.082 seconds
[2023-05-17 16:55:14,709] {processor.py:153} INFO - Started process (PID=1727) to work on /home/airflow/.local/lib/python3.7/site-packages/airflow/example_dags/example_latest_only.py
[2023-05-17 16:55:14,710] {processor.py:641} INFO - Processing file /home/airflow/.local/lib/python3.7/site-packages/airflow/example_dags/example_latest_only.py for tasks to queue
[2023-05-17 16:55:14,711] {logging_mixin.py:115} INFO - [2023-05-17 16:55:14,711] {dagbag.py:507} INFO - Filling up the DagBag from /home/airflow/.local/lib/python3.7/site-packages/airflow/example_dags/example_latest_only.py
[2023-05-17 16:55:14,717] {processor.py:651} INFO - DAG(s) dict_keys(['latest_only']) retrieved from /home/airflow/.local/lib/python3.7/site-packages/airflow/example_dags/example_latest_only.py
[2023-05-17 16:55:14,745] {logging_mixin.py:115} INFO - [2023-05-17 16:55:14,745] {dag.py:2371} INFO - Sync 1 DAGs
[2023-05-17 16:55:14,770] {logging_mixin.py:115} INFO - [2023-05-17 16:55:14,770] {dag.py:2919} INFO - Setting next_dagrun for latest_only to 2023-05-17T12:55:14.769951+00:00, run_after=2023-05-17T16:55:14.769951+00:00
[2023-05-17 16:55:14,788] {processor.py:161} INFO - Processing /home/airflow/.local/lib/python3.7/site-packages/airflow/example_dags/example_latest_only.py took 0.083 seconds
