[2023-05-17T16:28:30.189+0000] {processor.py:157} INFO - Started process (PID=68) to work on /home/airflow/.local/lib/python3.7/site-packages/airflow/example_dags/example_xcomargs.py
[2023-05-17T16:28:30.192+0000] {processor.py:826} INFO - Processing file /home/airflow/.local/lib/python3.7/site-packages/airflow/example_dags/example_xcomargs.py for tasks to queue
[2023-05-17T16:28:30.196+0000] {logging_mixin.py:149} INFO - [2023-05-17T16:28:30.196+0000] {dagbag.py:541} INFO - Filling up the DagBag from /home/airflow/.local/lib/python3.7/site-packages/airflow/example_dags/example_xcomargs.py
[2023-05-17T16:28:30.218+0000] {processor.py:836} INFO - DAG(s) dict_keys(['example_xcom_args', 'example_xcom_args_with_operators']) retrieved from /home/airflow/.local/lib/python3.7/site-packages/airflow/example_dags/example_xcomargs.py
[2023-05-17T16:28:30.290+0000] {logging_mixin.py:149} INFO - [2023-05-17T16:28:30.290+0000] {dag.py:2726} INFO - Sync 2 DAGs
[2023-05-17T16:28:30.345+0000] {logging_mixin.py:149} INFO - [2023-05-17T16:28:30.345+0000] {dag.py:3490} INFO - Setting next_dagrun for example_xcom_args to None, run_after=None
[2023-05-17T16:28:30.353+0000] {logging_mixin.py:149} INFO - [2023-05-17T16:28:30.353+0000] {dag.py:3490} INFO - Setting next_dagrun for example_xcom_args_with_operators to None, run_after=None
[2023-05-17T16:28:30.389+0000] {processor.py:179} INFO - Processing /home/airflow/.local/lib/python3.7/site-packages/airflow/example_dags/example_xcomargs.py took 0.208 seconds
[2023-05-17T16:29:01.578+0000] {processor.py:157} INFO - Started process (PID=124) to work on /home/airflow/.local/lib/python3.7/site-packages/airflow/example_dags/example_xcomargs.py
[2023-05-17T16:29:01.580+0000] {processor.py:826} INFO - Processing file /home/airflow/.local/lib/python3.7/site-packages/airflow/example_dags/example_xcomargs.py for tasks to queue
[2023-05-17T16:29:01.582+0000] {logging_mixin.py:149} INFO - [2023-05-17T16:29:01.582+0000] {dagbag.py:541} INFO - Filling up the DagBag from /home/airflow/.local/lib/python3.7/site-packages/airflow/example_dags/example_xcomargs.py
[2023-05-17T16:29:01.596+0000] {processor.py:836} INFO - DAG(s) dict_keys(['example_xcom_args', 'example_xcom_args_with_operators']) retrieved from /home/airflow/.local/lib/python3.7/site-packages/airflow/example_dags/example_xcomargs.py
[2023-05-17T16:29:01.649+0000] {logging_mixin.py:149} INFO - [2023-05-17T16:29:01.649+0000] {dag.py:2726} INFO - Sync 2 DAGs
[2023-05-17T16:29:01.714+0000] {logging_mixin.py:149} INFO - [2023-05-17T16:29:01.713+0000] {dag.py:3490} INFO - Setting next_dagrun for example_xcom_args to None, run_after=None
[2023-05-17T16:29:01.723+0000] {logging_mixin.py:149} INFO - [2023-05-17T16:29:01.723+0000] {dag.py:3490} INFO - Setting next_dagrun for example_xcom_args_with_operators to None, run_after=None
[2023-05-17T16:29:01.776+0000] {processor.py:179} INFO - Processing /home/airflow/.local/lib/python3.7/site-packages/airflow/example_dags/example_xcomargs.py took 0.203 seconds
[2023-05-17 16:35:43,048] {processor.py:153} INFO - Started process (PID=88) to work on /home/airflow/.local/lib/python3.7/site-packages/airflow/example_dags/example_xcomargs.py
[2023-05-17 16:35:43,050] {processor.py:641} INFO - Processing file /home/airflow/.local/lib/python3.7/site-packages/airflow/example_dags/example_xcomargs.py for tasks to queue
[2023-05-17 16:35:43,052] {logging_mixin.py:115} INFO - [2023-05-17 16:35:43,051] {dagbag.py:507} INFO - Filling up the DagBag from /home/airflow/.local/lib/python3.7/site-packages/airflow/example_dags/example_xcomargs.py
[2023-05-17 16:35:43,094] {processor.py:651} INFO - DAG(s) dict_keys(['example_xcom_args', 'example_xcom_args_with_operators']) retrieved from /home/airflow/.local/lib/python3.7/site-packages/airflow/example_dags/example_xcomargs.py
[2023-05-17 16:35:43,437] {logging_mixin.py:115} INFO - [2023-05-17 16:35:43,437] {manager.py:508} INFO - Created Permission View: can read on DAG:example_xcom_args
[2023-05-17 16:35:43,461] {logging_mixin.py:115} INFO - [2023-05-17 16:35:43,460] {manager.py:508} INFO - Created Permission View: can delete on DAG:example_xcom_args
[2023-05-17 16:35:43,486] {logging_mixin.py:115} INFO - [2023-05-17 16:35:43,486] {manager.py:508} INFO - Created Permission View: can edit on DAG:example_xcom_args
[2023-05-17 16:35:43,527] {logging_mixin.py:115} INFO - [2023-05-17 16:35:43,526] {manager.py:508} INFO - Created Permission View: can read on DAG:example_xcom_args_with_operators
[2023-05-17 16:35:43,536] {logging_mixin.py:115} INFO - [2023-05-17 16:35:43,536] {manager.py:508} INFO - Created Permission View: can delete on DAG:example_xcom_args_with_operators
[2023-05-17 16:35:43,550] {logging_mixin.py:115} INFO - [2023-05-17 16:35:43,550] {manager.py:508} INFO - Created Permission View: can edit on DAG:example_xcom_args_with_operators
[2023-05-17 16:35:43,552] {logging_mixin.py:115} INFO - [2023-05-17 16:35:43,551] {dag.py:2371} INFO - Sync 2 DAGs
[2023-05-17 16:35:43,569] {logging_mixin.py:115} INFO - [2023-05-17 16:35:43,569] {dag.py:2390} INFO - Creating ORM DAG for example_xcom_args
[2023-05-17 16:35:43,571] {logging_mixin.py:115} INFO - [2023-05-17 16:35:43,571] {dag.py:2390} INFO - Creating ORM DAG for example_xcom_args_with_operators
[2023-05-17 16:35:43,591] {logging_mixin.py:115} INFO - [2023-05-17 16:35:43,591] {dag.py:2919} INFO - Setting next_dagrun for example_xcom_args to None, run_after=None
[2023-05-17 16:35:43,594] {logging_mixin.py:115} INFO - [2023-05-17 16:35:43,594] {dag.py:2919} INFO - Setting next_dagrun for example_xcom_args_with_operators to None, run_after=None
[2023-05-17 16:35:43,614] {processor.py:161} INFO - Processing /home/airflow/.local/lib/python3.7/site-packages/airflow/example_dags/example_xcomargs.py took 0.573 seconds
[2023-05-17 16:38:51,367] {processor.py:153} INFO - Started process (PID=213) to work on /home/airflow/.local/lib/python3.7/site-packages/airflow/example_dags/example_xcomargs.py
[2023-05-17 16:38:51,381] {processor.py:641} INFO - Processing file /home/airflow/.local/lib/python3.7/site-packages/airflow/example_dags/example_xcomargs.py for tasks to queue
[2023-05-17 16:38:51,403] {logging_mixin.py:115} INFO - [2023-05-17 16:38:51,402] {dagbag.py:507} INFO - Filling up the DagBag from /home/airflow/.local/lib/python3.7/site-packages/airflow/example_dags/example_xcomargs.py
[2023-05-17 16:38:53,245] {processor.py:651} INFO - DAG(s) dict_keys(['example_xcom_args', 'example_xcom_args_with_operators']) retrieved from /home/airflow/.local/lib/python3.7/site-packages/airflow/example_dags/example_xcomargs.py
[2023-05-17 16:40:59,431] {processor.py:153} INFO - Started process (PID=67) to work on /home/airflow/.local/lib/python3.7/site-packages/airflow/example_dags/example_xcomargs.py
[2023-05-17 16:40:59,434] {processor.py:641} INFO - Processing file /home/airflow/.local/lib/python3.7/site-packages/airflow/example_dags/example_xcomargs.py for tasks to queue
[2023-05-17 16:40:59,438] {logging_mixin.py:115} INFO - [2023-05-17 16:40:59,438] {dagbag.py:507} INFO - Filling up the DagBag from /home/airflow/.local/lib/python3.7/site-packages/airflow/example_dags/example_xcomargs.py
[2023-05-17 16:40:59,488] {processor.py:651} INFO - DAG(s) dict_keys(['example_xcom_args', 'example_xcom_args_with_operators']) retrieved from /home/airflow/.local/lib/python3.7/site-packages/airflow/example_dags/example_xcomargs.py
[2023-05-17 16:40:59,698] {logging_mixin.py:115} INFO - [2023-05-17 16:40:59,698] {dag.py:2371} INFO - Sync 2 DAGs
[2023-05-17 16:40:59,968] {logging_mixin.py:115} INFO - [2023-05-17 16:40:59,968] {dag.py:2919} INFO - Setting next_dagrun for example_xcom_args to None, run_after=None
[2023-05-17 16:40:59,971] {logging_mixin.py:115} INFO - [2023-05-17 16:40:59,971] {dag.py:2919} INFO - Setting next_dagrun for example_xcom_args_with_operators to None, run_after=None
[2023-05-17 16:41:00,002] {processor.py:161} INFO - Processing /home/airflow/.local/lib/python3.7/site-packages/airflow/example_dags/example_xcomargs.py took 0.576 seconds
[2023-05-17 16:41:32,591] {processor.py:153} INFO - Started process (PID=130) to work on /home/airflow/.local/lib/python3.7/site-packages/airflow/example_dags/example_xcomargs.py
[2023-05-17 16:41:32,603] {processor.py:641} INFO - Processing file /home/airflow/.local/lib/python3.7/site-packages/airflow/example_dags/example_xcomargs.py for tasks to queue
[2023-05-17 16:41:32,607] {logging_mixin.py:115} INFO - [2023-05-17 16:41:32,606] {dagbag.py:507} INFO - Filling up the DagBag from /home/airflow/.local/lib/python3.7/site-packages/airflow/example_dags/example_xcomargs.py
[2023-05-17 16:41:32,688] {processor.py:651} INFO - DAG(s) dict_keys(['example_xcom_args', 'example_xcom_args_with_operators']) retrieved from /home/airflow/.local/lib/python3.7/site-packages/airflow/example_dags/example_xcomargs.py
[2023-05-17 16:41:32,912] {logging_mixin.py:115} INFO - [2023-05-17 16:41:32,912] {dag.py:2371} INFO - Sync 2 DAGs
[2023-05-17 16:41:33,395] {logging_mixin.py:115} INFO - [2023-05-17 16:41:33,395] {dag.py:2919} INFO - Setting next_dagrun for example_xcom_args to None, run_after=None
[2023-05-17 16:41:33,398] {logging_mixin.py:115} INFO - [2023-05-17 16:41:33,398] {dag.py:2919} INFO - Setting next_dagrun for example_xcom_args_with_operators to None, run_after=None
[2023-05-17 16:41:33,473] {processor.py:161} INFO - Processing /home/airflow/.local/lib/python3.7/site-packages/airflow/example_dags/example_xcomargs.py took 0.893 seconds
[2023-05-17 16:42:03,565] {processor.py:153} INFO - Started process (PID=183) to work on /home/airflow/.local/lib/python3.7/site-packages/airflow/example_dags/example_xcomargs.py
[2023-05-17 16:42:03,567] {processor.py:641} INFO - Processing file /home/airflow/.local/lib/python3.7/site-packages/airflow/example_dags/example_xcomargs.py for tasks to queue
[2023-05-17 16:42:03,568] {logging_mixin.py:115} INFO - [2023-05-17 16:42:03,568] {dagbag.py:507} INFO - Filling up the DagBag from /home/airflow/.local/lib/python3.7/site-packages/airflow/example_dags/example_xcomargs.py
[2023-05-17 16:42:03,601] {processor.py:651} INFO - DAG(s) dict_keys(['example_xcom_args', 'example_xcom_args_with_operators']) retrieved from /home/airflow/.local/lib/python3.7/site-packages/airflow/example_dags/example_xcomargs.py
[2023-05-17 16:42:03,700] {logging_mixin.py:115} INFO - [2023-05-17 16:42:03,699] {dag.py:2371} INFO - Sync 2 DAGs
[2023-05-17 16:42:03,907] {logging_mixin.py:115} INFO - [2023-05-17 16:42:03,906] {dag.py:2919} INFO - Setting next_dagrun for example_xcom_args to None, run_after=None
[2023-05-17 16:42:03,908] {logging_mixin.py:115} INFO - [2023-05-17 16:42:03,908] {dag.py:2919} INFO - Setting next_dagrun for example_xcom_args_with_operators to None, run_after=None
[2023-05-17 16:42:03,928] {processor.py:161} INFO - Processing /home/airflow/.local/lib/python3.7/site-packages/airflow/example_dags/example_xcomargs.py took 0.367 seconds
[2023-05-17 16:42:34,052] {processor.py:153} INFO - Started process (PID=248) to work on /home/airflow/.local/lib/python3.7/site-packages/airflow/example_dags/example_xcomargs.py
[2023-05-17 16:42:34,055] {processor.py:641} INFO - Processing file /home/airflow/.local/lib/python3.7/site-packages/airflow/example_dags/example_xcomargs.py for tasks to queue
[2023-05-17 16:42:34,057] {logging_mixin.py:115} INFO - [2023-05-17 16:42:34,057] {dagbag.py:507} INFO - Filling up the DagBag from /home/airflow/.local/lib/python3.7/site-packages/airflow/example_dags/example_xcomargs.py
[2023-05-17 16:42:34,083] {processor.py:651} INFO - DAG(s) dict_keys(['example_xcom_args', 'example_xcom_args_with_operators']) retrieved from /home/airflow/.local/lib/python3.7/site-packages/airflow/example_dags/example_xcomargs.py
[2023-05-17 16:42:34,183] {logging_mixin.py:115} INFO - [2023-05-17 16:42:34,183] {dag.py:2371} INFO - Sync 2 DAGs
[2023-05-17 16:42:34,426] {logging_mixin.py:115} INFO - [2023-05-17 16:42:34,426] {dag.py:2919} INFO - Setting next_dagrun for example_xcom_args to None, run_after=None
[2023-05-17 16:42:34,430] {logging_mixin.py:115} INFO - [2023-05-17 16:42:34,429] {dag.py:2919} INFO - Setting next_dagrun for example_xcom_args_with_operators to None, run_after=None
[2023-05-17 16:42:34,459] {processor.py:161} INFO - Processing /home/airflow/.local/lib/python3.7/site-packages/airflow/example_dags/example_xcomargs.py took 0.411 seconds
[2023-05-17 16:43:04,563] {processor.py:153} INFO - Started process (PID=301) to work on /home/airflow/.local/lib/python3.7/site-packages/airflow/example_dags/example_xcomargs.py
[2023-05-17 16:43:04,565] {processor.py:641} INFO - Processing file /home/airflow/.local/lib/python3.7/site-packages/airflow/example_dags/example_xcomargs.py for tasks to queue
[2023-05-17 16:43:04,567] {logging_mixin.py:115} INFO - [2023-05-17 16:43:04,566] {dagbag.py:507} INFO - Filling up the DagBag from /home/airflow/.local/lib/python3.7/site-packages/airflow/example_dags/example_xcomargs.py
[2023-05-17 16:43:04,596] {processor.py:651} INFO - DAG(s) dict_keys(['example_xcom_args', 'example_xcom_args_with_operators']) retrieved from /home/airflow/.local/lib/python3.7/site-packages/airflow/example_dags/example_xcomargs.py
[2023-05-17 16:43:04,703] {logging_mixin.py:115} INFO - [2023-05-17 16:43:04,703] {dag.py:2371} INFO - Sync 2 DAGs
[2023-05-17 16:43:04,889] {logging_mixin.py:115} INFO - [2023-05-17 16:43:04,889] {dag.py:2919} INFO - Setting next_dagrun for example_xcom_args to None, run_after=None
[2023-05-17 16:43:04,890] {logging_mixin.py:115} INFO - [2023-05-17 16:43:04,890] {dag.py:2919} INFO - Setting next_dagrun for example_xcom_args_with_operators to None, run_after=None
[2023-05-17 16:43:04,930] {processor.py:161} INFO - Processing /home/airflow/.local/lib/python3.7/site-packages/airflow/example_dags/example_xcomargs.py took 0.373 seconds
[2023-05-17 16:43:35,058] {processor.py:153} INFO - Started process (PID=363) to work on /home/airflow/.local/lib/python3.7/site-packages/airflow/example_dags/example_xcomargs.py
[2023-05-17 16:43:35,060] {processor.py:641} INFO - Processing file /home/airflow/.local/lib/python3.7/site-packages/airflow/example_dags/example_xcomargs.py for tasks to queue
[2023-05-17 16:43:35,062] {logging_mixin.py:115} INFO - [2023-05-17 16:43:35,062] {dagbag.py:507} INFO - Filling up the DagBag from /home/airflow/.local/lib/python3.7/site-packages/airflow/example_dags/example_xcomargs.py
[2023-05-17 16:43:35,096] {processor.py:651} INFO - DAG(s) dict_keys(['example_xcom_args', 'example_xcom_args_with_operators']) retrieved from /home/airflow/.local/lib/python3.7/site-packages/airflow/example_dags/example_xcomargs.py
[2023-05-17 16:43:35,142] {logging_mixin.py:115} INFO - [2023-05-17 16:43:35,142] {dag.py:2371} INFO - Sync 2 DAGs
[2023-05-17 16:43:35,170] {logging_mixin.py:115} INFO - [2023-05-17 16:43:35,169] {dag.py:2919} INFO - Setting next_dagrun for example_xcom_args to None, run_after=None
[2023-05-17 16:43:35,171] {logging_mixin.py:115} INFO - [2023-05-17 16:43:35,171] {dag.py:2919} INFO - Setting next_dagrun for example_xcom_args_with_operators to None, run_after=None
[2023-05-17 16:43:35,188] {processor.py:161} INFO - Processing /home/airflow/.local/lib/python3.7/site-packages/airflow/example_dags/example_xcomargs.py took 0.136 seconds
[2023-05-17 16:44:05,659] {processor.py:153} INFO - Started process (PID=416) to work on /home/airflow/.local/lib/python3.7/site-packages/airflow/example_dags/example_xcomargs.py
[2023-05-17 16:44:05,661] {processor.py:641} INFO - Processing file /home/airflow/.local/lib/python3.7/site-packages/airflow/example_dags/example_xcomargs.py for tasks to queue
[2023-05-17 16:44:05,662] {logging_mixin.py:115} INFO - [2023-05-17 16:44:05,662] {dagbag.py:507} INFO - Filling up the DagBag from /home/airflow/.local/lib/python3.7/site-packages/airflow/example_dags/example_xcomargs.py
[2023-05-17 16:44:05,681] {processor.py:651} INFO - DAG(s) dict_keys(['example_xcom_args', 'example_xcom_args_with_operators']) retrieved from /home/airflow/.local/lib/python3.7/site-packages/airflow/example_dags/example_xcomargs.py
[2023-05-17 16:44:05,715] {logging_mixin.py:115} INFO - [2023-05-17 16:44:05,715] {dag.py:2371} INFO - Sync 2 DAGs
[2023-05-17 16:44:05,741] {logging_mixin.py:115} INFO - [2023-05-17 16:44:05,741] {dag.py:2919} INFO - Setting next_dagrun for example_xcom_args to None, run_after=None
[2023-05-17 16:44:05,743] {logging_mixin.py:115} INFO - [2023-05-17 16:44:05,743] {dag.py:2919} INFO - Setting next_dagrun for example_xcom_args_with_operators to None, run_after=None
[2023-05-17 16:44:05,758] {processor.py:161} INFO - Processing /home/airflow/.local/lib/python3.7/site-packages/airflow/example_dags/example_xcomargs.py took 0.103 seconds
[2023-05-17 16:44:36,429] {processor.py:153} INFO - Started process (PID=479) to work on /home/airflow/.local/lib/python3.7/site-packages/airflow/example_dags/example_xcomargs.py
[2023-05-17 16:44:36,431] {processor.py:641} INFO - Processing file /home/airflow/.local/lib/python3.7/site-packages/airflow/example_dags/example_xcomargs.py for tasks to queue
[2023-05-17 16:44:36,444] {logging_mixin.py:115} INFO - [2023-05-17 16:44:36,434] {dagbag.py:507} INFO - Filling up the DagBag from /home/airflow/.local/lib/python3.7/site-packages/airflow/example_dags/example_xcomargs.py
[2023-05-17 16:44:36,467] {processor.py:651} INFO - DAG(s) dict_keys(['example_xcom_args', 'example_xcom_args_with_operators']) retrieved from /home/airflow/.local/lib/python3.7/site-packages/airflow/example_dags/example_xcomargs.py
[2023-05-17 16:44:36,576] {logging_mixin.py:115} INFO - [2023-05-17 16:44:36,575] {dag.py:2371} INFO - Sync 2 DAGs
[2023-05-17 16:44:36,753] {logging_mixin.py:115} INFO - [2023-05-17 16:44:36,753] {dag.py:2919} INFO - Setting next_dagrun for example_xcom_args to None, run_after=None
[2023-05-17 16:44:36,754] {logging_mixin.py:115} INFO - [2023-05-17 16:44:36,754] {dag.py:2919} INFO - Setting next_dagrun for example_xcom_args_with_operators to None, run_after=None
[2023-05-17 16:44:36,776] {processor.py:161} INFO - Processing /home/airflow/.local/lib/python3.7/site-packages/airflow/example_dags/example_xcomargs.py took 0.351 seconds
[2023-05-17 16:45:06,830] {processor.py:153} INFO - Started process (PID=540) to work on /home/airflow/.local/lib/python3.7/site-packages/airflow/example_dags/example_xcomargs.py
[2023-05-17 16:45:06,832] {processor.py:641} INFO - Processing file /home/airflow/.local/lib/python3.7/site-packages/airflow/example_dags/example_xcomargs.py for tasks to queue
[2023-05-17 16:45:06,833] {logging_mixin.py:115} INFO - [2023-05-17 16:45:06,833] {dagbag.py:507} INFO - Filling up the DagBag from /home/airflow/.local/lib/python3.7/site-packages/airflow/example_dags/example_xcomargs.py
[2023-05-17 16:45:06,856] {processor.py:651} INFO - DAG(s) dict_keys(['example_xcom_args', 'example_xcom_args_with_operators']) retrieved from /home/airflow/.local/lib/python3.7/site-packages/airflow/example_dags/example_xcomargs.py
[2023-05-17 16:45:06,945] {logging_mixin.py:115} INFO - [2023-05-17 16:45:06,945] {dag.py:2371} INFO - Sync 2 DAGs
[2023-05-17 16:45:07,112] {logging_mixin.py:115} INFO - [2023-05-17 16:45:07,112] {dag.py:2919} INFO - Setting next_dagrun for example_xcom_args to None, run_after=None
[2023-05-17 16:45:07,114] {logging_mixin.py:115} INFO - [2023-05-17 16:45:07,114] {dag.py:2919} INFO - Setting next_dagrun for example_xcom_args_with_operators to None, run_after=None
[2023-05-17 16:45:07,149] {processor.py:161} INFO - Processing /home/airflow/.local/lib/python3.7/site-packages/airflow/example_dags/example_xcomargs.py took 0.323 seconds
[2023-05-17 16:45:37,232] {processor.py:153} INFO - Started process (PID=595) to work on /home/airflow/.local/lib/python3.7/site-packages/airflow/example_dags/example_xcomargs.py
[2023-05-17 16:45:37,236] {processor.py:641} INFO - Processing file /home/airflow/.local/lib/python3.7/site-packages/airflow/example_dags/example_xcomargs.py for tasks to queue
[2023-05-17 16:45:37,239] {logging_mixin.py:115} INFO - [2023-05-17 16:45:37,238] {dagbag.py:507} INFO - Filling up the DagBag from /home/airflow/.local/lib/python3.7/site-packages/airflow/example_dags/example_xcomargs.py
[2023-05-17 16:45:37,271] {processor.py:651} INFO - DAG(s) dict_keys(['example_xcom_args', 'example_xcom_args_with_operators']) retrieved from /home/airflow/.local/lib/python3.7/site-packages/airflow/example_dags/example_xcomargs.py
[2023-05-17 16:45:37,410] {logging_mixin.py:115} INFO - [2023-05-17 16:45:37,409] {dag.py:2371} INFO - Sync 2 DAGs
[2023-05-17 16:45:37,638] {logging_mixin.py:115} INFO - [2023-05-17 16:45:37,638] {dag.py:2919} INFO - Setting next_dagrun for example_xcom_args to None, run_after=None
[2023-05-17 16:45:37,640] {logging_mixin.py:115} INFO - [2023-05-17 16:45:37,640] {dag.py:2919} INFO - Setting next_dagrun for example_xcom_args_with_operators to None, run_after=None
[2023-05-17 16:45:37,689] {processor.py:161} INFO - Processing /home/airflow/.local/lib/python3.7/site-packages/airflow/example_dags/example_xcomargs.py took 0.463 seconds
[2023-05-17 16:46:07,804] {processor.py:153} INFO - Started process (PID=658) to work on /home/airflow/.local/lib/python3.7/site-packages/airflow/example_dags/example_xcomargs.py
[2023-05-17 16:46:07,806] {processor.py:641} INFO - Processing file /home/airflow/.local/lib/python3.7/site-packages/airflow/example_dags/example_xcomargs.py for tasks to queue
[2023-05-17 16:46:07,807] {logging_mixin.py:115} INFO - [2023-05-17 16:46:07,807] {dagbag.py:507} INFO - Filling up the DagBag from /home/airflow/.local/lib/python3.7/site-packages/airflow/example_dags/example_xcomargs.py
[2023-05-17 16:46:07,830] {processor.py:651} INFO - DAG(s) dict_keys(['example_xcom_args', 'example_xcom_args_with_operators']) retrieved from /home/airflow/.local/lib/python3.7/site-packages/airflow/example_dags/example_xcomargs.py
[2023-05-17 16:46:07,943] {logging_mixin.py:115} INFO - [2023-05-17 16:46:07,943] {dag.py:2371} INFO - Sync 2 DAGs
[2023-05-17 16:46:08,090] {logging_mixin.py:115} INFO - [2023-05-17 16:46:08,090] {dag.py:2919} INFO - Setting next_dagrun for example_xcom_args to None, run_after=None
[2023-05-17 16:46:08,091] {logging_mixin.py:115} INFO - [2023-05-17 16:46:08,091] {dag.py:2919} INFO - Setting next_dagrun for example_xcom_args_with_operators to None, run_after=None
[2023-05-17 16:46:08,110] {processor.py:161} INFO - Processing /home/airflow/.local/lib/python3.7/site-packages/airflow/example_dags/example_xcomargs.py took 0.310 seconds
[2023-05-17 16:46:39,274] {processor.py:153} INFO - Started process (PID=713) to work on /home/airflow/.local/lib/python3.7/site-packages/airflow/example_dags/example_xcomargs.py
[2023-05-17 16:46:39,276] {processor.py:641} INFO - Processing file /home/airflow/.local/lib/python3.7/site-packages/airflow/example_dags/example_xcomargs.py for tasks to queue
[2023-05-17 16:46:39,279] {logging_mixin.py:115} INFO - [2023-05-17 16:46:39,279] {dagbag.py:507} INFO - Filling up the DagBag from /home/airflow/.local/lib/python3.7/site-packages/airflow/example_dags/example_xcomargs.py
[2023-05-17 16:46:39,311] {processor.py:651} INFO - DAG(s) dict_keys(['example_xcom_args', 'example_xcom_args_with_operators']) retrieved from /home/airflow/.local/lib/python3.7/site-packages/airflow/example_dags/example_xcomargs.py
[2023-05-17 16:46:39,424] {logging_mixin.py:115} INFO - [2023-05-17 16:46:39,424] {dag.py:2371} INFO - Sync 2 DAGs
[2023-05-17 16:46:39,609] {logging_mixin.py:115} INFO - [2023-05-17 16:46:39,609] {dag.py:2919} INFO - Setting next_dagrun for example_xcom_args to None, run_after=None
[2023-05-17 16:46:39,611] {logging_mixin.py:115} INFO - [2023-05-17 16:46:39,611] {dag.py:2919} INFO - Setting next_dagrun for example_xcom_args_with_operators to None, run_after=None
[2023-05-17 16:46:39,636] {processor.py:161} INFO - Processing /home/airflow/.local/lib/python3.7/site-packages/airflow/example_dags/example_xcomargs.py took 0.368 seconds
[2023-05-17 16:47:10,750] {processor.py:153} INFO - Started process (PID=776) to work on /home/airflow/.local/lib/python3.7/site-packages/airflow/example_dags/example_xcomargs.py
[2023-05-17 16:47:10,752] {processor.py:641} INFO - Processing file /home/airflow/.local/lib/python3.7/site-packages/airflow/example_dags/example_xcomargs.py for tasks to queue
[2023-05-17 16:47:10,755] {logging_mixin.py:115} INFO - [2023-05-17 16:47:10,754] {dagbag.py:507} INFO - Filling up the DagBag from /home/airflow/.local/lib/python3.7/site-packages/airflow/example_dags/example_xcomargs.py
[2023-05-17 16:47:10,795] {processor.py:651} INFO - DAG(s) dict_keys(['example_xcom_args', 'example_xcom_args_with_operators']) retrieved from /home/airflow/.local/lib/python3.7/site-packages/airflow/example_dags/example_xcomargs.py
[2023-05-17 16:47:10,959] {logging_mixin.py:115} INFO - [2023-05-17 16:47:10,958] {dag.py:2371} INFO - Sync 2 DAGs
[2023-05-17 16:47:11,212] {logging_mixin.py:115} INFO - [2023-05-17 16:47:11,212] {dag.py:2919} INFO - Setting next_dagrun for example_xcom_args to None, run_after=None
[2023-05-17 16:47:11,214] {logging_mixin.py:115} INFO - [2023-05-17 16:47:11,214] {dag.py:2919} INFO - Setting next_dagrun for example_xcom_args_with_operators to None, run_after=None
[2023-05-17 16:47:11,240] {processor.py:161} INFO - Processing /home/airflow/.local/lib/python3.7/site-packages/airflow/example_dags/example_xcomargs.py took 0.496 seconds
[2023-05-17 16:47:43,228] {processor.py:153} INFO - Started process (PID=840) to work on /home/airflow/.local/lib/python3.7/site-packages/airflow/example_dags/example_xcomargs.py
[2023-05-17 16:47:43,233] {processor.py:641} INFO - Processing file /home/airflow/.local/lib/python3.7/site-packages/airflow/example_dags/example_xcomargs.py for tasks to queue
[2023-05-17 16:47:43,239] {logging_mixin.py:115} INFO - [2023-05-17 16:47:43,238] {dagbag.py:507} INFO - Filling up the DagBag from /home/airflow/.local/lib/python3.7/site-packages/airflow/example_dags/example_xcomargs.py
[2023-05-17 16:47:43,334] {processor.py:651} INFO - DAG(s) dict_keys(['example_xcom_args', 'example_xcom_args_with_operators']) retrieved from /home/airflow/.local/lib/python3.7/site-packages/airflow/example_dags/example_xcomargs.py
[2023-05-17 16:47:43,775] {logging_mixin.py:115} INFO - [2023-05-17 16:47:43,773] {dag.py:2371} INFO - Sync 2 DAGs
[2023-05-17 16:47:44,063] {logging_mixin.py:115} INFO - [2023-05-17 16:47:44,062] {dag.py:2919} INFO - Setting next_dagrun for example_xcom_args to None, run_after=None
[2023-05-17 16:47:44,064] {logging_mixin.py:115} INFO - [2023-05-17 16:47:44,064] {dag.py:2919} INFO - Setting next_dagrun for example_xcom_args_with_operators to None, run_after=None
[2023-05-17 16:47:44,087] {processor.py:161} INFO - Processing /home/airflow/.local/lib/python3.7/site-packages/airflow/example_dags/example_xcomargs.py took 0.866 seconds
[2023-05-17 16:48:14,225] {processor.py:153} INFO - Started process (PID=896) to work on /home/airflow/.local/lib/python3.7/site-packages/airflow/example_dags/example_xcomargs.py
[2023-05-17 16:48:14,231] {processor.py:641} INFO - Processing file /home/airflow/.local/lib/python3.7/site-packages/airflow/example_dags/example_xcomargs.py for tasks to queue
[2023-05-17 16:48:14,234] {logging_mixin.py:115} INFO - [2023-05-17 16:48:14,234] {dagbag.py:507} INFO - Filling up the DagBag from /home/airflow/.local/lib/python3.7/site-packages/airflow/example_dags/example_xcomargs.py
[2023-05-17 16:48:14,270] {processor.py:651} INFO - DAG(s) dict_keys(['example_xcom_args', 'example_xcom_args_with_operators']) retrieved from /home/airflow/.local/lib/python3.7/site-packages/airflow/example_dags/example_xcomargs.py
[2023-05-17 16:48:14,453] {logging_mixin.py:115} INFO - [2023-05-17 16:48:14,452] {dag.py:2371} INFO - Sync 2 DAGs
[2023-05-17 16:48:14,694] {logging_mixin.py:115} INFO - [2023-05-17 16:48:14,694] {dag.py:2919} INFO - Setting next_dagrun for example_xcom_args to None, run_after=None
[2023-05-17 16:48:14,696] {logging_mixin.py:115} INFO - [2023-05-17 16:48:14,696] {dag.py:2919} INFO - Setting next_dagrun for example_xcom_args_with_operators to None, run_after=None
[2023-05-17 16:48:14,717] {processor.py:161} INFO - Processing /home/airflow/.local/lib/python3.7/site-packages/airflow/example_dags/example_xcomargs.py took 0.498 seconds
[2023-05-17 16:48:44,864] {processor.py:153} INFO - Started process (PID=962) to work on /home/airflow/.local/lib/python3.7/site-packages/airflow/example_dags/example_xcomargs.py
[2023-05-17 16:48:44,866] {processor.py:641} INFO - Processing file /home/airflow/.local/lib/python3.7/site-packages/airflow/example_dags/example_xcomargs.py for tasks to queue
[2023-05-17 16:48:44,869] {logging_mixin.py:115} INFO - [2023-05-17 16:48:44,869] {dagbag.py:507} INFO - Filling up the DagBag from /home/airflow/.local/lib/python3.7/site-packages/airflow/example_dags/example_xcomargs.py
[2023-05-17 16:48:44,901] {processor.py:651} INFO - DAG(s) dict_keys(['example_xcom_args', 'example_xcom_args_with_operators']) retrieved from /home/airflow/.local/lib/python3.7/site-packages/airflow/example_dags/example_xcomargs.py
[2023-05-17 16:48:45,051] {logging_mixin.py:115} INFO - [2023-05-17 16:48:45,051] {dag.py:2371} INFO - Sync 2 DAGs
[2023-05-17 16:48:45,245] {logging_mixin.py:115} INFO - [2023-05-17 16:48:45,245] {dag.py:2919} INFO - Setting next_dagrun for example_xcom_args to None, run_after=None
[2023-05-17 16:48:45,246] {logging_mixin.py:115} INFO - [2023-05-17 16:48:45,246] {dag.py:2919} INFO - Setting next_dagrun for example_xcom_args_with_operators to None, run_after=None
[2023-05-17 16:48:45,265] {processor.py:161} INFO - Processing /home/airflow/.local/lib/python3.7/site-packages/airflow/example_dags/example_xcomargs.py took 0.405 seconds
[2023-05-17 16:49:15,507] {processor.py:153} INFO - Started process (PID=1020) to work on /home/airflow/.local/lib/python3.7/site-packages/airflow/example_dags/example_xcomargs.py
[2023-05-17 16:49:15,521] {processor.py:641} INFO - Processing file /home/airflow/.local/lib/python3.7/site-packages/airflow/example_dags/example_xcomargs.py for tasks to queue
[2023-05-17 16:49:15,524] {logging_mixin.py:115} INFO - [2023-05-17 16:49:15,523] {dagbag.py:507} INFO - Filling up the DagBag from /home/airflow/.local/lib/python3.7/site-packages/airflow/example_dags/example_xcomargs.py
[2023-05-17 16:49:15,555] {processor.py:651} INFO - DAG(s) dict_keys(['example_xcom_args', 'example_xcom_args_with_operators']) retrieved from /home/airflow/.local/lib/python3.7/site-packages/airflow/example_dags/example_xcomargs.py
[2023-05-17 16:49:15,707] {logging_mixin.py:115} INFO - [2023-05-17 16:49:15,707] {dag.py:2371} INFO - Sync 2 DAGs
[2023-05-17 16:49:15,860] {logging_mixin.py:115} INFO - [2023-05-17 16:49:15,860] {dag.py:2919} INFO - Setting next_dagrun for example_xcom_args to None, run_after=None
[2023-05-17 16:49:15,862] {logging_mixin.py:115} INFO - [2023-05-17 16:49:15,862] {dag.py:2919} INFO - Setting next_dagrun for example_xcom_args_with_operators to None, run_after=None
[2023-05-17 16:49:15,882] {processor.py:161} INFO - Processing /home/airflow/.local/lib/python3.7/site-packages/airflow/example_dags/example_xcomargs.py took 0.380 seconds
[2023-05-17 16:49:45,955] {processor.py:153} INFO - Started process (PID=1083) to work on /home/airflow/.local/lib/python3.7/site-packages/airflow/example_dags/example_xcomargs.py
[2023-05-17 16:49:45,957] {processor.py:641} INFO - Processing file /home/airflow/.local/lib/python3.7/site-packages/airflow/example_dags/example_xcomargs.py for tasks to queue
[2023-05-17 16:49:45,959] {logging_mixin.py:115} INFO - [2023-05-17 16:49:45,959] {dagbag.py:507} INFO - Filling up the DagBag from /home/airflow/.local/lib/python3.7/site-packages/airflow/example_dags/example_xcomargs.py
[2023-05-17 16:49:45,985] {processor.py:651} INFO - DAG(s) dict_keys(['example_xcom_args', 'example_xcom_args_with_operators']) retrieved from /home/airflow/.local/lib/python3.7/site-packages/airflow/example_dags/example_xcomargs.py
[2023-05-17 16:49:46,111] {logging_mixin.py:115} INFO - [2023-05-17 16:49:46,111] {dag.py:2371} INFO - Sync 2 DAGs
[2023-05-17 16:49:46,295] {logging_mixin.py:115} INFO - [2023-05-17 16:49:46,295] {dag.py:2919} INFO - Setting next_dagrun for example_xcom_args to None, run_after=None
[2023-05-17 16:49:46,296] {logging_mixin.py:115} INFO - [2023-05-17 16:49:46,296] {dag.py:2919} INFO - Setting next_dagrun for example_xcom_args_with_operators to None, run_after=None
[2023-05-17 16:49:46,317] {processor.py:161} INFO - Processing /home/airflow/.local/lib/python3.7/site-packages/airflow/example_dags/example_xcomargs.py took 0.367 seconds
[2023-05-17 16:50:16,477] {processor.py:153} INFO - Started process (PID=1138) to work on /home/airflow/.local/lib/python3.7/site-packages/airflow/example_dags/example_xcomargs.py
[2023-05-17 16:50:16,480] {processor.py:641} INFO - Processing file /home/airflow/.local/lib/python3.7/site-packages/airflow/example_dags/example_xcomargs.py for tasks to queue
[2023-05-17 16:50:16,482] {logging_mixin.py:115} INFO - [2023-05-17 16:50:16,482] {dagbag.py:507} INFO - Filling up the DagBag from /home/airflow/.local/lib/python3.7/site-packages/airflow/example_dags/example_xcomargs.py
[2023-05-17 16:50:16,512] {processor.py:651} INFO - DAG(s) dict_keys(['example_xcom_args', 'example_xcom_args_with_operators']) retrieved from /home/airflow/.local/lib/python3.7/site-packages/airflow/example_dags/example_xcomargs.py
[2023-05-17 16:50:16,619] {logging_mixin.py:115} INFO - [2023-05-17 16:50:16,619] {dag.py:2371} INFO - Sync 2 DAGs
[2023-05-17 16:50:16,835] {logging_mixin.py:115} INFO - [2023-05-17 16:50:16,834] {dag.py:2919} INFO - Setting next_dagrun for example_xcom_args to None, run_after=None
[2023-05-17 16:50:16,836] {logging_mixin.py:115} INFO - [2023-05-17 16:50:16,836] {dag.py:2919} INFO - Setting next_dagrun for example_xcom_args_with_operators to None, run_after=None
[2023-05-17 16:50:16,858] {processor.py:161} INFO - Processing /home/airflow/.local/lib/python3.7/site-packages/airflow/example_dags/example_xcomargs.py took 0.388 seconds
[2023-05-17 16:50:47,010] {processor.py:153} INFO - Started process (PID=1204) to work on /home/airflow/.local/lib/python3.7/site-packages/airflow/example_dags/example_xcomargs.py
[2023-05-17 16:50:47,012] {processor.py:641} INFO - Processing file /home/airflow/.local/lib/python3.7/site-packages/airflow/example_dags/example_xcomargs.py for tasks to queue
[2023-05-17 16:50:47,013] {logging_mixin.py:115} INFO - [2023-05-17 16:50:47,013] {dagbag.py:507} INFO - Filling up the DagBag from /home/airflow/.local/lib/python3.7/site-packages/airflow/example_dags/example_xcomargs.py
[2023-05-17 16:50:47,038] {processor.py:651} INFO - DAG(s) dict_keys(['example_xcom_args', 'example_xcom_args_with_operators']) retrieved from /home/airflow/.local/lib/python3.7/site-packages/airflow/example_dags/example_xcomargs.py
[2023-05-17 16:50:47,135] {logging_mixin.py:115} INFO - [2023-05-17 16:50:47,135] {dag.py:2371} INFO - Sync 2 DAGs
[2023-05-17 16:50:47,318] {logging_mixin.py:115} INFO - [2023-05-17 16:50:47,318] {dag.py:2919} INFO - Setting next_dagrun for example_xcom_args to None, run_after=None
[2023-05-17 16:50:47,319] {logging_mixin.py:115} INFO - [2023-05-17 16:50:47,319] {dag.py:2919} INFO - Setting next_dagrun for example_xcom_args_with_operators to None, run_after=None
[2023-05-17 16:50:47,338] {processor.py:161} INFO - Processing /home/airflow/.local/lib/python3.7/site-packages/airflow/example_dags/example_xcomargs.py took 0.331 seconds
[2023-05-17 16:51:18,315] {processor.py:153} INFO - Started process (PID=1262) to work on /home/airflow/.local/lib/python3.7/site-packages/airflow/example_dags/example_xcomargs.py
[2023-05-17 16:51:18,316] {processor.py:641} INFO - Processing file /home/airflow/.local/lib/python3.7/site-packages/airflow/example_dags/example_xcomargs.py for tasks to queue
[2023-05-17 16:51:18,318] {logging_mixin.py:115} INFO - [2023-05-17 16:51:18,318] {dagbag.py:507} INFO - Filling up the DagBag from /home/airflow/.local/lib/python3.7/site-packages/airflow/example_dags/example_xcomargs.py
[2023-05-17 16:51:18,339] {processor.py:651} INFO - DAG(s) dict_keys(['example_xcom_args', 'example_xcom_args_with_operators']) retrieved from /home/airflow/.local/lib/python3.7/site-packages/airflow/example_dags/example_xcomargs.py
[2023-05-17 16:51:18,458] {logging_mixin.py:115} INFO - [2023-05-17 16:51:18,458] {dag.py:2371} INFO - Sync 2 DAGs
[2023-05-17 16:51:18,621] {logging_mixin.py:115} INFO - [2023-05-17 16:51:18,621] {dag.py:2919} INFO - Setting next_dagrun for example_xcom_args to None, run_after=None
[2023-05-17 16:51:18,623] {logging_mixin.py:115} INFO - [2023-05-17 16:51:18,623] {dag.py:2919} INFO - Setting next_dagrun for example_xcom_args_with_operators to None, run_after=None
[2023-05-17 16:51:18,646] {processor.py:161} INFO - Processing /home/airflow/.local/lib/python3.7/site-packages/airflow/example_dags/example_xcomargs.py took 0.335 seconds
[2023-05-17 16:51:48,827] {processor.py:153} INFO - Started process (PID=1330) to work on /home/airflow/.local/lib/python3.7/site-packages/airflow/example_dags/example_xcomargs.py
[2023-05-17 16:51:48,832] {processor.py:641} INFO - Processing file /home/airflow/.local/lib/python3.7/site-packages/airflow/example_dags/example_xcomargs.py for tasks to queue
[2023-05-17 16:51:48,835] {logging_mixin.py:115} INFO - [2023-05-17 16:51:48,835] {dagbag.py:507} INFO - Filling up the DagBag from /home/airflow/.local/lib/python3.7/site-packages/airflow/example_dags/example_xcomargs.py
[2023-05-17 16:51:48,873] {processor.py:651} INFO - DAG(s) dict_keys(['example_xcom_args', 'example_xcom_args_with_operators']) retrieved from /home/airflow/.local/lib/python3.7/site-packages/airflow/example_dags/example_xcomargs.py
[2023-05-17 16:51:49,000] {logging_mixin.py:115} INFO - [2023-05-17 16:51:48,999] {dag.py:2371} INFO - Sync 2 DAGs
[2023-05-17 16:51:49,183] {logging_mixin.py:115} INFO - [2023-05-17 16:51:49,183] {dag.py:2919} INFO - Setting next_dagrun for example_xcom_args to None, run_after=None
[2023-05-17 16:51:49,185] {logging_mixin.py:115} INFO - [2023-05-17 16:51:49,185] {dag.py:2919} INFO - Setting next_dagrun for example_xcom_args_with_operators to None, run_after=None
[2023-05-17 16:51:49,216] {processor.py:161} INFO - Processing /home/airflow/.local/lib/python3.7/site-packages/airflow/example_dags/example_xcomargs.py took 0.396 seconds
[2023-05-17 16:52:20,197] {processor.py:153} INFO - Started process (PID=1385) to work on /home/airflow/.local/lib/python3.7/site-packages/airflow/example_dags/example_xcomargs.py
[2023-05-17 16:52:20,200] {processor.py:641} INFO - Processing file /home/airflow/.local/lib/python3.7/site-packages/airflow/example_dags/example_xcomargs.py for tasks to queue
[2023-05-17 16:52:20,203] {logging_mixin.py:115} INFO - [2023-05-17 16:52:20,202] {dagbag.py:507} INFO - Filling up the DagBag from /home/airflow/.local/lib/python3.7/site-packages/airflow/example_dags/example_xcomargs.py
[2023-05-17 16:52:20,251] {processor.py:651} INFO - DAG(s) dict_keys(['example_xcom_args', 'example_xcom_args_with_operators']) retrieved from /home/airflow/.local/lib/python3.7/site-packages/airflow/example_dags/example_xcomargs.py
[2023-05-17 16:52:20,437] {logging_mixin.py:115} INFO - [2023-05-17 16:52:20,437] {dag.py:2371} INFO - Sync 2 DAGs
[2023-05-17 16:52:20,623] {logging_mixin.py:115} INFO - [2023-05-17 16:52:20,623] {dag.py:2919} INFO - Setting next_dagrun for example_xcom_args to None, run_after=None
[2023-05-17 16:52:20,625] {logging_mixin.py:115} INFO - [2023-05-17 16:52:20,624] {dag.py:2919} INFO - Setting next_dagrun for example_xcom_args_with_operators to None, run_after=None
[2023-05-17 16:52:20,645] {processor.py:161} INFO - Processing /home/airflow/.local/lib/python3.7/site-packages/airflow/example_dags/example_xcomargs.py took 0.464 seconds
[2023-05-17 16:52:51,493] {processor.py:153} INFO - Started process (PID=1454) to work on /home/airflow/.local/lib/python3.7/site-packages/airflow/example_dags/example_xcomargs.py
[2023-05-17 16:52:51,495] {processor.py:641} INFO - Processing file /home/airflow/.local/lib/python3.7/site-packages/airflow/example_dags/example_xcomargs.py for tasks to queue
[2023-05-17 16:52:51,496] {logging_mixin.py:115} INFO - [2023-05-17 16:52:51,496] {dagbag.py:507} INFO - Filling up the DagBag from /home/airflow/.local/lib/python3.7/site-packages/airflow/example_dags/example_xcomargs.py
[2023-05-17 16:52:51,539] {processor.py:651} INFO - DAG(s) dict_keys(['example_xcom_args', 'example_xcom_args_with_operators']) retrieved from /home/airflow/.local/lib/python3.7/site-packages/airflow/example_dags/example_xcomargs.py
[2023-05-17 16:52:51,630] {logging_mixin.py:115} INFO - [2023-05-17 16:52:51,629] {dag.py:2371} INFO - Sync 2 DAGs
[2023-05-17 16:52:51,694] {logging_mixin.py:115} INFO - [2023-05-17 16:52:51,693] {dag.py:2919} INFO - Setting next_dagrun for example_xcom_args to None, run_after=None
[2023-05-17 16:52:51,697] {logging_mixin.py:115} INFO - [2023-05-17 16:52:51,696] {dag.py:2919} INFO - Setting next_dagrun for example_xcom_args_with_operators to None, run_after=None
[2023-05-17 16:52:51,718] {processor.py:161} INFO - Processing /home/airflow/.local/lib/python3.7/site-packages/airflow/example_dags/example_xcomargs.py took 0.234 seconds
[2023-05-17 16:53:21,810] {processor.py:153} INFO - Started process (PID=1520) to work on /home/airflow/.local/lib/python3.7/site-packages/airflow/example_dags/example_xcomargs.py
[2023-05-17 16:53:21,813] {processor.py:641} INFO - Processing file /home/airflow/.local/lib/python3.7/site-packages/airflow/example_dags/example_xcomargs.py for tasks to queue
[2023-05-17 16:53:21,816] {logging_mixin.py:115} INFO - [2023-05-17 16:53:21,816] {dagbag.py:507} INFO - Filling up the DagBag from /home/airflow/.local/lib/python3.7/site-packages/airflow/example_dags/example_xcomargs.py
[2023-05-17 16:53:21,870] {processor.py:651} INFO - DAG(s) dict_keys(['example_xcom_args', 'example_xcom_args_with_operators']) retrieved from /home/airflow/.local/lib/python3.7/site-packages/airflow/example_dags/example_xcomargs.py
[2023-05-17 16:53:22,031] {logging_mixin.py:115} INFO - [2023-05-17 16:53:22,031] {dag.py:2371} INFO - Sync 2 DAGs
[2023-05-17 16:53:22,179] {logging_mixin.py:115} INFO - [2023-05-17 16:53:22,179] {dag.py:2919} INFO - Setting next_dagrun for example_xcom_args to None, run_after=None
[2023-05-17 16:53:22,181] {logging_mixin.py:115} INFO - [2023-05-17 16:53:22,181] {dag.py:2919} INFO - Setting next_dagrun for example_xcom_args_with_operators to None, run_after=None
[2023-05-17 16:53:22,201] {processor.py:161} INFO - Processing /home/airflow/.local/lib/python3.7/site-packages/airflow/example_dags/example_xcomargs.py took 0.398 seconds
[2023-05-17 16:53:52,260] {processor.py:153} INFO - Started process (PID=1574) to work on /home/airflow/.local/lib/python3.7/site-packages/airflow/example_dags/example_xcomargs.py
[2023-05-17 16:53:52,266] {processor.py:641} INFO - Processing file /home/airflow/.local/lib/python3.7/site-packages/airflow/example_dags/example_xcomargs.py for tasks to queue
[2023-05-17 16:53:52,275] {logging_mixin.py:115} INFO - [2023-05-17 16:53:52,274] {dagbag.py:507} INFO - Filling up the DagBag from /home/airflow/.local/lib/python3.7/site-packages/airflow/example_dags/example_xcomargs.py
[2023-05-17 16:53:52,336] {processor.py:651} INFO - DAG(s) dict_keys(['example_xcom_args', 'example_xcom_args_with_operators']) retrieved from /home/airflow/.local/lib/python3.7/site-packages/airflow/example_dags/example_xcomargs.py
[2023-05-17 16:53:52,406] {logging_mixin.py:115} INFO - [2023-05-17 16:53:52,406] {dag.py:2371} INFO - Sync 2 DAGs
[2023-05-17 16:53:52,438] {logging_mixin.py:115} INFO - [2023-05-17 16:53:52,438] {dag.py:2919} INFO - Setting next_dagrun for example_xcom_args to None, run_after=None
[2023-05-17 16:53:52,440] {logging_mixin.py:115} INFO - [2023-05-17 16:53:52,440] {dag.py:2919} INFO - Setting next_dagrun for example_xcom_args_with_operators to None, run_after=None
[2023-05-17 16:53:52,466] {processor.py:161} INFO - Processing /home/airflow/.local/lib/python3.7/site-packages/airflow/example_dags/example_xcomargs.py took 0.214 seconds
[2023-05-17 16:54:22,535] {processor.py:153} INFO - Started process (PID=1639) to work on /home/airflow/.local/lib/python3.7/site-packages/airflow/example_dags/example_xcomargs.py
[2023-05-17 16:54:22,536] {processor.py:641} INFO - Processing file /home/airflow/.local/lib/python3.7/site-packages/airflow/example_dags/example_xcomargs.py for tasks to queue
[2023-05-17 16:54:22,538] {logging_mixin.py:115} INFO - [2023-05-17 16:54:22,537] {dagbag.py:507} INFO - Filling up the DagBag from /home/airflow/.local/lib/python3.7/site-packages/airflow/example_dags/example_xcomargs.py
[2023-05-17 16:54:22,560] {processor.py:651} INFO - DAG(s) dict_keys(['example_xcom_args', 'example_xcom_args_with_operators']) retrieved from /home/airflow/.local/lib/python3.7/site-packages/airflow/example_dags/example_xcomargs.py
[2023-05-17 16:54:22,634] {logging_mixin.py:115} INFO - [2023-05-17 16:54:22,634] {dag.py:2371} INFO - Sync 2 DAGs
[2023-05-17 16:54:22,774] {logging_mixin.py:115} INFO - [2023-05-17 16:54:22,774] {dag.py:2919} INFO - Setting next_dagrun for example_xcom_args to None, run_after=None
[2023-05-17 16:54:22,776] {logging_mixin.py:115} INFO - [2023-05-17 16:54:22,776] {dag.py:2919} INFO - Setting next_dagrun for example_xcom_args_with_operators to None, run_after=None
[2023-05-17 16:54:22,793] {processor.py:161} INFO - Processing /home/airflow/.local/lib/python3.7/site-packages/airflow/example_dags/example_xcomargs.py took 0.263 seconds
[2023-05-17 16:54:52,916] {processor.py:153} INFO - Started process (PID=1696) to work on /home/airflow/.local/lib/python3.7/site-packages/airflow/example_dags/example_xcomargs.py
[2023-05-17 16:54:52,917] {processor.py:641} INFO - Processing file /home/airflow/.local/lib/python3.7/site-packages/airflow/example_dags/example_xcomargs.py for tasks to queue
[2023-05-17 16:54:52,918] {logging_mixin.py:115} INFO - [2023-05-17 16:54:52,918] {dagbag.py:507} INFO - Filling up the DagBag from /home/airflow/.local/lib/python3.7/site-packages/airflow/example_dags/example_xcomargs.py
[2023-05-17 16:54:52,938] {processor.py:651} INFO - DAG(s) dict_keys(['example_xcom_args', 'example_xcom_args_with_operators']) retrieved from /home/airflow/.local/lib/python3.7/site-packages/airflow/example_dags/example_xcomargs.py
[2023-05-17 16:54:53,028] {logging_mixin.py:115} INFO - [2023-05-17 16:54:53,028] {dag.py:2371} INFO - Sync 2 DAGs
[2023-05-17 16:54:53,185] {logging_mixin.py:115} INFO - [2023-05-17 16:54:53,185] {dag.py:2919} INFO - Setting next_dagrun for example_xcom_args to None, run_after=None
[2023-05-17 16:54:53,186] {logging_mixin.py:115} INFO - [2023-05-17 16:54:53,186] {dag.py:2919} INFO - Setting next_dagrun for example_xcom_args_with_operators to None, run_after=None
[2023-05-17 16:54:53,209] {processor.py:161} INFO - Processing /home/airflow/.local/lib/python3.7/site-packages/airflow/example_dags/example_xcomargs.py took 0.296 seconds
[2023-05-17 16:55:24,540] {processor.py:153} INFO - Started process (PID=1761) to work on /home/airflow/.local/lib/python3.7/site-packages/airflow/example_dags/example_xcomargs.py
[2023-05-17 16:55:24,542] {processor.py:641} INFO - Processing file /home/airflow/.local/lib/python3.7/site-packages/airflow/example_dags/example_xcomargs.py for tasks to queue
[2023-05-17 16:55:24,544] {logging_mixin.py:115} INFO - [2023-05-17 16:55:24,544] {dagbag.py:507} INFO - Filling up the DagBag from /home/airflow/.local/lib/python3.7/site-packages/airflow/example_dags/example_xcomargs.py
[2023-05-17 16:55:24,621] {processor.py:651} INFO - DAG(s) dict_keys(['example_xcom_args', 'example_xcom_args_with_operators']) retrieved from /home/airflow/.local/lib/python3.7/site-packages/airflow/example_dags/example_xcomargs.py
[2023-05-17 16:55:24,854] {logging_mixin.py:115} INFO - [2023-05-17 16:55:24,854] {dag.py:2371} INFO - Sync 2 DAGs
[2023-05-17 16:55:25,060] {logging_mixin.py:115} INFO - [2023-05-17 16:55:25,059] {dag.py:2919} INFO - Setting next_dagrun for example_xcom_args to None, run_after=None
[2023-05-17 16:55:25,061] {logging_mixin.py:115} INFO - [2023-05-17 16:55:25,061] {dag.py:2919} INFO - Setting next_dagrun for example_xcom_args_with_operators to None, run_after=None
[2023-05-17 16:55:25,084] {processor.py:161} INFO - Processing /home/airflow/.local/lib/python3.7/site-packages/airflow/example_dags/example_xcomargs.py took 0.550 seconds
