[2023-05-17T16:28:29.910+0000] {processor.py:157} INFO - Started process (PID=66) to work on /home/airflow/.local/lib/python3.7/site-packages/airflow/example_dags/example_branch_operator_decorator.py
[2023-05-17T16:28:29.913+0000] {processor.py:826} INFO - Processing file /home/airflow/.local/lib/python3.7/site-packages/airflow/example_dags/example_branch_operator_decorator.py for tasks to queue
[2023-05-17T16:28:29.917+0000] {logging_mixin.py:149} INFO - [2023-05-17T16:28:29.917+0000] {dagbag.py:541} INFO - Filling up the DagBag from /home/airflow/.local/lib/python3.7/site-packages/airflow/example_dags/example_branch_operator_decorator.py
[2023-05-17T16:28:29.957+0000] {processor.py:836} INFO - DAG(s) dict_keys(['example_branch_python_operator_decorator']) retrieved from /home/airflow/.local/lib/python3.7/site-packages/airflow/example_dags/example_branch_operator_decorator.py
[2023-05-17T16:28:30.037+0000] {logging_mixin.py:149} INFO - [2023-05-17T16:28:30.037+0000] {dag.py:2726} INFO - Sync 1 DAGs
[2023-05-17T16:28:30.096+0000] {logging_mixin.py:149} INFO - [2023-05-17T16:28:30.096+0000] {dag.py:3490} INFO - Setting next_dagrun for example_branch_python_operator_decorator to 2023-05-16T00:00:00+00:00, run_after=2023-05-17T00:00:00+00:00
[2023-05-17T16:28:30.140+0000] {processor.py:179} INFO - Processing /home/airflow/.local/lib/python3.7/site-packages/airflow/example_dags/example_branch_operator_decorator.py took 0.235 seconds
[2023-05-17T16:29:01.384+0000] {processor.py:157} INFO - Started process (PID=122) to work on /home/airflow/.local/lib/python3.7/site-packages/airflow/example_dags/example_branch_operator_decorator.py
[2023-05-17T16:29:01.387+0000] {processor.py:826} INFO - Processing file /home/airflow/.local/lib/python3.7/site-packages/airflow/example_dags/example_branch_operator_decorator.py for tasks to queue
[2023-05-17T16:29:01.392+0000] {logging_mixin.py:149} INFO - [2023-05-17T16:29:01.390+0000] {dagbag.py:541} INFO - Filling up the DagBag from /home/airflow/.local/lib/python3.7/site-packages/airflow/example_dags/example_branch_operator_decorator.py
[2023-05-17T16:29:01.419+0000] {processor.py:836} INFO - DAG(s) dict_keys(['example_branch_python_operator_decorator']) retrieved from /home/airflow/.local/lib/python3.7/site-packages/airflow/example_dags/example_branch_operator_decorator.py
[2023-05-17T16:29:01.476+0000] {logging_mixin.py:149} INFO - [2023-05-17T16:29:01.476+0000] {dag.py:2726} INFO - Sync 1 DAGs
[2023-05-17T16:29:01.512+0000] {logging_mixin.py:149} INFO - [2023-05-17T16:29:01.512+0000] {dag.py:3490} INFO - Setting next_dagrun for example_branch_python_operator_decorator to 2023-05-16T00:00:00+00:00, run_after=2023-05-17T00:00:00+00:00
[2023-05-17T16:29:01.539+0000] {processor.py:179} INFO - Processing /home/airflow/.local/lib/python3.7/site-packages/airflow/example_dags/example_branch_operator_decorator.py took 0.161 seconds
[2023-05-17 16:35:42,529] {processor.py:153} INFO - Started process (PID=87) to work on /home/airflow/.local/lib/python3.7/site-packages/airflow/example_dags/example_branch_operator_decorator.py
[2023-05-17 16:35:42,531] {processor.py:641} INFO - Processing file /home/airflow/.local/lib/python3.7/site-packages/airflow/example_dags/example_branch_operator_decorator.py for tasks to queue
[2023-05-17 16:35:42,533] {logging_mixin.py:115} INFO - [2023-05-17 16:35:42,533] {dagbag.py:507} INFO - Filling up the DagBag from /home/airflow/.local/lib/python3.7/site-packages/airflow/example_dags/example_branch_operator_decorator.py
[2023-05-17 16:35:42,581] {processor.py:651} INFO - DAG(s) dict_keys(['example_branch_python_operator_decorator']) retrieved from /home/airflow/.local/lib/python3.7/site-packages/airflow/example_dags/example_branch_operator_decorator.py
[2023-05-17 16:35:42,967] {logging_mixin.py:115} INFO - [2023-05-17 16:35:42,967] {manager.py:508} INFO - Created Permission View: can read on DAG:example_branch_python_operator_decorator
[2023-05-17 16:35:42,982] {logging_mixin.py:115} INFO - [2023-05-17 16:35:42,982] {manager.py:508} INFO - Created Permission View: can delete on DAG:example_branch_python_operator_decorator
[2023-05-17 16:35:42,994] {logging_mixin.py:115} INFO - [2023-05-17 16:35:42,994] {manager.py:508} INFO - Created Permission View: can edit on DAG:example_branch_python_operator_decorator
[2023-05-17 16:35:42,995] {logging_mixin.py:115} INFO - [2023-05-17 16:35:42,995] {dag.py:2371} INFO - Sync 1 DAGs
[2023-05-17 16:35:43,007] {logging_mixin.py:115} INFO - [2023-05-17 16:35:43,007] {dag.py:2390} INFO - Creating ORM DAG for example_branch_python_operator_decorator
[2023-05-17 16:35:43,028] {logging_mixin.py:115} INFO - [2023-05-17 16:35:43,028] {dag.py:2919} INFO - Setting next_dagrun for example_branch_python_operator_decorator to 2023-05-16T00:00:00+00:00, run_after=2023-05-17T00:00:00+00:00
[2023-05-17 16:35:43,059] {processor.py:161} INFO - Processing /home/airflow/.local/lib/python3.7/site-packages/airflow/example_dags/example_branch_operator_decorator.py took 0.536 seconds
[2023-05-17 16:38:20,484] {processor.py:153} INFO - Started process (PID=201) to work on /home/airflow/.local/lib/python3.7/site-packages/airflow/example_dags/example_branch_operator_decorator.py
[2023-05-17 16:38:20,494] {processor.py:641} INFO - Processing file /home/airflow/.local/lib/python3.7/site-packages/airflow/example_dags/example_branch_operator_decorator.py for tasks to queue
[2023-05-17 16:38:20,611] {logging_mixin.py:115} INFO - [2023-05-17 16:38:20,611] {dagbag.py:507} INFO - Filling up the DagBag from /home/airflow/.local/lib/python3.7/site-packages/airflow/example_dags/example_branch_operator_decorator.py
[2023-05-17 16:38:23,069] {processor.py:651} INFO - DAG(s) dict_keys(['example_branch_python_operator_decorator']) retrieved from /home/airflow/.local/lib/python3.7/site-packages/airflow/example_dags/example_branch_operator_decorator.py
[2023-05-17 16:38:27,066] {logging_mixin.py:115} INFO - [2023-05-17 16:38:27,065] {dag.py:2371} INFO - Sync 1 DAGs
[2023-05-17 16:38:50,826] {logging_mixin.py:115} INFO - [2023-05-17 16:38:50,825] {dag.py:2919} INFO - Setting next_dagrun for example_branch_python_operator_decorator to 2023-05-16T00:00:00+00:00, run_after=2023-05-17T00:00:00+00:00
[2023-05-17 16:38:51,054] {processor.py:161} INFO - Processing /home/airflow/.local/lib/python3.7/site-packages/airflow/example_dags/example_branch_operator_decorator.py took 30.650 seconds
[2023-05-17 16:40:59,110] {processor.py:153} INFO - Started process (PID=66) to work on /home/airflow/.local/lib/python3.7/site-packages/airflow/example_dags/example_branch_operator_decorator.py
[2023-05-17 16:40:59,120] {processor.py:641} INFO - Processing file /home/airflow/.local/lib/python3.7/site-packages/airflow/example_dags/example_branch_operator_decorator.py for tasks to queue
[2023-05-17 16:40:59,125] {logging_mixin.py:115} INFO - [2023-05-17 16:40:59,125] {dagbag.py:507} INFO - Filling up the DagBag from /home/airflow/.local/lib/python3.7/site-packages/airflow/example_dags/example_branch_operator_decorator.py
[2023-05-17 16:40:59,216] {processor.py:651} INFO - DAG(s) dict_keys(['example_branch_python_operator_decorator']) retrieved from /home/airflow/.local/lib/python3.7/site-packages/airflow/example_dags/example_branch_operator_decorator.py
[2023-05-17 16:40:59,290] {logging_mixin.py:115} INFO - [2023-05-17 16:40:59,290] {dag.py:2371} INFO - Sync 1 DAGs
[2023-05-17 16:40:59,347] {logging_mixin.py:115} INFO - [2023-05-17 16:40:59,347] {dag.py:2919} INFO - Setting next_dagrun for example_branch_python_operator_decorator to 2023-05-16T00:00:00+00:00, run_after=2023-05-17T00:00:00+00:00
[2023-05-17 16:40:59,382] {processor.py:161} INFO - Processing /home/airflow/.local/lib/python3.7/site-packages/airflow/example_dags/example_branch_operator_decorator.py took 0.286 seconds
[2023-05-17 16:41:32,213] {processor.py:153} INFO - Started process (PID=129) to work on /home/airflow/.local/lib/python3.7/site-packages/airflow/example_dags/example_branch_operator_decorator.py
[2023-05-17 16:41:32,217] {processor.py:641} INFO - Processing file /home/airflow/.local/lib/python3.7/site-packages/airflow/example_dags/example_branch_operator_decorator.py for tasks to queue
[2023-05-17 16:41:32,221] {logging_mixin.py:115} INFO - [2023-05-17 16:41:32,220] {dagbag.py:507} INFO - Filling up the DagBag from /home/airflow/.local/lib/python3.7/site-packages/airflow/example_dags/example_branch_operator_decorator.py
[2023-05-17 16:41:32,265] {processor.py:651} INFO - DAG(s) dict_keys(['example_branch_python_operator_decorator']) retrieved from /home/airflow/.local/lib/python3.7/site-packages/airflow/example_dags/example_branch_operator_decorator.py
[2023-05-17 16:41:32,332] {logging_mixin.py:115} INFO - [2023-05-17 16:41:32,331] {dag.py:2371} INFO - Sync 1 DAGs
[2023-05-17 16:41:32,570] {logging_mixin.py:115} INFO - [2023-05-17 16:41:32,570] {dag.py:2919} INFO - Setting next_dagrun for example_branch_python_operator_decorator to 2023-05-16T00:00:00+00:00, run_after=2023-05-17T00:00:00+00:00
[2023-05-17 16:41:32,638] {processor.py:161} INFO - Processing /home/airflow/.local/lib/python3.7/site-packages/airflow/example_dags/example_branch_operator_decorator.py took 0.432 seconds
[2023-05-17 16:42:03,562] {processor.py:153} INFO - Started process (PID=182) to work on /home/airflow/.local/lib/python3.7/site-packages/airflow/example_dags/example_branch_operator_decorator.py
[2023-05-17 16:42:03,564] {processor.py:641} INFO - Processing file /home/airflow/.local/lib/python3.7/site-packages/airflow/example_dags/example_branch_operator_decorator.py for tasks to queue
[2023-05-17 16:42:03,566] {logging_mixin.py:115} INFO - [2023-05-17 16:42:03,565] {dagbag.py:507} INFO - Filling up the DagBag from /home/airflow/.local/lib/python3.7/site-packages/airflow/example_dags/example_branch_operator_decorator.py
[2023-05-17 16:42:03,599] {processor.py:651} INFO - DAG(s) dict_keys(['example_branch_python_operator_decorator']) retrieved from /home/airflow/.local/lib/python3.7/site-packages/airflow/example_dags/example_branch_operator_decorator.py
[2023-05-17 16:42:03,637] {logging_mixin.py:115} INFO - [2023-05-17 16:42:03,637] {dag.py:2371} INFO - Sync 1 DAGs
[2023-05-17 16:42:03,670] {logging_mixin.py:115} INFO - [2023-05-17 16:42:03,670] {dag.py:2919} INFO - Setting next_dagrun for example_branch_python_operator_decorator to 2023-05-16T00:00:00+00:00, run_after=2023-05-17T00:00:00+00:00
[2023-05-17 16:42:03,695] {processor.py:161} INFO - Processing /home/airflow/.local/lib/python3.7/site-packages/airflow/example_dags/example_branch_operator_decorator.py took 0.141 seconds
[2023-05-17 16:42:33,920] {processor.py:153} INFO - Started process (PID=246) to work on /home/airflow/.local/lib/python3.7/site-packages/airflow/example_dags/example_branch_operator_decorator.py
[2023-05-17 16:42:33,923] {processor.py:641} INFO - Processing file /home/airflow/.local/lib/python3.7/site-packages/airflow/example_dags/example_branch_operator_decorator.py for tasks to queue
[2023-05-17 16:42:33,924] {logging_mixin.py:115} INFO - [2023-05-17 16:42:33,924] {dagbag.py:507} INFO - Filling up the DagBag from /home/airflow/.local/lib/python3.7/site-packages/airflow/example_dags/example_branch_operator_decorator.py
[2023-05-17 16:42:33,955] {processor.py:651} INFO - DAG(s) dict_keys(['example_branch_python_operator_decorator']) retrieved from /home/airflow/.local/lib/python3.7/site-packages/airflow/example_dags/example_branch_operator_decorator.py
[2023-05-17 16:42:33,994] {logging_mixin.py:115} INFO - [2023-05-17 16:42:33,993] {dag.py:2371} INFO - Sync 1 DAGs
[2023-05-17 16:42:34,027] {logging_mixin.py:115} INFO - [2023-05-17 16:42:34,027] {dag.py:2919} INFO - Setting next_dagrun for example_branch_python_operator_decorator to 2023-05-16T00:00:00+00:00, run_after=2023-05-17T00:00:00+00:00
[2023-05-17 16:42:34,048] {processor.py:161} INFO - Processing /home/airflow/.local/lib/python3.7/site-packages/airflow/example_dags/example_branch_operator_decorator.py took 0.134 seconds
[2023-05-17 16:43:04,556] {processor.py:153} INFO - Started process (PID=300) to work on /home/airflow/.local/lib/python3.7/site-packages/airflow/example_dags/example_branch_operator_decorator.py
[2023-05-17 16:43:04,557] {processor.py:641} INFO - Processing file /home/airflow/.local/lib/python3.7/site-packages/airflow/example_dags/example_branch_operator_decorator.py for tasks to queue
[2023-05-17 16:43:04,560] {logging_mixin.py:115} INFO - [2023-05-17 16:43:04,560] {dagbag.py:507} INFO - Filling up the DagBag from /home/airflow/.local/lib/python3.7/site-packages/airflow/example_dags/example_branch_operator_decorator.py
[2023-05-17 16:43:04,588] {processor.py:651} INFO - DAG(s) dict_keys(['example_branch_python_operator_decorator']) retrieved from /home/airflow/.local/lib/python3.7/site-packages/airflow/example_dags/example_branch_operator_decorator.py
[2023-05-17 16:43:04,641] {logging_mixin.py:115} INFO - [2023-05-17 16:43:04,640] {dag.py:2371} INFO - Sync 1 DAGs
[2023-05-17 16:43:04,673] {logging_mixin.py:115} INFO - [2023-05-17 16:43:04,673] {dag.py:2919} INFO - Setting next_dagrun for example_branch_python_operator_decorator to 2023-05-16T00:00:00+00:00, run_after=2023-05-17T00:00:00+00:00
[2023-05-17 16:43:04,699] {processor.py:161} INFO - Processing /home/airflow/.local/lib/python3.7/site-packages/airflow/example_dags/example_branch_operator_decorator.py took 0.148 seconds
[2023-05-17 16:43:35,052] {processor.py:153} INFO - Started process (PID=362) to work on /home/airflow/.local/lib/python3.7/site-packages/airflow/example_dags/example_branch_operator_decorator.py
[2023-05-17 16:43:35,054] {processor.py:641} INFO - Processing file /home/airflow/.local/lib/python3.7/site-packages/airflow/example_dags/example_branch_operator_decorator.py for tasks to queue
[2023-05-17 16:43:35,056] {logging_mixin.py:115} INFO - [2023-05-17 16:43:35,055] {dagbag.py:507} INFO - Filling up the DagBag from /home/airflow/.local/lib/python3.7/site-packages/airflow/example_dags/example_branch_operator_decorator.py
[2023-05-17 16:43:35,088] {processor.py:651} INFO - DAG(s) dict_keys(['example_branch_python_operator_decorator']) retrieved from /home/airflow/.local/lib/python3.7/site-packages/airflow/example_dags/example_branch_operator_decorator.py
[2023-05-17 16:43:35,136] {logging_mixin.py:115} INFO - [2023-05-17 16:43:35,136] {dag.py:2371} INFO - Sync 1 DAGs
[2023-05-17 16:43:35,168] {logging_mixin.py:115} INFO - [2023-05-17 16:43:35,167] {dag.py:2919} INFO - Setting next_dagrun for example_branch_python_operator_decorator to 2023-05-16T00:00:00+00:00, run_after=2023-05-17T00:00:00+00:00
[2023-05-17 16:43:35,184] {processor.py:161} INFO - Processing /home/airflow/.local/lib/python3.7/site-packages/airflow/example_dags/example_branch_operator_decorator.py took 0.137 seconds
[2023-05-17 16:44:05,656] {processor.py:153} INFO - Started process (PID=415) to work on /home/airflow/.local/lib/python3.7/site-packages/airflow/example_dags/example_branch_operator_decorator.py
[2023-05-17 16:44:05,658] {processor.py:641} INFO - Processing file /home/airflow/.local/lib/python3.7/site-packages/airflow/example_dags/example_branch_operator_decorator.py for tasks to queue
[2023-05-17 16:44:05,659] {logging_mixin.py:115} INFO - [2023-05-17 16:44:05,659] {dagbag.py:507} INFO - Filling up the DagBag from /home/airflow/.local/lib/python3.7/site-packages/airflow/example_dags/example_branch_operator_decorator.py
[2023-05-17 16:44:05,678] {processor.py:651} INFO - DAG(s) dict_keys(['example_branch_python_operator_decorator']) retrieved from /home/airflow/.local/lib/python3.7/site-packages/airflow/example_dags/example_branch_operator_decorator.py
[2023-05-17 16:44:05,712] {logging_mixin.py:115} INFO - [2023-05-17 16:44:05,712] {dag.py:2371} INFO - Sync 1 DAGs
[2023-05-17 16:44:05,739] {logging_mixin.py:115} INFO - [2023-05-17 16:44:05,739] {dag.py:2919} INFO - Setting next_dagrun for example_branch_python_operator_decorator to 2023-05-16T00:00:00+00:00, run_after=2023-05-17T00:00:00+00:00
[2023-05-17 16:44:05,757] {processor.py:161} INFO - Processing /home/airflow/.local/lib/python3.7/site-packages/airflow/example_dags/example_branch_operator_decorator.py took 0.104 seconds
[2023-05-17 16:44:36,420] {processor.py:153} INFO - Started process (PID=478) to work on /home/airflow/.local/lib/python3.7/site-packages/airflow/example_dags/example_branch_operator_decorator.py
[2023-05-17 16:44:36,432] {processor.py:641} INFO - Processing file /home/airflow/.local/lib/python3.7/site-packages/airflow/example_dags/example_branch_operator_decorator.py for tasks to queue
[2023-05-17 16:44:36,433] {logging_mixin.py:115} INFO - [2023-05-17 16:44:36,433] {dagbag.py:507} INFO - Filling up the DagBag from /home/airflow/.local/lib/python3.7/site-packages/airflow/example_dags/example_branch_operator_decorator.py
[2023-05-17 16:44:36,463] {processor.py:651} INFO - DAG(s) dict_keys(['example_branch_python_operator_decorator']) retrieved from /home/airflow/.local/lib/python3.7/site-packages/airflow/example_dags/example_branch_operator_decorator.py
[2023-05-17 16:44:36,497] {logging_mixin.py:115} INFO - [2023-05-17 16:44:36,497] {dag.py:2371} INFO - Sync 1 DAGs
[2023-05-17 16:44:36,542] {logging_mixin.py:115} INFO - [2023-05-17 16:44:36,542] {dag.py:2919} INFO - Setting next_dagrun for example_branch_python_operator_decorator to 2023-05-16T00:00:00+00:00, run_after=2023-05-17T00:00:00+00:00
[2023-05-17 16:44:36,558] {processor.py:161} INFO - Processing /home/airflow/.local/lib/python3.7/site-packages/airflow/example_dags/example_branch_operator_decorator.py took 0.141 seconds
[2023-05-17 16:45:06,696] {processor.py:153} INFO - Started process (PID=539) to work on /home/airflow/.local/lib/python3.7/site-packages/airflow/example_dags/example_branch_operator_decorator.py
[2023-05-17 16:45:06,698] {processor.py:641} INFO - Processing file /home/airflow/.local/lib/python3.7/site-packages/airflow/example_dags/example_branch_operator_decorator.py for tasks to queue
[2023-05-17 16:45:06,699] {logging_mixin.py:115} INFO - [2023-05-17 16:45:06,699] {dagbag.py:507} INFO - Filling up the DagBag from /home/airflow/.local/lib/python3.7/site-packages/airflow/example_dags/example_branch_operator_decorator.py
[2023-05-17 16:45:06,721] {processor.py:651} INFO - DAG(s) dict_keys(['example_branch_python_operator_decorator']) retrieved from /home/airflow/.local/lib/python3.7/site-packages/airflow/example_dags/example_branch_operator_decorator.py
[2023-05-17 16:45:06,759] {logging_mixin.py:115} INFO - [2023-05-17 16:45:06,759] {dag.py:2371} INFO - Sync 1 DAGs
[2023-05-17 16:45:06,788] {logging_mixin.py:115} INFO - [2023-05-17 16:45:06,787] {dag.py:2919} INFO - Setting next_dagrun for example_branch_python_operator_decorator to 2023-05-16T00:00:00+00:00, run_after=2023-05-17T00:00:00+00:00
[2023-05-17 16:45:06,803] {processor.py:161} INFO - Processing /home/airflow/.local/lib/python3.7/site-packages/airflow/example_dags/example_branch_operator_decorator.py took 0.114 seconds
[2023-05-17 16:45:37,019] {processor.py:153} INFO - Started process (PID=594) to work on /home/airflow/.local/lib/python3.7/site-packages/airflow/example_dags/example_branch_operator_decorator.py
[2023-05-17 16:45:37,022] {processor.py:641} INFO - Processing file /home/airflow/.local/lib/python3.7/site-packages/airflow/example_dags/example_branch_operator_decorator.py for tasks to queue
[2023-05-17 16:45:37,025] {logging_mixin.py:115} INFO - [2023-05-17 16:45:37,025] {dagbag.py:507} INFO - Filling up the DagBag from /home/airflow/.local/lib/python3.7/site-packages/airflow/example_dags/example_branch_operator_decorator.py
[2023-05-17 16:45:37,059] {processor.py:651} INFO - DAG(s) dict_keys(['example_branch_python_operator_decorator']) retrieved from /home/airflow/.local/lib/python3.7/site-packages/airflow/example_dags/example_branch_operator_decorator.py
[2023-05-17 16:45:37,107] {logging_mixin.py:115} INFO - [2023-05-17 16:45:37,107] {dag.py:2371} INFO - Sync 1 DAGs
[2023-05-17 16:45:37,166] {logging_mixin.py:115} INFO - [2023-05-17 16:45:37,165] {dag.py:2919} INFO - Setting next_dagrun for example_branch_python_operator_decorator to 2023-05-16T00:00:00+00:00, run_after=2023-05-17T00:00:00+00:00
[2023-05-17 16:45:37,189] {processor.py:161} INFO - Processing /home/airflow/.local/lib/python3.7/site-packages/airflow/example_dags/example_branch_operator_decorator.py took 0.177 seconds
[2023-05-17 16:46:07,764] {processor.py:153} INFO - Started process (PID=657) to work on /home/airflow/.local/lib/python3.7/site-packages/airflow/example_dags/example_branch_operator_decorator.py
[2023-05-17 16:46:07,766] {processor.py:641} INFO - Processing file /home/airflow/.local/lib/python3.7/site-packages/airflow/example_dags/example_branch_operator_decorator.py for tasks to queue
[2023-05-17 16:46:07,768] {logging_mixin.py:115} INFO - [2023-05-17 16:46:07,768] {dagbag.py:507} INFO - Filling up the DagBag from /home/airflow/.local/lib/python3.7/site-packages/airflow/example_dags/example_branch_operator_decorator.py
[2023-05-17 16:46:07,793] {processor.py:651} INFO - DAG(s) dict_keys(['example_branch_python_operator_decorator']) retrieved from /home/airflow/.local/lib/python3.7/site-packages/airflow/example_dags/example_branch_operator_decorator.py
[2023-05-17 16:46:07,830] {logging_mixin.py:115} INFO - [2023-05-17 16:46:07,829] {dag.py:2371} INFO - Sync 1 DAGs
[2023-05-17 16:46:07,860] {logging_mixin.py:115} INFO - [2023-05-17 16:46:07,860] {dag.py:2919} INFO - Setting next_dagrun for example_branch_python_operator_decorator to 2023-05-16T00:00:00+00:00, run_after=2023-05-17T00:00:00+00:00
[2023-05-17 16:46:07,876] {processor.py:161} INFO - Processing /home/airflow/.local/lib/python3.7/site-packages/airflow/example_dags/example_branch_operator_decorator.py took 0.116 seconds
[2023-05-17 16:46:39,265] {processor.py:153} INFO - Started process (PID=712) to work on /home/airflow/.local/lib/python3.7/site-packages/airflow/example_dags/example_branch_operator_decorator.py
[2023-05-17 16:46:39,268] {processor.py:641} INFO - Processing file /home/airflow/.local/lib/python3.7/site-packages/airflow/example_dags/example_branch_operator_decorator.py for tasks to queue
[2023-05-17 16:46:39,269] {logging_mixin.py:115} INFO - [2023-05-17 16:46:39,269] {dagbag.py:507} INFO - Filling up the DagBag from /home/airflow/.local/lib/python3.7/site-packages/airflow/example_dags/example_branch_operator_decorator.py
[2023-05-17 16:46:39,302] {processor.py:651} INFO - DAG(s) dict_keys(['example_branch_python_operator_decorator']) retrieved from /home/airflow/.local/lib/python3.7/site-packages/airflow/example_dags/example_branch_operator_decorator.py
[2023-05-17 16:46:39,360] {logging_mixin.py:115} INFO - [2023-05-17 16:46:39,360] {dag.py:2371} INFO - Sync 1 DAGs
[2023-05-17 16:46:39,399] {logging_mixin.py:115} INFO - [2023-05-17 16:46:39,398] {dag.py:2919} INFO - Setting next_dagrun for example_branch_python_operator_decorator to 2023-05-16T00:00:00+00:00, run_after=2023-05-17T00:00:00+00:00
[2023-05-17 16:46:39,421] {processor.py:161} INFO - Processing /home/airflow/.local/lib/python3.7/site-packages/airflow/example_dags/example_branch_operator_decorator.py took 0.160 seconds
[2023-05-17 16:47:10,600] {processor.py:153} INFO - Started process (PID=775) to work on /home/airflow/.local/lib/python3.7/site-packages/airflow/example_dags/example_branch_operator_decorator.py
[2023-05-17 16:47:10,602] {processor.py:641} INFO - Processing file /home/airflow/.local/lib/python3.7/site-packages/airflow/example_dags/example_branch_operator_decorator.py for tasks to queue
[2023-05-17 16:47:10,604] {logging_mixin.py:115} INFO - [2023-05-17 16:47:10,604] {dagbag.py:507} INFO - Filling up the DagBag from /home/airflow/.local/lib/python3.7/site-packages/airflow/example_dags/example_branch_operator_decorator.py
[2023-05-17 16:47:10,640] {processor.py:651} INFO - DAG(s) dict_keys(['example_branch_python_operator_decorator']) retrieved from /home/airflow/.local/lib/python3.7/site-packages/airflow/example_dags/example_branch_operator_decorator.py
[2023-05-17 16:47:10,703] {logging_mixin.py:115} INFO - [2023-05-17 16:47:10,703] {dag.py:2371} INFO - Sync 1 DAGs
[2023-05-17 16:47:10,779] {logging_mixin.py:115} INFO - [2023-05-17 16:47:10,778] {dag.py:2919} INFO - Setting next_dagrun for example_branch_python_operator_decorator to 2023-05-16T00:00:00+00:00, run_after=2023-05-17T00:00:00+00:00
[2023-05-17 16:47:10,809] {processor.py:161} INFO - Processing /home/airflow/.local/lib/python3.7/site-packages/airflow/example_dags/example_branch_operator_decorator.py took 0.216 seconds
[2023-05-17 16:47:42,820] {processor.py:153} INFO - Started process (PID=839) to work on /home/airflow/.local/lib/python3.7/site-packages/airflow/example_dags/example_branch_operator_decorator.py
[2023-05-17 16:47:42,824] {processor.py:641} INFO - Processing file /home/airflow/.local/lib/python3.7/site-packages/airflow/example_dags/example_branch_operator_decorator.py for tasks to queue
[2023-05-17 16:47:42,827] {logging_mixin.py:115} INFO - [2023-05-17 16:47:42,827] {dagbag.py:507} INFO - Filling up the DagBag from /home/airflow/.local/lib/python3.7/site-packages/airflow/example_dags/example_branch_operator_decorator.py
[2023-05-17 16:47:43,011] {processor.py:651} INFO - DAG(s) dict_keys(['example_branch_python_operator_decorator']) retrieved from /home/airflow/.local/lib/python3.7/site-packages/airflow/example_dags/example_branch_operator_decorator.py
[2023-05-17 16:47:43,183] {logging_mixin.py:115} INFO - [2023-05-17 16:47:43,182] {dag.py:2371} INFO - Sync 1 DAGs
[2023-05-17 16:47:43,274] {logging_mixin.py:115} INFO - [2023-05-17 16:47:43,274] {dag.py:2919} INFO - Setting next_dagrun for example_branch_python_operator_decorator to 2023-05-16T00:00:00+00:00, run_after=2023-05-17T00:00:00+00:00
[2023-05-17 16:47:43,368] {processor.py:161} INFO - Processing /home/airflow/.local/lib/python3.7/site-packages/airflow/example_dags/example_branch_operator_decorator.py took 0.579 seconds
[2023-05-17 16:48:13,990] {processor.py:153} INFO - Started process (PID=895) to work on /home/airflow/.local/lib/python3.7/site-packages/airflow/example_dags/example_branch_operator_decorator.py
[2023-05-17 16:48:13,994] {processor.py:641} INFO - Processing file /home/airflow/.local/lib/python3.7/site-packages/airflow/example_dags/example_branch_operator_decorator.py for tasks to queue
[2023-05-17 16:48:13,998] {logging_mixin.py:115} INFO - [2023-05-17 16:48:13,998] {dagbag.py:507} INFO - Filling up the DagBag from /home/airflow/.local/lib/python3.7/site-packages/airflow/example_dags/example_branch_operator_decorator.py
[2023-05-17 16:48:14,042] {processor.py:651} INFO - DAG(s) dict_keys(['example_branch_python_operator_decorator']) retrieved from /home/airflow/.local/lib/python3.7/site-packages/airflow/example_dags/example_branch_operator_decorator.py
[2023-05-17 16:48:14,101] {logging_mixin.py:115} INFO - [2023-05-17 16:48:14,101] {dag.py:2371} INFO - Sync 1 DAGs
[2023-05-17 16:48:14,147] {logging_mixin.py:115} INFO - [2023-05-17 16:48:14,147] {dag.py:2919} INFO - Setting next_dagrun for example_branch_python_operator_decorator to 2023-05-16T00:00:00+00:00, run_after=2023-05-17T00:00:00+00:00
[2023-05-17 16:48:14,171] {processor.py:161} INFO - Processing /home/airflow/.local/lib/python3.7/site-packages/airflow/example_dags/example_branch_operator_decorator.py took 0.186 seconds
[2023-05-17 16:48:44,583] {processor.py:153} INFO - Started process (PID=949) to work on /home/airflow/.local/lib/python3.7/site-packages/airflow/example_dags/example_branch_operator_decorator.py
[2023-05-17 16:48:44,585] {processor.py:641} INFO - Processing file /home/airflow/.local/lib/python3.7/site-packages/airflow/example_dags/example_branch_operator_decorator.py for tasks to queue
[2023-05-17 16:48:44,588] {logging_mixin.py:115} INFO - [2023-05-17 16:48:44,587] {dagbag.py:507} INFO - Filling up the DagBag from /home/airflow/.local/lib/python3.7/site-packages/airflow/example_dags/example_branch_operator_decorator.py
[2023-05-17 16:48:44,617] {processor.py:651} INFO - DAG(s) dict_keys(['example_branch_python_operator_decorator']) retrieved from /home/airflow/.local/lib/python3.7/site-packages/airflow/example_dags/example_branch_operator_decorator.py
[2023-05-17 16:48:44,663] {logging_mixin.py:115} INFO - [2023-05-17 16:48:44,663] {dag.py:2371} INFO - Sync 1 DAGs
[2023-05-17 16:48:44,699] {logging_mixin.py:115} INFO - [2023-05-17 16:48:44,699] {dag.py:2919} INFO - Setting next_dagrun for example_branch_python_operator_decorator to 2023-05-16T00:00:00+00:00, run_after=2023-05-17T00:00:00+00:00
[2023-05-17 16:48:44,719] {processor.py:161} INFO - Processing /home/airflow/.local/lib/python3.7/site-packages/airflow/example_dags/example_branch_operator_decorator.py took 0.151 seconds
[2023-05-17 16:49:15,253] {processor.py:153} INFO - Started process (PID=1017) to work on /home/airflow/.local/lib/python3.7/site-packages/airflow/example_dags/example_branch_operator_decorator.py
[2023-05-17 16:49:15,255] {processor.py:641} INFO - Processing file /home/airflow/.local/lib/python3.7/site-packages/airflow/example_dags/example_branch_operator_decorator.py for tasks to queue
[2023-05-17 16:49:15,256] {logging_mixin.py:115} INFO - [2023-05-17 16:49:15,256] {dagbag.py:507} INFO - Filling up the DagBag from /home/airflow/.local/lib/python3.7/site-packages/airflow/example_dags/example_branch_operator_decorator.py
[2023-05-17 16:49:15,284] {processor.py:651} INFO - DAG(s) dict_keys(['example_branch_python_operator_decorator']) retrieved from /home/airflow/.local/lib/python3.7/site-packages/airflow/example_dags/example_branch_operator_decorator.py
[2023-05-17 16:49:15,327] {logging_mixin.py:115} INFO - [2023-05-17 16:49:15,327] {dag.py:2371} INFO - Sync 1 DAGs
[2023-05-17 16:49:15,359] {logging_mixin.py:115} INFO - [2023-05-17 16:49:15,359] {dag.py:2919} INFO - Setting next_dagrun for example_branch_python_operator_decorator to 2023-05-16T00:00:00+00:00, run_after=2023-05-17T00:00:00+00:00
[2023-05-17 16:49:15,378] {processor.py:161} INFO - Processing /home/airflow/.local/lib/python3.7/site-packages/airflow/example_dags/example_branch_operator_decorator.py took 0.130 seconds
[2023-05-17 16:49:45,513] {processor.py:153} INFO - Started process (PID=1079) to work on /home/airflow/.local/lib/python3.7/site-packages/airflow/example_dags/example_branch_operator_decorator.py
[2023-05-17 16:49:45,515] {processor.py:641} INFO - Processing file /home/airflow/.local/lib/python3.7/site-packages/airflow/example_dags/example_branch_operator_decorator.py for tasks to queue
[2023-05-17 16:49:45,516] {logging_mixin.py:115} INFO - [2023-05-17 16:49:45,516] {dagbag.py:507} INFO - Filling up the DagBag from /home/airflow/.local/lib/python3.7/site-packages/airflow/example_dags/example_branch_operator_decorator.py
[2023-05-17 16:49:45,542] {processor.py:651} INFO - DAG(s) dict_keys(['example_branch_python_operator_decorator']) retrieved from /home/airflow/.local/lib/python3.7/site-packages/airflow/example_dags/example_branch_operator_decorator.py
[2023-05-17 16:49:45,592] {logging_mixin.py:115} INFO - [2023-05-17 16:49:45,592] {dag.py:2371} INFO - Sync 1 DAGs
[2023-05-17 16:49:45,627] {logging_mixin.py:115} INFO - [2023-05-17 16:49:45,626] {dag.py:2919} INFO - Setting next_dagrun for example_branch_python_operator_decorator to 2023-05-16T00:00:00+00:00, run_after=2023-05-17T00:00:00+00:00
[2023-05-17 16:49:45,652] {processor.py:161} INFO - Processing /home/airflow/.local/lib/python3.7/site-packages/airflow/example_dags/example_branch_operator_decorator.py took 0.143 seconds
[2023-05-17 16:50:15,952] {processor.py:153} INFO - Started process (PID=1133) to work on /home/airflow/.local/lib/python3.7/site-packages/airflow/example_dags/example_branch_operator_decorator.py
[2023-05-17 16:50:15,954] {processor.py:641} INFO - Processing file /home/airflow/.local/lib/python3.7/site-packages/airflow/example_dags/example_branch_operator_decorator.py for tasks to queue
[2023-05-17 16:50:15,956] {logging_mixin.py:115} INFO - [2023-05-17 16:50:15,956] {dagbag.py:507} INFO - Filling up the DagBag from /home/airflow/.local/lib/python3.7/site-packages/airflow/example_dags/example_branch_operator_decorator.py
[2023-05-17 16:50:15,981] {processor.py:651} INFO - DAG(s) dict_keys(['example_branch_python_operator_decorator']) retrieved from /home/airflow/.local/lib/python3.7/site-packages/airflow/example_dags/example_branch_operator_decorator.py
[2023-05-17 16:50:16,022] {logging_mixin.py:115} INFO - [2023-05-17 16:50:16,021] {dag.py:2371} INFO - Sync 1 DAGs
[2023-05-17 16:50:16,056] {logging_mixin.py:115} INFO - [2023-05-17 16:50:16,056] {dag.py:2919} INFO - Setting next_dagrun for example_branch_python_operator_decorator to 2023-05-16T00:00:00+00:00, run_after=2023-05-17T00:00:00+00:00
[2023-05-17 16:50:16,082] {processor.py:161} INFO - Processing /home/airflow/.local/lib/python3.7/site-packages/airflow/example_dags/example_branch_operator_decorator.py took 0.135 seconds
[2023-05-17 16:50:46,371] {processor.py:153} INFO - Started process (PID=1197) to work on /home/airflow/.local/lib/python3.7/site-packages/airflow/example_dags/example_branch_operator_decorator.py
[2023-05-17 16:50:46,373] {processor.py:641} INFO - Processing file /home/airflow/.local/lib/python3.7/site-packages/airflow/example_dags/example_branch_operator_decorator.py for tasks to queue
[2023-05-17 16:50:46,376] {logging_mixin.py:115} INFO - [2023-05-17 16:50:46,376] {dagbag.py:507} INFO - Filling up the DagBag from /home/airflow/.local/lib/python3.7/site-packages/airflow/example_dags/example_branch_operator_decorator.py
[2023-05-17 16:50:46,456] {processor.py:651} INFO - DAG(s) dict_keys(['example_branch_python_operator_decorator']) retrieved from /home/airflow/.local/lib/python3.7/site-packages/airflow/example_dags/example_branch_operator_decorator.py
[2023-05-17 16:50:46,521] {logging_mixin.py:115} INFO - [2023-05-17 16:50:46,521] {dag.py:2371} INFO - Sync 1 DAGs
[2023-05-17 16:50:46,552] {logging_mixin.py:115} INFO - [2023-05-17 16:50:46,552] {dag.py:2919} INFO - Setting next_dagrun for example_branch_python_operator_decorator to 2023-05-16T00:00:00+00:00, run_after=2023-05-17T00:00:00+00:00
[2023-05-17 16:50:46,569] {processor.py:161} INFO - Processing /home/airflow/.local/lib/python3.7/site-packages/airflow/example_dags/example_branch_operator_decorator.py took 0.211 seconds
[2023-05-17 16:51:16,782] {processor.py:153} INFO - Started process (PID=1253) to work on /home/airflow/.local/lib/python3.7/site-packages/airflow/example_dags/example_branch_operator_decorator.py
[2023-05-17 16:51:16,784] {processor.py:641} INFO - Processing file /home/airflow/.local/lib/python3.7/site-packages/airflow/example_dags/example_branch_operator_decorator.py for tasks to queue
[2023-05-17 16:51:16,785] {logging_mixin.py:115} INFO - [2023-05-17 16:51:16,785] {dagbag.py:507} INFO - Filling up the DagBag from /home/airflow/.local/lib/python3.7/site-packages/airflow/example_dags/example_branch_operator_decorator.py
[2023-05-17 16:51:16,806] {processor.py:651} INFO - DAG(s) dict_keys(['example_branch_python_operator_decorator']) retrieved from /home/airflow/.local/lib/python3.7/site-packages/airflow/example_dags/example_branch_operator_decorator.py
[2023-05-17 16:51:16,838] {logging_mixin.py:115} INFO - [2023-05-17 16:51:16,838] {dag.py:2371} INFO - Sync 1 DAGs
[2023-05-17 16:51:16,868] {logging_mixin.py:115} INFO - [2023-05-17 16:51:16,868] {dag.py:2919} INFO - Setting next_dagrun for example_branch_python_operator_decorator to 2023-05-16T00:00:00+00:00, run_after=2023-05-17T00:00:00+00:00
[2023-05-17 16:51:16,887] {processor.py:161} INFO - Processing /home/airflow/.local/lib/python3.7/site-packages/airflow/example_dags/example_branch_operator_decorator.py took 0.108 seconds
[2023-05-17 16:51:47,770] {processor.py:153} INFO - Started process (PID=1321) to work on /home/airflow/.local/lib/python3.7/site-packages/airflow/example_dags/example_branch_operator_decorator.py
[2023-05-17 16:51:47,772] {processor.py:641} INFO - Processing file /home/airflow/.local/lib/python3.7/site-packages/airflow/example_dags/example_branch_operator_decorator.py for tasks to queue
[2023-05-17 16:51:47,774] {logging_mixin.py:115} INFO - [2023-05-17 16:51:47,774] {dagbag.py:507} INFO - Filling up the DagBag from /home/airflow/.local/lib/python3.7/site-packages/airflow/example_dags/example_branch_operator_decorator.py
[2023-05-17 16:51:47,809] {processor.py:651} INFO - DAG(s) dict_keys(['example_branch_python_operator_decorator']) retrieved from /home/airflow/.local/lib/python3.7/site-packages/airflow/example_dags/example_branch_operator_decorator.py
[2023-05-17 16:51:47,854] {logging_mixin.py:115} INFO - [2023-05-17 16:51:47,853] {dag.py:2371} INFO - Sync 1 DAGs
[2023-05-17 16:51:47,921] {logging_mixin.py:115} INFO - [2023-05-17 16:51:47,921] {dag.py:2919} INFO - Setting next_dagrun for example_branch_python_operator_decorator to 2023-05-16T00:00:00+00:00, run_after=2023-05-17T00:00:00+00:00
[2023-05-17 16:51:47,955] {processor.py:161} INFO - Processing /home/airflow/.local/lib/python3.7/site-packages/airflow/example_dags/example_branch_operator_decorator.py took 0.189 seconds
[2023-05-17 16:52:18,161] {processor.py:153} INFO - Started process (PID=1376) to work on /home/airflow/.local/lib/python3.7/site-packages/airflow/example_dags/example_branch_operator_decorator.py
[2023-05-17 16:52:18,163] {processor.py:641} INFO - Processing file /home/airflow/.local/lib/python3.7/site-packages/airflow/example_dags/example_branch_operator_decorator.py for tasks to queue
[2023-05-17 16:52:18,165] {logging_mixin.py:115} INFO - [2023-05-17 16:52:18,164] {dagbag.py:507} INFO - Filling up the DagBag from /home/airflow/.local/lib/python3.7/site-packages/airflow/example_dags/example_branch_operator_decorator.py
[2023-05-17 16:52:18,183] {processor.py:651} INFO - DAG(s) dict_keys(['example_branch_python_operator_decorator']) retrieved from /home/airflow/.local/lib/python3.7/site-packages/airflow/example_dags/example_branch_operator_decorator.py
[2023-05-17 16:52:18,214] {logging_mixin.py:115} INFO - [2023-05-17 16:52:18,214] {dag.py:2371} INFO - Sync 1 DAGs
[2023-05-17 16:52:18,239] {logging_mixin.py:115} INFO - [2023-05-17 16:52:18,238] {dag.py:2919} INFO - Setting next_dagrun for example_branch_python_operator_decorator to 2023-05-16T00:00:00+00:00, run_after=2023-05-17T00:00:00+00:00
[2023-05-17 16:52:18,253] {processor.py:161} INFO - Processing /home/airflow/.local/lib/python3.7/site-packages/airflow/example_dags/example_branch_operator_decorator.py took 0.095 seconds
[2023-05-17 16:52:48,378] {processor.py:153} INFO - Started process (PID=1441) to work on /home/airflow/.local/lib/python3.7/site-packages/airflow/example_dags/example_branch_operator_decorator.py
[2023-05-17 16:52:48,380] {processor.py:641} INFO - Processing file /home/airflow/.local/lib/python3.7/site-packages/airflow/example_dags/example_branch_operator_decorator.py for tasks to queue
[2023-05-17 16:52:48,382] {logging_mixin.py:115} INFO - [2023-05-17 16:52:48,382] {dagbag.py:507} INFO - Filling up the DagBag from /home/airflow/.local/lib/python3.7/site-packages/airflow/example_dags/example_branch_operator_decorator.py
[2023-05-17 16:52:48,407] {processor.py:651} INFO - DAG(s) dict_keys(['example_branch_python_operator_decorator']) retrieved from /home/airflow/.local/lib/python3.7/site-packages/airflow/example_dags/example_branch_operator_decorator.py
[2023-05-17 16:52:48,447] {logging_mixin.py:115} INFO - [2023-05-17 16:52:48,446] {dag.py:2371} INFO - Sync 1 DAGs
[2023-05-17 16:52:48,478] {logging_mixin.py:115} INFO - [2023-05-17 16:52:48,478] {dag.py:2919} INFO - Setting next_dagrun for example_branch_python_operator_decorator to 2023-05-16T00:00:00+00:00, run_after=2023-05-17T00:00:00+00:00
[2023-05-17 16:52:48,493] {processor.py:161} INFO - Processing /home/airflow/.local/lib/python3.7/site-packages/airflow/example_dags/example_branch_operator_decorator.py took 0.123 seconds
[2023-05-17 16:53:19,134] {processor.py:153} INFO - Started process (PID=1500) to work on /home/airflow/.local/lib/python3.7/site-packages/airflow/example_dags/example_branch_operator_decorator.py
[2023-05-17 16:53:19,136] {processor.py:641} INFO - Processing file /home/airflow/.local/lib/python3.7/site-packages/airflow/example_dags/example_branch_operator_decorator.py for tasks to queue
[2023-05-17 16:53:19,138] {logging_mixin.py:115} INFO - [2023-05-17 16:53:19,138] {dagbag.py:507} INFO - Filling up the DagBag from /home/airflow/.local/lib/python3.7/site-packages/airflow/example_dags/example_branch_operator_decorator.py
[2023-05-17 16:53:19,173] {processor.py:651} INFO - DAG(s) dict_keys(['example_branch_python_operator_decorator']) retrieved from /home/airflow/.local/lib/python3.7/site-packages/airflow/example_dags/example_branch_operator_decorator.py
[2023-05-17 16:53:19,218] {logging_mixin.py:115} INFO - [2023-05-17 16:53:19,218] {dag.py:2371} INFO - Sync 1 DAGs
[2023-05-17 16:53:19,264] {logging_mixin.py:115} INFO - [2023-05-17 16:53:19,264] {dag.py:2919} INFO - Setting next_dagrun for example_branch_python_operator_decorator to 2023-05-16T00:00:00+00:00, run_after=2023-05-17T00:00:00+00:00
[2023-05-17 16:53:19,281] {processor.py:161} INFO - Processing /home/airflow/.local/lib/python3.7/site-packages/airflow/example_dags/example_branch_operator_decorator.py took 0.152 seconds
[2023-05-17 16:53:49,576] {processor.py:153} INFO - Started process (PID=1565) to work on /home/airflow/.local/lib/python3.7/site-packages/airflow/example_dags/example_branch_operator_decorator.py
[2023-05-17 16:53:49,578] {processor.py:641} INFO - Processing file /home/airflow/.local/lib/python3.7/site-packages/airflow/example_dags/example_branch_operator_decorator.py for tasks to queue
[2023-05-17 16:53:49,580] {logging_mixin.py:115} INFO - [2023-05-17 16:53:49,579] {dagbag.py:507} INFO - Filling up the DagBag from /home/airflow/.local/lib/python3.7/site-packages/airflow/example_dags/example_branch_operator_decorator.py
[2023-05-17 16:53:49,608] {processor.py:651} INFO - DAG(s) dict_keys(['example_branch_python_operator_decorator']) retrieved from /home/airflow/.local/lib/python3.7/site-packages/airflow/example_dags/example_branch_operator_decorator.py
[2023-05-17 16:53:49,644] {logging_mixin.py:115} INFO - [2023-05-17 16:53:49,644] {dag.py:2371} INFO - Sync 1 DAGs
[2023-05-17 16:53:49,688] {logging_mixin.py:115} INFO - [2023-05-17 16:53:49,688] {dag.py:2919} INFO - Setting next_dagrun for example_branch_python_operator_decorator to 2023-05-16T00:00:00+00:00, run_after=2023-05-17T00:00:00+00:00
[2023-05-17 16:53:49,711] {processor.py:161} INFO - Processing /home/airflow/.local/lib/python3.7/site-packages/airflow/example_dags/example_branch_operator_decorator.py took 0.138 seconds
[2023-05-17 16:54:20,794] {processor.py:153} INFO - Started process (PID=1630) to work on /home/airflow/.local/lib/python3.7/site-packages/airflow/example_dags/example_branch_operator_decorator.py
[2023-05-17 16:54:20,796] {processor.py:641} INFO - Processing file /home/airflow/.local/lib/python3.7/site-packages/airflow/example_dags/example_branch_operator_decorator.py for tasks to queue
[2023-05-17 16:54:20,798] {logging_mixin.py:115} INFO - [2023-05-17 16:54:20,797] {dagbag.py:507} INFO - Filling up the DagBag from /home/airflow/.local/lib/python3.7/site-packages/airflow/example_dags/example_branch_operator_decorator.py
[2023-05-17 16:54:20,822] {processor.py:651} INFO - DAG(s) dict_keys(['example_branch_python_operator_decorator']) retrieved from /home/airflow/.local/lib/python3.7/site-packages/airflow/example_dags/example_branch_operator_decorator.py
[2023-05-17 16:54:20,857] {logging_mixin.py:115} INFO - [2023-05-17 16:54:20,857] {dag.py:2371} INFO - Sync 1 DAGs
[2023-05-17 16:54:20,891] {logging_mixin.py:115} INFO - [2023-05-17 16:54:20,891] {dag.py:2919} INFO - Setting next_dagrun for example_branch_python_operator_decorator to 2023-05-16T00:00:00+00:00, run_after=2023-05-17T00:00:00+00:00
[2023-05-17 16:54:20,911] {processor.py:161} INFO - Processing /home/airflow/.local/lib/python3.7/site-packages/airflow/example_dags/example_branch_operator_decorator.py took 0.123 seconds
[2023-05-17 16:54:51,030] {processor.py:153} INFO - Started process (PID=1687) to work on /home/airflow/.local/lib/python3.7/site-packages/airflow/example_dags/example_branch_operator_decorator.py
[2023-05-17 16:54:51,032] {processor.py:641} INFO - Processing file /home/airflow/.local/lib/python3.7/site-packages/airflow/example_dags/example_branch_operator_decorator.py for tasks to queue
[2023-05-17 16:54:51,034] {logging_mixin.py:115} INFO - [2023-05-17 16:54:51,034] {dagbag.py:507} INFO - Filling up the DagBag from /home/airflow/.local/lib/python3.7/site-packages/airflow/example_dags/example_branch_operator_decorator.py
[2023-05-17 16:54:51,057] {processor.py:651} INFO - DAG(s) dict_keys(['example_branch_python_operator_decorator']) retrieved from /home/airflow/.local/lib/python3.7/site-packages/airflow/example_dags/example_branch_operator_decorator.py
[2023-05-17 16:54:51,094] {logging_mixin.py:115} INFO - [2023-05-17 16:54:51,093] {dag.py:2371} INFO - Sync 1 DAGs
[2023-05-17 16:54:51,140] {logging_mixin.py:115} INFO - [2023-05-17 16:54:51,140] {dag.py:2919} INFO - Setting next_dagrun for example_branch_python_operator_decorator to 2023-05-16T00:00:00+00:00, run_after=2023-05-17T00:00:00+00:00
[2023-05-17 16:54:51,162] {processor.py:161} INFO - Processing /home/airflow/.local/lib/python3.7/site-packages/airflow/example_dags/example_branch_operator_decorator.py took 0.136 seconds
[2023-05-17 16:55:21,853] {processor.py:153} INFO - Started process (PID=1753) to work on /home/airflow/.local/lib/python3.7/site-packages/airflow/example_dags/example_branch_operator_decorator.py
[2023-05-17 16:55:21,855] {processor.py:641} INFO - Processing file /home/airflow/.local/lib/python3.7/site-packages/airflow/example_dags/example_branch_operator_decorator.py for tasks to queue
[2023-05-17 16:55:21,857] {logging_mixin.py:115} INFO - [2023-05-17 16:55:21,857] {dagbag.py:507} INFO - Filling up the DagBag from /home/airflow/.local/lib/python3.7/site-packages/airflow/example_dags/example_branch_operator_decorator.py
[2023-05-17 16:55:21,879] {processor.py:651} INFO - DAG(s) dict_keys(['example_branch_python_operator_decorator']) retrieved from /home/airflow/.local/lib/python3.7/site-packages/airflow/example_dags/example_branch_operator_decorator.py
[2023-05-17 16:55:21,923] {logging_mixin.py:115} INFO - [2023-05-17 16:55:21,923] {dag.py:2371} INFO - Sync 1 DAGs
[2023-05-17 16:55:21,974] {logging_mixin.py:115} INFO - [2023-05-17 16:55:21,973] {dag.py:2919} INFO - Setting next_dagrun for example_branch_python_operator_decorator to 2023-05-16T00:00:00+00:00, run_after=2023-05-17T00:00:00+00:00
[2023-05-17 16:55:21,995] {processor.py:161} INFO - Processing /home/airflow/.local/lib/python3.7/site-packages/airflow/example_dags/example_branch_operator_decorator.py took 0.147 seconds
