[2023-05-17T16:27:46.280+0000] {processor.py:157} INFO - Started process (PID=52) to work on /home/airflow/.local/lib/python3.7/site-packages/airflow/example_dags/example_sensors.py
[2023-05-17T16:27:46.285+0000] {processor.py:826} INFO - Processing file /home/airflow/.local/lib/python3.7/site-packages/airflow/example_dags/example_sensors.py for tasks to queue
[2023-05-17T16:27:46.288+0000] {logging_mixin.py:149} INFO - [2023-05-17T16:27:46.288+0000] {dagbag.py:541} INFO - Filling up the DagBag from /home/airflow/.local/lib/python3.7/site-packages/airflow/example_dags/example_sensors.py
[2023-05-17T16:27:46.322+0000] {processor.py:836} INFO - DAG(s) dict_keys(['example_sensors']) retrieved from /home/airflow/.local/lib/python3.7/site-packages/airflow/example_dags/example_sensors.py
[2023-05-17T16:27:46.353+0000] {logging_mixin.py:149} INFO - [2023-05-17T16:27:46.353+0000] {dag.py:2726} INFO - Sync 1 DAGs
[2023-05-17T16:27:46.425+0000] {logging_mixin.py:149} INFO - [2023-05-17T16:27:46.424+0000] {dag.py:3490} INFO - Setting next_dagrun for example_sensors to None, run_after=None
[2023-05-17T16:27:46.461+0000] {processor.py:179} INFO - Processing /home/airflow/.local/lib/python3.7/site-packages/airflow/example_dags/example_sensors.py took 0.188 seconds
[2023-05-17T16:28:35.172+0000] {processor.py:157} INFO - Started process (PID=101) to work on /home/airflow/.local/lib/python3.7/site-packages/airflow/example_dags/example_sensors.py
[2023-05-17T16:28:35.177+0000] {processor.py:826} INFO - Processing file /home/airflow/.local/lib/python3.7/site-packages/airflow/example_dags/example_sensors.py for tasks to queue
[2023-05-17T16:28:35.181+0000] {logging_mixin.py:149} INFO - [2023-05-17T16:28:35.181+0000] {dagbag.py:541} INFO - Filling up the DagBag from /home/airflow/.local/lib/python3.7/site-packages/airflow/example_dags/example_sensors.py
[2023-05-17T16:28:35.217+0000] {processor.py:836} INFO - DAG(s) dict_keys(['example_sensors']) retrieved from /home/airflow/.local/lib/python3.7/site-packages/airflow/example_dags/example_sensors.py
[2023-05-17T16:28:35.284+0000] {logging_mixin.py:149} INFO - [2023-05-17T16:28:35.283+0000] {dag.py:2726} INFO - Sync 1 DAGs
[2023-05-17T16:28:35.338+0000] {logging_mixin.py:149} INFO - [2023-05-17T16:28:35.338+0000] {dag.py:3490} INFO - Setting next_dagrun for example_sensors to None, run_after=None
[2023-05-17T16:28:35.397+0000] {processor.py:179} INFO - Processing /home/airflow/.local/lib/python3.7/site-packages/airflow/example_dags/example_sensors.py took 0.232 seconds
[2023-05-17T16:29:06.090+0000] {processor.py:157} INFO - Started process (PID=153) to work on /home/airflow/.local/lib/python3.7/site-packages/airflow/example_dags/example_sensors.py
[2023-05-17T16:29:06.093+0000] {processor.py:826} INFO - Processing file /home/airflow/.local/lib/python3.7/site-packages/airflow/example_dags/example_sensors.py for tasks to queue
[2023-05-17T16:29:06.097+0000] {logging_mixin.py:149} INFO - [2023-05-17T16:29:06.096+0000] {dagbag.py:541} INFO - Filling up the DagBag from /home/airflow/.local/lib/python3.7/site-packages/airflow/example_dags/example_sensors.py
[2023-05-17T16:29:06.124+0000] {processor.py:836} INFO - DAG(s) dict_keys(['example_sensors']) retrieved from /home/airflow/.local/lib/python3.7/site-packages/airflow/example_dags/example_sensors.py
[2023-05-17T16:29:06.220+0000] {logging_mixin.py:149} INFO - [2023-05-17T16:29:06.220+0000] {dag.py:2726} INFO - Sync 1 DAGs
[2023-05-17T16:29:06.265+0000] {logging_mixin.py:149} INFO - [2023-05-17T16:29:06.265+0000] {dag.py:3490} INFO - Setting next_dagrun for example_sensors to None, run_after=None
[2023-05-17T16:29:06.294+0000] {processor.py:179} INFO - Processing /home/airflow/.local/lib/python3.7/site-packages/airflow/example_dags/example_sensors.py took 0.209 seconds
