[2023-05-17T16:27:45.643+0000] {processor.py:157} INFO - Started process (PID=47) to work on /home/airflow/.local/lib/python3.7/site-packages/airflow/example_dags/example_branch_python_dop_operator_3.py
[2023-05-17T16:27:45.646+0000] {processor.py:826} INFO - Processing file /home/airflow/.local/lib/python3.7/site-packages/airflow/example_dags/example_branch_python_dop_operator_3.py for tasks to queue
[2023-05-17T16:27:45.649+0000] {logging_mixin.py:149} INFO - [2023-05-17T16:27:45.648+0000] {dagbag.py:541} INFO - Filling up the DagBag from /home/airflow/.local/lib/python3.7/site-packages/airflow/example_dags/example_branch_python_dop_operator_3.py
[2023-05-17T16:27:45.676+0000] {processor.py:836} INFO - DAG(s) dict_keys(['example_branch_dop_operator_v3']) retrieved from /home/airflow/.local/lib/python3.7/site-packages/airflow/example_dags/example_branch_python_dop_operator_3.py
[2023-05-17T16:27:45.715+0000] {logging_mixin.py:149} INFO - [2023-05-17T16:27:45.714+0000] {dag.py:2726} INFO - Sync 1 DAGs
[2023-05-17T16:27:45.772+0000] {logging_mixin.py:149} INFO - [2023-05-17T16:27:45.772+0000] {dag.py:3490} INFO - Setting next_dagrun for example_branch_dop_operator_v3 to 2023-05-17T16:26:00+00:00, run_after=2023-05-17T16:27:00+00:00
[2023-05-17T16:27:45.807+0000] {processor.py:179} INFO - Processing /home/airflow/.local/lib/python3.7/site-packages/airflow/example_dags/example_branch_python_dop_operator_3.py took 0.170 seconds
[2023-05-17T16:28:34.534+0000] {processor.py:157} INFO - Started process (PID=96) to work on /home/airflow/.local/lib/python3.7/site-packages/airflow/example_dags/example_branch_python_dop_operator_3.py
[2023-05-17T16:28:34.536+0000] {processor.py:826} INFO - Processing file /home/airflow/.local/lib/python3.7/site-packages/airflow/example_dags/example_branch_python_dop_operator_3.py for tasks to queue
[2023-05-17T16:28:34.538+0000] {logging_mixin.py:149} INFO - [2023-05-17T16:28:34.538+0000] {dagbag.py:541} INFO - Filling up the DagBag from /home/airflow/.local/lib/python3.7/site-packages/airflow/example_dags/example_branch_python_dop_operator_3.py
[2023-05-17T16:28:34.555+0000] {processor.py:836} INFO - DAG(s) dict_keys(['example_branch_dop_operator_v3']) retrieved from /home/airflow/.local/lib/python3.7/site-packages/airflow/example_dags/example_branch_python_dop_operator_3.py
[2023-05-17T16:28:34.608+0000] {logging_mixin.py:149} INFO - [2023-05-17T16:28:34.608+0000] {dag.py:2726} INFO - Sync 1 DAGs
[2023-05-17T16:28:34.667+0000] {logging_mixin.py:149} INFO - [2023-05-17T16:28:34.666+0000] {dag.py:3490} INFO - Setting next_dagrun for example_branch_dop_operator_v3 to 2023-05-17T16:27:00+00:00, run_after=2023-05-17T16:28:00+00:00
[2023-05-17T16:28:34.707+0000] {processor.py:179} INFO - Processing /home/airflow/.local/lib/python3.7/site-packages/airflow/example_dags/example_branch_python_dop_operator_3.py took 0.178 seconds
[2023-05-17T16:29:05.456+0000] {processor.py:157} INFO - Started process (PID=147) to work on /home/airflow/.local/lib/python3.7/site-packages/airflow/example_dags/example_branch_python_dop_operator_3.py
[2023-05-17T16:29:05.459+0000] {processor.py:826} INFO - Processing file /home/airflow/.local/lib/python3.7/site-packages/airflow/example_dags/example_branch_python_dop_operator_3.py for tasks to queue
[2023-05-17T16:29:05.462+0000] {logging_mixin.py:149} INFO - [2023-05-17T16:29:05.462+0000] {dagbag.py:541} INFO - Filling up the DagBag from /home/airflow/.local/lib/python3.7/site-packages/airflow/example_dags/example_branch_python_dop_operator_3.py
[2023-05-17T16:29:05.480+0000] {processor.py:836} INFO - DAG(s) dict_keys(['example_branch_dop_operator_v3']) retrieved from /home/airflow/.local/lib/python3.7/site-packages/airflow/example_dags/example_branch_python_dop_operator_3.py
[2023-05-17T16:29:05.532+0000] {logging_mixin.py:149} INFO - [2023-05-17T16:29:05.532+0000] {dag.py:2726} INFO - Sync 1 DAGs
[2023-05-17T16:29:05.607+0000] {logging_mixin.py:149} INFO - [2023-05-17T16:29:05.606+0000] {dag.py:3490} INFO - Setting next_dagrun for example_branch_dop_operator_v3 to 2023-05-17T16:28:00+00:00, run_after=2023-05-17T16:29:00+00:00
[2023-05-17T16:29:05.642+0000] {processor.py:179} INFO - Processing /home/airflow/.local/lib/python3.7/site-packages/airflow/example_dags/example_branch_python_dop_operator_3.py took 0.196 seconds
[2023-05-17T16:30:59.711+0000] {processor.py:157} INFO - Started process (PID=200) to work on /home/airflow/.local/lib/python3.7/site-packages/airflow/example_dags/example_branch_python_dop_operator_3.py
[2023-05-17T16:30:59.727+0000] {processor.py:826} INFO - Processing file /home/airflow/.local/lib/python3.7/site-packages/airflow/example_dags/example_branch_python_dop_operator_3.py for tasks to queue
[2023-05-17T16:30:59.731+0000] {logging_mixin.py:149} INFO - [2023-05-17T16:30:59.730+0000] {dagbag.py:541} INFO - Filling up the DagBag from /home/airflow/.local/lib/python3.7/site-packages/airflow/example_dags/example_branch_python_dop_operator_3.py
[2023-05-17T16:30:59.776+0000] {processor.py:836} INFO - DAG(s) dict_keys(['example_branch_dop_operator_v3']) retrieved from /home/airflow/.local/lib/python3.7/site-packages/airflow/example_dags/example_branch_python_dop_operator_3.py
[2023-05-17T16:30:59.933+0000] {logging_mixin.py:149} INFO - [2023-05-17T16:30:59.933+0000] {dag.py:2726} INFO - Sync 1 DAGs
[2023-05-17 16:35:36,294] {processor.py:153} INFO - Started process (PID=65) to work on /home/airflow/.local/lib/python3.7/site-packages/airflow/example_dags/example_branch_python_dop_operator_3.py
[2023-05-17 16:35:36,297] {processor.py:641} INFO - Processing file /home/airflow/.local/lib/python3.7/site-packages/airflow/example_dags/example_branch_python_dop_operator_3.py for tasks to queue
[2023-05-17 16:35:36,301] {logging_mixin.py:115} INFO - [2023-05-17 16:35:36,301] {dagbag.py:507} INFO - Filling up the DagBag from /home/airflow/.local/lib/python3.7/site-packages/airflow/example_dags/example_branch_python_dop_operator_3.py
[2023-05-17 16:35:36,345] {processor.py:651} INFO - DAG(s) dict_keys(['example_branch_dop_operator_v3']) retrieved from /home/airflow/.local/lib/python3.7/site-packages/airflow/example_dags/example_branch_python_dop_operator_3.py
[2023-05-17 16:35:36,814] {logging_mixin.py:115} INFO - [2023-05-17 16:35:36,814] {manager.py:508} INFO - Created Permission View: can read on DAG:example_branch_dop_operator_v3
[2023-05-17 16:35:36,841] {logging_mixin.py:115} INFO - [2023-05-17 16:35:36,840] {manager.py:508} INFO - Created Permission View: can delete on DAG:example_branch_dop_operator_v3
[2023-05-17 16:35:36,859] {logging_mixin.py:115} INFO - [2023-05-17 16:35:36,859] {manager.py:508} INFO - Created Permission View: can edit on DAG:example_branch_dop_operator_v3
[2023-05-17 16:35:36,861] {logging_mixin.py:115} INFO - [2023-05-17 16:35:36,861] {dag.py:2371} INFO - Sync 1 DAGs
[2023-05-17 16:35:36,878] {logging_mixin.py:115} INFO - [2023-05-17 16:35:36,877] {dag.py:2390} INFO - Creating ORM DAG for example_branch_dop_operator_v3
[2023-05-17 16:35:36,910] {logging_mixin.py:115} INFO - [2023-05-17 16:35:36,910] {dag.py:2919} INFO - Setting next_dagrun for example_branch_dop_operator_v3 to 2023-05-17T16:34:00+00:00, run_after=2023-05-17T16:35:00+00:00
[2023-05-17 16:35:36,960] {processor.py:161} INFO - Processing /home/airflow/.local/lib/python3.7/site-packages/airflow/example_dags/example_branch_python_dop_operator_3.py took 0.672 seconds
[2023-05-17 16:36:20,176] {processor.py:153} INFO - Started process (PID=128) to work on /home/airflow/.local/lib/python3.7/site-packages/airflow/example_dags/example_branch_python_dop_operator_3.py
[2023-05-17 16:36:20,179] {processor.py:641} INFO - Processing file /home/airflow/.local/lib/python3.7/site-packages/airflow/example_dags/example_branch_python_dop_operator_3.py for tasks to queue
[2023-05-17 16:36:20,182] {logging_mixin.py:115} INFO - [2023-05-17 16:36:20,182] {dagbag.py:507} INFO - Filling up the DagBag from /home/airflow/.local/lib/python3.7/site-packages/airflow/example_dags/example_branch_python_dop_operator_3.py
[2023-05-17 16:36:20,256] {processor.py:651} INFO - DAG(s) dict_keys(['example_branch_dop_operator_v3']) retrieved from /home/airflow/.local/lib/python3.7/site-packages/airflow/example_dags/example_branch_python_dop_operator_3.py
[2023-05-17 16:36:20,468] {logging_mixin.py:115} INFO - [2023-05-17 16:36:20,467] {dag.py:2371} INFO - Sync 1 DAGs
[2023-05-17 16:36:21,983] {logging_mixin.py:115} INFO - [2023-05-17 16:36:21,983] {dag.py:2919} INFO - Setting next_dagrun for example_branch_dop_operator_v3 to 2023-05-17T16:35:00+00:00, run_after=2023-05-17T16:36:00+00:00
[2023-05-17 16:36:25,547] {processor.py:161} INFO - Processing /home/airflow/.local/lib/python3.7/site-packages/airflow/example_dags/example_branch_python_dop_operator_3.py took 5.417 seconds
[2023-05-17 16:40:56,830] {processor.py:153} INFO - Started process (PID=54) to work on /home/airflow/.local/lib/python3.7/site-packages/airflow/example_dags/example_branch_python_dop_operator_3.py
[2023-05-17 16:40:56,833] {processor.py:641} INFO - Processing file /home/airflow/.local/lib/python3.7/site-packages/airflow/example_dags/example_branch_python_dop_operator_3.py for tasks to queue
[2023-05-17 16:40:56,836] {logging_mixin.py:115} INFO - [2023-05-17 16:40:56,835] {dagbag.py:507} INFO - Filling up the DagBag from /home/airflow/.local/lib/python3.7/site-packages/airflow/example_dags/example_branch_python_dop_operator_3.py
[2023-05-17 16:40:56,857] {processor.py:651} INFO - DAG(s) dict_keys(['example_branch_dop_operator_v3']) retrieved from /home/airflow/.local/lib/python3.7/site-packages/airflow/example_dags/example_branch_python_dop_operator_3.py
[2023-05-17 16:40:56,921] {logging_mixin.py:115} INFO - [2023-05-17 16:40:56,921] {dag.py:2371} INFO - Sync 1 DAGs
[2023-05-17 16:40:56,985] {logging_mixin.py:115} INFO - [2023-05-17 16:40:56,985] {dag.py:2919} INFO - Setting next_dagrun for example_branch_dop_operator_v3 to 2023-05-17T16:39:00+00:00, run_after=2023-05-17T16:40:00+00:00
[2023-05-17 16:40:57,022] {processor.py:161} INFO - Processing /home/airflow/.local/lib/python3.7/site-packages/airflow/example_dags/example_branch_python_dop_operator_3.py took 0.196 seconds
[2023-05-17 16:41:28,048] {processor.py:153} INFO - Started process (PID=108) to work on /home/airflow/.local/lib/python3.7/site-packages/airflow/example_dags/example_branch_python_dop_operator_3.py
[2023-05-17 16:41:28,053] {processor.py:641} INFO - Processing file /home/airflow/.local/lib/python3.7/site-packages/airflow/example_dags/example_branch_python_dop_operator_3.py for tasks to queue
[2023-05-17 16:41:28,057] {logging_mixin.py:115} INFO - [2023-05-17 16:41:28,057] {dagbag.py:507} INFO - Filling up the DagBag from /home/airflow/.local/lib/python3.7/site-packages/airflow/example_dags/example_branch_python_dop_operator_3.py
[2023-05-17 16:41:28,101] {processor.py:651} INFO - DAG(s) dict_keys(['example_branch_dop_operator_v3']) retrieved from /home/airflow/.local/lib/python3.7/site-packages/airflow/example_dags/example_branch_python_dop_operator_3.py
[2023-05-17 16:41:28,280] {logging_mixin.py:115} INFO - [2023-05-17 16:41:28,280] {dag.py:2371} INFO - Sync 1 DAGs
[2023-05-17 16:41:28,441] {logging_mixin.py:115} INFO - [2023-05-17 16:41:28,440] {dag.py:2919} INFO - Setting next_dagrun for example_branch_dop_operator_v3 to 2023-05-17T16:40:00+00:00, run_after=2023-05-17T16:41:00+00:00
[2023-05-17 16:41:28,523] {processor.py:161} INFO - Processing /home/airflow/.local/lib/python3.7/site-packages/airflow/example_dags/example_branch_python_dop_operator_3.py took 0.482 seconds
[2023-05-17 16:41:58,938] {processor.py:153} INFO - Started process (PID=170) to work on /home/airflow/.local/lib/python3.7/site-packages/airflow/example_dags/example_branch_python_dop_operator_3.py
[2023-05-17 16:41:58,941] {processor.py:641} INFO - Processing file /home/airflow/.local/lib/python3.7/site-packages/airflow/example_dags/example_branch_python_dop_operator_3.py for tasks to queue
[2023-05-17 16:41:58,945] {logging_mixin.py:115} INFO - [2023-05-17 16:41:58,944] {dagbag.py:507} INFO - Filling up the DagBag from /home/airflow/.local/lib/python3.7/site-packages/airflow/example_dags/example_branch_python_dop_operator_3.py
[2023-05-17 16:41:58,973] {processor.py:651} INFO - DAG(s) dict_keys(['example_branch_dop_operator_v3']) retrieved from /home/airflow/.local/lib/python3.7/site-packages/airflow/example_dags/example_branch_python_dop_operator_3.py
[2023-05-17 16:41:59,053] {logging_mixin.py:115} INFO - [2023-05-17 16:41:59,053] {dag.py:2371} INFO - Sync 1 DAGs
[2023-05-17 16:41:59,110] {logging_mixin.py:115} INFO - [2023-05-17 16:41:59,110] {dag.py:2919} INFO - Setting next_dagrun for example_branch_dop_operator_v3 to 2023-05-17T16:40:00+00:00, run_after=2023-05-17T16:41:00+00:00
[2023-05-17 16:41:59,130] {processor.py:161} INFO - Processing /home/airflow/.local/lib/python3.7/site-packages/airflow/example_dags/example_branch_python_dop_operator_3.py took 0.203 seconds
[2023-05-17 16:42:29,633] {processor.py:153} INFO - Started process (PID=224) to work on /home/airflow/.local/lib/python3.7/site-packages/airflow/example_dags/example_branch_python_dop_operator_3.py
[2023-05-17 16:42:29,635] {processor.py:641} INFO - Processing file /home/airflow/.local/lib/python3.7/site-packages/airflow/example_dags/example_branch_python_dop_operator_3.py for tasks to queue
[2023-05-17 16:42:29,637] {logging_mixin.py:115} INFO - [2023-05-17 16:42:29,637] {dagbag.py:507} INFO - Filling up the DagBag from /home/airflow/.local/lib/python3.7/site-packages/airflow/example_dags/example_branch_python_dop_operator_3.py
[2023-05-17 16:42:29,659] {processor.py:651} INFO - DAG(s) dict_keys(['example_branch_dop_operator_v3']) retrieved from /home/airflow/.local/lib/python3.7/site-packages/airflow/example_dags/example_branch_python_dop_operator_3.py
[2023-05-17 16:42:29,703] {logging_mixin.py:115} INFO - [2023-05-17 16:42:29,703] {dag.py:2371} INFO - Sync 1 DAGs
[2023-05-17 16:42:29,778] {logging_mixin.py:115} INFO - [2023-05-17 16:42:29,778] {dag.py:2919} INFO - Setting next_dagrun for example_branch_dop_operator_v3 to 2023-05-17T16:41:00+00:00, run_after=2023-05-17T16:42:00+00:00
[2023-05-17 16:42:29,808] {processor.py:161} INFO - Processing /home/airflow/.local/lib/python3.7/site-packages/airflow/example_dags/example_branch_python_dop_operator_3.py took 0.181 seconds
[2023-05-17 16:43:01,078] {processor.py:153} INFO - Started process (PID=288) to work on /home/airflow/.local/lib/python3.7/site-packages/airflow/example_dags/example_branch_python_dop_operator_3.py
[2023-05-17 16:43:01,087] {processor.py:641} INFO - Processing file /home/airflow/.local/lib/python3.7/site-packages/airflow/example_dags/example_branch_python_dop_operator_3.py for tasks to queue
[2023-05-17 16:43:01,093] {logging_mixin.py:115} INFO - [2023-05-17 16:43:01,092] {dagbag.py:507} INFO - Filling up the DagBag from /home/airflow/.local/lib/python3.7/site-packages/airflow/example_dags/example_branch_python_dop_operator_3.py
[2023-05-17 16:43:01,137] {processor.py:651} INFO - DAG(s) dict_keys(['example_branch_dop_operator_v3']) retrieved from /home/airflow/.local/lib/python3.7/site-packages/airflow/example_dags/example_branch_python_dop_operator_3.py
[2023-05-17 16:43:01,209] {logging_mixin.py:115} INFO - [2023-05-17 16:43:01,209] {dag.py:2371} INFO - Sync 1 DAGs
[2023-05-17 16:43:01,287] {logging_mixin.py:115} INFO - [2023-05-17 16:43:01,286] {dag.py:2919} INFO - Setting next_dagrun for example_branch_dop_operator_v3 to 2023-05-17T16:42:00+00:00, run_after=2023-05-17T16:43:00+00:00
[2023-05-17 16:43:01,344] {processor.py:161} INFO - Processing /home/airflow/.local/lib/python3.7/site-packages/airflow/example_dags/example_branch_python_dop_operator_3.py took 0.279 seconds
[2023-05-17 16:43:32,045] {processor.py:153} INFO - Started process (PID=348) to work on /home/airflow/.local/lib/python3.7/site-packages/airflow/example_dags/example_branch_python_dop_operator_3.py
[2023-05-17 16:43:32,049] {processor.py:641} INFO - Processing file /home/airflow/.local/lib/python3.7/site-packages/airflow/example_dags/example_branch_python_dop_operator_3.py for tasks to queue
[2023-05-17 16:43:32,050] {logging_mixin.py:115} INFO - [2023-05-17 16:43:32,050] {dagbag.py:507} INFO - Filling up the DagBag from /home/airflow/.local/lib/python3.7/site-packages/airflow/example_dags/example_branch_python_dop_operator_3.py
[2023-05-17 16:43:32,065] {processor.py:651} INFO - DAG(s) dict_keys(['example_branch_dop_operator_v3']) retrieved from /home/airflow/.local/lib/python3.7/site-packages/airflow/example_dags/example_branch_python_dop_operator_3.py
[2023-05-17 16:43:32,102] {logging_mixin.py:115} INFO - [2023-05-17 16:43:32,102] {dag.py:2371} INFO - Sync 1 DAGs
[2023-05-17 16:43:32,136] {logging_mixin.py:115} INFO - [2023-05-17 16:43:32,136] {dag.py:2919} INFO - Setting next_dagrun for example_branch_dop_operator_v3 to 2023-05-17T16:42:00+00:00, run_after=2023-05-17T16:43:00+00:00
[2023-05-17 16:43:32,152] {processor.py:161} INFO - Processing /home/airflow/.local/lib/python3.7/site-packages/airflow/example_dags/example_branch_python_dop_operator_3.py took 0.112 seconds
[2023-05-17 16:44:02,705] {processor.py:153} INFO - Started process (PID=403) to work on /home/airflow/.local/lib/python3.7/site-packages/airflow/example_dags/example_branch_python_dop_operator_3.py
[2023-05-17 16:44:02,707] {processor.py:641} INFO - Processing file /home/airflow/.local/lib/python3.7/site-packages/airflow/example_dags/example_branch_python_dop_operator_3.py for tasks to queue
[2023-05-17 16:44:02,711] {logging_mixin.py:115} INFO - [2023-05-17 16:44:02,709] {dagbag.py:507} INFO - Filling up the DagBag from /home/airflow/.local/lib/python3.7/site-packages/airflow/example_dags/example_branch_python_dop_operator_3.py
[2023-05-17 16:44:02,727] {processor.py:651} INFO - DAG(s) dict_keys(['example_branch_dop_operator_v3']) retrieved from /home/airflow/.local/lib/python3.7/site-packages/airflow/example_dags/example_branch_python_dop_operator_3.py
[2023-05-17 16:44:02,757] {logging_mixin.py:115} INFO - [2023-05-17 16:44:02,757] {dag.py:2371} INFO - Sync 1 DAGs
[2023-05-17 16:44:02,789] {logging_mixin.py:115} INFO - [2023-05-17 16:44:02,789] {dag.py:2919} INFO - Setting next_dagrun for example_branch_dop_operator_v3 to 2023-05-17T16:43:00+00:00, run_after=2023-05-17T16:44:00+00:00
[2023-05-17 16:44:02,808] {processor.py:161} INFO - Processing /home/airflow/.local/lib/python3.7/site-packages/airflow/example_dags/example_branch_python_dop_operator_3.py took 0.109 seconds
[2023-05-17 16:44:33,428] {processor.py:153} INFO - Started process (PID=466) to work on /home/airflow/.local/lib/python3.7/site-packages/airflow/example_dags/example_branch_python_dop_operator_3.py
[2023-05-17 16:44:33,429] {processor.py:641} INFO - Processing file /home/airflow/.local/lib/python3.7/site-packages/airflow/example_dags/example_branch_python_dop_operator_3.py for tasks to queue
[2023-05-17 16:44:33,432] {logging_mixin.py:115} INFO - [2023-05-17 16:44:33,431] {dagbag.py:507} INFO - Filling up the DagBag from /home/airflow/.local/lib/python3.7/site-packages/airflow/example_dags/example_branch_python_dop_operator_3.py
[2023-05-17 16:44:33,453] {processor.py:651} INFO - DAG(s) dict_keys(['example_branch_dop_operator_v3']) retrieved from /home/airflow/.local/lib/python3.7/site-packages/airflow/example_dags/example_branch_python_dop_operator_3.py
[2023-05-17 16:44:33,488] {logging_mixin.py:115} INFO - [2023-05-17 16:44:33,488] {dag.py:2371} INFO - Sync 1 DAGs
[2023-05-17 16:44:33,527] {logging_mixin.py:115} INFO - [2023-05-17 16:44:33,527] {dag.py:2919} INFO - Setting next_dagrun for example_branch_dop_operator_v3 to 2023-05-17T16:43:00+00:00, run_after=2023-05-17T16:44:00+00:00
[2023-05-17 16:44:33,546] {processor.py:161} INFO - Processing /home/airflow/.local/lib/python3.7/site-packages/airflow/example_dags/example_branch_python_dop_operator_3.py took 0.124 seconds
[2023-05-17 16:45:04,080] {processor.py:153} INFO - Started process (PID=518) to work on /home/airflow/.local/lib/python3.7/site-packages/airflow/example_dags/example_branch_python_dop_operator_3.py
[2023-05-17 16:45:04,082] {processor.py:641} INFO - Processing file /home/airflow/.local/lib/python3.7/site-packages/airflow/example_dags/example_branch_python_dop_operator_3.py for tasks to queue
[2023-05-17 16:45:04,084] {logging_mixin.py:115} INFO - [2023-05-17 16:45:04,084] {dagbag.py:507} INFO - Filling up the DagBag from /home/airflow/.local/lib/python3.7/site-packages/airflow/example_dags/example_branch_python_dop_operator_3.py
[2023-05-17 16:45:04,101] {processor.py:651} INFO - DAG(s) dict_keys(['example_branch_dop_operator_v3']) retrieved from /home/airflow/.local/lib/python3.7/site-packages/airflow/example_dags/example_branch_python_dop_operator_3.py
[2023-05-17 16:45:04,136] {logging_mixin.py:115} INFO - [2023-05-17 16:45:04,135] {dag.py:2371} INFO - Sync 1 DAGs
[2023-05-17 16:45:04,177] {logging_mixin.py:115} INFO - [2023-05-17 16:45:04,177] {dag.py:2919} INFO - Setting next_dagrun for example_branch_dop_operator_v3 to 2023-05-17T16:44:00+00:00, run_after=2023-05-17T16:45:00+00:00
[2023-05-17 16:45:04,235] {processor.py:161} INFO - Processing /home/airflow/.local/lib/python3.7/site-packages/airflow/example_dags/example_branch_python_dop_operator_3.py took 0.159 seconds
[2023-05-17 16:45:34,459] {processor.py:153} INFO - Started process (PID=581) to work on /home/airflow/.local/lib/python3.7/site-packages/airflow/example_dags/example_branch_python_dop_operator_3.py
[2023-05-17 16:45:34,460] {processor.py:641} INFO - Processing file /home/airflow/.local/lib/python3.7/site-packages/airflow/example_dags/example_branch_python_dop_operator_3.py for tasks to queue
[2023-05-17 16:45:34,461] {logging_mixin.py:115} INFO - [2023-05-17 16:45:34,461] {dagbag.py:507} INFO - Filling up the DagBag from /home/airflow/.local/lib/python3.7/site-packages/airflow/example_dags/example_branch_python_dop_operator_3.py
[2023-05-17 16:45:34,473] {processor.py:651} INFO - DAG(s) dict_keys(['example_branch_dop_operator_v3']) retrieved from /home/airflow/.local/lib/python3.7/site-packages/airflow/example_dags/example_branch_python_dop_operator_3.py
[2023-05-17 16:45:34,510] {logging_mixin.py:115} INFO - [2023-05-17 16:45:34,509] {dag.py:2371} INFO - Sync 1 DAGs
[2023-05-17 16:45:34,543] {logging_mixin.py:115} INFO - [2023-05-17 16:45:34,543] {dag.py:2919} INFO - Setting next_dagrun for example_branch_dop_operator_v3 to 2023-05-17T16:44:00+00:00, run_after=2023-05-17T16:45:00+00:00
[2023-05-17 16:45:34,559] {processor.py:161} INFO - Processing /home/airflow/.local/lib/python3.7/site-packages/airflow/example_dags/example_branch_python_dop_operator_3.py took 0.105 seconds
[2023-05-17 16:46:05,625] {processor.py:153} INFO - Started process (PID=645) to work on /home/airflow/.local/lib/python3.7/site-packages/airflow/example_dags/example_branch_python_dop_operator_3.py
[2023-05-17 16:46:05,626] {processor.py:641} INFO - Processing file /home/airflow/.local/lib/python3.7/site-packages/airflow/example_dags/example_branch_python_dop_operator_3.py for tasks to queue
[2023-05-17 16:46:05,628] {logging_mixin.py:115} INFO - [2023-05-17 16:46:05,628] {dagbag.py:507} INFO - Filling up the DagBag from /home/airflow/.local/lib/python3.7/site-packages/airflow/example_dags/example_branch_python_dop_operator_3.py
[2023-05-17 16:46:05,645] {processor.py:651} INFO - DAG(s) dict_keys(['example_branch_dop_operator_v3']) retrieved from /home/airflow/.local/lib/python3.7/site-packages/airflow/example_dags/example_branch_python_dop_operator_3.py
[2023-05-17 16:46:05,701] {logging_mixin.py:115} INFO - [2023-05-17 16:46:05,701] {dag.py:2371} INFO - Sync 1 DAGs
[2023-05-17 16:46:05,746] {logging_mixin.py:115} INFO - [2023-05-17 16:46:05,746] {dag.py:2919} INFO - Setting next_dagrun for example_branch_dop_operator_v3 to 2023-05-17T16:45:00+00:00, run_after=2023-05-17T16:46:00+00:00
[2023-05-17 16:46:05,778] {processor.py:161} INFO - Processing /home/airflow/.local/lib/python3.7/site-packages/airflow/example_dags/example_branch_python_dop_operator_3.py took 0.158 seconds
[2023-05-17 16:46:36,822] {processor.py:153} INFO - Started process (PID=700) to work on /home/airflow/.local/lib/python3.7/site-packages/airflow/example_dags/example_branch_python_dop_operator_3.py
[2023-05-17 16:46:36,826] {processor.py:641} INFO - Processing file /home/airflow/.local/lib/python3.7/site-packages/airflow/example_dags/example_branch_python_dop_operator_3.py for tasks to queue
[2023-05-17 16:46:36,833] {logging_mixin.py:115} INFO - [2023-05-17 16:46:36,833] {dagbag.py:507} INFO - Filling up the DagBag from /home/airflow/.local/lib/python3.7/site-packages/airflow/example_dags/example_branch_python_dop_operator_3.py
[2023-05-17 16:46:36,852] {processor.py:651} INFO - DAG(s) dict_keys(['example_branch_dop_operator_v3']) retrieved from /home/airflow/.local/lib/python3.7/site-packages/airflow/example_dags/example_branch_python_dop_operator_3.py
[2023-05-17 16:46:36,901] {logging_mixin.py:115} INFO - [2023-05-17 16:46:36,900] {dag.py:2371} INFO - Sync 1 DAGs
[2023-05-17 16:46:36,938] {logging_mixin.py:115} INFO - [2023-05-17 16:46:36,938] {dag.py:2919} INFO - Setting next_dagrun for example_branch_dop_operator_v3 to 2023-05-17T16:45:00+00:00, run_after=2023-05-17T16:46:00+00:00
[2023-05-17 16:46:36,960] {processor.py:161} INFO - Processing /home/airflow/.local/lib/python3.7/site-packages/airflow/example_dags/example_branch_python_dop_operator_3.py took 0.143 seconds
[2023-05-17 16:47:07,678] {processor.py:153} INFO - Started process (PID=763) to work on /home/airflow/.local/lib/python3.7/site-packages/airflow/example_dags/example_branch_python_dop_operator_3.py
[2023-05-17 16:47:07,680] {processor.py:641} INFO - Processing file /home/airflow/.local/lib/python3.7/site-packages/airflow/example_dags/example_branch_python_dop_operator_3.py for tasks to queue
[2023-05-17 16:47:07,682] {logging_mixin.py:115} INFO - [2023-05-17 16:47:07,682] {dagbag.py:507} INFO - Filling up the DagBag from /home/airflow/.local/lib/python3.7/site-packages/airflow/example_dags/example_branch_python_dop_operator_3.py
[2023-05-17 16:47:07,708] {processor.py:651} INFO - DAG(s) dict_keys(['example_branch_dop_operator_v3']) retrieved from /home/airflow/.local/lib/python3.7/site-packages/airflow/example_dags/example_branch_python_dop_operator_3.py
[2023-05-17 16:47:07,778] {logging_mixin.py:115} INFO - [2023-05-17 16:47:07,778] {dag.py:2371} INFO - Sync 1 DAGs
[2023-05-17 16:47:07,852] {logging_mixin.py:115} INFO - [2023-05-17 16:47:07,851] {dag.py:2919} INFO - Setting next_dagrun for example_branch_dop_operator_v3 to 2023-05-17T16:46:00+00:00, run_after=2023-05-17T16:47:00+00:00
[2023-05-17 16:47:07,883] {processor.py:161} INFO - Processing /home/airflow/.local/lib/python3.7/site-packages/airflow/example_dags/example_branch_python_dop_operator_3.py took 0.215 seconds
[2023-05-17 16:47:38,744] {processor.py:153} INFO - Started process (PID=816) to work on /home/airflow/.local/lib/python3.7/site-packages/airflow/example_dags/example_branch_python_dop_operator_3.py
[2023-05-17 16:47:38,747] {processor.py:641} INFO - Processing file /home/airflow/.local/lib/python3.7/site-packages/airflow/example_dags/example_branch_python_dop_operator_3.py for tasks to queue
[2023-05-17 16:47:38,749] {logging_mixin.py:115} INFO - [2023-05-17 16:47:38,749] {dagbag.py:507} INFO - Filling up the DagBag from /home/airflow/.local/lib/python3.7/site-packages/airflow/example_dags/example_branch_python_dop_operator_3.py
[2023-05-17 16:47:38,766] {processor.py:651} INFO - DAG(s) dict_keys(['example_branch_dop_operator_v3']) retrieved from /home/airflow/.local/lib/python3.7/site-packages/airflow/example_dags/example_branch_python_dop_operator_3.py
[2023-05-17 16:47:38,821] {logging_mixin.py:115} INFO - [2023-05-17 16:47:38,821] {dag.py:2371} INFO - Sync 1 DAGs
[2023-05-17 16:47:38,876] {logging_mixin.py:115} INFO - [2023-05-17 16:47:38,875] {dag.py:2919} INFO - Setting next_dagrun for example_branch_dop_operator_v3 to 2023-05-17T16:46:00+00:00, run_after=2023-05-17T16:47:00+00:00
[2023-05-17 16:47:38,900] {processor.py:161} INFO - Processing /home/airflow/.local/lib/python3.7/site-packages/airflow/example_dags/example_branch_python_dop_operator_3.py took 0.162 seconds
[2023-05-17 16:48:09,396] {processor.py:153} INFO - Started process (PID=883) to work on /home/airflow/.local/lib/python3.7/site-packages/airflow/example_dags/example_branch_python_dop_operator_3.py
[2023-05-17 16:48:09,398] {processor.py:641} INFO - Processing file /home/airflow/.local/lib/python3.7/site-packages/airflow/example_dags/example_branch_python_dop_operator_3.py for tasks to queue
[2023-05-17 16:48:09,401] {logging_mixin.py:115} INFO - [2023-05-17 16:48:09,400] {dagbag.py:507} INFO - Filling up the DagBag from /home/airflow/.local/lib/python3.7/site-packages/airflow/example_dags/example_branch_python_dop_operator_3.py
[2023-05-17 16:48:09,417] {processor.py:651} INFO - DAG(s) dict_keys(['example_branch_dop_operator_v3']) retrieved from /home/airflow/.local/lib/python3.7/site-packages/airflow/example_dags/example_branch_python_dop_operator_3.py
[2023-05-17 16:48:09,462] {logging_mixin.py:115} INFO - [2023-05-17 16:48:09,461] {dag.py:2371} INFO - Sync 1 DAGs
[2023-05-17 16:48:09,502] {logging_mixin.py:115} INFO - [2023-05-17 16:48:09,502] {dag.py:2919} INFO - Setting next_dagrun for example_branch_dop_operator_v3 to 2023-05-17T16:47:00+00:00, run_after=2023-05-17T16:48:00+00:00
[2023-05-17 16:48:09,519] {processor.py:161} INFO - Processing /home/airflow/.local/lib/python3.7/site-packages/airflow/example_dags/example_branch_python_dop_operator_3.py took 0.128 seconds
[2023-05-17 16:48:40,374] {processor.py:153} INFO - Started process (PID=937) to work on /home/airflow/.local/lib/python3.7/site-packages/airflow/example_dags/example_branch_python_dop_operator_3.py
[2023-05-17 16:48:40,376] {processor.py:641} INFO - Processing file /home/airflow/.local/lib/python3.7/site-packages/airflow/example_dags/example_branch_python_dop_operator_3.py for tasks to queue
[2023-05-17 16:48:40,377] {logging_mixin.py:115} INFO - [2023-05-17 16:48:40,377] {dagbag.py:507} INFO - Filling up the DagBag from /home/airflow/.local/lib/python3.7/site-packages/airflow/example_dags/example_branch_python_dop_operator_3.py
[2023-05-17 16:48:40,388] {processor.py:651} INFO - DAG(s) dict_keys(['example_branch_dop_operator_v3']) retrieved from /home/airflow/.local/lib/python3.7/site-packages/airflow/example_dags/example_branch_python_dop_operator_3.py
[2023-05-17 16:48:40,415] {logging_mixin.py:115} INFO - [2023-05-17 16:48:40,415] {dag.py:2371} INFO - Sync 1 DAGs
[2023-05-17 16:48:40,442] {logging_mixin.py:115} INFO - [2023-05-17 16:48:40,442] {dag.py:2919} INFO - Setting next_dagrun for example_branch_dop_operator_v3 to 2023-05-17T16:47:00+00:00, run_after=2023-05-17T16:48:00+00:00
[2023-05-17 16:48:40,457] {processor.py:161} INFO - Processing /home/airflow/.local/lib/python3.7/site-packages/airflow/example_dags/example_branch_python_dop_operator_3.py took 0.086 seconds
[2023-05-17 16:49:11,399] {processor.py:153} INFO - Started process (PID=1005) to work on /home/airflow/.local/lib/python3.7/site-packages/airflow/example_dags/example_branch_python_dop_operator_3.py
[2023-05-17 16:49:11,401] {processor.py:641} INFO - Processing file /home/airflow/.local/lib/python3.7/site-packages/airflow/example_dags/example_branch_python_dop_operator_3.py for tasks to queue
[2023-05-17 16:49:11,402] {logging_mixin.py:115} INFO - [2023-05-17 16:49:11,402] {dagbag.py:507} INFO - Filling up the DagBag from /home/airflow/.local/lib/python3.7/site-packages/airflow/example_dags/example_branch_python_dop_operator_3.py
[2023-05-17 16:49:11,413] {processor.py:651} INFO - DAG(s) dict_keys(['example_branch_dop_operator_v3']) retrieved from /home/airflow/.local/lib/python3.7/site-packages/airflow/example_dags/example_branch_python_dop_operator_3.py
[2023-05-17 16:49:11,444] {logging_mixin.py:115} INFO - [2023-05-17 16:49:11,444] {dag.py:2371} INFO - Sync 1 DAGs
[2023-05-17 16:49:11,482] {logging_mixin.py:115} INFO - [2023-05-17 16:49:11,482] {dag.py:2919} INFO - Setting next_dagrun for example_branch_dop_operator_v3 to 2023-05-17T16:48:00+00:00, run_after=2023-05-17T16:49:00+00:00
[2023-05-17 16:49:11,501] {processor.py:161} INFO - Processing /home/airflow/.local/lib/python3.7/site-packages/airflow/example_dags/example_branch_python_dop_operator_3.py took 0.106 seconds
[2023-05-17 16:49:42,161] {processor.py:153} INFO - Started process (PID=1058) to work on /home/airflow/.local/lib/python3.7/site-packages/airflow/example_dags/example_branch_python_dop_operator_3.py
[2023-05-17 16:49:42,164] {processor.py:641} INFO - Processing file /home/airflow/.local/lib/python3.7/site-packages/airflow/example_dags/example_branch_python_dop_operator_3.py for tasks to queue
[2023-05-17 16:49:42,166] {logging_mixin.py:115} INFO - [2023-05-17 16:49:42,166] {dagbag.py:507} INFO - Filling up the DagBag from /home/airflow/.local/lib/python3.7/site-packages/airflow/example_dags/example_branch_python_dop_operator_3.py
[2023-05-17 16:49:42,183] {processor.py:651} INFO - DAG(s) dict_keys(['example_branch_dop_operator_v3']) retrieved from /home/airflow/.local/lib/python3.7/site-packages/airflow/example_dags/example_branch_python_dop_operator_3.py
[2023-05-17 16:49:42,227] {logging_mixin.py:115} INFO - [2023-05-17 16:49:42,227] {dag.py:2371} INFO - Sync 1 DAGs
[2023-05-17 16:49:42,274] {logging_mixin.py:115} INFO - [2023-05-17 16:49:42,274] {dag.py:2919} INFO - Setting next_dagrun for example_branch_dop_operator_v3 to 2023-05-17T16:48:00+00:00, run_after=2023-05-17T16:49:00+00:00
[2023-05-17 16:49:42,299] {processor.py:161} INFO - Processing /home/airflow/.local/lib/python3.7/site-packages/airflow/example_dags/example_branch_python_dop_operator_3.py took 0.144 seconds
[2023-05-17 16:50:12,832] {processor.py:153} INFO - Started process (PID=1121) to work on /home/airflow/.local/lib/python3.7/site-packages/airflow/example_dags/example_branch_python_dop_operator_3.py
[2023-05-17 16:50:12,834] {processor.py:641} INFO - Processing file /home/airflow/.local/lib/python3.7/site-packages/airflow/example_dags/example_branch_python_dop_operator_3.py for tasks to queue
[2023-05-17 16:50:12,836] {logging_mixin.py:115} INFO - [2023-05-17 16:50:12,836] {dagbag.py:507} INFO - Filling up the DagBag from /home/airflow/.local/lib/python3.7/site-packages/airflow/example_dags/example_branch_python_dop_operator_3.py
[2023-05-17 16:50:12,854] {processor.py:651} INFO - DAG(s) dict_keys(['example_branch_dop_operator_v3']) retrieved from /home/airflow/.local/lib/python3.7/site-packages/airflow/example_dags/example_branch_python_dop_operator_3.py
[2023-05-17 16:50:12,889] {logging_mixin.py:115} INFO - [2023-05-17 16:50:12,888] {dag.py:2371} INFO - Sync 1 DAGs
[2023-05-17 16:50:12,922] {logging_mixin.py:115} INFO - [2023-05-17 16:50:12,922] {dag.py:2919} INFO - Setting next_dagrun for example_branch_dop_operator_v3 to 2023-05-17T16:49:00+00:00, run_after=2023-05-17T16:50:00+00:00
[2023-05-17 16:50:12,938] {processor.py:161} INFO - Processing /home/airflow/.local/lib/python3.7/site-packages/airflow/example_dags/example_branch_python_dop_operator_3.py took 0.111 seconds
[2023-05-17 16:50:43,126] {processor.py:153} INFO - Started process (PID=1185) to work on /home/airflow/.local/lib/python3.7/site-packages/airflow/example_dags/example_branch_python_dop_operator_3.py
[2023-05-17 16:50:43,128] {processor.py:641} INFO - Processing file /home/airflow/.local/lib/python3.7/site-packages/airflow/example_dags/example_branch_python_dop_operator_3.py for tasks to queue
[2023-05-17 16:50:43,130] {logging_mixin.py:115} INFO - [2023-05-17 16:50:43,130] {dagbag.py:507} INFO - Filling up the DagBag from /home/airflow/.local/lib/python3.7/site-packages/airflow/example_dags/example_branch_python_dop_operator_3.py
[2023-05-17 16:50:43,151] {processor.py:651} INFO - DAG(s) dict_keys(['example_branch_dop_operator_v3']) retrieved from /home/airflow/.local/lib/python3.7/site-packages/airflow/example_dags/example_branch_python_dop_operator_3.py
[2023-05-17 16:50:43,202] {logging_mixin.py:115} INFO - [2023-05-17 16:50:43,201] {dag.py:2371} INFO - Sync 1 DAGs
[2023-05-17 16:50:43,264] {logging_mixin.py:115} INFO - [2023-05-17 16:50:43,264] {dag.py:2919} INFO - Setting next_dagrun for example_branch_dop_operator_v3 to 2023-05-17T16:49:00+00:00, run_after=2023-05-17T16:50:00+00:00
[2023-05-17 16:50:43,297] {processor.py:161} INFO - Processing /home/airflow/.local/lib/python3.7/site-packages/airflow/example_dags/example_branch_python_dop_operator_3.py took 0.175 seconds
[2023-05-17 16:51:13,600] {processor.py:153} INFO - Started process (PID=1241) to work on /home/airflow/.local/lib/python3.7/site-packages/airflow/example_dags/example_branch_python_dop_operator_3.py
[2023-05-17 16:51:13,603] {processor.py:641} INFO - Processing file /home/airflow/.local/lib/python3.7/site-packages/airflow/example_dags/example_branch_python_dop_operator_3.py for tasks to queue
[2023-05-17 16:51:13,604] {logging_mixin.py:115} INFO - [2023-05-17 16:51:13,604] {dagbag.py:507} INFO - Filling up the DagBag from /home/airflow/.local/lib/python3.7/site-packages/airflow/example_dags/example_branch_python_dop_operator_3.py
[2023-05-17 16:51:13,616] {processor.py:651} INFO - DAG(s) dict_keys(['example_branch_dop_operator_v3']) retrieved from /home/airflow/.local/lib/python3.7/site-packages/airflow/example_dags/example_branch_python_dop_operator_3.py
[2023-05-17 16:51:13,646] {logging_mixin.py:115} INFO - [2023-05-17 16:51:13,646] {dag.py:2371} INFO - Sync 1 DAGs
[2023-05-17 16:51:13,675] {logging_mixin.py:115} INFO - [2023-05-17 16:51:13,675] {dag.py:2919} INFO - Setting next_dagrun for example_branch_dop_operator_v3 to 2023-05-17T16:50:00+00:00, run_after=2023-05-17T16:51:00+00:00
[2023-05-17 16:51:13,693] {processor.py:161} INFO - Processing /home/airflow/.local/lib/python3.7/site-packages/airflow/example_dags/example_branch_python_dop_operator_3.py took 0.097 seconds
[2023-05-17 16:51:44,312] {processor.py:153} INFO - Started process (PID=1309) to work on /home/airflow/.local/lib/python3.7/site-packages/airflow/example_dags/example_branch_python_dop_operator_3.py
[2023-05-17 16:51:44,323] {processor.py:641} INFO - Processing file /home/airflow/.local/lib/python3.7/site-packages/airflow/example_dags/example_branch_python_dop_operator_3.py for tasks to queue
[2023-05-17 16:51:44,325] {logging_mixin.py:115} INFO - [2023-05-17 16:51:44,324] {dagbag.py:507} INFO - Filling up the DagBag from /home/airflow/.local/lib/python3.7/site-packages/airflow/example_dags/example_branch_python_dop_operator_3.py
[2023-05-17 16:51:44,373] {processor.py:651} INFO - DAG(s) dict_keys(['example_branch_dop_operator_v3']) retrieved from /home/airflow/.local/lib/python3.7/site-packages/airflow/example_dags/example_branch_python_dop_operator_3.py
[2023-05-17 16:51:44,435] {logging_mixin.py:115} INFO - [2023-05-17 16:51:44,435] {dag.py:2371} INFO - Sync 1 DAGs
[2023-05-17 16:51:44,543] {logging_mixin.py:115} INFO - [2023-05-17 16:51:44,542] {dag.py:2919} INFO - Setting next_dagrun for example_branch_dop_operator_v3 to 2023-05-17T16:50:00+00:00, run_after=2023-05-17T16:51:00+00:00
[2023-05-17 16:51:44,586] {processor.py:161} INFO - Processing /home/airflow/.local/lib/python3.7/site-packages/airflow/example_dags/example_branch_python_dop_operator_3.py took 0.279 seconds
[2023-05-17 16:52:14,821] {processor.py:153} INFO - Started process (PID=1364) to work on /home/airflow/.local/lib/python3.7/site-packages/airflow/example_dags/example_branch_python_dop_operator_3.py
[2023-05-17 16:52:14,824] {processor.py:641} INFO - Processing file /home/airflow/.local/lib/python3.7/site-packages/airflow/example_dags/example_branch_python_dop_operator_3.py for tasks to queue
[2023-05-17 16:52:14,826] {logging_mixin.py:115} INFO - [2023-05-17 16:52:14,826] {dagbag.py:507} INFO - Filling up the DagBag from /home/airflow/.local/lib/python3.7/site-packages/airflow/example_dags/example_branch_python_dop_operator_3.py
[2023-05-17 16:52:14,845] {processor.py:651} INFO - DAG(s) dict_keys(['example_branch_dop_operator_v3']) retrieved from /home/airflow/.local/lib/python3.7/site-packages/airflow/example_dags/example_branch_python_dop_operator_3.py
[2023-05-17 16:52:14,886] {logging_mixin.py:115} INFO - [2023-05-17 16:52:14,886] {dag.py:2371} INFO - Sync 1 DAGs
[2023-05-17 16:52:14,925] {logging_mixin.py:115} INFO - [2023-05-17 16:52:14,925] {dag.py:2919} INFO - Setting next_dagrun for example_branch_dop_operator_v3 to 2023-05-17T16:51:00+00:00, run_after=2023-05-17T16:52:00+00:00
[2023-05-17 16:52:14,941] {processor.py:161} INFO - Processing /home/airflow/.local/lib/python3.7/site-packages/airflow/example_dags/example_branch_python_dop_operator_3.py took 0.126 seconds
[2023-05-17 16:52:45,020] {processor.py:153} INFO - Started process (PID=1427) to work on /home/airflow/.local/lib/python3.7/site-packages/airflow/example_dags/example_branch_python_dop_operator_3.py
[2023-05-17 16:52:45,027] {processor.py:641} INFO - Processing file /home/airflow/.local/lib/python3.7/site-packages/airflow/example_dags/example_branch_python_dop_operator_3.py for tasks to queue
[2023-05-17 16:52:45,030] {logging_mixin.py:115} INFO - [2023-05-17 16:52:45,029] {dagbag.py:507} INFO - Filling up the DagBag from /home/airflow/.local/lib/python3.7/site-packages/airflow/example_dags/example_branch_python_dop_operator_3.py
[2023-05-17 16:52:45,066] {processor.py:651} INFO - DAG(s) dict_keys(['example_branch_dop_operator_v3']) retrieved from /home/airflow/.local/lib/python3.7/site-packages/airflow/example_dags/example_branch_python_dop_operator_3.py
[2023-05-17 16:52:45,245] {logging_mixin.py:115} INFO - [2023-05-17 16:52:45,245] {dag.py:2371} INFO - Sync 1 DAGs
[2023-05-17 16:52:45,361] {logging_mixin.py:115} INFO - [2023-05-17 16:52:45,361] {dag.py:2919} INFO - Setting next_dagrun for example_branch_dop_operator_v3 to 2023-05-17T16:51:00+00:00, run_after=2023-05-17T16:52:00+00:00
[2023-05-17 16:52:45,408] {processor.py:161} INFO - Processing /home/airflow/.local/lib/python3.7/site-packages/airflow/example_dags/example_branch_python_dop_operator_3.py took 0.392 seconds
[2023-05-17 16:53:16,533] {processor.py:153} INFO - Started process (PID=1488) to work on /home/airflow/.local/lib/python3.7/site-packages/airflow/example_dags/example_branch_python_dop_operator_3.py
[2023-05-17 16:53:16,539] {processor.py:641} INFO - Processing file /home/airflow/.local/lib/python3.7/site-packages/airflow/example_dags/example_branch_python_dop_operator_3.py for tasks to queue
[2023-05-17 16:53:16,544] {logging_mixin.py:115} INFO - [2023-05-17 16:53:16,544] {dagbag.py:507} INFO - Filling up the DagBag from /home/airflow/.local/lib/python3.7/site-packages/airflow/example_dags/example_branch_python_dop_operator_3.py
[2023-05-17 16:53:16,586] {processor.py:651} INFO - DAG(s) dict_keys(['example_branch_dop_operator_v3']) retrieved from /home/airflow/.local/lib/python3.7/site-packages/airflow/example_dags/example_branch_python_dop_operator_3.py
[2023-05-17 16:53:16,681] {logging_mixin.py:115} INFO - [2023-05-17 16:53:16,680] {dag.py:2371} INFO - Sync 1 DAGs
[2023-05-17 16:53:16,757] {logging_mixin.py:115} INFO - [2023-05-17 16:53:16,757] {dag.py:2919} INFO - Setting next_dagrun for example_branch_dop_operator_v3 to 2023-05-17T16:52:00+00:00, run_after=2023-05-17T16:53:00+00:00
[2023-05-17 16:53:16,799] {processor.py:161} INFO - Processing /home/airflow/.local/lib/python3.7/site-packages/airflow/example_dags/example_branch_python_dop_operator_3.py took 0.272 seconds
[2023-05-17 16:53:47,591] {processor.py:153} INFO - Started process (PID=1553) to work on /home/airflow/.local/lib/python3.7/site-packages/airflow/example_dags/example_branch_python_dop_operator_3.py
[2023-05-17 16:53:47,593] {processor.py:641} INFO - Processing file /home/airflow/.local/lib/python3.7/site-packages/airflow/example_dags/example_branch_python_dop_operator_3.py for tasks to queue
[2023-05-17 16:53:47,595] {logging_mixin.py:115} INFO - [2023-05-17 16:53:47,595] {dagbag.py:507} INFO - Filling up the DagBag from /home/airflow/.local/lib/python3.7/site-packages/airflow/example_dags/example_branch_python_dop_operator_3.py
[2023-05-17 16:53:47,608] {processor.py:651} INFO - DAG(s) dict_keys(['example_branch_dop_operator_v3']) retrieved from /home/airflow/.local/lib/python3.7/site-packages/airflow/example_dags/example_branch_python_dop_operator_3.py
[2023-05-17 16:53:47,640] {logging_mixin.py:115} INFO - [2023-05-17 16:53:47,640] {dag.py:2371} INFO - Sync 1 DAGs
[2023-05-17 16:53:47,676] {logging_mixin.py:115} INFO - [2023-05-17 16:53:47,676] {dag.py:2919} INFO - Setting next_dagrun for example_branch_dop_operator_v3 to 2023-05-17T16:52:00+00:00, run_after=2023-05-17T16:53:00+00:00
[2023-05-17 16:53:47,694] {processor.py:161} INFO - Processing /home/airflow/.local/lib/python3.7/site-packages/airflow/example_dags/example_branch_python_dop_operator_3.py took 0.107 seconds
[2023-05-17 16:54:18,634] {processor.py:153} INFO - Started process (PID=1608) to work on /home/airflow/.local/lib/python3.7/site-packages/airflow/example_dags/example_branch_python_dop_operator_3.py
[2023-05-17 16:54:18,637] {processor.py:641} INFO - Processing file /home/airflow/.local/lib/python3.7/site-packages/airflow/example_dags/example_branch_python_dop_operator_3.py for tasks to queue
[2023-05-17 16:54:18,644] {logging_mixin.py:115} INFO - [2023-05-17 16:54:18,643] {dagbag.py:507} INFO - Filling up the DagBag from /home/airflow/.local/lib/python3.7/site-packages/airflow/example_dags/example_branch_python_dop_operator_3.py
[2023-05-17 16:54:18,673] {processor.py:651} INFO - DAG(s) dict_keys(['example_branch_dop_operator_v3']) retrieved from /home/airflow/.local/lib/python3.7/site-packages/airflow/example_dags/example_branch_python_dop_operator_3.py
[2023-05-17 16:54:18,710] {logging_mixin.py:115} INFO - [2023-05-17 16:54:18,710] {dag.py:2371} INFO - Sync 1 DAGs
[2023-05-17 16:54:18,743] {logging_mixin.py:115} INFO - [2023-05-17 16:54:18,743] {dag.py:2919} INFO - Setting next_dagrun for example_branch_dop_operator_v3 to 2023-05-17T16:53:00+00:00, run_after=2023-05-17T16:54:00+00:00
[2023-05-17 16:54:18,760] {processor.py:161} INFO - Processing /home/airflow/.local/lib/python3.7/site-packages/airflow/example_dags/example_branch_python_dop_operator_3.py took 0.135 seconds
[2023-05-17 16:54:48,836] {processor.py:153} INFO - Started process (PID=1675) to work on /home/airflow/.local/lib/python3.7/site-packages/airflow/example_dags/example_branch_python_dop_operator_3.py
[2023-05-17 16:54:48,837] {processor.py:641} INFO - Processing file /home/airflow/.local/lib/python3.7/site-packages/airflow/example_dags/example_branch_python_dop_operator_3.py for tasks to queue
[2023-05-17 16:54:48,838] {logging_mixin.py:115} INFO - [2023-05-17 16:54:48,838] {dagbag.py:507} INFO - Filling up the DagBag from /home/airflow/.local/lib/python3.7/site-packages/airflow/example_dags/example_branch_python_dop_operator_3.py
[2023-05-17 16:54:48,852] {processor.py:651} INFO - DAG(s) dict_keys(['example_branch_dop_operator_v3']) retrieved from /home/airflow/.local/lib/python3.7/site-packages/airflow/example_dags/example_branch_python_dop_operator_3.py
[2023-05-17 16:54:48,886] {logging_mixin.py:115} INFO - [2023-05-17 16:54:48,886] {dag.py:2371} INFO - Sync 1 DAGs
[2023-05-17 16:54:48,923] {logging_mixin.py:115} INFO - [2023-05-17 16:54:48,923] {dag.py:2919} INFO - Setting next_dagrun for example_branch_dop_operator_v3 to 2023-05-17T16:53:00+00:00, run_after=2023-05-17T16:54:00+00:00
[2023-05-17 16:54:48,941] {processor.py:161} INFO - Processing /home/airflow/.local/lib/python3.7/site-packages/airflow/example_dags/example_branch_python_dop_operator_3.py took 0.110 seconds
[2023-05-17 16:55:19,849] {processor.py:153} INFO - Started process (PID=1741) to work on /home/airflow/.local/lib/python3.7/site-packages/airflow/example_dags/example_branch_python_dop_operator_3.py
[2023-05-17 16:55:19,851] {processor.py:641} INFO - Processing file /home/airflow/.local/lib/python3.7/site-packages/airflow/example_dags/example_branch_python_dop_operator_3.py for tasks to queue
[2023-05-17 16:55:19,853] {logging_mixin.py:115} INFO - [2023-05-17 16:55:19,852] {dagbag.py:507} INFO - Filling up the DagBag from /home/airflow/.local/lib/python3.7/site-packages/airflow/example_dags/example_branch_python_dop_operator_3.py
[2023-05-17 16:55:19,865] {processor.py:651} INFO - DAG(s) dict_keys(['example_branch_dop_operator_v3']) retrieved from /home/airflow/.local/lib/python3.7/site-packages/airflow/example_dags/example_branch_python_dop_operator_3.py
[2023-05-17 16:55:19,896] {logging_mixin.py:115} INFO - [2023-05-17 16:55:19,896] {dag.py:2371} INFO - Sync 1 DAGs
[2023-05-17 16:55:19,929] {logging_mixin.py:115} INFO - [2023-05-17 16:55:19,929] {dag.py:2919} INFO - Setting next_dagrun for example_branch_dop_operator_v3 to 2023-05-17T16:54:00+00:00, run_after=2023-05-17T16:55:00+00:00
[2023-05-17 16:55:19,943] {processor.py:161} INFO - Processing /home/airflow/.local/lib/python3.7/site-packages/airflow/example_dags/example_branch_python_dop_operator_3.py took 0.098 seconds
