[2023-05-17T16:27:43.288+0000] {processor.py:157} INFO - Started process (PID=35) to work on /home/airflow/.local/lib/python3.7/site-packages/airflow/example_dags/example_branch_labels.py
[2023-05-17T16:27:43.290+0000] {processor.py:826} INFO - Processing file /home/airflow/.local/lib/python3.7/site-packages/airflow/example_dags/example_branch_labels.py for tasks to queue
[2023-05-17T16:27:43.313+0000] {logging_mixin.py:149} INFO - [2023-05-17T16:27:43.312+0000] {dagbag.py:541} INFO - Filling up the DagBag from /home/airflow/.local/lib/python3.7/site-packages/airflow/example_dags/example_branch_labels.py
[2023-05-17T16:27:43.354+0000] {processor.py:836} INFO - DAG(s) dict_keys(['example_branch_labels']) retrieved from /home/airflow/.local/lib/python3.7/site-packages/airflow/example_dags/example_branch_labels.py
[2023-05-17T16:27:43.437+0000] {logging_mixin.py:149} INFO - [2023-05-17T16:27:43.437+0000] {dag.py:2726} INFO - Sync 1 DAGs
[2023-05-17T16:27:43.873+0000] {logging_mixin.py:149} INFO - [2023-05-17T16:27:43.872+0000] {dag.py:3490} INFO - Setting next_dagrun for example_branch_labels to 2023-05-16T00:00:00+00:00, run_after=2023-05-17T00:00:00+00:00
[2023-05-17T16:27:43.908+0000] {processor.py:179} INFO - Processing /home/airflow/.local/lib/python3.7/site-packages/airflow/example_dags/example_branch_labels.py took 0.639 seconds
[2023-05-17T16:28:31.803+0000] {processor.py:157} INFO - Started process (PID=80) to work on /home/airflow/.local/lib/python3.7/site-packages/airflow/example_dags/example_branch_labels.py
[2023-05-17T16:28:31.807+0000] {processor.py:826} INFO - Processing file /home/airflow/.local/lib/python3.7/site-packages/airflow/example_dags/example_branch_labels.py for tasks to queue
[2023-05-17T16:28:31.810+0000] {logging_mixin.py:149} INFO - [2023-05-17T16:28:31.810+0000] {dagbag.py:541} INFO - Filling up the DagBag from /home/airflow/.local/lib/python3.7/site-packages/airflow/example_dags/example_branch_labels.py
[2023-05-17T16:28:31.833+0000] {processor.py:836} INFO - DAG(s) dict_keys(['example_branch_labels']) retrieved from /home/airflow/.local/lib/python3.7/site-packages/airflow/example_dags/example_branch_labels.py
[2023-05-17T16:28:31.945+0000] {logging_mixin.py:149} INFO - [2023-05-17T16:28:31.944+0000] {dag.py:2726} INFO - Sync 1 DAGs
[2023-05-17T16:28:32.080+0000] {logging_mixin.py:149} INFO - [2023-05-17T16:28:32.080+0000] {dag.py:3490} INFO - Setting next_dagrun for example_branch_labels to 2023-05-16T00:00:00+00:00, run_after=2023-05-17T00:00:00+00:00
[2023-05-17T16:28:32.119+0000] {processor.py:179} INFO - Processing /home/airflow/.local/lib/python3.7/site-packages/airflow/example_dags/example_branch_labels.py took 0.324 seconds
[2023-05-17T16:29:02.209+0000] {processor.py:157} INFO - Started process (PID=128) to work on /home/airflow/.local/lib/python3.7/site-packages/airflow/example_dags/example_branch_labels.py
[2023-05-17T16:29:02.215+0000] {processor.py:826} INFO - Processing file /home/airflow/.local/lib/python3.7/site-packages/airflow/example_dags/example_branch_labels.py for tasks to queue
[2023-05-17T16:29:02.226+0000] {logging_mixin.py:149} INFO - [2023-05-17T16:29:02.226+0000] {dagbag.py:541} INFO - Filling up the DagBag from /home/airflow/.local/lib/python3.7/site-packages/airflow/example_dags/example_branch_labels.py
[2023-05-17T16:29:02.261+0000] {processor.py:836} INFO - DAG(s) dict_keys(['example_branch_labels']) retrieved from /home/airflow/.local/lib/python3.7/site-packages/airflow/example_dags/example_branch_labels.py
[2023-05-17T16:29:02.304+0000] {logging_mixin.py:149} INFO - [2023-05-17T16:29:02.304+0000] {dag.py:2726} INFO - Sync 1 DAGs
[2023-05-17T16:29:02.387+0000] {logging_mixin.py:149} INFO - [2023-05-17T16:29:02.387+0000] {dag.py:3490} INFO - Setting next_dagrun for example_branch_labels to 2023-05-16T00:00:00+00:00, run_after=2023-05-17T00:00:00+00:00
[2023-05-17T16:29:02.462+0000] {processor.py:179} INFO - Processing /home/airflow/.local/lib/python3.7/site-packages/airflow/example_dags/example_branch_labels.py took 0.260 seconds
[2023-05-17T16:30:06.574+0000] {processor.py:157} INFO - Started process (PID=188) to work on /home/airflow/.local/lib/python3.7/site-packages/airflow/example_dags/example_branch_labels.py
[2023-05-17T16:30:06.586+0000] {processor.py:826} INFO - Processing file /home/airflow/.local/lib/python3.7/site-packages/airflow/example_dags/example_branch_labels.py for tasks to queue
[2023-05-17T16:30:06.591+0000] {logging_mixin.py:149} INFO - [2023-05-17T16:30:06.590+0000] {dagbag.py:541} INFO - Filling up the DagBag from /home/airflow/.local/lib/python3.7/site-packages/airflow/example_dags/example_branch_labels.py
[2023-05-17T16:30:06.721+0000] {processor.py:836} INFO - DAG(s) dict_keys(['example_branch_labels']) retrieved from /home/airflow/.local/lib/python3.7/site-packages/airflow/example_dags/example_branch_labels.py
[2023-05-17T16:30:13.606+0000] {logging_mixin.py:149} INFO - [2023-05-17T16:30:13.552+0000] {dag.py:2726} INFO - Sync 1 DAGs
[2023-05-17T16:30:32.860+0000] {logging_mixin.py:149} INFO - [2023-05-17T16:30:32.523+0000] {dag.py:3490} INFO - Setting next_dagrun for example_branch_labels to 2023-05-16T00:00:00+00:00, run_after=2023-05-17T00:00:00+00:00
[2023-05-17T16:30:40.798+0000] {processor.py:179} INFO - Processing /home/airflow/.local/lib/python3.7/site-packages/airflow/example_dags/example_branch_labels.py took 34.288 seconds
[2023-05-17 16:35:13,988] {processor.py:153} INFO - Started process (PID=45) to work on /home/airflow/.local/lib/python3.7/site-packages/airflow/example_dags/example_branch_labels.py
[2023-05-17 16:35:13,991] {processor.py:641} INFO - Processing file /home/airflow/.local/lib/python3.7/site-packages/airflow/example_dags/example_branch_labels.py for tasks to queue
[2023-05-17 16:35:13,997] {logging_mixin.py:115} INFO - [2023-05-17 16:35:13,997] {dagbag.py:507} INFO - Filling up the DagBag from /home/airflow/.local/lib/python3.7/site-packages/airflow/example_dags/example_branch_labels.py
[2023-05-17 16:35:14,110] {processor.py:651} INFO - DAG(s) dict_keys(['example_branch_labels']) retrieved from /home/airflow/.local/lib/python3.7/site-packages/airflow/example_dags/example_branch_labels.py
[2023-05-17 16:35:15,573] {logging_mixin.py:115} INFO - [2023-05-17 16:35:15,573] {manager.py:508} INFO - Created Permission View: can read on DAG:example_branch_labels
[2023-05-17 16:35:15,602] {logging_mixin.py:115} INFO - [2023-05-17 16:35:15,602] {manager.py:508} INFO - Created Permission View: can delete on DAG:example_branch_labels
[2023-05-17 16:35:15,625] {logging_mixin.py:115} INFO - [2023-05-17 16:35:15,624] {manager.py:508} INFO - Created Permission View: can edit on DAG:example_branch_labels
[2023-05-17 16:35:15,626] {logging_mixin.py:115} INFO - [2023-05-17 16:35:15,626] {dag.py:2371} INFO - Sync 1 DAGs
[2023-05-17 16:35:15,639] {logging_mixin.py:115} INFO - [2023-05-17 16:35:15,639] {dag.py:2390} INFO - Creating ORM DAG for example_branch_labels
[2023-05-17 16:35:15,676] {logging_mixin.py:115} INFO - [2023-05-17 16:35:15,674] {dag.py:2919} INFO - Setting next_dagrun for example_branch_labels to 2023-05-16T00:00:00+00:00, run_after=2023-05-17T00:00:00+00:00
[2023-05-17 16:35:15,733] {processor.py:161} INFO - Processing /home/airflow/.local/lib/python3.7/site-packages/airflow/example_dags/example_branch_labels.py took 1.762 seconds
[2023-05-17 16:35:45,904] {processor.py:153} INFO - Started process (PID=98) to work on /home/airflow/.local/lib/python3.7/site-packages/airflow/example_dags/example_branch_labels.py
[2023-05-17 16:35:45,906] {processor.py:641} INFO - Processing file /home/airflow/.local/lib/python3.7/site-packages/airflow/example_dags/example_branch_labels.py for tasks to queue
[2023-05-17 16:35:45,911] {logging_mixin.py:115} INFO - [2023-05-17 16:35:45,910] {dagbag.py:507} INFO - Filling up the DagBag from /home/airflow/.local/lib/python3.7/site-packages/airflow/example_dags/example_branch_labels.py
[2023-05-17 16:35:45,939] {processor.py:651} INFO - DAG(s) dict_keys(['example_branch_labels']) retrieved from /home/airflow/.local/lib/python3.7/site-packages/airflow/example_dags/example_branch_labels.py
[2023-05-17 16:35:46,012] {logging_mixin.py:115} INFO - [2023-05-17 16:35:46,012] {dag.py:2371} INFO - Sync 1 DAGs
[2023-05-17 16:35:46,096] {logging_mixin.py:115} INFO - [2023-05-17 16:35:46,096] {dag.py:2919} INFO - Setting next_dagrun for example_branch_labels to 2023-05-16T00:00:00+00:00, run_after=2023-05-17T00:00:00+00:00
[2023-05-17 16:35:46,138] {processor.py:161} INFO - Processing /home/airflow/.local/lib/python3.7/site-packages/airflow/example_dags/example_branch_labels.py took 0.240 seconds
[2023-05-17 16:36:45,508] {processor.py:153} INFO - Started process (PID=144) to work on /home/airflow/.local/lib/python3.7/site-packages/airflow/example_dags/example_branch_labels.py
[2023-05-17 16:36:45,523] {processor.py:641} INFO - Processing file /home/airflow/.local/lib/python3.7/site-packages/airflow/example_dags/example_branch_labels.py for tasks to queue
[2023-05-17 16:36:45,566] {logging_mixin.py:115} INFO - [2023-05-17 16:36:45,550] {dagbag.py:507} INFO - Filling up the DagBag from /home/airflow/.local/lib/python3.7/site-packages/airflow/example_dags/example_branch_labels.py
[2023-05-17 16:36:45,761] {processor.py:651} INFO - DAG(s) dict_keys(['example_branch_labels']) retrieved from /home/airflow/.local/lib/python3.7/site-packages/airflow/example_dags/example_branch_labels.py
[2023-05-17 16:36:46,120] {logging_mixin.py:115} INFO - [2023-05-17 16:36:46,118] {dag.py:2371} INFO - Sync 1 DAGs
[2023-05-17 16:36:47,919] {logging_mixin.py:115} INFO - [2023-05-17 16:36:47,918] {dag.py:2919} INFO - Setting next_dagrun for example_branch_labels to 2023-05-16T00:00:00+00:00, run_after=2023-05-17T00:00:00+00:00
[2023-05-17 16:36:47,962] {processor.py:161} INFO - Processing /home/airflow/.local/lib/python3.7/site-packages/airflow/example_dags/example_branch_labels.py took 2.523 seconds
[2023-05-17 16:40:55,242] {processor.py:153} INFO - Started process (PID=43) to work on /home/airflow/.local/lib/python3.7/site-packages/airflow/example_dags/example_branch_labels.py
[2023-05-17 16:40:55,245] {processor.py:641} INFO - Processing file /home/airflow/.local/lib/python3.7/site-packages/airflow/example_dags/example_branch_labels.py for tasks to queue
[2023-05-17 16:40:55,248] {logging_mixin.py:115} INFO - [2023-05-17 16:40:55,248] {dagbag.py:507} INFO - Filling up the DagBag from /home/airflow/.local/lib/python3.7/site-packages/airflow/example_dags/example_branch_labels.py
[2023-05-17 16:40:55,275] {processor.py:651} INFO - DAG(s) dict_keys(['example_branch_labels']) retrieved from /home/airflow/.local/lib/python3.7/site-packages/airflow/example_dags/example_branch_labels.py
[2023-05-17 16:40:55,377] {logging_mixin.py:115} INFO - [2023-05-17 16:40:55,377] {dag.py:2371} INFO - Sync 1 DAGs
[2023-05-17 16:40:55,437] {logging_mixin.py:115} INFO - [2023-05-17 16:40:55,437] {dag.py:2919} INFO - Setting next_dagrun for example_branch_labels to 2023-05-16T00:00:00+00:00, run_after=2023-05-17T00:00:00+00:00
[2023-05-17 16:40:55,464] {processor.py:161} INFO - Processing /home/airflow/.local/lib/python3.7/site-packages/airflow/example_dags/example_branch_labels.py took 0.234 seconds
[2023-05-17 16:41:25,884] {processor.py:153} INFO - Started process (PID=97) to work on /home/airflow/.local/lib/python3.7/site-packages/airflow/example_dags/example_branch_labels.py
[2023-05-17 16:41:25,887] {processor.py:641} INFO - Processing file /home/airflow/.local/lib/python3.7/site-packages/airflow/example_dags/example_branch_labels.py for tasks to queue
[2023-05-17 16:41:25,893] {logging_mixin.py:115} INFO - [2023-05-17 16:41:25,892] {dagbag.py:507} INFO - Filling up the DagBag from /home/airflow/.local/lib/python3.7/site-packages/airflow/example_dags/example_branch_labels.py
[2023-05-17 16:41:25,915] {processor.py:651} INFO - DAG(s) dict_keys(['example_branch_labels']) retrieved from /home/airflow/.local/lib/python3.7/site-packages/airflow/example_dags/example_branch_labels.py
[2023-05-17 16:41:25,972] {logging_mixin.py:115} INFO - [2023-05-17 16:41:25,972] {dag.py:2371} INFO - Sync 1 DAGs
[2023-05-17 16:41:26,037] {logging_mixin.py:115} INFO - [2023-05-17 16:41:26,037] {dag.py:2919} INFO - Setting next_dagrun for example_branch_labels to 2023-05-16T00:00:00+00:00, run_after=2023-05-17T00:00:00+00:00
[2023-05-17 16:41:26,074] {processor.py:161} INFO - Processing /home/airflow/.local/lib/python3.7/site-packages/airflow/example_dags/example_branch_labels.py took 0.198 seconds
[2023-05-17 16:41:56,164] {processor.py:153} INFO - Started process (PID=149) to work on /home/airflow/.local/lib/python3.7/site-packages/airflow/example_dags/example_branch_labels.py
[2023-05-17 16:41:56,166] {processor.py:641} INFO - Processing file /home/airflow/.local/lib/python3.7/site-packages/airflow/example_dags/example_branch_labels.py for tasks to queue
[2023-05-17 16:41:56,168] {logging_mixin.py:115} INFO - [2023-05-17 16:41:56,168] {dagbag.py:507} INFO - Filling up the DagBag from /home/airflow/.local/lib/python3.7/site-packages/airflow/example_dags/example_branch_labels.py
[2023-05-17 16:41:56,185] {processor.py:651} INFO - DAG(s) dict_keys(['example_branch_labels']) retrieved from /home/airflow/.local/lib/python3.7/site-packages/airflow/example_dags/example_branch_labels.py
[2023-05-17 16:41:56,232] {logging_mixin.py:115} INFO - [2023-05-17 16:41:56,232] {dag.py:2371} INFO - Sync 1 DAGs
[2023-05-17 16:41:56,271] {logging_mixin.py:115} INFO - [2023-05-17 16:41:56,270] {dag.py:2919} INFO - Setting next_dagrun for example_branch_labels to 2023-05-16T00:00:00+00:00, run_after=2023-05-17T00:00:00+00:00
[2023-05-17 16:41:56,298] {processor.py:161} INFO - Processing /home/airflow/.local/lib/python3.7/site-packages/airflow/example_dags/example_branch_labels.py took 0.142 seconds
[2023-05-17 16:42:26,659] {processor.py:153} INFO - Started process (PID=213) to work on /home/airflow/.local/lib/python3.7/site-packages/airflow/example_dags/example_branch_labels.py
[2023-05-17 16:42:26,663] {processor.py:641} INFO - Processing file /home/airflow/.local/lib/python3.7/site-packages/airflow/example_dags/example_branch_labels.py for tasks to queue
[2023-05-17 16:42:26,666] {logging_mixin.py:115} INFO - [2023-05-17 16:42:26,665] {dagbag.py:507} INFO - Filling up the DagBag from /home/airflow/.local/lib/python3.7/site-packages/airflow/example_dags/example_branch_labels.py
[2023-05-17 16:42:26,677] {processor.py:651} INFO - DAG(s) dict_keys(['example_branch_labels']) retrieved from /home/airflow/.local/lib/python3.7/site-packages/airflow/example_dags/example_branch_labels.py
[2023-05-17 16:42:26,715] {logging_mixin.py:115} INFO - [2023-05-17 16:42:26,715] {dag.py:2371} INFO - Sync 1 DAGs
[2023-05-17 16:42:26,775] {logging_mixin.py:115} INFO - [2023-05-17 16:42:26,774] {dag.py:2919} INFO - Setting next_dagrun for example_branch_labels to 2023-05-16T00:00:00+00:00, run_after=2023-05-17T00:00:00+00:00
[2023-05-17 16:42:26,794] {processor.py:161} INFO - Processing /home/airflow/.local/lib/python3.7/site-packages/airflow/example_dags/example_branch_labels.py took 0.142 seconds
[2023-05-17 16:42:57,501] {processor.py:153} INFO - Started process (PID=277) to work on /home/airflow/.local/lib/python3.7/site-packages/airflow/example_dags/example_branch_labels.py
[2023-05-17 16:42:57,504] {processor.py:641} INFO - Processing file /home/airflow/.local/lib/python3.7/site-packages/airflow/example_dags/example_branch_labels.py for tasks to queue
[2023-05-17 16:42:57,507] {logging_mixin.py:115} INFO - [2023-05-17 16:42:57,507] {dagbag.py:507} INFO - Filling up the DagBag from /home/airflow/.local/lib/python3.7/site-packages/airflow/example_dags/example_branch_labels.py
[2023-05-17 16:42:57,522] {processor.py:651} INFO - DAG(s) dict_keys(['example_branch_labels']) retrieved from /home/airflow/.local/lib/python3.7/site-packages/airflow/example_dags/example_branch_labels.py
[2023-05-17 16:42:57,569] {logging_mixin.py:115} INFO - [2023-05-17 16:42:57,569] {dag.py:2371} INFO - Sync 1 DAGs
[2023-05-17 16:42:57,607] {logging_mixin.py:115} INFO - [2023-05-17 16:42:57,607] {dag.py:2919} INFO - Setting next_dagrun for example_branch_labels to 2023-05-16T00:00:00+00:00, run_after=2023-05-17T00:00:00+00:00
[2023-05-17 16:42:57,629] {processor.py:161} INFO - Processing /home/airflow/.local/lib/python3.7/site-packages/airflow/example_dags/example_branch_labels.py took 0.136 seconds
[2023-05-17 16:43:28,052] {processor.py:153} INFO - Started process (PID=330) to work on /home/airflow/.local/lib/python3.7/site-packages/airflow/example_dags/example_branch_labels.py
[2023-05-17 16:43:28,054] {processor.py:641} INFO - Processing file /home/airflow/.local/lib/python3.7/site-packages/airflow/example_dags/example_branch_labels.py for tasks to queue
[2023-05-17 16:43:28,056] {logging_mixin.py:115} INFO - [2023-05-17 16:43:28,056] {dagbag.py:507} INFO - Filling up the DagBag from /home/airflow/.local/lib/python3.7/site-packages/airflow/example_dags/example_branch_labels.py
[2023-05-17 16:43:28,065] {processor.py:651} INFO - DAG(s) dict_keys(['example_branch_labels']) retrieved from /home/airflow/.local/lib/python3.7/site-packages/airflow/example_dags/example_branch_labels.py
[2023-05-17 16:43:28,100] {logging_mixin.py:115} INFO - [2023-05-17 16:43:28,100] {dag.py:2371} INFO - Sync 1 DAGs
[2023-05-17 16:43:28,130] {logging_mixin.py:115} INFO - [2023-05-17 16:43:28,130] {dag.py:2919} INFO - Setting next_dagrun for example_branch_labels to 2023-05-16T00:00:00+00:00, run_after=2023-05-17T00:00:00+00:00
[2023-05-17 16:43:28,149] {processor.py:161} INFO - Processing /home/airflow/.local/lib/python3.7/site-packages/airflow/example_dags/example_branch_labels.py took 0.103 seconds
[2023-05-17 16:43:58,994] {processor.py:153} INFO - Started process (PID=392) to work on /home/airflow/.local/lib/python3.7/site-packages/airflow/example_dags/example_branch_labels.py
[2023-05-17 16:43:58,995] {processor.py:641} INFO - Processing file /home/airflow/.local/lib/python3.7/site-packages/airflow/example_dags/example_branch_labels.py for tasks to queue
[2023-05-17 16:43:58,996] {logging_mixin.py:115} INFO - [2023-05-17 16:43:58,996] {dagbag.py:507} INFO - Filling up the DagBag from /home/airflow/.local/lib/python3.7/site-packages/airflow/example_dags/example_branch_labels.py
[2023-05-17 16:43:59,005] {processor.py:651} INFO - DAG(s) dict_keys(['example_branch_labels']) retrieved from /home/airflow/.local/lib/python3.7/site-packages/airflow/example_dags/example_branch_labels.py
[2023-05-17 16:43:59,039] {logging_mixin.py:115} INFO - [2023-05-17 16:43:59,039] {dag.py:2371} INFO - Sync 1 DAGs
[2023-05-17 16:43:59,065] {logging_mixin.py:115} INFO - [2023-05-17 16:43:59,065] {dag.py:2919} INFO - Setting next_dagrun for example_branch_labels to 2023-05-16T00:00:00+00:00, run_after=2023-05-17T00:00:00+00:00
[2023-05-17 16:43:59,079] {processor.py:161} INFO - Processing /home/airflow/.local/lib/python3.7/site-packages/airflow/example_dags/example_branch_labels.py took 0.090 seconds
[2023-05-17 16:44:29,509] {processor.py:153} INFO - Started process (PID=446) to work on /home/airflow/.local/lib/python3.7/site-packages/airflow/example_dags/example_branch_labels.py
[2023-05-17 16:44:29,511] {processor.py:641} INFO - Processing file /home/airflow/.local/lib/python3.7/site-packages/airflow/example_dags/example_branch_labels.py for tasks to queue
[2023-05-17 16:44:29,514] {logging_mixin.py:115} INFO - [2023-05-17 16:44:29,513] {dagbag.py:507} INFO - Filling up the DagBag from /home/airflow/.local/lib/python3.7/site-packages/airflow/example_dags/example_branch_labels.py
[2023-05-17 16:44:29,522] {processor.py:651} INFO - DAG(s) dict_keys(['example_branch_labels']) retrieved from /home/airflow/.local/lib/python3.7/site-packages/airflow/example_dags/example_branch_labels.py
[2023-05-17 16:44:29,562] {logging_mixin.py:115} INFO - [2023-05-17 16:44:29,562] {dag.py:2371} INFO - Sync 1 DAGs
[2023-05-17 16:44:29,590] {logging_mixin.py:115} INFO - [2023-05-17 16:44:29,590] {dag.py:2919} INFO - Setting next_dagrun for example_branch_labels to 2023-05-16T00:00:00+00:00, run_after=2023-05-17T00:00:00+00:00
[2023-05-17 16:44:29,606] {processor.py:161} INFO - Processing /home/airflow/.local/lib/python3.7/site-packages/airflow/example_dags/example_branch_labels.py took 0.102 seconds
[2023-05-17 16:45:00,492] {processor.py:153} INFO - Started process (PID=507) to work on /home/airflow/.local/lib/python3.7/site-packages/airflow/example_dags/example_branch_labels.py
[2023-05-17 16:45:00,496] {processor.py:641} INFO - Processing file /home/airflow/.local/lib/python3.7/site-packages/airflow/example_dags/example_branch_labels.py for tasks to queue
[2023-05-17 16:45:00,498] {logging_mixin.py:115} INFO - [2023-05-17 16:45:00,498] {dagbag.py:507} INFO - Filling up the DagBag from /home/airflow/.local/lib/python3.7/site-packages/airflow/example_dags/example_branch_labels.py
[2023-05-17 16:45:00,517] {processor.py:651} INFO - DAG(s) dict_keys(['example_branch_labels']) retrieved from /home/airflow/.local/lib/python3.7/site-packages/airflow/example_dags/example_branch_labels.py
[2023-05-17 16:45:00,560] {logging_mixin.py:115} INFO - [2023-05-17 16:45:00,560] {dag.py:2371} INFO - Sync 1 DAGs
[2023-05-17 16:45:00,598] {logging_mixin.py:115} INFO - [2023-05-17 16:45:00,598] {dag.py:2919} INFO - Setting next_dagrun for example_branch_labels to 2023-05-16T00:00:00+00:00, run_after=2023-05-17T00:00:00+00:00
[2023-05-17 16:45:00,625] {processor.py:161} INFO - Processing /home/airflow/.local/lib/python3.7/site-packages/airflow/example_dags/example_branch_labels.py took 0.143 seconds
[2023-05-17 16:45:31,052] {processor.py:153} INFO - Started process (PID=571) to work on /home/airflow/.local/lib/python3.7/site-packages/airflow/example_dags/example_branch_labels.py
[2023-05-17 16:45:31,055] {processor.py:641} INFO - Processing file /home/airflow/.local/lib/python3.7/site-packages/airflow/example_dags/example_branch_labels.py for tasks to queue
[2023-05-17 16:45:31,057] {logging_mixin.py:115} INFO - [2023-05-17 16:45:31,057] {dagbag.py:507} INFO - Filling up the DagBag from /home/airflow/.local/lib/python3.7/site-packages/airflow/example_dags/example_branch_labels.py
[2023-05-17 16:45:31,088] {processor.py:651} INFO - DAG(s) dict_keys(['example_branch_labels']) retrieved from /home/airflow/.local/lib/python3.7/site-packages/airflow/example_dags/example_branch_labels.py
[2023-05-17 16:45:31,151] {logging_mixin.py:115} INFO - [2023-05-17 16:45:31,150] {dag.py:2371} INFO - Sync 1 DAGs
[2023-05-17 16:45:31,240] {logging_mixin.py:115} INFO - [2023-05-17 16:45:31,240] {dag.py:2919} INFO - Setting next_dagrun for example_branch_labels to 2023-05-16T00:00:00+00:00, run_after=2023-05-17T00:00:00+00:00
[2023-05-17 16:45:31,289] {processor.py:161} INFO - Processing /home/airflow/.local/lib/python3.7/site-packages/airflow/example_dags/example_branch_labels.py took 0.241 seconds
[2023-05-17 16:46:01,442] {processor.py:153} INFO - Started process (PID=625) to work on /home/airflow/.local/lib/python3.7/site-packages/airflow/example_dags/example_branch_labels.py
[2023-05-17 16:46:01,444] {processor.py:641} INFO - Processing file /home/airflow/.local/lib/python3.7/site-packages/airflow/example_dags/example_branch_labels.py for tasks to queue
[2023-05-17 16:46:01,445] {logging_mixin.py:115} INFO - [2023-05-17 16:46:01,445] {dagbag.py:507} INFO - Filling up the DagBag from /home/airflow/.local/lib/python3.7/site-packages/airflow/example_dags/example_branch_labels.py
[2023-05-17 16:46:01,455] {processor.py:651} INFO - DAG(s) dict_keys(['example_branch_labels']) retrieved from /home/airflow/.local/lib/python3.7/site-packages/airflow/example_dags/example_branch_labels.py
[2023-05-17 16:46:01,494] {logging_mixin.py:115} INFO - [2023-05-17 16:46:01,494] {dag.py:2371} INFO - Sync 1 DAGs
[2023-05-17 16:46:01,525] {logging_mixin.py:115} INFO - [2023-05-17 16:46:01,525] {dag.py:2919} INFO - Setting next_dagrun for example_branch_labels to 2023-05-16T00:00:00+00:00, run_after=2023-05-17T00:00:00+00:00
[2023-05-17 16:46:01,542] {processor.py:161} INFO - Processing /home/airflow/.local/lib/python3.7/site-packages/airflow/example_dags/example_branch_labels.py took 0.105 seconds
[2023-05-17 16:46:31,787] {processor.py:153} INFO - Started process (PID=689) to work on /home/airflow/.local/lib/python3.7/site-packages/airflow/example_dags/example_branch_labels.py
[2023-05-17 16:46:31,789] {processor.py:641} INFO - Processing file /home/airflow/.local/lib/python3.7/site-packages/airflow/example_dags/example_branch_labels.py for tasks to queue
[2023-05-17 16:46:31,811] {logging_mixin.py:115} INFO - [2023-05-17 16:46:31,811] {dagbag.py:507} INFO - Filling up the DagBag from /home/airflow/.local/lib/python3.7/site-packages/airflow/example_dags/example_branch_labels.py
[2023-05-17 16:46:31,819] {processor.py:651} INFO - DAG(s) dict_keys(['example_branch_labels']) retrieved from /home/airflow/.local/lib/python3.7/site-packages/airflow/example_dags/example_branch_labels.py
[2023-05-17 16:46:31,849] {logging_mixin.py:115} INFO - [2023-05-17 16:46:31,849] {dag.py:2371} INFO - Sync 1 DAGs
[2023-05-17 16:46:31,875] {logging_mixin.py:115} INFO - [2023-05-17 16:46:31,874] {dag.py:2919} INFO - Setting next_dagrun for example_branch_labels to 2023-05-16T00:00:00+00:00, run_after=2023-05-17T00:00:00+00:00
[2023-05-17 16:46:31,889] {processor.py:161} INFO - Processing /home/airflow/.local/lib/python3.7/site-packages/airflow/example_dags/example_branch_labels.py took 0.107 seconds
[2023-05-17 16:47:02,269] {processor.py:153} INFO - Started process (PID=742) to work on /home/airflow/.local/lib/python3.7/site-packages/airflow/example_dags/example_branch_labels.py
[2023-05-17 16:47:02,272] {processor.py:641} INFO - Processing file /home/airflow/.local/lib/python3.7/site-packages/airflow/example_dags/example_branch_labels.py for tasks to queue
[2023-05-17 16:47:02,273] {logging_mixin.py:115} INFO - [2023-05-17 16:47:02,273] {dagbag.py:507} INFO - Filling up the DagBag from /home/airflow/.local/lib/python3.7/site-packages/airflow/example_dags/example_branch_labels.py
[2023-05-17 16:47:02,281] {processor.py:651} INFO - DAG(s) dict_keys(['example_branch_labels']) retrieved from /home/airflow/.local/lib/python3.7/site-packages/airflow/example_dags/example_branch_labels.py
[2023-05-17 16:47:02,344] {logging_mixin.py:115} INFO - [2023-05-17 16:47:02,344] {dag.py:2371} INFO - Sync 1 DAGs
[2023-05-17 16:47:02,393] {logging_mixin.py:115} INFO - [2023-05-17 16:47:02,393] {dag.py:2919} INFO - Setting next_dagrun for example_branch_labels to 2023-05-16T00:00:00+00:00, run_after=2023-05-17T00:00:00+00:00
[2023-05-17 16:47:02,417] {processor.py:161} INFO - Processing /home/airflow/.local/lib/python3.7/site-packages/airflow/example_dags/example_branch_labels.py took 0.152 seconds
[2023-05-17 16:47:32,815] {processor.py:153} INFO - Started process (PID=805) to work on /home/airflow/.local/lib/python3.7/site-packages/airflow/example_dags/example_branch_labels.py
[2023-05-17 16:47:32,819] {processor.py:641} INFO - Processing file /home/airflow/.local/lib/python3.7/site-packages/airflow/example_dags/example_branch_labels.py for tasks to queue
[2023-05-17 16:47:32,822] {logging_mixin.py:115} INFO - [2023-05-17 16:47:32,822] {dagbag.py:507} INFO - Filling up the DagBag from /home/airflow/.local/lib/python3.7/site-packages/airflow/example_dags/example_branch_labels.py
[2023-05-17 16:47:32,843] {processor.py:651} INFO - DAG(s) dict_keys(['example_branch_labels']) retrieved from /home/airflow/.local/lib/python3.7/site-packages/airflow/example_dags/example_branch_labels.py
[2023-05-17 16:47:32,893] {logging_mixin.py:115} INFO - [2023-05-17 16:47:32,893] {dag.py:2371} INFO - Sync 1 DAGs
[2023-05-17 16:47:32,940] {logging_mixin.py:115} INFO - [2023-05-17 16:47:32,940] {dag.py:2919} INFO - Setting next_dagrun for example_branch_labels to 2023-05-16T00:00:00+00:00, run_after=2023-05-17T00:00:00+00:00
[2023-05-17 16:47:32,964] {processor.py:161} INFO - Processing /home/airflow/.local/lib/python3.7/site-packages/airflow/example_dags/example_branch_labels.py took 0.157 seconds
[2023-05-17 16:48:03,368] {processor.py:153} INFO - Started process (PID=861) to work on /home/airflow/.local/lib/python3.7/site-packages/airflow/example_dags/example_branch_labels.py
[2023-05-17 16:48:03,372] {processor.py:641} INFO - Processing file /home/airflow/.local/lib/python3.7/site-packages/airflow/example_dags/example_branch_labels.py for tasks to queue
[2023-05-17 16:48:03,375] {logging_mixin.py:115} INFO - [2023-05-17 16:48:03,375] {dagbag.py:507} INFO - Filling up the DagBag from /home/airflow/.local/lib/python3.7/site-packages/airflow/example_dags/example_branch_labels.py
[2023-05-17 16:48:03,401] {processor.py:651} INFO - DAG(s) dict_keys(['example_branch_labels']) retrieved from /home/airflow/.local/lib/python3.7/site-packages/airflow/example_dags/example_branch_labels.py
[2023-05-17 16:48:03,453] {logging_mixin.py:115} INFO - [2023-05-17 16:48:03,453] {dag.py:2371} INFO - Sync 1 DAGs
[2023-05-17 16:48:03,530] {logging_mixin.py:115} INFO - [2023-05-17 16:48:03,529] {dag.py:2919} INFO - Setting next_dagrun for example_branch_labels to 2023-05-16T00:00:00+00:00, run_after=2023-05-17T00:00:00+00:00
[2023-05-17 16:48:03,563] {processor.py:161} INFO - Processing /home/airflow/.local/lib/python3.7/site-packages/airflow/example_dags/example_branch_labels.py took 0.231 seconds
[2023-05-17 16:48:33,641] {processor.py:153} INFO - Started process (PID=926) to work on /home/airflow/.local/lib/python3.7/site-packages/airflow/example_dags/example_branch_labels.py
[2023-05-17 16:48:33,644] {processor.py:641} INFO - Processing file /home/airflow/.local/lib/python3.7/site-packages/airflow/example_dags/example_branch_labels.py for tasks to queue
[2023-05-17 16:48:33,647] {logging_mixin.py:115} INFO - [2023-05-17 16:48:33,647] {dagbag.py:507} INFO - Filling up the DagBag from /home/airflow/.local/lib/python3.7/site-packages/airflow/example_dags/example_branch_labels.py
[2023-05-17 16:48:33,658] {processor.py:651} INFO - DAG(s) dict_keys(['example_branch_labels']) retrieved from /home/airflow/.local/lib/python3.7/site-packages/airflow/example_dags/example_branch_labels.py
[2023-05-17 16:48:33,699] {logging_mixin.py:115} INFO - [2023-05-17 16:48:33,698] {dag.py:2371} INFO - Sync 1 DAGs
[2023-05-17 16:48:33,738] {logging_mixin.py:115} INFO - [2023-05-17 16:48:33,738] {dag.py:2919} INFO - Setting next_dagrun for example_branch_labels to 2023-05-16T00:00:00+00:00, run_after=2023-05-17T00:00:00+00:00
[2023-05-17 16:48:33,762] {processor.py:161} INFO - Processing /home/airflow/.local/lib/python3.7/site-packages/airflow/example_dags/example_branch_labels.py took 0.130 seconds
[2023-05-17 16:49:03,956] {processor.py:153} INFO - Started process (PID=983) to work on /home/airflow/.local/lib/python3.7/site-packages/airflow/example_dags/example_branch_labels.py
[2023-05-17 16:49:03,959] {processor.py:641} INFO - Processing file /home/airflow/.local/lib/python3.7/site-packages/airflow/example_dags/example_branch_labels.py for tasks to queue
[2023-05-17 16:49:03,963] {logging_mixin.py:115} INFO - [2023-05-17 16:49:03,963] {dagbag.py:507} INFO - Filling up the DagBag from /home/airflow/.local/lib/python3.7/site-packages/airflow/example_dags/example_branch_labels.py
[2023-05-17 16:49:03,974] {processor.py:651} INFO - DAG(s) dict_keys(['example_branch_labels']) retrieved from /home/airflow/.local/lib/python3.7/site-packages/airflow/example_dags/example_branch_labels.py
[2023-05-17 16:49:04,008] {logging_mixin.py:115} INFO - [2023-05-17 16:49:04,008] {dag.py:2371} INFO - Sync 1 DAGs
[2023-05-17 16:49:04,036] {logging_mixin.py:115} INFO - [2023-05-17 16:49:04,036] {dag.py:2919} INFO - Setting next_dagrun for example_branch_labels to 2023-05-16T00:00:00+00:00, run_after=2023-05-17T00:00:00+00:00
[2023-05-17 16:49:04,055] {processor.py:161} INFO - Processing /home/airflow/.local/lib/python3.7/site-packages/airflow/example_dags/example_branch_labels.py took 0.105 seconds
[2023-05-17 16:49:34,160] {processor.py:153} INFO - Started process (PID=1047) to work on /home/airflow/.local/lib/python3.7/site-packages/airflow/example_dags/example_branch_labels.py
[2023-05-17 16:49:34,161] {processor.py:641} INFO - Processing file /home/airflow/.local/lib/python3.7/site-packages/airflow/example_dags/example_branch_labels.py for tasks to queue
[2023-05-17 16:49:34,162] {logging_mixin.py:115} INFO - [2023-05-17 16:49:34,162] {dagbag.py:507} INFO - Filling up the DagBag from /home/airflow/.local/lib/python3.7/site-packages/airflow/example_dags/example_branch_labels.py
[2023-05-17 16:49:34,170] {processor.py:651} INFO - DAG(s) dict_keys(['example_branch_labels']) retrieved from /home/airflow/.local/lib/python3.7/site-packages/airflow/example_dags/example_branch_labels.py
[2023-05-17 16:49:34,219] {logging_mixin.py:115} INFO - [2023-05-17 16:49:34,219] {dag.py:2371} INFO - Sync 1 DAGs
[2023-05-17 16:49:34,268] {logging_mixin.py:115} INFO - [2023-05-17 16:49:34,268] {dag.py:2919} INFO - Setting next_dagrun for example_branch_labels to 2023-05-16T00:00:00+00:00, run_after=2023-05-17T00:00:00+00:00
[2023-05-17 16:49:34,284] {processor.py:161} INFO - Processing /home/airflow/.local/lib/python3.7/site-packages/airflow/example_dags/example_branch_labels.py took 0.127 seconds
[2023-05-17 16:50:04,549] {processor.py:153} INFO - Started process (PID=1100) to work on /home/airflow/.local/lib/python3.7/site-packages/airflow/example_dags/example_branch_labels.py
[2023-05-17 16:50:04,551] {processor.py:641} INFO - Processing file /home/airflow/.local/lib/python3.7/site-packages/airflow/example_dags/example_branch_labels.py for tasks to queue
[2023-05-17 16:50:04,553] {logging_mixin.py:115} INFO - [2023-05-17 16:50:04,553] {dagbag.py:507} INFO - Filling up the DagBag from /home/airflow/.local/lib/python3.7/site-packages/airflow/example_dags/example_branch_labels.py
[2023-05-17 16:50:04,564] {processor.py:651} INFO - DAG(s) dict_keys(['example_branch_labels']) retrieved from /home/airflow/.local/lib/python3.7/site-packages/airflow/example_dags/example_branch_labels.py
[2023-05-17 16:50:04,595] {logging_mixin.py:115} INFO - [2023-05-17 16:50:04,595] {dag.py:2371} INFO - Sync 1 DAGs
[2023-05-17 16:50:04,620] {logging_mixin.py:115} INFO - [2023-05-17 16:50:04,620] {dag.py:2919} INFO - Setting next_dagrun for example_branch_labels to 2023-05-16T00:00:00+00:00, run_after=2023-05-17T00:00:00+00:00
[2023-05-17 16:50:04,634] {processor.py:161} INFO - Processing /home/airflow/.local/lib/python3.7/site-packages/airflow/example_dags/example_branch_labels.py took 0.092 seconds
[2023-05-17 16:50:35,014] {processor.py:153} INFO - Started process (PID=1164) to work on /home/airflow/.local/lib/python3.7/site-packages/airflow/example_dags/example_branch_labels.py
[2023-05-17 16:50:35,016] {processor.py:641} INFO - Processing file /home/airflow/.local/lib/python3.7/site-packages/airflow/example_dags/example_branch_labels.py for tasks to queue
[2023-05-17 16:50:35,017] {logging_mixin.py:115} INFO - [2023-05-17 16:50:35,017] {dagbag.py:507} INFO - Filling up the DagBag from /home/airflow/.local/lib/python3.7/site-packages/airflow/example_dags/example_branch_labels.py
[2023-05-17 16:50:35,028] {processor.py:651} INFO - DAG(s) dict_keys(['example_branch_labels']) retrieved from /home/airflow/.local/lib/python3.7/site-packages/airflow/example_dags/example_branch_labels.py
[2023-05-17 16:50:35,089] {logging_mixin.py:115} INFO - [2023-05-17 16:50:35,089] {dag.py:2371} INFO - Sync 1 DAGs
[2023-05-17 16:50:35,164] {logging_mixin.py:115} INFO - [2023-05-17 16:50:35,164] {dag.py:2919} INFO - Setting next_dagrun for example_branch_labels to 2023-05-16T00:00:00+00:00, run_after=2023-05-17T00:00:00+00:00
[2023-05-17 16:50:35,201] {processor.py:161} INFO - Processing /home/airflow/.local/lib/python3.7/site-packages/airflow/example_dags/example_branch_labels.py took 0.194 seconds
[2023-05-17 16:51:05,564] {processor.py:153} INFO - Started process (PID=1219) to work on /home/airflow/.local/lib/python3.7/site-packages/airflow/example_dags/example_branch_labels.py
[2023-05-17 16:51:05,566] {processor.py:641} INFO - Processing file /home/airflow/.local/lib/python3.7/site-packages/airflow/example_dags/example_branch_labels.py for tasks to queue
[2023-05-17 16:51:05,568] {logging_mixin.py:115} INFO - [2023-05-17 16:51:05,568] {dagbag.py:507} INFO - Filling up the DagBag from /home/airflow/.local/lib/python3.7/site-packages/airflow/example_dags/example_branch_labels.py
[2023-05-17 16:51:05,578] {processor.py:651} INFO - DAG(s) dict_keys(['example_branch_labels']) retrieved from /home/airflow/.local/lib/python3.7/site-packages/airflow/example_dags/example_branch_labels.py
[2023-05-17 16:51:05,621] {logging_mixin.py:115} INFO - [2023-05-17 16:51:05,621] {dag.py:2371} INFO - Sync 1 DAGs
[2023-05-17 16:51:05,654] {logging_mixin.py:115} INFO - [2023-05-17 16:51:05,653] {dag.py:2919} INFO - Setting next_dagrun for example_branch_labels to 2023-05-16T00:00:00+00:00, run_after=2023-05-17T00:00:00+00:00
[2023-05-17 16:51:05,671] {processor.py:161} INFO - Processing /home/airflow/.local/lib/python3.7/site-packages/airflow/example_dags/example_branch_labels.py took 0.111 seconds
[2023-05-17 16:51:36,076] {processor.py:153} INFO - Started process (PID=1286) to work on /home/airflow/.local/lib/python3.7/site-packages/airflow/example_dags/example_branch_labels.py
[2023-05-17 16:51:36,078] {processor.py:641} INFO - Processing file /home/airflow/.local/lib/python3.7/site-packages/airflow/example_dags/example_branch_labels.py for tasks to queue
[2023-05-17 16:51:36,079] {logging_mixin.py:115} INFO - [2023-05-17 16:51:36,079] {dagbag.py:507} INFO - Filling up the DagBag from /home/airflow/.local/lib/python3.7/site-packages/airflow/example_dags/example_branch_labels.py
[2023-05-17 16:51:36,088] {processor.py:651} INFO - DAG(s) dict_keys(['example_branch_labels']) retrieved from /home/airflow/.local/lib/python3.7/site-packages/airflow/example_dags/example_branch_labels.py
[2023-05-17 16:51:36,119] {logging_mixin.py:115} INFO - [2023-05-17 16:51:36,119] {dag.py:2371} INFO - Sync 1 DAGs
[2023-05-17 16:51:36,145] {logging_mixin.py:115} INFO - [2023-05-17 16:51:36,145] {dag.py:2919} INFO - Setting next_dagrun for example_branch_labels to 2023-05-16T00:00:00+00:00, run_after=2023-05-17T00:00:00+00:00
[2023-05-17 16:51:36,167] {processor.py:161} INFO - Processing /home/airflow/.local/lib/python3.7/site-packages/airflow/example_dags/example_branch_labels.py took 0.097 seconds
[2023-05-17 16:52:06,333] {processor.py:153} INFO - Started process (PID=1344) to work on /home/airflow/.local/lib/python3.7/site-packages/airflow/example_dags/example_branch_labels.py
[2023-05-17 16:52:06,335] {processor.py:641} INFO - Processing file /home/airflow/.local/lib/python3.7/site-packages/airflow/example_dags/example_branch_labels.py for tasks to queue
[2023-05-17 16:52:06,336] {logging_mixin.py:115} INFO - [2023-05-17 16:52:06,336] {dagbag.py:507} INFO - Filling up the DagBag from /home/airflow/.local/lib/python3.7/site-packages/airflow/example_dags/example_branch_labels.py
[2023-05-17 16:52:06,346] {processor.py:651} INFO - DAG(s) dict_keys(['example_branch_labels']) retrieved from /home/airflow/.local/lib/python3.7/site-packages/airflow/example_dags/example_branch_labels.py
[2023-05-17 16:52:06,404] {logging_mixin.py:115} INFO - [2023-05-17 16:52:06,404] {dag.py:2371} INFO - Sync 1 DAGs
[2023-05-17 16:52:06,439] {logging_mixin.py:115} INFO - [2023-05-17 16:52:06,439] {dag.py:2919} INFO - Setting next_dagrun for example_branch_labels to 2023-05-16T00:00:00+00:00, run_after=2023-05-17T00:00:00+00:00
[2023-05-17 16:52:06,460] {processor.py:161} INFO - Processing /home/airflow/.local/lib/python3.7/site-packages/airflow/example_dags/example_branch_labels.py took 0.135 seconds
[2023-05-17 16:52:36,556] {processor.py:153} INFO - Started process (PID=1408) to work on /home/airflow/.local/lib/python3.7/site-packages/airflow/example_dags/example_branch_labels.py
[2023-05-17 16:52:36,558] {processor.py:641} INFO - Processing file /home/airflow/.local/lib/python3.7/site-packages/airflow/example_dags/example_branch_labels.py for tasks to queue
[2023-05-17 16:52:36,560] {logging_mixin.py:115} INFO - [2023-05-17 16:52:36,560] {dagbag.py:507} INFO - Filling up the DagBag from /home/airflow/.local/lib/python3.7/site-packages/airflow/example_dags/example_branch_labels.py
[2023-05-17 16:52:36,579] {processor.py:651} INFO - DAG(s) dict_keys(['example_branch_labels']) retrieved from /home/airflow/.local/lib/python3.7/site-packages/airflow/example_dags/example_branch_labels.py
[2023-05-17 16:52:36,651] {logging_mixin.py:115} INFO - [2023-05-17 16:52:36,651] {dag.py:2371} INFO - Sync 1 DAGs
[2023-05-17 16:52:36,707] {logging_mixin.py:115} INFO - [2023-05-17 16:52:36,707] {dag.py:2919} INFO - Setting next_dagrun for example_branch_labels to 2023-05-16T00:00:00+00:00, run_after=2023-05-17T00:00:00+00:00
[2023-05-17 16:52:36,746] {processor.py:161} INFO - Processing /home/airflow/.local/lib/python3.7/site-packages/airflow/example_dags/example_branch_labels.py took 0.200 seconds
[2023-05-17 16:53:07,089] {processor.py:153} INFO - Started process (PID=1468) to work on /home/airflow/.local/lib/python3.7/site-packages/airflow/example_dags/example_branch_labels.py
[2023-05-17 16:53:07,094] {processor.py:641} INFO - Processing file /home/airflow/.local/lib/python3.7/site-packages/airflow/example_dags/example_branch_labels.py for tasks to queue
[2023-05-17 16:53:07,097] {logging_mixin.py:115} INFO - [2023-05-17 16:53:07,097] {dagbag.py:507} INFO - Filling up the DagBag from /home/airflow/.local/lib/python3.7/site-packages/airflow/example_dags/example_branch_labels.py
[2023-05-17 16:53:07,108] {processor.py:651} INFO - DAG(s) dict_keys(['example_branch_labels']) retrieved from /home/airflow/.local/lib/python3.7/site-packages/airflow/example_dags/example_branch_labels.py
[2023-05-17 16:53:07,158] {logging_mixin.py:115} INFO - [2023-05-17 16:53:07,158] {dag.py:2371} INFO - Sync 1 DAGs
[2023-05-17 16:53:07,196] {logging_mixin.py:115} INFO - [2023-05-17 16:53:07,196] {dag.py:2919} INFO - Setting next_dagrun for example_branch_labels to 2023-05-16T00:00:00+00:00, run_after=2023-05-17T00:00:00+00:00
[2023-05-17 16:53:07,227] {processor.py:161} INFO - Processing /home/airflow/.local/lib/python3.7/site-packages/airflow/example_dags/example_branch_labels.py took 0.144 seconds
[2023-05-17 16:53:37,711] {processor.py:153} INFO - Started process (PID=1533) to work on /home/airflow/.local/lib/python3.7/site-packages/airflow/example_dags/example_branch_labels.py
[2023-05-17 16:53:37,713] {processor.py:641} INFO - Processing file /home/airflow/.local/lib/python3.7/site-packages/airflow/example_dags/example_branch_labels.py for tasks to queue
[2023-05-17 16:53:37,714] {logging_mixin.py:115} INFO - [2023-05-17 16:53:37,714] {dagbag.py:507} INFO - Filling up the DagBag from /home/airflow/.local/lib/python3.7/site-packages/airflow/example_dags/example_branch_labels.py
[2023-05-17 16:53:37,724] {processor.py:651} INFO - DAG(s) dict_keys(['example_branch_labels']) retrieved from /home/airflow/.local/lib/python3.7/site-packages/airflow/example_dags/example_branch_labels.py
[2023-05-17 16:53:37,770] {logging_mixin.py:115} INFO - [2023-05-17 16:53:37,770] {dag.py:2371} INFO - Sync 1 DAGs
[2023-05-17 16:53:37,804] {logging_mixin.py:115} INFO - [2023-05-17 16:53:37,804] {dag.py:2919} INFO - Setting next_dagrun for example_branch_labels to 2023-05-16T00:00:00+00:00, run_after=2023-05-17T00:00:00+00:00
[2023-05-17 16:53:37,824] {processor.py:161} INFO - Processing /home/airflow/.local/lib/python3.7/site-packages/airflow/example_dags/example_branch_labels.py took 0.118 seconds
[2023-05-17 16:54:08,561] {processor.py:153} INFO - Started process (PID=1597) to work on /home/airflow/.local/lib/python3.7/site-packages/airflow/example_dags/example_branch_labels.py
[2023-05-17 16:54:08,573] {processor.py:641} INFO - Processing file /home/airflow/.local/lib/python3.7/site-packages/airflow/example_dags/example_branch_labels.py for tasks to queue
[2023-05-17 16:54:08,575] {logging_mixin.py:115} INFO - [2023-05-17 16:54:08,575] {dagbag.py:507} INFO - Filling up the DagBag from /home/airflow/.local/lib/python3.7/site-packages/airflow/example_dags/example_branch_labels.py
[2023-05-17 16:54:08,600] {processor.py:651} INFO - DAG(s) dict_keys(['example_branch_labels']) retrieved from /home/airflow/.local/lib/python3.7/site-packages/airflow/example_dags/example_branch_labels.py
[2023-05-17 16:54:08,757] {logging_mixin.py:115} INFO - [2023-05-17 16:54:08,757] {dag.py:2371} INFO - Sync 1 DAGs
[2023-05-17 16:54:08,819] {logging_mixin.py:115} INFO - [2023-05-17 16:54:08,819] {dag.py:2919} INFO - Setting next_dagrun for example_branch_labels to 2023-05-16T00:00:00+00:00, run_after=2023-05-17T00:00:00+00:00
[2023-05-17 16:54:08,842] {processor.py:161} INFO - Processing /home/airflow/.local/lib/python3.7/site-packages/airflow/example_dags/example_branch_labels.py took 0.287 seconds
[2023-05-17 16:54:38,890] {processor.py:153} INFO - Started process (PID=1653) to work on /home/airflow/.local/lib/python3.7/site-packages/airflow/example_dags/example_branch_labels.py
[2023-05-17 16:54:38,892] {processor.py:641} INFO - Processing file /home/airflow/.local/lib/python3.7/site-packages/airflow/example_dags/example_branch_labels.py for tasks to queue
[2023-05-17 16:54:38,894] {logging_mixin.py:115} INFO - [2023-05-17 16:54:38,893] {dagbag.py:507} INFO - Filling up the DagBag from /home/airflow/.local/lib/python3.7/site-packages/airflow/example_dags/example_branch_labels.py
[2023-05-17 16:54:38,905] {processor.py:651} INFO - DAG(s) dict_keys(['example_branch_labels']) retrieved from /home/airflow/.local/lib/python3.7/site-packages/airflow/example_dags/example_branch_labels.py
[2023-05-17 16:54:38,941] {logging_mixin.py:115} INFO - [2023-05-17 16:54:38,941] {dag.py:2371} INFO - Sync 1 DAGs
[2023-05-17 16:54:38,975] {logging_mixin.py:115} INFO - [2023-05-17 16:54:38,975] {dag.py:2919} INFO - Setting next_dagrun for example_branch_labels to 2023-05-16T00:00:00+00:00, run_after=2023-05-17T00:00:00+00:00
[2023-05-17 16:54:38,998] {processor.py:161} INFO - Processing /home/airflow/.local/lib/python3.7/site-packages/airflow/example_dags/example_branch_labels.py took 0.115 seconds
[2023-05-17 16:55:09,083] {processor.py:153} INFO - Started process (PID=1719) to work on /home/airflow/.local/lib/python3.7/site-packages/airflow/example_dags/example_branch_labels.py
[2023-05-17 16:55:09,084] {processor.py:641} INFO - Processing file /home/airflow/.local/lib/python3.7/site-packages/airflow/example_dags/example_branch_labels.py for tasks to queue
[2023-05-17 16:55:09,085] {logging_mixin.py:115} INFO - [2023-05-17 16:55:09,085] {dagbag.py:507} INFO - Filling up the DagBag from /home/airflow/.local/lib/python3.7/site-packages/airflow/example_dags/example_branch_labels.py
[2023-05-17 16:55:09,093] {processor.py:651} INFO - DAG(s) dict_keys(['example_branch_labels']) retrieved from /home/airflow/.local/lib/python3.7/site-packages/airflow/example_dags/example_branch_labels.py
[2023-05-17 16:55:09,127] {logging_mixin.py:115} INFO - [2023-05-17 16:55:09,127] {dag.py:2371} INFO - Sync 1 DAGs
[2023-05-17 16:55:09,166] {logging_mixin.py:115} INFO - [2023-05-17 16:55:09,166] {dag.py:2919} INFO - Setting next_dagrun for example_branch_labels to 2023-05-16T00:00:00+00:00, run_after=2023-05-17T00:00:00+00:00
[2023-05-17 16:55:09,186] {processor.py:161} INFO - Processing /home/airflow/.local/lib/python3.7/site-packages/airflow/example_dags/example_branch_labels.py took 0.106 seconds
