[2023-05-17T16:27:44.876+0000] {processor.py:157} INFO - Started process (PID=41) to work on /home/airflow/.local/lib/python3.7/site-packages/airflow/example_dags/tutorial.py
[2023-05-17T16:27:44.880+0000] {processor.py:826} INFO - Processing file /home/airflow/.local/lib/python3.7/site-packages/airflow/example_dags/tutorial.py for tasks to queue
[2023-05-17T16:27:44.882+0000] {logging_mixin.py:149} INFO - [2023-05-17T16:27:44.882+0000] {dagbag.py:541} INFO - Filling up the DagBag from /home/airflow/.local/lib/python3.7/site-packages/airflow/example_dags/tutorial.py
[2023-05-17T16:27:44.927+0000] {processor.py:836} INFO - DAG(s) dict_keys(['tutorial']) retrieved from /home/airflow/.local/lib/python3.7/site-packages/airflow/example_dags/tutorial.py
[2023-05-17T16:27:44.956+0000] {logging_mixin.py:149} INFO - [2023-05-17T16:27:44.956+0000] {dag.py:2726} INFO - Sync 1 DAGs
[2023-05-17T16:27:45.014+0000] {logging_mixin.py:149} INFO - [2023-05-17T16:27:45.013+0000] {dag.py:3490} INFO - Setting next_dagrun for tutorial to 2023-05-16T16:27:45.013513+00:00, run_after=2023-05-17T16:27:45.013513+00:00
[2023-05-17T16:27:45.061+0000] {processor.py:179} INFO - Processing /home/airflow/.local/lib/python3.7/site-packages/airflow/example_dags/tutorial.py took 0.189 seconds
[2023-05-17T16:28:33.350+0000] {processor.py:157} INFO - Started process (PID=90) to work on /home/airflow/.local/lib/python3.7/site-packages/airflow/example_dags/tutorial.py
[2023-05-17T16:28:33.352+0000] {processor.py:826} INFO - Processing file /home/airflow/.local/lib/python3.7/site-packages/airflow/example_dags/tutorial.py for tasks to queue
[2023-05-17T16:28:33.354+0000] {logging_mixin.py:149} INFO - [2023-05-17T16:28:33.354+0000] {dagbag.py:541} INFO - Filling up the DagBag from /home/airflow/.local/lib/python3.7/site-packages/airflow/example_dags/tutorial.py
[2023-05-17T16:28:33.368+0000] {processor.py:836} INFO - DAG(s) dict_keys(['tutorial']) retrieved from /home/airflow/.local/lib/python3.7/site-packages/airflow/example_dags/tutorial.py
[2023-05-17T16:28:33.416+0000] {logging_mixin.py:149} INFO - [2023-05-17T16:28:33.415+0000] {dag.py:2726} INFO - Sync 1 DAGs
[2023-05-17T16:28:33.466+0000] {logging_mixin.py:149} INFO - [2023-05-17T16:28:33.466+0000] {dag.py:3490} INFO - Setting next_dagrun for tutorial to 2023-05-16T16:28:33.465670+00:00, run_after=2023-05-17T16:28:33.465670+00:00
[2023-05-17T16:28:33.501+0000] {processor.py:179} INFO - Processing /home/airflow/.local/lib/python3.7/site-packages/airflow/example_dags/tutorial.py took 0.158 seconds
[2023-05-17T16:29:03.827+0000] {processor.py:157} INFO - Started process (PID=141) to work on /home/airflow/.local/lib/python3.7/site-packages/airflow/example_dags/tutorial.py
[2023-05-17T16:29:03.832+0000] {processor.py:826} INFO - Processing file /home/airflow/.local/lib/python3.7/site-packages/airflow/example_dags/tutorial.py for tasks to queue
[2023-05-17T16:29:03.836+0000] {logging_mixin.py:149} INFO - [2023-05-17T16:29:03.836+0000] {dagbag.py:541} INFO - Filling up the DagBag from /home/airflow/.local/lib/python3.7/site-packages/airflow/example_dags/tutorial.py
[2023-05-17T16:29:03.852+0000] {processor.py:836} INFO - DAG(s) dict_keys(['tutorial']) retrieved from /home/airflow/.local/lib/python3.7/site-packages/airflow/example_dags/tutorial.py
[2023-05-17T16:29:03.907+0000] {logging_mixin.py:149} INFO - [2023-05-17T16:29:03.907+0000] {dag.py:2726} INFO - Sync 1 DAGs
[2023-05-17T16:29:03.952+0000] {logging_mixin.py:149} INFO - [2023-05-17T16:29:03.951+0000] {dag.py:3490} INFO - Setting next_dagrun for tutorial to 2023-05-16T16:29:03.950892+00:00, run_after=2023-05-17T16:29:03.950892+00:00
[2023-05-17T16:29:03.999+0000] {processor.py:179} INFO - Processing /home/airflow/.local/lib/python3.7/site-packages/airflow/example_dags/tutorial.py took 0.184 seconds
[2023-05-17T16:30:48.233+0000] {processor.py:157} INFO - Started process (PID=194) to work on /home/airflow/.local/lib/python3.7/site-packages/airflow/example_dags/tutorial.py
[2023-05-17T16:30:48.236+0000] {processor.py:826} INFO - Processing file /home/airflow/.local/lib/python3.7/site-packages/airflow/example_dags/tutorial.py for tasks to queue
[2023-05-17T16:30:48.239+0000] {logging_mixin.py:149} INFO - [2023-05-17T16:30:48.239+0000] {dagbag.py:541} INFO - Filling up the DagBag from /home/airflow/.local/lib/python3.7/site-packages/airflow/example_dags/tutorial.py
[2023-05-17T16:30:48.256+0000] {processor.py:836} INFO - DAG(s) dict_keys(['tutorial']) retrieved from /home/airflow/.local/lib/python3.7/site-packages/airflow/example_dags/tutorial.py
[2023-05-17T16:30:48.326+0000] {logging_mixin.py:149} INFO - [2023-05-17T16:30:48.326+0000] {dag.py:2726} INFO - Sync 1 DAGs
[2023-05-17T16:30:48.452+0000] {logging_mixin.py:149} INFO - [2023-05-17T16:30:48.451+0000] {dag.py:3490} INFO - Setting next_dagrun for tutorial to 2023-05-16T16:30:48.447988+00:00, run_after=2023-05-17T16:30:48.447988+00:00
[2023-05-17T16:30:57.953+0000] {processor.py:179} INFO - Processing /home/airflow/.local/lib/python3.7/site-packages/airflow/example_dags/tutorial.py took 9.820 seconds
[2023-05-17 16:35:29,407] {processor.py:153} INFO - Started process (PID=60) to work on /home/airflow/.local/lib/python3.7/site-packages/airflow/example_dags/tutorial.py
[2023-05-17 16:35:29,432] {processor.py:641} INFO - Processing file /home/airflow/.local/lib/python3.7/site-packages/airflow/example_dags/tutorial.py for tasks to queue
[2023-05-17 16:35:29,444] {logging_mixin.py:115} INFO - [2023-05-17 16:35:29,442] {dagbag.py:507} INFO - Filling up the DagBag from /home/airflow/.local/lib/python3.7/site-packages/airflow/example_dags/tutorial.py
[2023-05-17 16:35:29,606] {processor.py:651} INFO - DAG(s) dict_keys(['tutorial']) retrieved from /home/airflow/.local/lib/python3.7/site-packages/airflow/example_dags/tutorial.py
[2023-05-17 16:35:34,868] {logging_mixin.py:115} INFO - [2023-05-17 16:35:34,867] {manager.py:508} INFO - Created Permission View: can read on DAG:tutorial
[2023-05-17 16:35:34,891] {logging_mixin.py:115} INFO - [2023-05-17 16:35:34,890] {manager.py:508} INFO - Created Permission View: can delete on DAG:tutorial
[2023-05-17 16:35:34,909] {logging_mixin.py:115} INFO - [2023-05-17 16:35:34,908] {manager.py:508} INFO - Created Permission View: can edit on DAG:tutorial
[2023-05-17 16:35:34,911] {logging_mixin.py:115} INFO - [2023-05-17 16:35:34,911] {dag.py:2371} INFO - Sync 1 DAGs
[2023-05-17 16:35:34,927] {logging_mixin.py:115} INFO - [2023-05-17 16:35:34,927] {dag.py:2390} INFO - Creating ORM DAG for tutorial
[2023-05-17 16:35:34,977] {logging_mixin.py:115} INFO - [2023-05-17 16:35:34,977] {dag.py:2919} INFO - Setting next_dagrun for tutorial to 2023-05-16T16:35:34.973308+00:00, run_after=2023-05-17T16:35:34.973308+00:00
[2023-05-17 16:35:35,147] {processor.py:161} INFO - Processing /home/airflow/.local/lib/python3.7/site-packages/airflow/example_dags/tutorial.py took 5.852 seconds
[2023-05-17 16:36:10,129] {processor.py:153} INFO - Started process (PID=121) to work on /home/airflow/.local/lib/python3.7/site-packages/airflow/example_dags/tutorial.py
[2023-05-17 16:36:10,168] {processor.py:641} INFO - Processing file /home/airflow/.local/lib/python3.7/site-packages/airflow/example_dags/tutorial.py for tasks to queue
[2023-05-17 16:36:10,191] {logging_mixin.py:115} INFO - [2023-05-17 16:36:10,191] {dagbag.py:507} INFO - Filling up the DagBag from /home/airflow/.local/lib/python3.7/site-packages/airflow/example_dags/tutorial.py
[2023-05-17 16:36:10,234] {processor.py:651} INFO - DAG(s) dict_keys(['tutorial']) retrieved from /home/airflow/.local/lib/python3.7/site-packages/airflow/example_dags/tutorial.py
[2023-05-17 16:36:10,365] {logging_mixin.py:115} INFO - [2023-05-17 16:36:10,364] {dag.py:2371} INFO - Sync 1 DAGs
[2023-05-17 16:36:10,514] {logging_mixin.py:115} INFO - [2023-05-17 16:36:10,514] {dag.py:2919} INFO - Setting next_dagrun for tutorial to 2023-05-16T16:36:10.509960+00:00, run_after=2023-05-17T16:36:10.509960+00:00
[2023-05-17 16:36:10,572] {processor.py:161} INFO - Processing /home/airflow/.local/lib/python3.7/site-packages/airflow/example_dags/tutorial.py took 0.497 seconds
[2023-05-17 16:40:55,998] {processor.py:153} INFO - Started process (PID=49) to work on /home/airflow/.local/lib/python3.7/site-packages/airflow/example_dags/tutorial.py
[2023-05-17 16:40:56,004] {processor.py:641} INFO - Processing file /home/airflow/.local/lib/python3.7/site-packages/airflow/example_dags/tutorial.py for tasks to queue
[2023-05-17 16:40:56,008] {logging_mixin.py:115} INFO - [2023-05-17 16:40:56,007] {dagbag.py:507} INFO - Filling up the DagBag from /home/airflow/.local/lib/python3.7/site-packages/airflow/example_dags/tutorial.py
[2023-05-17 16:40:56,023] {processor.py:651} INFO - DAG(s) dict_keys(['tutorial']) retrieved from /home/airflow/.local/lib/python3.7/site-packages/airflow/example_dags/tutorial.py
[2023-05-17 16:40:56,091] {logging_mixin.py:115} INFO - [2023-05-17 16:40:56,091] {dag.py:2371} INFO - Sync 1 DAGs
[2023-05-17 16:40:56,139] {logging_mixin.py:115} INFO - [2023-05-17 16:40:56,138] {dag.py:2919} INFO - Setting next_dagrun for tutorial to 2023-05-16T16:40:56.138247+00:00, run_after=2023-05-17T16:40:56.138247+00:00
[2023-05-17 16:40:56,165] {processor.py:161} INFO - Processing /home/airflow/.local/lib/python3.7/site-packages/airflow/example_dags/tutorial.py took 0.174 seconds
[2023-05-17 16:41:26,672] {processor.py:153} INFO - Started process (PID=103) to work on /home/airflow/.local/lib/python3.7/site-packages/airflow/example_dags/tutorial.py
[2023-05-17 16:41:26,675] {processor.py:641} INFO - Processing file /home/airflow/.local/lib/python3.7/site-packages/airflow/example_dags/tutorial.py for tasks to queue
[2023-05-17 16:41:26,678] {logging_mixin.py:115} INFO - [2023-05-17 16:41:26,678] {dagbag.py:507} INFO - Filling up the DagBag from /home/airflow/.local/lib/python3.7/site-packages/airflow/example_dags/tutorial.py
[2023-05-17 16:41:26,692] {processor.py:651} INFO - DAG(s) dict_keys(['tutorial']) retrieved from /home/airflow/.local/lib/python3.7/site-packages/airflow/example_dags/tutorial.py
[2023-05-17 16:41:26,751] {logging_mixin.py:115} INFO - [2023-05-17 16:41:26,751] {dag.py:2371} INFO - Sync 1 DAGs
[2023-05-17 16:41:26,810] {logging_mixin.py:115} INFO - [2023-05-17 16:41:26,810] {dag.py:2919} INFO - Setting next_dagrun for tutorial to 2023-05-16T16:41:26.809272+00:00, run_after=2023-05-17T16:41:26.809272+00:00
[2023-05-17 16:41:26,897] {processor.py:161} INFO - Processing /home/airflow/.local/lib/python3.7/site-packages/airflow/example_dags/tutorial.py took 0.233 seconds
[2023-05-17 16:41:57,769] {processor.py:153} INFO - Started process (PID=163) to work on /home/airflow/.local/lib/python3.7/site-packages/airflow/example_dags/tutorial.py
[2023-05-17 16:41:57,771] {processor.py:641} INFO - Processing file /home/airflow/.local/lib/python3.7/site-packages/airflow/example_dags/tutorial.py for tasks to queue
[2023-05-17 16:41:57,773] {logging_mixin.py:115} INFO - [2023-05-17 16:41:57,772] {dagbag.py:507} INFO - Filling up the DagBag from /home/airflow/.local/lib/python3.7/site-packages/airflow/example_dags/tutorial.py
[2023-05-17 16:41:57,787] {processor.py:651} INFO - DAG(s) dict_keys(['tutorial']) retrieved from /home/airflow/.local/lib/python3.7/site-packages/airflow/example_dags/tutorial.py
[2023-05-17 16:41:57,847] {logging_mixin.py:115} INFO - [2023-05-17 16:41:57,846] {dag.py:2371} INFO - Sync 1 DAGs
[2023-05-17 16:41:57,898] {logging_mixin.py:115} INFO - [2023-05-17 16:41:57,897] {dag.py:2919} INFO - Setting next_dagrun for tutorial to 2023-05-16T16:41:57.896743+00:00, run_after=2023-05-17T16:41:57.896743+00:00
[2023-05-17 16:41:57,936] {processor.py:161} INFO - Processing /home/airflow/.local/lib/python3.7/site-packages/airflow/example_dags/tutorial.py took 0.173 seconds
[2023-05-17 16:42:28,205] {processor.py:153} INFO - Started process (PID=219) to work on /home/airflow/.local/lib/python3.7/site-packages/airflow/example_dags/tutorial.py
[2023-05-17 16:42:28,207] {processor.py:641} INFO - Processing file /home/airflow/.local/lib/python3.7/site-packages/airflow/example_dags/tutorial.py for tasks to queue
[2023-05-17 16:42:28,209] {logging_mixin.py:115} INFO - [2023-05-17 16:42:28,209] {dagbag.py:507} INFO - Filling up the DagBag from /home/airflow/.local/lib/python3.7/site-packages/airflow/example_dags/tutorial.py
[2023-05-17 16:42:28,219] {processor.py:651} INFO - DAG(s) dict_keys(['tutorial']) retrieved from /home/airflow/.local/lib/python3.7/site-packages/airflow/example_dags/tutorial.py
[2023-05-17 16:42:28,255] {logging_mixin.py:115} INFO - [2023-05-17 16:42:28,255] {dag.py:2371} INFO - Sync 1 DAGs
[2023-05-17 16:42:28,285] {logging_mixin.py:115} INFO - [2023-05-17 16:42:28,285] {dag.py:2919} INFO - Setting next_dagrun for tutorial to 2023-05-16T16:42:28.285312+00:00, run_after=2023-05-17T16:42:28.285312+00:00
[2023-05-17 16:42:28,306] {processor.py:161} INFO - Processing /home/airflow/.local/lib/python3.7/site-packages/airflow/example_dags/tutorial.py took 0.106 seconds
[2023-05-17 16:42:59,004] {processor.py:153} INFO - Started process (PID=283) to work on /home/airflow/.local/lib/python3.7/site-packages/airflow/example_dags/tutorial.py
[2023-05-17 16:42:59,008] {processor.py:641} INFO - Processing file /home/airflow/.local/lib/python3.7/site-packages/airflow/example_dags/tutorial.py for tasks to queue
[2023-05-17 16:42:59,010] {logging_mixin.py:115} INFO - [2023-05-17 16:42:59,010] {dagbag.py:507} INFO - Filling up the DagBag from /home/airflow/.local/lib/python3.7/site-packages/airflow/example_dags/tutorial.py
[2023-05-17 16:42:59,021] {processor.py:651} INFO - DAG(s) dict_keys(['tutorial']) retrieved from /home/airflow/.local/lib/python3.7/site-packages/airflow/example_dags/tutorial.py
[2023-05-17 16:42:59,118] {logging_mixin.py:115} INFO - [2023-05-17 16:42:59,118] {dag.py:2371} INFO - Sync 1 DAGs
[2023-05-17 16:42:59,192] {logging_mixin.py:115} INFO - [2023-05-17 16:42:59,192] {dag.py:2919} INFO - Setting next_dagrun for tutorial to 2023-05-16T16:42:59.189962+00:00, run_after=2023-05-17T16:42:59.189962+00:00
[2023-05-17 16:42:59,266] {processor.py:161} INFO - Processing /home/airflow/.local/lib/python3.7/site-packages/airflow/example_dags/tutorial.py took 0.268 seconds
[2023-05-17 16:43:29,509] {processor.py:153} INFO - Started process (PID=336) to work on /home/airflow/.local/lib/python3.7/site-packages/airflow/example_dags/tutorial.py
[2023-05-17 16:43:29,515] {processor.py:641} INFO - Processing file /home/airflow/.local/lib/python3.7/site-packages/airflow/example_dags/tutorial.py for tasks to queue
[2023-05-17 16:43:29,518] {logging_mixin.py:115} INFO - [2023-05-17 16:43:29,517] {dagbag.py:507} INFO - Filling up the DagBag from /home/airflow/.local/lib/python3.7/site-packages/airflow/example_dags/tutorial.py
[2023-05-17 16:43:29,528] {processor.py:651} INFO - DAG(s) dict_keys(['tutorial']) retrieved from /home/airflow/.local/lib/python3.7/site-packages/airflow/example_dags/tutorial.py
[2023-05-17 16:43:29,582] {logging_mixin.py:115} INFO - [2023-05-17 16:43:29,582] {dag.py:2371} INFO - Sync 1 DAGs
[2023-05-17 16:43:29,638] {logging_mixin.py:115} INFO - [2023-05-17 16:43:29,638] {dag.py:2919} INFO - Setting next_dagrun for tutorial to 2023-05-16T16:43:29.637560+00:00, run_after=2023-05-17T16:43:29.637560+00:00
[2023-05-17 16:43:29,676] {processor.py:161} INFO - Processing /home/airflow/.local/lib/python3.7/site-packages/airflow/example_dags/tutorial.py took 0.176 seconds
[2023-05-17 16:44:00,391] {processor.py:153} INFO - Started process (PID=398) to work on /home/airflow/.local/lib/python3.7/site-packages/airflow/example_dags/tutorial.py
[2023-05-17 16:44:00,392] {processor.py:641} INFO - Processing file /home/airflow/.local/lib/python3.7/site-packages/airflow/example_dags/tutorial.py for tasks to queue
[2023-05-17 16:44:00,395] {logging_mixin.py:115} INFO - [2023-05-17 16:44:00,395] {dagbag.py:507} INFO - Filling up the DagBag from /home/airflow/.local/lib/python3.7/site-packages/airflow/example_dags/tutorial.py
[2023-05-17 16:44:00,415] {processor.py:651} INFO - DAG(s) dict_keys(['tutorial']) retrieved from /home/airflow/.local/lib/python3.7/site-packages/airflow/example_dags/tutorial.py
[2023-05-17 16:44:00,453] {logging_mixin.py:115} INFO - [2023-05-17 16:44:00,453] {dag.py:2371} INFO - Sync 1 DAGs
[2023-05-17 16:44:00,493] {logging_mixin.py:115} INFO - [2023-05-17 16:44:00,493] {dag.py:2919} INFO - Setting next_dagrun for tutorial to 2023-05-16T16:44:00.492820+00:00, run_after=2023-05-17T16:44:00.492820+00:00
[2023-05-17 16:44:00,520] {processor.py:161} INFO - Processing /home/airflow/.local/lib/python3.7/site-packages/airflow/example_dags/tutorial.py took 0.136 seconds
[2023-05-17 16:44:30,981] {processor.py:153} INFO - Started process (PID=461) to work on /home/airflow/.local/lib/python3.7/site-packages/airflow/example_dags/tutorial.py
[2023-05-17 16:44:30,984] {processor.py:641} INFO - Processing file /home/airflow/.local/lib/python3.7/site-packages/airflow/example_dags/tutorial.py for tasks to queue
[2023-05-17 16:44:30,985] {logging_mixin.py:115} INFO - [2023-05-17 16:44:30,985] {dagbag.py:507} INFO - Filling up the DagBag from /home/airflow/.local/lib/python3.7/site-packages/airflow/example_dags/tutorial.py
[2023-05-17 16:44:30,995] {processor.py:651} INFO - DAG(s) dict_keys(['tutorial']) retrieved from /home/airflow/.local/lib/python3.7/site-packages/airflow/example_dags/tutorial.py
[2023-05-17 16:44:31,033] {logging_mixin.py:115} INFO - [2023-05-17 16:44:31,032] {dag.py:2371} INFO - Sync 1 DAGs
[2023-05-17 16:44:31,061] {logging_mixin.py:115} INFO - [2023-05-17 16:44:31,061] {dag.py:2919} INFO - Setting next_dagrun for tutorial to 2023-05-16T16:44:31.061005+00:00, run_after=2023-05-17T16:44:31.061005+00:00
[2023-05-17 16:44:31,079] {processor.py:161} INFO - Processing /home/airflow/.local/lib/python3.7/site-packages/airflow/example_dags/tutorial.py took 0.103 seconds
[2023-05-17 16:45:02,114] {processor.py:153} INFO - Started process (PID=513) to work on /home/airflow/.local/lib/python3.7/site-packages/airflow/example_dags/tutorial.py
[2023-05-17 16:45:02,119] {processor.py:641} INFO - Processing file /home/airflow/.local/lib/python3.7/site-packages/airflow/example_dags/tutorial.py for tasks to queue
[2023-05-17 16:45:02,121] {logging_mixin.py:115} INFO - [2023-05-17 16:45:02,121] {dagbag.py:507} INFO - Filling up the DagBag from /home/airflow/.local/lib/python3.7/site-packages/airflow/example_dags/tutorial.py
[2023-05-17 16:45:02,130] {processor.py:651} INFO - DAG(s) dict_keys(['tutorial']) retrieved from /home/airflow/.local/lib/python3.7/site-packages/airflow/example_dags/tutorial.py
[2023-05-17 16:45:02,182] {logging_mixin.py:115} INFO - [2023-05-17 16:45:02,182] {dag.py:2371} INFO - Sync 1 DAGs
[2023-05-17 16:45:02,221] {logging_mixin.py:115} INFO - [2023-05-17 16:45:02,221] {dag.py:2919} INFO - Setting next_dagrun for tutorial to 2023-05-16T16:45:02.220985+00:00, run_after=2023-05-17T16:45:02.220985+00:00
[2023-05-17 16:45:02,248] {processor.py:161} INFO - Processing /home/airflow/.local/lib/python3.7/site-packages/airflow/example_dags/tutorial.py took 0.140 seconds
[2023-05-17 16:45:33,074] {processor.py:153} INFO - Started process (PID=577) to work on /home/airflow/.local/lib/python3.7/site-packages/airflow/example_dags/tutorial.py
[2023-05-17 16:45:33,077] {processor.py:641} INFO - Processing file /home/airflow/.local/lib/python3.7/site-packages/airflow/example_dags/tutorial.py for tasks to queue
[2023-05-17 16:45:33,082] {logging_mixin.py:115} INFO - [2023-05-17 16:45:33,082] {dagbag.py:507} INFO - Filling up the DagBag from /home/airflow/.local/lib/python3.7/site-packages/airflow/example_dags/tutorial.py
[2023-05-17 16:45:33,122] {processor.py:651} INFO - DAG(s) dict_keys(['tutorial']) retrieved from /home/airflow/.local/lib/python3.7/site-packages/airflow/example_dags/tutorial.py
[2023-05-17 16:45:33,241] {logging_mixin.py:115} INFO - [2023-05-17 16:45:33,241] {dag.py:2371} INFO - Sync 1 DAGs
[2023-05-17 16:45:33,287] {logging_mixin.py:115} INFO - [2023-05-17 16:45:33,287] {dag.py:2919} INFO - Setting next_dagrun for tutorial to 2023-05-16T16:45:33.286455+00:00, run_after=2023-05-17T16:45:33.286455+00:00
[2023-05-17 16:45:33,312] {processor.py:161} INFO - Processing /home/airflow/.local/lib/python3.7/site-packages/airflow/example_dags/tutorial.py took 0.270 seconds
[2023-05-17 16:46:03,946] {processor.py:153} INFO - Started process (PID=637) to work on /home/airflow/.local/lib/python3.7/site-packages/airflow/example_dags/tutorial.py
[2023-05-17 16:46:03,953] {processor.py:641} INFO - Processing file /home/airflow/.local/lib/python3.7/site-packages/airflow/example_dags/tutorial.py for tasks to queue
[2023-05-17 16:46:03,956] {logging_mixin.py:115} INFO - [2023-05-17 16:46:03,956] {dagbag.py:507} INFO - Filling up the DagBag from /home/airflow/.local/lib/python3.7/site-packages/airflow/example_dags/tutorial.py
[2023-05-17 16:46:03,968] {processor.py:651} INFO - DAG(s) dict_keys(['tutorial']) retrieved from /home/airflow/.local/lib/python3.7/site-packages/airflow/example_dags/tutorial.py
[2023-05-17 16:46:04,016] {logging_mixin.py:115} INFO - [2023-05-17 16:46:04,016] {dag.py:2371} INFO - Sync 1 DAGs
[2023-05-17 16:46:04,058] {logging_mixin.py:115} INFO - [2023-05-17 16:46:04,058] {dag.py:2919} INFO - Setting next_dagrun for tutorial to 2023-05-16T16:46:04.057544+00:00, run_after=2023-05-17T16:46:04.057544+00:00
[2023-05-17 16:46:04,090] {processor.py:161} INFO - Processing /home/airflow/.local/lib/python3.7/site-packages/airflow/example_dags/tutorial.py took 0.157 seconds
[2023-05-17 16:46:34,180] {processor.py:153} INFO - Started process (PID=695) to work on /home/airflow/.local/lib/python3.7/site-packages/airflow/example_dags/tutorial.py
[2023-05-17 16:46:34,182] {processor.py:641} INFO - Processing file /home/airflow/.local/lib/python3.7/site-packages/airflow/example_dags/tutorial.py for tasks to queue
[2023-05-17 16:46:34,184] {logging_mixin.py:115} INFO - [2023-05-17 16:46:34,184] {dagbag.py:507} INFO - Filling up the DagBag from /home/airflow/.local/lib/python3.7/site-packages/airflow/example_dags/tutorial.py
[2023-05-17 16:46:34,194] {processor.py:651} INFO - DAG(s) dict_keys(['tutorial']) retrieved from /home/airflow/.local/lib/python3.7/site-packages/airflow/example_dags/tutorial.py
[2023-05-17 16:46:34,226] {logging_mixin.py:115} INFO - [2023-05-17 16:46:34,226] {dag.py:2371} INFO - Sync 1 DAGs
[2023-05-17 16:46:34,258] {logging_mixin.py:115} INFO - [2023-05-17 16:46:34,258] {dag.py:2919} INFO - Setting next_dagrun for tutorial to 2023-05-16T16:46:34.257577+00:00, run_after=2023-05-17T16:46:34.257577+00:00
[2023-05-17 16:46:34,274] {processor.py:161} INFO - Processing /home/airflow/.local/lib/python3.7/site-packages/airflow/example_dags/tutorial.py took 0.098 seconds
[2023-05-17 16:47:04,763] {processor.py:153} INFO - Started process (PID=758) to work on /home/airflow/.local/lib/python3.7/site-packages/airflow/example_dags/tutorial.py
[2023-05-17 16:47:04,765] {processor.py:641} INFO - Processing file /home/airflow/.local/lib/python3.7/site-packages/airflow/example_dags/tutorial.py for tasks to queue
[2023-05-17 16:47:04,766] {logging_mixin.py:115} INFO - [2023-05-17 16:47:04,766] {dagbag.py:507} INFO - Filling up the DagBag from /home/airflow/.local/lib/python3.7/site-packages/airflow/example_dags/tutorial.py
[2023-05-17 16:47:04,773] {processor.py:651} INFO - DAG(s) dict_keys(['tutorial']) retrieved from /home/airflow/.local/lib/python3.7/site-packages/airflow/example_dags/tutorial.py
[2023-05-17 16:47:04,802] {logging_mixin.py:115} INFO - [2023-05-17 16:47:04,802] {dag.py:2371} INFO - Sync 1 DAGs
[2023-05-17 16:47:04,825] {logging_mixin.py:115} INFO - [2023-05-17 16:47:04,825] {dag.py:2919} INFO - Setting next_dagrun for tutorial to 2023-05-16T16:47:04.825272+00:00, run_after=2023-05-17T16:47:04.825272+00:00
[2023-05-17 16:47:04,842] {processor.py:161} INFO - Processing /home/airflow/.local/lib/python3.7/site-packages/airflow/example_dags/tutorial.py took 0.082 seconds
[2023-05-17 16:47:35,691] {processor.py:153} INFO - Started process (PID=811) to work on /home/airflow/.local/lib/python3.7/site-packages/airflow/example_dags/tutorial.py
[2023-05-17 16:47:35,697] {processor.py:641} INFO - Processing file /home/airflow/.local/lib/python3.7/site-packages/airflow/example_dags/tutorial.py for tasks to queue
[2023-05-17 16:47:35,712] {logging_mixin.py:115} INFO - [2023-05-17 16:47:35,712] {dagbag.py:507} INFO - Filling up the DagBag from /home/airflow/.local/lib/python3.7/site-packages/airflow/example_dags/tutorial.py
[2023-05-17 16:47:35,734] {processor.py:651} INFO - DAG(s) dict_keys(['tutorial']) retrieved from /home/airflow/.local/lib/python3.7/site-packages/airflow/example_dags/tutorial.py
[2023-05-17 16:47:35,903] {logging_mixin.py:115} INFO - [2023-05-17 16:47:35,898] {dag.py:2371} INFO - Sync 1 DAGs
[2023-05-17 16:47:35,980] {logging_mixin.py:115} INFO - [2023-05-17 16:47:35,980] {dag.py:2919} INFO - Setting next_dagrun for tutorial to 2023-05-16T16:47:35.979602+00:00, run_after=2023-05-17T16:47:35.979602+00:00
[2023-05-17 16:47:36,024] {processor.py:161} INFO - Processing /home/airflow/.local/lib/python3.7/site-packages/airflow/example_dags/tutorial.py took 0.347 seconds
[2023-05-17 16:48:06,201] {processor.py:153} INFO - Started process (PID=867) to work on /home/airflow/.local/lib/python3.7/site-packages/airflow/example_dags/tutorial.py
[2023-05-17 16:48:06,203] {processor.py:641} INFO - Processing file /home/airflow/.local/lib/python3.7/site-packages/airflow/example_dags/tutorial.py for tasks to queue
[2023-05-17 16:48:06,206] {logging_mixin.py:115} INFO - [2023-05-17 16:48:06,205] {dagbag.py:507} INFO - Filling up the DagBag from /home/airflow/.local/lib/python3.7/site-packages/airflow/example_dags/tutorial.py
[2023-05-17 16:48:06,219] {processor.py:651} INFO - DAG(s) dict_keys(['tutorial']) retrieved from /home/airflow/.local/lib/python3.7/site-packages/airflow/example_dags/tutorial.py
[2023-05-17 16:48:06,281] {logging_mixin.py:115} INFO - [2023-05-17 16:48:06,281] {dag.py:2371} INFO - Sync 1 DAGs
[2023-05-17 16:48:06,333] {logging_mixin.py:115} INFO - [2023-05-17 16:48:06,332] {dag.py:2919} INFO - Setting next_dagrun for tutorial to 2023-05-16T16:48:06.332033+00:00, run_after=2023-05-17T16:48:06.332033+00:00
[2023-05-17 16:48:06,354] {processor.py:161} INFO - Processing /home/airflow/.local/lib/python3.7/site-packages/airflow/example_dags/tutorial.py took 0.157 seconds
[2023-05-17 16:48:37,037] {processor.py:153} INFO - Started process (PID=932) to work on /home/airflow/.local/lib/python3.7/site-packages/airflow/example_dags/tutorial.py
[2023-05-17 16:48:37,038] {processor.py:641} INFO - Processing file /home/airflow/.local/lib/python3.7/site-packages/airflow/example_dags/tutorial.py for tasks to queue
[2023-05-17 16:48:37,040] {logging_mixin.py:115} INFO - [2023-05-17 16:48:37,039] {dagbag.py:507} INFO - Filling up the DagBag from /home/airflow/.local/lib/python3.7/site-packages/airflow/example_dags/tutorial.py
[2023-05-17 16:48:37,049] {processor.py:651} INFO - DAG(s) dict_keys(['tutorial']) retrieved from /home/airflow/.local/lib/python3.7/site-packages/airflow/example_dags/tutorial.py
[2023-05-17 16:48:37,082] {logging_mixin.py:115} INFO - [2023-05-17 16:48:37,082] {dag.py:2371} INFO - Sync 1 DAGs
[2023-05-17 16:48:37,111] {logging_mixin.py:115} INFO - [2023-05-17 16:48:37,111] {dag.py:2919} INFO - Setting next_dagrun for tutorial to 2023-05-16T16:48:37.111028+00:00, run_after=2023-05-17T16:48:37.111028+00:00
[2023-05-17 16:48:37,126] {processor.py:161} INFO - Processing /home/airflow/.local/lib/python3.7/site-packages/airflow/example_dags/tutorial.py took 0.093 seconds
[2023-05-17 16:49:07,497] {processor.py:153} INFO - Started process (PID=989) to work on /home/airflow/.local/lib/python3.7/site-packages/airflow/example_dags/tutorial.py
[2023-05-17 16:49:07,502] {processor.py:641} INFO - Processing file /home/airflow/.local/lib/python3.7/site-packages/airflow/example_dags/tutorial.py for tasks to queue
[2023-05-17 16:49:07,504] {logging_mixin.py:115} INFO - [2023-05-17 16:49:07,504] {dagbag.py:507} INFO - Filling up the DagBag from /home/airflow/.local/lib/python3.7/site-packages/airflow/example_dags/tutorial.py
[2023-05-17 16:49:07,514] {processor.py:651} INFO - DAG(s) dict_keys(['tutorial']) retrieved from /home/airflow/.local/lib/python3.7/site-packages/airflow/example_dags/tutorial.py
[2023-05-17 16:49:07,568] {logging_mixin.py:115} INFO - [2023-05-17 16:49:07,567] {dag.py:2371} INFO - Sync 1 DAGs
[2023-05-17 16:49:07,657] {logging_mixin.py:115} INFO - [2023-05-17 16:49:07,657] {dag.py:2919} INFO - Setting next_dagrun for tutorial to 2023-05-16T16:49:07.656256+00:00, run_after=2023-05-17T16:49:07.656256+00:00
[2023-05-17 16:49:07,737] {processor.py:161} INFO - Processing /home/airflow/.local/lib/python3.7/site-packages/airflow/example_dags/tutorial.py took 0.245 seconds
[2023-05-17 16:49:38,565] {processor.py:153} INFO - Started process (PID=1053) to work on /home/airflow/.local/lib/python3.7/site-packages/airflow/example_dags/tutorial.py
[2023-05-17 16:49:38,566] {processor.py:641} INFO - Processing file /home/airflow/.local/lib/python3.7/site-packages/airflow/example_dags/tutorial.py for tasks to queue
[2023-05-17 16:49:38,567] {logging_mixin.py:115} INFO - [2023-05-17 16:49:38,567] {dagbag.py:507} INFO - Filling up the DagBag from /home/airflow/.local/lib/python3.7/site-packages/airflow/example_dags/tutorial.py
[2023-05-17 16:49:38,576] {processor.py:651} INFO - DAG(s) dict_keys(['tutorial']) retrieved from /home/airflow/.local/lib/python3.7/site-packages/airflow/example_dags/tutorial.py
[2023-05-17 16:49:38,623] {logging_mixin.py:115} INFO - [2023-05-17 16:49:38,623] {dag.py:2371} INFO - Sync 1 DAGs
[2023-05-17 16:49:38,651] {logging_mixin.py:115} INFO - [2023-05-17 16:49:38,651] {dag.py:2919} INFO - Setting next_dagrun for tutorial to 2023-05-16T16:49:38.651377+00:00, run_after=2023-05-17T16:49:38.651377+00:00
[2023-05-17 16:49:38,669] {processor.py:161} INFO - Processing /home/airflow/.local/lib/python3.7/site-packages/airflow/example_dags/tutorial.py took 0.109 seconds
[2023-05-17 16:50:09,015] {processor.py:153} INFO - Started process (PID=1116) to work on /home/airflow/.local/lib/python3.7/site-packages/airflow/example_dags/tutorial.py
[2023-05-17 16:50:09,017] {processor.py:641} INFO - Processing file /home/airflow/.local/lib/python3.7/site-packages/airflow/example_dags/tutorial.py for tasks to queue
[2023-05-17 16:50:09,018] {logging_mixin.py:115} INFO - [2023-05-17 16:50:09,018] {dagbag.py:507} INFO - Filling up the DagBag from /home/airflow/.local/lib/python3.7/site-packages/airflow/example_dags/tutorial.py
[2023-05-17 16:50:09,026] {processor.py:651} INFO - DAG(s) dict_keys(['tutorial']) retrieved from /home/airflow/.local/lib/python3.7/site-packages/airflow/example_dags/tutorial.py
[2023-05-17 16:50:09,067] {logging_mixin.py:115} INFO - [2023-05-17 16:50:09,067] {dag.py:2371} INFO - Sync 1 DAGs
[2023-05-17 16:50:09,097] {logging_mixin.py:115} INFO - [2023-05-17 16:50:09,097] {dag.py:2919} INFO - Setting next_dagrun for tutorial to 2023-05-16T16:50:09.097092+00:00, run_after=2023-05-17T16:50:09.097092+00:00
[2023-05-17 16:50:09,114] {processor.py:161} INFO - Processing /home/airflow/.local/lib/python3.7/site-packages/airflow/example_dags/tutorial.py took 0.103 seconds
[2023-05-17 16:50:39,637] {processor.py:153} INFO - Started process (PID=1170) to work on /home/airflow/.local/lib/python3.7/site-packages/airflow/example_dags/tutorial.py
[2023-05-17 16:50:39,638] {processor.py:641} INFO - Processing file /home/airflow/.local/lib/python3.7/site-packages/airflow/example_dags/tutorial.py for tasks to queue
[2023-05-17 16:50:39,640] {logging_mixin.py:115} INFO - [2023-05-17 16:50:39,640] {dagbag.py:507} INFO - Filling up the DagBag from /home/airflow/.local/lib/python3.7/site-packages/airflow/example_dags/tutorial.py
[2023-05-17 16:50:39,647] {processor.py:651} INFO - DAG(s) dict_keys(['tutorial']) retrieved from /home/airflow/.local/lib/python3.7/site-packages/airflow/example_dags/tutorial.py
[2023-05-17 16:50:39,687] {logging_mixin.py:115} INFO - [2023-05-17 16:50:39,686] {dag.py:2371} INFO - Sync 1 DAGs
[2023-05-17 16:50:39,721] {logging_mixin.py:115} INFO - [2023-05-17 16:50:39,721] {dag.py:2919} INFO - Setting next_dagrun for tutorial to 2023-05-16T16:50:39.721161+00:00, run_after=2023-05-17T16:50:39.721161+00:00
[2023-05-17 16:50:39,741] {processor.py:161} INFO - Processing /home/airflow/.local/lib/python3.7/site-packages/airflow/example_dags/tutorial.py took 0.111 seconds
[2023-05-17 16:51:10,127] {processor.py:153} INFO - Started process (PID=1236) to work on /home/airflow/.local/lib/python3.7/site-packages/airflow/example_dags/tutorial.py
[2023-05-17 16:51:10,132] {processor.py:641} INFO - Processing file /home/airflow/.local/lib/python3.7/site-packages/airflow/example_dags/tutorial.py for tasks to queue
[2023-05-17 16:51:10,133] {logging_mixin.py:115} INFO - [2023-05-17 16:51:10,133] {dagbag.py:507} INFO - Filling up the DagBag from /home/airflow/.local/lib/python3.7/site-packages/airflow/example_dags/tutorial.py
[2023-05-17 16:51:10,150] {processor.py:651} INFO - DAG(s) dict_keys(['tutorial']) retrieved from /home/airflow/.local/lib/python3.7/site-packages/airflow/example_dags/tutorial.py
[2023-05-17 16:51:10,198] {logging_mixin.py:115} INFO - [2023-05-17 16:51:10,198] {dag.py:2371} INFO - Sync 1 DAGs
[2023-05-17 16:51:10,226] {logging_mixin.py:115} INFO - [2023-05-17 16:51:10,226] {dag.py:2919} INFO - Setting next_dagrun for tutorial to 2023-05-16T16:51:10.226182+00:00, run_after=2023-05-17T16:51:10.226182+00:00
[2023-05-17 16:51:10,247] {processor.py:161} INFO - Processing /home/airflow/.local/lib/python3.7/site-packages/airflow/example_dags/tutorial.py took 0.125 seconds
[2023-05-17 16:51:40,518] {processor.py:153} INFO - Started process (PID=1292) to work on /home/airflow/.local/lib/python3.7/site-packages/airflow/example_dags/tutorial.py
[2023-05-17 16:51:40,520] {processor.py:641} INFO - Processing file /home/airflow/.local/lib/python3.7/site-packages/airflow/example_dags/tutorial.py for tasks to queue
[2023-05-17 16:51:40,522] {logging_mixin.py:115} INFO - [2023-05-17 16:51:40,522] {dagbag.py:507} INFO - Filling up the DagBag from /home/airflow/.local/lib/python3.7/site-packages/airflow/example_dags/tutorial.py
[2023-05-17 16:51:40,533] {processor.py:651} INFO - DAG(s) dict_keys(['tutorial']) retrieved from /home/airflow/.local/lib/python3.7/site-packages/airflow/example_dags/tutorial.py
[2023-05-17 16:51:40,573] {logging_mixin.py:115} INFO - [2023-05-17 16:51:40,573] {dag.py:2371} INFO - Sync 1 DAGs
[2023-05-17 16:51:40,602] {logging_mixin.py:115} INFO - [2023-05-17 16:51:40,602] {dag.py:2919} INFO - Setting next_dagrun for tutorial to 2023-05-16T16:51:40.602047+00:00, run_after=2023-05-17T16:51:40.602047+00:00
[2023-05-17 16:51:40,619] {processor.py:161} INFO - Processing /home/airflow/.local/lib/python3.7/site-packages/airflow/example_dags/tutorial.py took 0.106 seconds
[2023-05-17 16:52:10,985] {processor.py:153} INFO - Started process (PID=1359) to work on /home/airflow/.local/lib/python3.7/site-packages/airflow/example_dags/tutorial.py
[2023-05-17 16:52:10,987] {processor.py:641} INFO - Processing file /home/airflow/.local/lib/python3.7/site-packages/airflow/example_dags/tutorial.py for tasks to queue
[2023-05-17 16:52:10,988] {logging_mixin.py:115} INFO - [2023-05-17 16:52:10,988] {dagbag.py:507} INFO - Filling up the DagBag from /home/airflow/.local/lib/python3.7/site-packages/airflow/example_dags/tutorial.py
[2023-05-17 16:52:10,998] {processor.py:651} INFO - DAG(s) dict_keys(['tutorial']) retrieved from /home/airflow/.local/lib/python3.7/site-packages/airflow/example_dags/tutorial.py
[2023-05-17 16:52:11,046] {logging_mixin.py:115} INFO - [2023-05-17 16:52:11,046] {dag.py:2371} INFO - Sync 1 DAGs
[2023-05-17 16:52:11,076] {logging_mixin.py:115} INFO - [2023-05-17 16:52:11,076] {dag.py:2919} INFO - Setting next_dagrun for tutorial to 2023-05-16T16:52:11.076105+00:00, run_after=2023-05-17T16:52:11.076105+00:00
[2023-05-17 16:52:11,097] {processor.py:161} INFO - Processing /home/airflow/.local/lib/python3.7/site-packages/airflow/example_dags/tutorial.py took 0.116 seconds
[2023-05-17 16:52:42,064] {processor.py:153} INFO - Started process (PID=1414) to work on /home/airflow/.local/lib/python3.7/site-packages/airflow/example_dags/tutorial.py
[2023-05-17 16:52:42,081] {processor.py:641} INFO - Processing file /home/airflow/.local/lib/python3.7/site-packages/airflow/example_dags/tutorial.py for tasks to queue
[2023-05-17 16:52:42,087] {logging_mixin.py:115} INFO - [2023-05-17 16:52:42,087] {dagbag.py:507} INFO - Filling up the DagBag from /home/airflow/.local/lib/python3.7/site-packages/airflow/example_dags/tutorial.py
[2023-05-17 16:52:42,137] {processor.py:651} INFO - DAG(s) dict_keys(['tutorial']) retrieved from /home/airflow/.local/lib/python3.7/site-packages/airflow/example_dags/tutorial.py
[2023-05-17 16:52:42,246] {logging_mixin.py:115} INFO - [2023-05-17 16:52:42,245] {dag.py:2371} INFO - Sync 1 DAGs
[2023-05-17 16:52:42,390] {logging_mixin.py:115} INFO - [2023-05-17 16:52:42,390] {dag.py:2919} INFO - Setting next_dagrun for tutorial to 2023-05-16T16:52:42.389830+00:00, run_after=2023-05-17T16:52:42.389830+00:00
[2023-05-17 16:52:42,474] {processor.py:161} INFO - Processing /home/airflow/.local/lib/python3.7/site-packages/airflow/example_dags/tutorial.py took 0.422 seconds
[2023-05-17 16:53:12,584] {processor.py:153} INFO - Started process (PID=1483) to work on /home/airflow/.local/lib/python3.7/site-packages/airflow/example_dags/tutorial.py
[2023-05-17 16:53:12,585] {processor.py:641} INFO - Processing file /home/airflow/.local/lib/python3.7/site-packages/airflow/example_dags/tutorial.py for tasks to queue
[2023-05-17 16:53:12,586] {logging_mixin.py:115} INFO - [2023-05-17 16:53:12,586] {dagbag.py:507} INFO - Filling up the DagBag from /home/airflow/.local/lib/python3.7/site-packages/airflow/example_dags/tutorial.py
[2023-05-17 16:53:12,593] {processor.py:651} INFO - DAG(s) dict_keys(['tutorial']) retrieved from /home/airflow/.local/lib/python3.7/site-packages/airflow/example_dags/tutorial.py
[2023-05-17 16:53:12,625] {logging_mixin.py:115} INFO - [2023-05-17 16:53:12,625] {dag.py:2371} INFO - Sync 1 DAGs
[2023-05-17 16:53:12,652] {logging_mixin.py:115} INFO - [2023-05-17 16:53:12,651] {dag.py:2919} INFO - Setting next_dagrun for tutorial to 2023-05-16T16:53:12.651260+00:00, run_after=2023-05-17T16:53:12.651260+00:00
[2023-05-17 16:53:12,669] {processor.py:161} INFO - Processing /home/airflow/.local/lib/python3.7/site-packages/airflow/example_dags/tutorial.py took 0.090 seconds
[2023-05-17 16:53:43,131] {processor.py:153} INFO - Started process (PID=1539) to work on /home/airflow/.local/lib/python3.7/site-packages/airflow/example_dags/tutorial.py
[2023-05-17 16:53:43,133] {processor.py:641} INFO - Processing file /home/airflow/.local/lib/python3.7/site-packages/airflow/example_dags/tutorial.py for tasks to queue
[2023-05-17 16:53:43,134] {logging_mixin.py:115} INFO - [2023-05-17 16:53:43,134] {dagbag.py:507} INFO - Filling up the DagBag from /home/airflow/.local/lib/python3.7/site-packages/airflow/example_dags/tutorial.py
[2023-05-17 16:53:43,143] {processor.py:651} INFO - DAG(s) dict_keys(['tutorial']) retrieved from /home/airflow/.local/lib/python3.7/site-packages/airflow/example_dags/tutorial.py
[2023-05-17 16:53:43,188] {logging_mixin.py:115} INFO - [2023-05-17 16:53:43,188] {dag.py:2371} INFO - Sync 1 DAGs
[2023-05-17 16:53:43,221] {logging_mixin.py:115} INFO - [2023-05-17 16:53:43,221] {dag.py:2919} INFO - Setting next_dagrun for tutorial to 2023-05-16T16:53:43.220840+00:00, run_after=2023-05-17T16:53:43.220840+00:00
[2023-05-17 16:53:43,243] {processor.py:161} INFO - Processing /home/airflow/.local/lib/python3.7/site-packages/airflow/example_dags/tutorial.py took 0.116 seconds
[2023-05-17 16:54:14,159] {processor.py:153} INFO - Started process (PID=1603) to work on /home/airflow/.local/lib/python3.7/site-packages/airflow/example_dags/tutorial.py
[2023-05-17 16:54:14,160] {processor.py:641} INFO - Processing file /home/airflow/.local/lib/python3.7/site-packages/airflow/example_dags/tutorial.py for tasks to queue
[2023-05-17 16:54:14,161] {logging_mixin.py:115} INFO - [2023-05-17 16:54:14,161] {dagbag.py:507} INFO - Filling up the DagBag from /home/airflow/.local/lib/python3.7/site-packages/airflow/example_dags/tutorial.py
[2023-05-17 16:54:14,169] {processor.py:651} INFO - DAG(s) dict_keys(['tutorial']) retrieved from /home/airflow/.local/lib/python3.7/site-packages/airflow/example_dags/tutorial.py
[2023-05-17 16:54:14,202] {logging_mixin.py:115} INFO - [2023-05-17 16:54:14,202] {dag.py:2371} INFO - Sync 1 DAGs
[2023-05-17 16:54:14,227] {logging_mixin.py:115} INFO - [2023-05-17 16:54:14,227] {dag.py:2919} INFO - Setting next_dagrun for tutorial to 2023-05-16T16:54:14.227601+00:00, run_after=2023-05-17T16:54:14.227601+00:00
[2023-05-17 16:54:14,243] {processor.py:161} INFO - Processing /home/airflow/.local/lib/python3.7/site-packages/airflow/example_dags/tutorial.py took 0.089 seconds
[2023-05-17 16:54:44,322] {processor.py:153} INFO - Started process (PID=1670) to work on /home/airflow/.local/lib/python3.7/site-packages/airflow/example_dags/tutorial.py
[2023-05-17 16:54:44,324] {processor.py:641} INFO - Processing file /home/airflow/.local/lib/python3.7/site-packages/airflow/example_dags/tutorial.py for tasks to queue
[2023-05-17 16:54:44,325] {logging_mixin.py:115} INFO - [2023-05-17 16:54:44,324] {dagbag.py:507} INFO - Filling up the DagBag from /home/airflow/.local/lib/python3.7/site-packages/airflow/example_dags/tutorial.py
[2023-05-17 16:54:44,331] {processor.py:651} INFO - DAG(s) dict_keys(['tutorial']) retrieved from /home/airflow/.local/lib/python3.7/site-packages/airflow/example_dags/tutorial.py
[2023-05-17 16:54:44,362] {logging_mixin.py:115} INFO - [2023-05-17 16:54:44,362] {dag.py:2371} INFO - Sync 1 DAGs
[2023-05-17 16:54:44,386] {logging_mixin.py:115} INFO - [2023-05-17 16:54:44,386] {dag.py:2919} INFO - Setting next_dagrun for tutorial to 2023-05-16T16:54:44.386293+00:00, run_after=2023-05-17T16:54:44.386293+00:00
[2023-05-17 16:54:44,401] {processor.py:161} INFO - Processing /home/airflow/.local/lib/python3.7/site-packages/airflow/example_dags/tutorial.py took 0.082 seconds
[2023-05-17 16:55:14,498] {processor.py:153} INFO - Started process (PID=1725) to work on /home/airflow/.local/lib/python3.7/site-packages/airflow/example_dags/tutorial.py
[2023-05-17 16:55:14,499] {processor.py:641} INFO - Processing file /home/airflow/.local/lib/python3.7/site-packages/airflow/example_dags/tutorial.py for tasks to queue
[2023-05-17 16:55:14,500] {logging_mixin.py:115} INFO - [2023-05-17 16:55:14,500] {dagbag.py:507} INFO - Filling up the DagBag from /home/airflow/.local/lib/python3.7/site-packages/airflow/example_dags/tutorial.py
[2023-05-17 16:55:14,507] {processor.py:651} INFO - DAG(s) dict_keys(['tutorial']) retrieved from /home/airflow/.local/lib/python3.7/site-packages/airflow/example_dags/tutorial.py
[2023-05-17 16:55:14,535] {logging_mixin.py:115} INFO - [2023-05-17 16:55:14,535] {dag.py:2371} INFO - Sync 1 DAGs
[2023-05-17 16:55:14,560] {logging_mixin.py:115} INFO - [2023-05-17 16:55:14,560] {dag.py:2919} INFO - Setting next_dagrun for tutorial to 2023-05-16T16:55:14.560120+00:00, run_after=2023-05-17T16:55:14.560120+00:00
[2023-05-17 16:55:14,574] {processor.py:161} INFO - Processing /home/airflow/.local/lib/python3.7/site-packages/airflow/example_dags/tutorial.py took 0.079 seconds
