[2023-05-17 16:35:35,280] {processor.py:153} INFO - Started process (PID=62) to work on /home/airflow/.local/lib/python3.7/site-packages/airflow/example_dags/tutorial_taskflow_api_etl.py
[2023-05-17 16:35:35,282] {processor.py:641} INFO - Processing file /home/airflow/.local/lib/python3.7/site-packages/airflow/example_dags/tutorial_taskflow_api_etl.py for tasks to queue
[2023-05-17 16:35:35,284] {logging_mixin.py:115} INFO - [2023-05-17 16:35:35,284] {dagbag.py:507} INFO - Filling up the DagBag from /home/airflow/.local/lib/python3.7/site-packages/airflow/example_dags/tutorial_taskflow_api_etl.py
[2023-05-17 16:35:35,372] {processor.py:651} INFO - DAG(s) dict_keys(['tutorial_taskflow_api_etl']) retrieved from /home/airflow/.local/lib/python3.7/site-packages/airflow/example_dags/tutorial_taskflow_api_etl.py
[2023-05-17 16:35:35,968] {logging_mixin.py:115} INFO - [2023-05-17 16:35:35,968] {manager.py:508} INFO - Created Permission View: can read on DAG:tutorial_taskflow_api_etl
[2023-05-17 16:35:35,989] {logging_mixin.py:115} INFO - [2023-05-17 16:35:35,989] {manager.py:508} INFO - Created Permission View: can delete on DAG:tutorial_taskflow_api_etl
[2023-05-17 16:35:36,014] {logging_mixin.py:115} INFO - [2023-05-17 16:35:36,014] {manager.py:508} INFO - Created Permission View: can edit on DAG:tutorial_taskflow_api_etl
[2023-05-17 16:35:36,016] {logging_mixin.py:115} INFO - [2023-05-17 16:35:36,015] {dag.py:2371} INFO - Sync 1 DAGs
[2023-05-17 16:35:36,035] {logging_mixin.py:115} INFO - [2023-05-17 16:35:36,035] {dag.py:2390} INFO - Creating ORM DAG for tutorial_taskflow_api_etl
[2023-05-17 16:35:36,071] {logging_mixin.py:115} INFO - [2023-05-17 16:35:36,071] {dag.py:2919} INFO - Setting next_dagrun for tutorial_taskflow_api_etl to None, run_after=None
[2023-05-17 16:35:36,104] {processor.py:161} INFO - Processing /home/airflow/.local/lib/python3.7/site-packages/airflow/example_dags/tutorial_taskflow_api_etl.py took 0.840 seconds
[2023-05-17 16:36:10,641] {processor.py:153} INFO - Started process (PID=123) to work on /home/airflow/.local/lib/python3.7/site-packages/airflow/example_dags/tutorial_taskflow_api_etl.py
[2023-05-17 16:36:10,646] {processor.py:641} INFO - Processing file /home/airflow/.local/lib/python3.7/site-packages/airflow/example_dags/tutorial_taskflow_api_etl.py for tasks to queue
[2023-05-17 16:36:10,649] {logging_mixin.py:115} INFO - [2023-05-17 16:36:10,649] {dagbag.py:507} INFO - Filling up the DagBag from /home/airflow/.local/lib/python3.7/site-packages/airflow/example_dags/tutorial_taskflow_api_etl.py
[2023-05-17 16:36:10,790] {processor.py:651} INFO - DAG(s) dict_keys(['tutorial_taskflow_api_etl']) retrieved from /home/airflow/.local/lib/python3.7/site-packages/airflow/example_dags/tutorial_taskflow_api_etl.py
[2023-05-17 16:36:16,584] {logging_mixin.py:115} INFO - [2023-05-17 16:36:16,574] {dag.py:2371} INFO - Sync 1 DAGs
[2023-05-17 16:36:16,793] {logging_mixin.py:115} INFO - [2023-05-17 16:36:16,781] {dag.py:2919} INFO - Setting next_dagrun for tutorial_taskflow_api_etl to None, run_after=None
[2023-05-17 16:36:16,960] {processor.py:161} INFO - Processing /home/airflow/.local/lib/python3.7/site-packages/airflow/example_dags/tutorial_taskflow_api_etl.py took 6.324 seconds
[2023-05-17 16:40:56,249] {processor.py:153} INFO - Started process (PID=51) to work on /home/airflow/.local/lib/python3.7/site-packages/airflow/example_dags/tutorial_taskflow_api_etl.py
[2023-05-17 16:40:56,252] {processor.py:641} INFO - Processing file /home/airflow/.local/lib/python3.7/site-packages/airflow/example_dags/tutorial_taskflow_api_etl.py for tasks to queue
[2023-05-17 16:40:56,255] {logging_mixin.py:115} INFO - [2023-05-17 16:40:56,255] {dagbag.py:507} INFO - Filling up the DagBag from /home/airflow/.local/lib/python3.7/site-packages/airflow/example_dags/tutorial_taskflow_api_etl.py
[2023-05-17 16:40:56,322] {processor.py:651} INFO - DAG(s) dict_keys(['tutorial_taskflow_api_etl']) retrieved from /home/airflow/.local/lib/python3.7/site-packages/airflow/example_dags/tutorial_taskflow_api_etl.py
[2023-05-17 16:40:56,464] {logging_mixin.py:115} INFO - [2023-05-17 16:40:56,464] {dag.py:2371} INFO - Sync 1 DAGs
[2023-05-17 16:40:56,673] {logging_mixin.py:115} INFO - [2023-05-17 16:40:56,673] {dag.py:2919} INFO - Setting next_dagrun for tutorial_taskflow_api_etl to None, run_after=None
[2023-05-17 16:40:56,700] {processor.py:161} INFO - Processing /home/airflow/.local/lib/python3.7/site-packages/airflow/example_dags/tutorial_taskflow_api_etl.py took 0.456 seconds
[2023-05-17 16:41:27,113] {processor.py:153} INFO - Started process (PID=105) to work on /home/airflow/.local/lib/python3.7/site-packages/airflow/example_dags/tutorial_taskflow_api_etl.py
[2023-05-17 16:41:27,120] {processor.py:641} INFO - Processing file /home/airflow/.local/lib/python3.7/site-packages/airflow/example_dags/tutorial_taskflow_api_etl.py for tasks to queue
[2023-05-17 16:41:27,132] {logging_mixin.py:115} INFO - [2023-05-17 16:41:27,132] {dagbag.py:507} INFO - Filling up the DagBag from /home/airflow/.local/lib/python3.7/site-packages/airflow/example_dags/tutorial_taskflow_api_etl.py
[2023-05-17 16:41:27,209] {processor.py:651} INFO - DAG(s) dict_keys(['tutorial_taskflow_api_etl']) retrieved from /home/airflow/.local/lib/python3.7/site-packages/airflow/example_dags/tutorial_taskflow_api_etl.py
[2023-05-17 16:41:27,399] {logging_mixin.py:115} INFO - [2023-05-17 16:41:27,399] {dag.py:2371} INFO - Sync 1 DAGs
[2023-05-17 16:41:27,691] {logging_mixin.py:115} INFO - [2023-05-17 16:41:27,690] {dag.py:2919} INFO - Setting next_dagrun for tutorial_taskflow_api_etl to None, run_after=None
[2023-05-17 16:41:27,717] {processor.py:161} INFO - Processing /home/airflow/.local/lib/python3.7/site-packages/airflow/example_dags/tutorial_taskflow_api_etl.py took 0.614 seconds
[2023-05-17 16:41:57,984] {processor.py:153} INFO - Started process (PID=167) to work on /home/airflow/.local/lib/python3.7/site-packages/airflow/example_dags/tutorial_taskflow_api_etl.py
[2023-05-17 16:41:57,987] {processor.py:641} INFO - Processing file /home/airflow/.local/lib/python3.7/site-packages/airflow/example_dags/tutorial_taskflow_api_etl.py for tasks to queue
[2023-05-17 16:41:57,989] {logging_mixin.py:115} INFO - [2023-05-17 16:41:57,989] {dagbag.py:507} INFO - Filling up the DagBag from /home/airflow/.local/lib/python3.7/site-packages/airflow/example_dags/tutorial_taskflow_api_etl.py
[2023-05-17 16:41:58,029] {processor.py:651} INFO - DAG(s) dict_keys(['tutorial_taskflow_api_etl']) retrieved from /home/airflow/.local/lib/python3.7/site-packages/airflow/example_dags/tutorial_taskflow_api_etl.py
[2023-05-17 16:41:58,187] {logging_mixin.py:115} INFO - [2023-05-17 16:41:58,186] {dag.py:2371} INFO - Sync 1 DAGs
[2023-05-17 16:41:58,538] {logging_mixin.py:115} INFO - [2023-05-17 16:41:58,538] {dag.py:2919} INFO - Setting next_dagrun for tutorial_taskflow_api_etl to None, run_after=None
[2023-05-17 16:41:58,587] {processor.py:161} INFO - Processing /home/airflow/.local/lib/python3.7/site-packages/airflow/example_dags/tutorial_taskflow_api_etl.py took 0.613 seconds
[2023-05-17 16:42:29,392] {processor.py:153} INFO - Started process (PID=222) to work on /home/airflow/.local/lib/python3.7/site-packages/airflow/example_dags/tutorial_taskflow_api_etl.py
[2023-05-17 16:42:29,397] {processor.py:641} INFO - Processing file /home/airflow/.local/lib/python3.7/site-packages/airflow/example_dags/tutorial_taskflow_api_etl.py for tasks to queue
[2023-05-17 16:42:29,401] {logging_mixin.py:115} INFO - [2023-05-17 16:42:29,401] {dagbag.py:507} INFO - Filling up the DagBag from /home/airflow/.local/lib/python3.7/site-packages/airflow/example_dags/tutorial_taskflow_api_etl.py
[2023-05-17 16:42:29,452] {processor.py:651} INFO - DAG(s) dict_keys(['tutorial_taskflow_api_etl']) retrieved from /home/airflow/.local/lib/python3.7/site-packages/airflow/example_dags/tutorial_taskflow_api_etl.py
[2023-05-17 16:42:29,572] {logging_mixin.py:115} INFO - [2023-05-17 16:42:29,572] {dag.py:2371} INFO - Sync 1 DAGs
[2023-05-17 16:42:29,742] {logging_mixin.py:115} INFO - [2023-05-17 16:42:29,742] {dag.py:2919} INFO - Setting next_dagrun for tutorial_taskflow_api_etl to None, run_after=None
[2023-05-17 16:42:29,766] {processor.py:161} INFO - Processing /home/airflow/.local/lib/python3.7/site-packages/airflow/example_dags/tutorial_taskflow_api_etl.py took 0.382 seconds
[2023-05-17 16:43:00,419] {processor.py:153} INFO - Started process (PID=286) to work on /home/airflow/.local/lib/python3.7/site-packages/airflow/example_dags/tutorial_taskflow_api_etl.py
[2023-05-17 16:43:00,422] {processor.py:641} INFO - Processing file /home/airflow/.local/lib/python3.7/site-packages/airflow/example_dags/tutorial_taskflow_api_etl.py for tasks to queue
[2023-05-17 16:43:00,425] {logging_mixin.py:115} INFO - [2023-05-17 16:43:00,425] {dagbag.py:507} INFO - Filling up the DagBag from /home/airflow/.local/lib/python3.7/site-packages/airflow/example_dags/tutorial_taskflow_api_etl.py
[2023-05-17 16:43:00,472] {processor.py:651} INFO - DAG(s) dict_keys(['tutorial_taskflow_api_etl']) retrieved from /home/airflow/.local/lib/python3.7/site-packages/airflow/example_dags/tutorial_taskflow_api_etl.py
[2023-05-17 16:43:00,671] {logging_mixin.py:115} INFO - [2023-05-17 16:43:00,670] {dag.py:2371} INFO - Sync 1 DAGs
[2023-05-17 16:43:00,975] {logging_mixin.py:115} INFO - [2023-05-17 16:43:00,974] {dag.py:2919} INFO - Setting next_dagrun for tutorial_taskflow_api_etl to None, run_after=None
[2023-05-17 16:43:01,005] {processor.py:161} INFO - Processing /home/airflow/.local/lib/python3.7/site-packages/airflow/example_dags/tutorial_taskflow_api_etl.py took 0.592 seconds
[2023-05-17 16:43:31,723] {processor.py:153} INFO - Started process (PID=339) to work on /home/airflow/.local/lib/python3.7/site-packages/airflow/example_dags/tutorial_taskflow_api_etl.py
[2023-05-17 16:43:31,724] {processor.py:641} INFO - Processing file /home/airflow/.local/lib/python3.7/site-packages/airflow/example_dags/tutorial_taskflow_api_etl.py for tasks to queue
[2023-05-17 16:43:31,726] {logging_mixin.py:115} INFO - [2023-05-17 16:43:31,726] {dagbag.py:507} INFO - Filling up the DagBag from /home/airflow/.local/lib/python3.7/site-packages/airflow/example_dags/tutorial_taskflow_api_etl.py
[2023-05-17 16:43:31,754] {processor.py:651} INFO - DAG(s) dict_keys(['tutorial_taskflow_api_etl']) retrieved from /home/airflow/.local/lib/python3.7/site-packages/airflow/example_dags/tutorial_taskflow_api_etl.py
[2023-05-17 16:43:31,832] {logging_mixin.py:115} INFO - [2023-05-17 16:43:31,832] {dag.py:2371} INFO - Sync 1 DAGs
[2023-05-17 16:43:31,982] {logging_mixin.py:115} INFO - [2023-05-17 16:43:31,982] {dag.py:2919} INFO - Setting next_dagrun for tutorial_taskflow_api_etl to None, run_after=None
[2023-05-17 16:43:32,003] {processor.py:161} INFO - Processing /home/airflow/.local/lib/python3.7/site-packages/airflow/example_dags/tutorial_taskflow_api_etl.py took 0.287 seconds
[2023-05-17 16:44:02,563] {processor.py:153} INFO - Started process (PID=401) to work on /home/airflow/.local/lib/python3.7/site-packages/airflow/example_dags/tutorial_taskflow_api_etl.py
[2023-05-17 16:44:02,564] {processor.py:641} INFO - Processing file /home/airflow/.local/lib/python3.7/site-packages/airflow/example_dags/tutorial_taskflow_api_etl.py for tasks to queue
[2023-05-17 16:44:02,566] {logging_mixin.py:115} INFO - [2023-05-17 16:44:02,566] {dagbag.py:507} INFO - Filling up the DagBag from /home/airflow/.local/lib/python3.7/site-packages/airflow/example_dags/tutorial_taskflow_api_etl.py
[2023-05-17 16:44:02,583] {processor.py:651} INFO - DAG(s) dict_keys(['tutorial_taskflow_api_etl']) retrieved from /home/airflow/.local/lib/python3.7/site-packages/airflow/example_dags/tutorial_taskflow_api_etl.py
[2023-05-17 16:44:02,659] {logging_mixin.py:115} INFO - [2023-05-17 16:44:02,659] {dag.py:2371} INFO - Sync 1 DAGs
[2023-05-17 16:44:02,802] {logging_mixin.py:115} INFO - [2023-05-17 16:44:02,802] {dag.py:2919} INFO - Setting next_dagrun for tutorial_taskflow_api_etl to None, run_after=None
[2023-05-17 16:44:02,819] {processor.py:161} INFO - Processing /home/airflow/.local/lib/python3.7/site-packages/airflow/example_dags/tutorial_taskflow_api_etl.py took 0.262 seconds
[2023-05-17 16:44:33,231] {processor.py:153} INFO - Started process (PID=464) to work on /home/airflow/.local/lib/python3.7/site-packages/airflow/example_dags/tutorial_taskflow_api_etl.py
[2023-05-17 16:44:33,233] {processor.py:641} INFO - Processing file /home/airflow/.local/lib/python3.7/site-packages/airflow/example_dags/tutorial_taskflow_api_etl.py for tasks to queue
[2023-05-17 16:44:33,235] {logging_mixin.py:115} INFO - [2023-05-17 16:44:33,235] {dagbag.py:507} INFO - Filling up the DagBag from /home/airflow/.local/lib/python3.7/site-packages/airflow/example_dags/tutorial_taskflow_api_etl.py
[2023-05-17 16:44:33,261] {processor.py:651} INFO - DAG(s) dict_keys(['tutorial_taskflow_api_etl']) retrieved from /home/airflow/.local/lib/python3.7/site-packages/airflow/example_dags/tutorial_taskflow_api_etl.py
[2023-05-17 16:44:33,367] {logging_mixin.py:115} INFO - [2023-05-17 16:44:33,366] {dag.py:2371} INFO - Sync 1 DAGs
[2023-05-17 16:44:33,555] {logging_mixin.py:115} INFO - [2023-05-17 16:44:33,555] {dag.py:2919} INFO - Setting next_dagrun for tutorial_taskflow_api_etl to None, run_after=None
[2023-05-17 16:44:33,577] {processor.py:161} INFO - Processing /home/airflow/.local/lib/python3.7/site-packages/airflow/example_dags/tutorial_taskflow_api_etl.py took 0.352 seconds
[2023-05-17 16:45:04,066] {processor.py:153} INFO - Started process (PID=517) to work on /home/airflow/.local/lib/python3.7/site-packages/airflow/example_dags/tutorial_taskflow_api_etl.py
[2023-05-17 16:45:04,068] {processor.py:641} INFO - Processing file /home/airflow/.local/lib/python3.7/site-packages/airflow/example_dags/tutorial_taskflow_api_etl.py for tasks to queue
[2023-05-17 16:45:04,070] {logging_mixin.py:115} INFO - [2023-05-17 16:45:04,070] {dagbag.py:507} INFO - Filling up the DagBag from /home/airflow/.local/lib/python3.7/site-packages/airflow/example_dags/tutorial_taskflow_api_etl.py
[2023-05-17 16:45:04,098] {processor.py:651} INFO - DAG(s) dict_keys(['tutorial_taskflow_api_etl']) retrieved from /home/airflow/.local/lib/python3.7/site-packages/airflow/example_dags/tutorial_taskflow_api_etl.py
[2023-05-17 16:45:04,197] {logging_mixin.py:115} INFO - [2023-05-17 16:45:04,197] {dag.py:2371} INFO - Sync 1 DAGs
[2023-05-17 16:45:04,402] {logging_mixin.py:115} INFO - [2023-05-17 16:45:04,402] {dag.py:2919} INFO - Setting next_dagrun for tutorial_taskflow_api_etl to None, run_after=None
[2023-05-17 16:45:04,433] {processor.py:161} INFO - Processing /home/airflow/.local/lib/python3.7/site-packages/airflow/example_dags/tutorial_taskflow_api_etl.py took 0.370 seconds
[2023-05-17 16:45:34,726] {processor.py:153} INFO - Started process (PID=583) to work on /home/airflow/.local/lib/python3.7/site-packages/airflow/example_dags/tutorial_taskflow_api_etl.py
[2023-05-17 16:45:34,728] {processor.py:641} INFO - Processing file /home/airflow/.local/lib/python3.7/site-packages/airflow/example_dags/tutorial_taskflow_api_etl.py for tasks to queue
[2023-05-17 16:45:34,730] {logging_mixin.py:115} INFO - [2023-05-17 16:45:34,729] {dagbag.py:507} INFO - Filling up the DagBag from /home/airflow/.local/lib/python3.7/site-packages/airflow/example_dags/tutorial_taskflow_api_etl.py
[2023-05-17 16:45:34,756] {processor.py:651} INFO - DAG(s) dict_keys(['tutorial_taskflow_api_etl']) retrieved from /home/airflow/.local/lib/python3.7/site-packages/airflow/example_dags/tutorial_taskflow_api_etl.py
[2023-05-17 16:45:34,876] {logging_mixin.py:115} INFO - [2023-05-17 16:45:34,876] {dag.py:2371} INFO - Sync 1 DAGs
[2023-05-17 16:45:35,039] {logging_mixin.py:115} INFO - [2023-05-17 16:45:35,039] {dag.py:2919} INFO - Setting next_dagrun for tutorial_taskflow_api_etl to None, run_after=None
[2023-05-17 16:45:35,058] {processor.py:161} INFO - Processing /home/airflow/.local/lib/python3.7/site-packages/airflow/example_dags/tutorial_taskflow_api_etl.py took 0.335 seconds
[2023-05-17 16:46:05,223] {processor.py:153} INFO - Started process (PID=643) to work on /home/airflow/.local/lib/python3.7/site-packages/airflow/example_dags/tutorial_taskflow_api_etl.py
[2023-05-17 16:46:05,225] {processor.py:641} INFO - Processing file /home/airflow/.local/lib/python3.7/site-packages/airflow/example_dags/tutorial_taskflow_api_etl.py for tasks to queue
[2023-05-17 16:46:05,226] {logging_mixin.py:115} INFO - [2023-05-17 16:46:05,226] {dagbag.py:507} INFO - Filling up the DagBag from /home/airflow/.local/lib/python3.7/site-packages/airflow/example_dags/tutorial_taskflow_api_etl.py
[2023-05-17 16:46:05,252] {processor.py:651} INFO - DAG(s) dict_keys(['tutorial_taskflow_api_etl']) retrieved from /home/airflow/.local/lib/python3.7/site-packages/airflow/example_dags/tutorial_taskflow_api_etl.py
[2023-05-17 16:46:05,357] {logging_mixin.py:115} INFO - [2023-05-17 16:46:05,356] {dag.py:2371} INFO - Sync 1 DAGs
[2023-05-17 16:46:05,562] {logging_mixin.py:115} INFO - [2023-05-17 16:46:05,562] {dag.py:2919} INFO - Setting next_dagrun for tutorial_taskflow_api_etl to None, run_after=None
[2023-05-17 16:46:05,580] {processor.py:161} INFO - Processing /home/airflow/.local/lib/python3.7/site-packages/airflow/example_dags/tutorial_taskflow_api_etl.py took 0.362 seconds
[2023-05-17 16:46:36,467] {processor.py:153} INFO - Started process (PID=698) to work on /home/airflow/.local/lib/python3.7/site-packages/airflow/example_dags/tutorial_taskflow_api_etl.py
[2023-05-17 16:46:36,469] {processor.py:641} INFO - Processing file /home/airflow/.local/lib/python3.7/site-packages/airflow/example_dags/tutorial_taskflow_api_etl.py for tasks to queue
[2023-05-17 16:46:36,470] {logging_mixin.py:115} INFO - [2023-05-17 16:46:36,470] {dagbag.py:507} INFO - Filling up the DagBag from /home/airflow/.local/lib/python3.7/site-packages/airflow/example_dags/tutorial_taskflow_api_etl.py
[2023-05-17 16:46:36,493] {processor.py:651} INFO - DAG(s) dict_keys(['tutorial_taskflow_api_etl']) retrieved from /home/airflow/.local/lib/python3.7/site-packages/airflow/example_dags/tutorial_taskflow_api_etl.py
[2023-05-17 16:46:36,578] {logging_mixin.py:115} INFO - [2023-05-17 16:46:36,577] {dag.py:2371} INFO - Sync 1 DAGs
[2023-05-17 16:46:36,755] {logging_mixin.py:115} INFO - [2023-05-17 16:46:36,755] {dag.py:2919} INFO - Setting next_dagrun for tutorial_taskflow_api_etl to None, run_after=None
[2023-05-17 16:46:36,778] {processor.py:161} INFO - Processing /home/airflow/.local/lib/python3.7/site-packages/airflow/example_dags/tutorial_taskflow_api_etl.py took 0.315 seconds
[2023-05-17 16:47:07,033] {processor.py:153} INFO - Started process (PID=761) to work on /home/airflow/.local/lib/python3.7/site-packages/airflow/example_dags/tutorial_taskflow_api_etl.py
[2023-05-17 16:47:07,036] {processor.py:641} INFO - Processing file /home/airflow/.local/lib/python3.7/site-packages/airflow/example_dags/tutorial_taskflow_api_etl.py for tasks to queue
[2023-05-17 16:47:07,038] {logging_mixin.py:115} INFO - [2023-05-17 16:47:07,038] {dagbag.py:507} INFO - Filling up the DagBag from /home/airflow/.local/lib/python3.7/site-packages/airflow/example_dags/tutorial_taskflow_api_etl.py
[2023-05-17 16:47:07,072] {processor.py:651} INFO - DAG(s) dict_keys(['tutorial_taskflow_api_etl']) retrieved from /home/airflow/.local/lib/python3.7/site-packages/airflow/example_dags/tutorial_taskflow_api_etl.py
[2023-05-17 16:47:07,245] {logging_mixin.py:115} INFO - [2023-05-17 16:47:07,245] {dag.py:2371} INFO - Sync 1 DAGs
[2023-05-17 16:47:07,583] {logging_mixin.py:115} INFO - [2023-05-17 16:47:07,583] {dag.py:2919} INFO - Setting next_dagrun for tutorial_taskflow_api_etl to None, run_after=None
[2023-05-17 16:47:07,624] {processor.py:161} INFO - Processing /home/airflow/.local/lib/python3.7/site-packages/airflow/example_dags/tutorial_taskflow_api_etl.py took 0.598 seconds
[2023-05-17 16:47:38,086] {processor.py:153} INFO - Started process (PID=814) to work on /home/airflow/.local/lib/python3.7/site-packages/airflow/example_dags/tutorial_taskflow_api_etl.py
[2023-05-17 16:47:38,088] {processor.py:641} INFO - Processing file /home/airflow/.local/lib/python3.7/site-packages/airflow/example_dags/tutorial_taskflow_api_etl.py for tasks to queue
[2023-05-17 16:47:38,090] {logging_mixin.py:115} INFO - [2023-05-17 16:47:38,090] {dagbag.py:507} INFO - Filling up the DagBag from /home/airflow/.local/lib/python3.7/site-packages/airflow/example_dags/tutorial_taskflow_api_etl.py
[2023-05-17 16:47:38,129] {processor.py:651} INFO - DAG(s) dict_keys(['tutorial_taskflow_api_etl']) retrieved from /home/airflow/.local/lib/python3.7/site-packages/airflow/example_dags/tutorial_taskflow_api_etl.py
[2023-05-17 16:47:38,290] {logging_mixin.py:115} INFO - [2023-05-17 16:47:38,290] {dag.py:2371} INFO - Sync 1 DAGs
[2023-05-17 16:47:38,605] {logging_mixin.py:115} INFO - [2023-05-17 16:47:38,605] {dag.py:2919} INFO - Setting next_dagrun for tutorial_taskflow_api_etl to None, run_after=None
[2023-05-17 16:47:38,669] {processor.py:161} INFO - Processing /home/airflow/.local/lib/python3.7/site-packages/airflow/example_dags/tutorial_taskflow_api_etl.py took 0.589 seconds
[2023-05-17 16:48:08,995] {processor.py:153} INFO - Started process (PID=881) to work on /home/airflow/.local/lib/python3.7/site-packages/airflow/example_dags/tutorial_taskflow_api_etl.py
[2023-05-17 16:48:08,998] {processor.py:641} INFO - Processing file /home/airflow/.local/lib/python3.7/site-packages/airflow/example_dags/tutorial_taskflow_api_etl.py for tasks to queue
[2023-05-17 16:48:08,999] {logging_mixin.py:115} INFO - [2023-05-17 16:48:08,999] {dagbag.py:507} INFO - Filling up the DagBag from /home/airflow/.local/lib/python3.7/site-packages/airflow/example_dags/tutorial_taskflow_api_etl.py
[2023-05-17 16:48:09,028] {processor.py:651} INFO - DAG(s) dict_keys(['tutorial_taskflow_api_etl']) retrieved from /home/airflow/.local/lib/python3.7/site-packages/airflow/example_dags/tutorial_taskflow_api_etl.py
[2023-05-17 16:48:09,141] {logging_mixin.py:115} INFO - [2023-05-17 16:48:09,141] {dag.py:2371} INFO - Sync 1 DAGs
[2023-05-17 16:48:09,328] {logging_mixin.py:115} INFO - [2023-05-17 16:48:09,328] {dag.py:2919} INFO - Setting next_dagrun for tutorial_taskflow_api_etl to None, run_after=None
[2023-05-17 16:48:09,346] {processor.py:161} INFO - Processing /home/airflow/.local/lib/python3.7/site-packages/airflow/example_dags/tutorial_taskflow_api_etl.py took 0.356 seconds
[2023-05-17 16:48:40,240] {processor.py:153} INFO - Started process (PID=935) to work on /home/airflow/.local/lib/python3.7/site-packages/airflow/example_dags/tutorial_taskflow_api_etl.py
[2023-05-17 16:48:40,242] {processor.py:641} INFO - Processing file /home/airflow/.local/lib/python3.7/site-packages/airflow/example_dags/tutorial_taskflow_api_etl.py for tasks to queue
[2023-05-17 16:48:40,243] {logging_mixin.py:115} INFO - [2023-05-17 16:48:40,243] {dagbag.py:507} INFO - Filling up the DagBag from /home/airflow/.local/lib/python3.7/site-packages/airflow/example_dags/tutorial_taskflow_api_etl.py
[2023-05-17 16:48:40,267] {processor.py:651} INFO - DAG(s) dict_keys(['tutorial_taskflow_api_etl']) retrieved from /home/airflow/.local/lib/python3.7/site-packages/airflow/example_dags/tutorial_taskflow_api_etl.py
[2023-05-17 16:48:40,300] {logging_mixin.py:115} INFO - [2023-05-17 16:48:40,300] {dag.py:2371} INFO - Sync 1 DAGs
[2023-05-17 16:48:40,328] {logging_mixin.py:115} INFO - [2023-05-17 16:48:40,328] {dag.py:2919} INFO - Setting next_dagrun for tutorial_taskflow_api_etl to None, run_after=None
[2023-05-17 16:48:40,349] {processor.py:161} INFO - Processing /home/airflow/.local/lib/python3.7/site-packages/airflow/example_dags/tutorial_taskflow_api_etl.py took 0.116 seconds
[2023-05-17 16:49:11,100] {processor.py:153} INFO - Started process (PID=1003) to work on /home/airflow/.local/lib/python3.7/site-packages/airflow/example_dags/tutorial_taskflow_api_etl.py
[2023-05-17 16:49:11,102] {processor.py:641} INFO - Processing file /home/airflow/.local/lib/python3.7/site-packages/airflow/example_dags/tutorial_taskflow_api_etl.py for tasks to queue
[2023-05-17 16:49:11,104] {logging_mixin.py:115} INFO - [2023-05-17 16:49:11,103] {dagbag.py:507} INFO - Filling up the DagBag from /home/airflow/.local/lib/python3.7/site-packages/airflow/example_dags/tutorial_taskflow_api_etl.py
[2023-05-17 16:49:11,124] {processor.py:651} INFO - DAG(s) dict_keys(['tutorial_taskflow_api_etl']) retrieved from /home/airflow/.local/lib/python3.7/site-packages/airflow/example_dags/tutorial_taskflow_api_etl.py
[2023-05-17 16:49:11,199] {logging_mixin.py:115} INFO - [2023-05-17 16:49:11,199] {dag.py:2371} INFO - Sync 1 DAGs
[2023-05-17 16:49:11,352] {logging_mixin.py:115} INFO - [2023-05-17 16:49:11,352] {dag.py:2919} INFO - Setting next_dagrun for tutorial_taskflow_api_etl to None, run_after=None
[2023-05-17 16:49:11,368] {processor.py:161} INFO - Processing /home/airflow/.local/lib/python3.7/site-packages/airflow/example_dags/tutorial_taskflow_api_etl.py took 0.277 seconds
[2023-05-17 16:49:41,775] {processor.py:153} INFO - Started process (PID=1056) to work on /home/airflow/.local/lib/python3.7/site-packages/airflow/example_dags/tutorial_taskflow_api_etl.py
[2023-05-17 16:49:41,778] {processor.py:641} INFO - Processing file /home/airflow/.local/lib/python3.7/site-packages/airflow/example_dags/tutorial_taskflow_api_etl.py for tasks to queue
[2023-05-17 16:49:41,780] {logging_mixin.py:115} INFO - [2023-05-17 16:49:41,780] {dagbag.py:507} INFO - Filling up the DagBag from /home/airflow/.local/lib/python3.7/site-packages/airflow/example_dags/tutorial_taskflow_api_etl.py
[2023-05-17 16:49:41,813] {processor.py:651} INFO - DAG(s) dict_keys(['tutorial_taskflow_api_etl']) retrieved from /home/airflow/.local/lib/python3.7/site-packages/airflow/example_dags/tutorial_taskflow_api_etl.py
[2023-05-17 16:49:41,920] {logging_mixin.py:115} INFO - [2023-05-17 16:49:41,919] {dag.py:2371} INFO - Sync 1 DAGs
[2023-05-17 16:49:42,086] {logging_mixin.py:115} INFO - [2023-05-17 16:49:42,086] {dag.py:2919} INFO - Setting next_dagrun for tutorial_taskflow_api_etl to None, run_after=None
[2023-05-17 16:49:42,116] {processor.py:161} INFO - Processing /home/airflow/.local/lib/python3.7/site-packages/airflow/example_dags/tutorial_taskflow_api_etl.py took 0.349 seconds
[2023-05-17 16:50:12,234] {processor.py:153} INFO - Started process (PID=1119) to work on /home/airflow/.local/lib/python3.7/site-packages/airflow/example_dags/tutorial_taskflow_api_etl.py
[2023-05-17 16:50:12,239] {processor.py:641} INFO - Processing file /home/airflow/.local/lib/python3.7/site-packages/airflow/example_dags/tutorial_taskflow_api_etl.py for tasks to queue
[2023-05-17 16:50:12,244] {logging_mixin.py:115} INFO - [2023-05-17 16:50:12,243] {dagbag.py:507} INFO - Filling up the DagBag from /home/airflow/.local/lib/python3.7/site-packages/airflow/example_dags/tutorial_taskflow_api_etl.py
[2023-05-17 16:50:12,288] {processor.py:651} INFO - DAG(s) dict_keys(['tutorial_taskflow_api_etl']) retrieved from /home/airflow/.local/lib/python3.7/site-packages/airflow/example_dags/tutorial_taskflow_api_etl.py
[2023-05-17 16:50:12,516] {logging_mixin.py:115} INFO - [2023-05-17 16:50:12,515] {dag.py:2371} INFO - Sync 1 DAGs
[2023-05-17 16:50:12,758] {logging_mixin.py:115} INFO - [2023-05-17 16:50:12,758] {dag.py:2919} INFO - Setting next_dagrun for tutorial_taskflow_api_etl to None, run_after=None
[2023-05-17 16:50:12,789] {processor.py:161} INFO - Processing /home/airflow/.local/lib/python3.7/site-packages/airflow/example_dags/tutorial_taskflow_api_etl.py took 0.567 seconds
[2023-05-17 16:50:42,899] {processor.py:153} INFO - Started process (PID=1183) to work on /home/airflow/.local/lib/python3.7/site-packages/airflow/example_dags/tutorial_taskflow_api_etl.py
[2023-05-17 16:50:42,904] {processor.py:641} INFO - Processing file /home/airflow/.local/lib/python3.7/site-packages/airflow/example_dags/tutorial_taskflow_api_etl.py for tasks to queue
[2023-05-17 16:50:42,907] {logging_mixin.py:115} INFO - [2023-05-17 16:50:42,907] {dagbag.py:507} INFO - Filling up the DagBag from /home/airflow/.local/lib/python3.7/site-packages/airflow/example_dags/tutorial_taskflow_api_etl.py
[2023-05-17 16:50:42,937] {processor.py:651} INFO - DAG(s) dict_keys(['tutorial_taskflow_api_etl']) retrieved from /home/airflow/.local/lib/python3.7/site-packages/airflow/example_dags/tutorial_taskflow_api_etl.py
[2023-05-17 16:50:43,018] {logging_mixin.py:115} INFO - [2023-05-17 16:50:43,018] {dag.py:2371} INFO - Sync 1 DAGs
[2023-05-17 16:50:43,203] {logging_mixin.py:115} INFO - [2023-05-17 16:50:43,203] {dag.py:2919} INFO - Setting next_dagrun for tutorial_taskflow_api_etl to None, run_after=None
[2023-05-17 16:50:43,237] {processor.py:161} INFO - Processing /home/airflow/.local/lib/python3.7/site-packages/airflow/example_dags/tutorial_taskflow_api_etl.py took 0.341 seconds
[2023-05-17 16:51:13,310] {processor.py:153} INFO - Started process (PID=1239) to work on /home/airflow/.local/lib/python3.7/site-packages/airflow/example_dags/tutorial_taskflow_api_etl.py
[2023-05-17 16:51:13,313] {processor.py:641} INFO - Processing file /home/airflow/.local/lib/python3.7/site-packages/airflow/example_dags/tutorial_taskflow_api_etl.py for tasks to queue
[2023-05-17 16:51:13,314] {logging_mixin.py:115} INFO - [2023-05-17 16:51:13,314] {dagbag.py:507} INFO - Filling up the DagBag from /home/airflow/.local/lib/python3.7/site-packages/airflow/example_dags/tutorial_taskflow_api_etl.py
[2023-05-17 16:51:13,332] {processor.py:651} INFO - DAG(s) dict_keys(['tutorial_taskflow_api_etl']) retrieved from /home/airflow/.local/lib/python3.7/site-packages/airflow/example_dags/tutorial_taskflow_api_etl.py
[2023-05-17 16:51:13,398] {logging_mixin.py:115} INFO - [2023-05-17 16:51:13,398] {dag.py:2371} INFO - Sync 1 DAGs
[2023-05-17 16:51:13,549] {logging_mixin.py:115} INFO - [2023-05-17 16:51:13,549] {dag.py:2919} INFO - Setting next_dagrun for tutorial_taskflow_api_etl to None, run_after=None
[2023-05-17 16:51:13,567] {processor.py:161} INFO - Processing /home/airflow/.local/lib/python3.7/site-packages/airflow/example_dags/tutorial_taskflow_api_etl.py took 0.261 seconds
[2023-05-17 16:51:43,707] {processor.py:153} INFO - Started process (PID=1307) to work on /home/airflow/.local/lib/python3.7/site-packages/airflow/example_dags/tutorial_taskflow_api_etl.py
[2023-05-17 16:51:43,710] {processor.py:641} INFO - Processing file /home/airflow/.local/lib/python3.7/site-packages/airflow/example_dags/tutorial_taskflow_api_etl.py for tasks to queue
[2023-05-17 16:51:43,714] {logging_mixin.py:115} INFO - [2023-05-17 16:51:43,714] {dagbag.py:507} INFO - Filling up the DagBag from /home/airflow/.local/lib/python3.7/site-packages/airflow/example_dags/tutorial_taskflow_api_etl.py
[2023-05-17 16:51:43,761] {processor.py:651} INFO - DAG(s) dict_keys(['tutorial_taskflow_api_etl']) retrieved from /home/airflow/.local/lib/python3.7/site-packages/airflow/example_dags/tutorial_taskflow_api_etl.py
[2023-05-17 16:51:43,940] {logging_mixin.py:115} INFO - [2023-05-17 16:51:43,939] {dag.py:2371} INFO - Sync 1 DAGs
[2023-05-17 16:51:44,210] {logging_mixin.py:115} INFO - [2023-05-17 16:51:44,210] {dag.py:2919} INFO - Setting next_dagrun for tutorial_taskflow_api_etl to None, run_after=None
[2023-05-17 16:51:44,248] {processor.py:161} INFO - Processing /home/airflow/.local/lib/python3.7/site-packages/airflow/example_dags/tutorial_taskflow_api_etl.py took 0.545 seconds
[2023-05-17 16:52:14,334] {processor.py:153} INFO - Started process (PID=1362) to work on /home/airflow/.local/lib/python3.7/site-packages/airflow/example_dags/tutorial_taskflow_api_etl.py
[2023-05-17 16:52:14,336] {processor.py:641} INFO - Processing file /home/airflow/.local/lib/python3.7/site-packages/airflow/example_dags/tutorial_taskflow_api_etl.py for tasks to queue
[2023-05-17 16:52:14,337] {logging_mixin.py:115} INFO - [2023-05-17 16:52:14,337] {dagbag.py:507} INFO - Filling up the DagBag from /home/airflow/.local/lib/python3.7/site-packages/airflow/example_dags/tutorial_taskflow_api_etl.py
[2023-05-17 16:52:14,361] {processor.py:651} INFO - DAG(s) dict_keys(['tutorial_taskflow_api_etl']) retrieved from /home/airflow/.local/lib/python3.7/site-packages/airflow/example_dags/tutorial_taskflow_api_etl.py
[2023-05-17 16:52:14,396] {logging_mixin.py:115} INFO - [2023-05-17 16:52:14,396] {dag.py:2371} INFO - Sync 1 DAGs
[2023-05-17 16:52:14,423] {logging_mixin.py:115} INFO - [2023-05-17 16:52:14,423] {dag.py:2919} INFO - Setting next_dagrun for tutorial_taskflow_api_etl to None, run_after=None
[2023-05-17 16:52:14,443] {processor.py:161} INFO - Processing /home/airflow/.local/lib/python3.7/site-packages/airflow/example_dags/tutorial_taskflow_api_etl.py took 0.116 seconds
[2023-05-17 16:52:44,522] {processor.py:153} INFO - Started process (PID=1417) to work on /home/airflow/.local/lib/python3.7/site-packages/airflow/example_dags/tutorial_taskflow_api_etl.py
[2023-05-17 16:52:44,525] {processor.py:641} INFO - Processing file /home/airflow/.local/lib/python3.7/site-packages/airflow/example_dags/tutorial_taskflow_api_etl.py for tasks to queue
[2023-05-17 16:52:44,527] {logging_mixin.py:115} INFO - [2023-05-17 16:52:44,527] {dagbag.py:507} INFO - Filling up the DagBag from /home/airflow/.local/lib/python3.7/site-packages/airflow/example_dags/tutorial_taskflow_api_etl.py
[2023-05-17 16:52:44,553] {processor.py:651} INFO - DAG(s) dict_keys(['tutorial_taskflow_api_etl']) retrieved from /home/airflow/.local/lib/python3.7/site-packages/airflow/example_dags/tutorial_taskflow_api_etl.py
[2023-05-17 16:52:44,674] {logging_mixin.py:115} INFO - [2023-05-17 16:52:44,674] {dag.py:2371} INFO - Sync 1 DAGs
[2023-05-17 16:52:44,912] {logging_mixin.py:115} INFO - [2023-05-17 16:52:44,912] {dag.py:2919} INFO - Setting next_dagrun for tutorial_taskflow_api_etl to None, run_after=None
[2023-05-17 16:52:44,948] {processor.py:161} INFO - Processing /home/airflow/.local/lib/python3.7/site-packages/airflow/example_dags/tutorial_taskflow_api_etl.py took 0.429 seconds
[2023-05-17 16:53:15,908] {processor.py:153} INFO - Started process (PID=1486) to work on /home/airflow/.local/lib/python3.7/site-packages/airflow/example_dags/tutorial_taskflow_api_etl.py
[2023-05-17 16:53:15,917] {processor.py:641} INFO - Processing file /home/airflow/.local/lib/python3.7/site-packages/airflow/example_dags/tutorial_taskflow_api_etl.py for tasks to queue
[2023-05-17 16:53:15,927] {logging_mixin.py:115} INFO - [2023-05-17 16:53:15,926] {dagbag.py:507} INFO - Filling up the DagBag from /home/airflow/.local/lib/python3.7/site-packages/airflow/example_dags/tutorial_taskflow_api_etl.py
[2023-05-17 16:53:16,043] {processor.py:651} INFO - DAG(s) dict_keys(['tutorial_taskflow_api_etl']) retrieved from /home/airflow/.local/lib/python3.7/site-packages/airflow/example_dags/tutorial_taskflow_api_etl.py
[2023-05-17 16:53:16,206] {logging_mixin.py:115} INFO - [2023-05-17 16:53:16,205] {dag.py:2371} INFO - Sync 1 DAGs
[2023-05-17 16:53:16,440] {logging_mixin.py:115} INFO - [2023-05-17 16:53:16,440] {dag.py:2919} INFO - Setting next_dagrun for tutorial_taskflow_api_etl to None, run_after=None
[2023-05-17 16:53:16,472] {processor.py:161} INFO - Processing /home/airflow/.local/lib/python3.7/site-packages/airflow/example_dags/tutorial_taskflow_api_etl.py took 0.580 seconds
[2023-05-17 16:53:47,318] {processor.py:153} INFO - Started process (PID=1551) to work on /home/airflow/.local/lib/python3.7/site-packages/airflow/example_dags/tutorial_taskflow_api_etl.py
[2023-05-17 16:53:47,320] {processor.py:641} INFO - Processing file /home/airflow/.local/lib/python3.7/site-packages/airflow/example_dags/tutorial_taskflow_api_etl.py for tasks to queue
[2023-05-17 16:53:47,321] {logging_mixin.py:115} INFO - [2023-05-17 16:53:47,321] {dagbag.py:507} INFO - Filling up the DagBag from /home/airflow/.local/lib/python3.7/site-packages/airflow/example_dags/tutorial_taskflow_api_etl.py
[2023-05-17 16:53:47,339] {processor.py:651} INFO - DAG(s) dict_keys(['tutorial_taskflow_api_etl']) retrieved from /home/airflow/.local/lib/python3.7/site-packages/airflow/example_dags/tutorial_taskflow_api_etl.py
[2023-05-17 16:53:47,410] {logging_mixin.py:115} INFO - [2023-05-17 16:53:47,409] {dag.py:2371} INFO - Sync 1 DAGs
[2023-05-17 16:53:47,541] {logging_mixin.py:115} INFO - [2023-05-17 16:53:47,541] {dag.py:2919} INFO - Setting next_dagrun for tutorial_taskflow_api_etl to None, run_after=None
[2023-05-17 16:53:47,559] {processor.py:161} INFO - Processing /home/airflow/.local/lib/python3.7/site-packages/airflow/example_dags/tutorial_taskflow_api_etl.py took 0.246 seconds
[2023-05-17 16:54:18,326] {processor.py:153} INFO - Started process (PID=1606) to work on /home/airflow/.local/lib/python3.7/site-packages/airflow/example_dags/tutorial_taskflow_api_etl.py
[2023-05-17 16:54:18,330] {processor.py:641} INFO - Processing file /home/airflow/.local/lib/python3.7/site-packages/airflow/example_dags/tutorial_taskflow_api_etl.py for tasks to queue
[2023-05-17 16:54:18,332] {logging_mixin.py:115} INFO - [2023-05-17 16:54:18,332] {dagbag.py:507} INFO - Filling up the DagBag from /home/airflow/.local/lib/python3.7/site-packages/airflow/example_dags/tutorial_taskflow_api_etl.py
[2023-05-17 16:54:18,352] {processor.py:651} INFO - DAG(s) dict_keys(['tutorial_taskflow_api_etl']) retrieved from /home/airflow/.local/lib/python3.7/site-packages/airflow/example_dags/tutorial_taskflow_api_etl.py
[2023-05-17 16:54:18,426] {logging_mixin.py:115} INFO - [2023-05-17 16:54:18,426] {dag.py:2371} INFO - Sync 1 DAGs
[2023-05-17 16:54:18,565] {logging_mixin.py:115} INFO - [2023-05-17 16:54:18,565] {dag.py:2919} INFO - Setting next_dagrun for tutorial_taskflow_api_etl to None, run_after=None
[2023-05-17 16:54:18,588] {processor.py:161} INFO - Processing /home/airflow/.local/lib/python3.7/site-packages/airflow/example_dags/tutorial_taskflow_api_etl.py took 0.282 seconds
[2023-05-17 16:54:48,676] {processor.py:153} INFO - Started process (PID=1673) to work on /home/airflow/.local/lib/python3.7/site-packages/airflow/example_dags/tutorial_taskflow_api_etl.py
[2023-05-17 16:54:48,679] {processor.py:641} INFO - Processing file /home/airflow/.local/lib/python3.7/site-packages/airflow/example_dags/tutorial_taskflow_api_etl.py for tasks to queue
[2023-05-17 16:54:48,681] {logging_mixin.py:115} INFO - [2023-05-17 16:54:48,680] {dagbag.py:507} INFO - Filling up the DagBag from /home/airflow/.local/lib/python3.7/site-packages/airflow/example_dags/tutorial_taskflow_api_etl.py
[2023-05-17 16:54:48,706] {processor.py:651} INFO - DAG(s) dict_keys(['tutorial_taskflow_api_etl']) retrieved from /home/airflow/.local/lib/python3.7/site-packages/airflow/example_dags/tutorial_taskflow_api_etl.py
[2023-05-17 16:54:48,743] {logging_mixin.py:115} INFO - [2023-05-17 16:54:48,743] {dag.py:2371} INFO - Sync 1 DAGs
[2023-05-17 16:54:48,788] {logging_mixin.py:115} INFO - [2023-05-17 16:54:48,788] {dag.py:2919} INFO - Setting next_dagrun for tutorial_taskflow_api_etl to None, run_after=None
[2023-05-17 16:54:48,807] {processor.py:161} INFO - Processing /home/airflow/.local/lib/python3.7/site-packages/airflow/example_dags/tutorial_taskflow_api_etl.py took 0.145 seconds
[2023-05-17 16:55:19,727] {processor.py:153} INFO - Started process (PID=1739) to work on /home/airflow/.local/lib/python3.7/site-packages/airflow/example_dags/tutorial_taskflow_api_etl.py
[2023-05-17 16:55:19,729] {processor.py:641} INFO - Processing file /home/airflow/.local/lib/python3.7/site-packages/airflow/example_dags/tutorial_taskflow_api_etl.py for tasks to queue
[2023-05-17 16:55:19,730] {logging_mixin.py:115} INFO - [2023-05-17 16:55:19,730] {dagbag.py:507} INFO - Filling up the DagBag from /home/airflow/.local/lib/python3.7/site-packages/airflow/example_dags/tutorial_taskflow_api_etl.py
[2023-05-17 16:55:19,749] {processor.py:651} INFO - DAG(s) dict_keys(['tutorial_taskflow_api_etl']) retrieved from /home/airflow/.local/lib/python3.7/site-packages/airflow/example_dags/tutorial_taskflow_api_etl.py
[2023-05-17 16:55:19,780] {logging_mixin.py:115} INFO - [2023-05-17 16:55:19,780] {dag.py:2371} INFO - Sync 1 DAGs
[2023-05-17 16:55:19,805] {logging_mixin.py:115} INFO - [2023-05-17 16:55:19,805] {dag.py:2919} INFO - Setting next_dagrun for tutorial_taskflow_api_etl to None, run_after=None
[2023-05-17 16:55:19,821] {processor.py:161} INFO - Processing /home/airflow/.local/lib/python3.7/site-packages/airflow/example_dags/tutorial_taskflow_api_etl.py took 0.098 seconds
