[2023-05-17T16:27:48.194+0000] {processor.py:157} INFO - Started process (PID=60) to work on /home/airflow/.local/lib/python3.7/site-packages/airflow/example_dags/tutorial_dag.py
[2023-05-17T16:27:48.196+0000] {processor.py:826} INFO - Processing file /home/airflow/.local/lib/python3.7/site-packages/airflow/example_dags/tutorial_dag.py for tasks to queue
[2023-05-17T16:27:48.210+0000] {logging_mixin.py:149} INFO - [2023-05-17T16:27:48.209+0000] {dagbag.py:541} INFO - Filling up the DagBag from /home/airflow/.local/lib/python3.7/site-packages/airflow/example_dags/tutorial_dag.py
[2023-05-17T16:27:48.298+0000] {processor.py:836} INFO - DAG(s) dict_keys(['tutorial_dag']) retrieved from /home/airflow/.local/lib/python3.7/site-packages/airflow/example_dags/tutorial_dag.py
[2023-05-17T16:27:48.377+0000] {logging_mixin.py:149} INFO - [2023-05-17T16:27:48.376+0000] {dag.py:2726} INFO - Sync 1 DAGs
[2023-05-17T16:27:48.497+0000] {logging_mixin.py:149} INFO - [2023-05-17T16:27:48.496+0000] {dag.py:3490} INFO - Setting next_dagrun for tutorial_dag to None, run_after=None
[2023-05-17T16:27:48.745+0000] {processor.py:179} INFO - Processing /home/airflow/.local/lib/python3.7/site-packages/airflow/example_dags/tutorial_dag.py took 0.560 seconds
[2023-05-17T16:28:35.964+0000] {processor.py:157} INFO - Started process (PID=108) to work on /home/airflow/.local/lib/python3.7/site-packages/airflow/example_dags/tutorial_dag.py
[2023-05-17T16:28:35.966+0000] {processor.py:826} INFO - Processing file /home/airflow/.local/lib/python3.7/site-packages/airflow/example_dags/tutorial_dag.py for tasks to queue
[2023-05-17T16:28:35.968+0000] {logging_mixin.py:149} INFO - [2023-05-17T16:28:35.968+0000] {dagbag.py:541} INFO - Filling up the DagBag from /home/airflow/.local/lib/python3.7/site-packages/airflow/example_dags/tutorial_dag.py
[2023-05-17T16:28:35.977+0000] {processor.py:836} INFO - DAG(s) dict_keys(['tutorial_dag']) retrieved from /home/airflow/.local/lib/python3.7/site-packages/airflow/example_dags/tutorial_dag.py
[2023-05-17T16:28:36.019+0000] {logging_mixin.py:149} INFO - [2023-05-17T16:28:36.019+0000] {dag.py:2726} INFO - Sync 1 DAGs
[2023-05-17T16:28:36.059+0000] {logging_mixin.py:149} INFO - [2023-05-17T16:28:36.058+0000] {dag.py:3490} INFO - Setting next_dagrun for tutorial_dag to None, run_after=None
[2023-05-17T16:28:36.094+0000] {processor.py:179} INFO - Processing /home/airflow/.local/lib/python3.7/site-packages/airflow/example_dags/tutorial_dag.py took 0.136 seconds
[2023-05-17T16:29:07.515+0000] {processor.py:157} INFO - Started process (PID=164) to work on /home/airflow/.local/lib/python3.7/site-packages/airflow/example_dags/tutorial_dag.py
[2023-05-17T16:29:07.517+0000] {processor.py:826} INFO - Processing file /home/airflow/.local/lib/python3.7/site-packages/airflow/example_dags/tutorial_dag.py for tasks to queue
[2023-05-17T16:29:07.519+0000] {logging_mixin.py:149} INFO - [2023-05-17T16:29:07.519+0000] {dagbag.py:541} INFO - Filling up the DagBag from /home/airflow/.local/lib/python3.7/site-packages/airflow/example_dags/tutorial_dag.py
[2023-05-17T16:29:07.529+0000] {processor.py:836} INFO - DAG(s) dict_keys(['tutorial_dag']) retrieved from /home/airflow/.local/lib/python3.7/site-packages/airflow/example_dags/tutorial_dag.py
[2023-05-17T16:29:07.577+0000] {logging_mixin.py:149} INFO - [2023-05-17T16:29:07.577+0000] {dag.py:2726} INFO - Sync 1 DAGs
[2023-05-17T16:29:07.621+0000] {logging_mixin.py:149} INFO - [2023-05-17T16:29:07.621+0000] {dag.py:3490} INFO - Setting next_dagrun for tutorial_dag to None, run_after=None
[2023-05-17T16:29:07.657+0000] {processor.py:179} INFO - Processing /home/airflow/.local/lib/python3.7/site-packages/airflow/example_dags/tutorial_dag.py took 0.147 seconds
