[2023-05-18T13:23:24.388+0000] {taskinstance.py:1083} INFO - Dependencies all met for <TaskInstance: Anomaly_Detection_Pipeline.get_traffy_data manual__2023-05-18T13:23:21.596238+00:00 [queued]>
[2023-05-18T13:23:24.413+0000] {taskinstance.py:1083} INFO - Dependencies all met for <TaskInstance: Anomaly_Detection_Pipeline.get_traffy_data manual__2023-05-18T13:23:21.596238+00:00 [queued]>
[2023-05-18T13:23:24.414+0000] {taskinstance.py:1279} INFO - 
--------------------------------------------------------------------------------
[2023-05-18T13:23:24.416+0000] {taskinstance.py:1280} INFO - Starting attempt 1 of 1
[2023-05-18T13:23:24.419+0000] {taskinstance.py:1281} INFO - 
--------------------------------------------------------------------------------
[2023-05-18T13:23:24.446+0000] {taskinstance.py:1300} INFO - Executing <Task(PythonOperator): get_traffy_data> on 2023-05-18 13:23:21.596238+00:00
[2023-05-18T13:23:24.455+0000] {standard_task_runner.py:55} INFO - Started process 1078 to run task
[2023-05-18T13:23:24.461+0000] {standard_task_runner.py:82} INFO - Running: ['***', 'tasks', 'run', 'Anomaly_Detection_Pipeline', 'get_traffy_data', 'manual__2023-05-18T13:23:21.596238+00:00', '--job-id', '75', '--raw', '--subdir', 'DAGS_FOLDER/anomaly.py', '--cfg-path', '/tmp/tmp__s92y0s']
[2023-05-18T13:23:24.463+0000] {standard_task_runner.py:83} INFO - Job 75: Subtask get_traffy_data
[2023-05-18T13:23:24.582+0000] {task_command.py:388} INFO - Running <TaskInstance: Anomaly_Detection_Pipeline.get_traffy_data manual__2023-05-18T13:23:21.596238+00:00 [running]> on host f32c5bf56d3e
[2023-05-18T13:23:24.695+0000] {taskinstance.py:1509} INFO - Exporting the following env vars:
AIRFLOW_CTX_DAG_OWNER=dataength
AIRFLOW_CTX_DAG_ID=Anomaly_Detection_Pipeline
AIRFLOW_CTX_TASK_ID=get_traffy_data
AIRFLOW_CTX_EXECUTION_DATE=2023-05-18T13:23:21.596238+00:00
AIRFLOW_CTX_TRY_NUMBER=1
AIRFLOW_CTX_DAG_RUN_ID=manual__2023-05-18T13:23:21.596238+00:00
[2023-05-18T13:23:57.518+0000] {python.py:177} INFO - Done. Returned value was: {'inputs': [[-1.3362745840895163], [0.326568845637739], [-1.4859707253608132], [0.4782340351645678], [-0.4277656232775607], [2.4593618059365485], [0.6768047152100162], [-1.4900453503961923], [0.6069929872102752], [0.8170720083607034], [-0.1683818551101927], [-1.5255926488552434], [-0.4667197376939762], [1.091622134138896], [-1.130961733531725], [0.3583447479001432], [-1.1570825582708908], [0.42096773140657945], [0.5945363548843248], [0.2046683458061414], [1.6811884799124863], [0.7691674783178485], [0.7081842009653242], [-0.494415321182961], [-0.13400262286929313], [-0.4463476607876814], [0.6389729862758634], [0.7726286992825971], [0.3509807475456512], [-0.03962368117229747], [-0.5809982293651326], [-0.43360483730791993], [-0.2621032674297411], [1.6832327071426263], [-0.34487229686643084], [0.9553094653882649], [0.4682992648644453], [-1.5325551564396], [0.6250173913703472], [2.40044650067609], [0.31159934034969294], [0.17744704758670385], [-1.3858370687877206], [0.12630560847650243], [-0.6244512394944226], [-1.7856269599189805], [-0.10080846968656136], [-1.7487722901411544], [-0.469901595963586], [-0.13123811581079003]]}
[2023-05-18T13:23:57.583+0000] {taskinstance.py:1323} INFO - Marking task as SUCCESS. dag_id=Anomaly_Detection_Pipeline, task_id=get_traffy_data, execution_date=20230518T132321, start_date=20230518T132324, end_date=20230518T132357
[2023-05-18T13:23:57.638+0000] {local_task_job.py:208} INFO - Task exited with return code 0
[2023-05-18T13:23:57.682+0000] {taskinstance.py:2578} INFO - 1 downstream tasks scheduled from follow-on schedule check
